Getting STDERR for 06255b5f45b82e9138c51ad58f7f4a38
Valgrind for 06255b5f45b82e9138c51ad58f7f4a38
Minimizing from /home/fuzz/fuzzing/jasper/ie.jpc/ie.jpc.31731
bitwise_hd=6
bytewise_hd=6
seen at seed=31731 range=0.0157041:0.0254098 file=/home/fuzz/fuzzing/jasper/ie.jpc/ie.jpc.31731 file_md5=074925d9471981e66475feccd870cff3
Command: cat /home/fuzz/fuzzing/jasper/ie.jpc/ie.jpc | zzuf -s31731 -r0.0157041:0.0254098 > /home/fuzz/fuzzing/jasper/ie.jpc/ie.jpc.31731
EIP=0x80791de
seen at seed=40811 range=0.0157041:0.0254098 file=/home/fuzz/fuzzing/jasper/ie.jpc/ie.jpc.40811 file_md5=872699911073769217e1e23a922ccecc
Command: cat /home/fuzz/fuzzing/jasper/ie.jpc/ie.jpc | zzuf -s40811 -r0.0157041:0.0254098 > /home/fuzz/fuzzing/jasper/ie.jpc/ie.jpc.40811
EIP=0x80791de
seen at seed=43078 range=0.0157041:0.0254098 file=/home/fuzz/fuzzing/jasper/ie.jpc/ie.jpc.43078 file_md5=c61d039eb594b6ed43b00ef290c41dc2
Command: cat /home/fuzz/fuzzing/jasper/ie.jpc/ie.jpc | zzuf -s43078 -r0.0157041:0.0254098 > /home/fuzz/fuzzing/jasper/ie.jpc/ie.jpc.43078
EIP=0x80791de
seen at seed=67722 range=0.0157041:0.0254098 file=/home/fuzz/fuzzing/jasper/ie.jpc/ie.jpc.67722 file_md5=92bae30a2d6a44b25486b850ed9c33df
Command: cat /home/fuzz/fuzzing/jasper/ie.jpc/ie.jpc | zzuf -s67722 -r0.0157041:0.0254098 > /home/fuzz/fuzzing/jasper/ie.jpc/ie.jpc.67722
EIP=0x80791de
seen at seed=92590 range=0.0157041:0.0254098 file=/home/fuzz/fuzzing/jasper/ie.jpc/ie.jpc.92590 file_md5=8ce2cfbad33c12f91264afcdcb54f49b
Command: cat /home/fuzz/fuzzing/jasper/ie.jpc/ie.jpc | zzuf -s92590 -r0.0157041:0.0254098 > /home/fuzz/fuzzing/jasper/ie.jpc/ie.jpc.92590
EIP=0x80791de
seen at seed=102850 range=0.0157041:0.0254098 file=/home/fuzz/fuzzing/jasper/ie.jpc/ie.jpc.102850 file_md5=fa25cae63177e94a9a16b47d7f303fb5
Command: cat /home/fuzz/fuzzing/jasper/ie.jpc/ie.jpc | zzuf -s102850 -r0.0157041:0.0254098 > /home/fuzz/fuzzing/jasper/ie.jpc/ie.jpc.102850
EIP=0x80791de
seen at seed=117084 range=0.0157041:0.0254098 file=/home/fuzz/fuzzing/jasper/ie.jpc/ie.jpc.117084 file_md5=5d980f13d1337ee00f05035749d8e501
Command: cat /home/fuzz/fuzzing/jasper/ie.jpc/ie.jpc | zzuf -s117084 -r0.0157041:0.0254098 > /home/fuzz/fuzzing/jasper/ie.jpc/ie.jpc.117084
EIP=0x80791de
seen at seed=124923 range=0.0157041:0.0254098 file=/home/fuzz/fuzzing/jasper/ie.jpc/ie.jpc.124923 file_md5=3dd4ceb8de2e8fd3973c7063bb508ce4
Command: cat /home/fuzz/fuzzing/jasper/ie.jpc/ie.jpc | zzuf -s124923 -r0.0157041:0.0254098 > /home/fuzz/fuzzing/jasper/ie.jpc/ie.jpc.124923
EIP=0x80791de
seen at seed=139226 range=0.0157041:0.0254098 file=/home/fuzz/fuzzing/jasper/ie.jpc/ie.jpc.139226 file_md5=d98782669cdb679f87eee0bd93150a65
Command: cat /home/fuzz/fuzzing/jasper/ie.jpc/ie.jpc | zzuf -s139226 -r0.0157041:0.0254098 > /home/fuzz/fuzzing/jasper/ie.jpc/ie.jpc.139226
EIP=0x80791de
seen at seed=217519 range=0.0157041:0.0254098 file=/home/fuzz/fuzzing/jasper/ie.jpc/ie.jpc.217519 file_md5=a14308afeebeaef4e7baba0ab74a1615
Command: cat /home/fuzz/fuzzing/jasper/ie.jpc/ie.jpc | zzuf -s217519 -r0.0157041:0.0254098 > /home/fuzz/fuzzing/jasper/ie.jpc/ie.jpc.217519
EIP=0x80791de
seen at seed=219768 range=0.0157041:0.0254098 file=/home/fuzz/fuzzing/jasper/ie.jpc/ie.jpc.219768 file_md5=af26946c712927b1da6f34a116fbface
Command: cat /home/fuzz/fuzzing/jasper/ie.jpc/ie.jpc | zzuf -s219768 -r0.0157041:0.0254098 > /home/fuzz/fuzzing/jasper/ie.jpc/ie.jpc.219768
EIP=0x80791de
seen at seed=279511 range=0.0157041:0.0254098 file=/home/fuzz/fuzzing/jasper/ie.jpc/ie.jpc.279511 file_md5=5e0743d599301632b2ca791860093cbe
Command: cat /home/fuzz/fuzzing/jasper/ie.jpc/ie.jpc | zzuf -s279511 -r0.0157041:0.0254098 > /home/fuzz/fuzzing/jasper/ie.jpc/ie.jpc.279511
EIP=0x80791de
seen at seed=289732 range=0.0157041:0.0254098 file=/home/fuzz/fuzzing/jasper/ie.jpc/ie.jpc.289732 file_md5=a065ce90f5d0e546153aa3f405e81da3
Command: cat /home/fuzz/fuzzing/jasper/ie.jpc/ie.jpc | zzuf -s289732 -r0.0157041:0.0254098 > /home/fuzz/fuzzing/jasper/ie.jpc/ie.jpc.289732
EIP=0x80791de
seen at seed=292795 range=0.0157041:0.0254098 file=/home/fuzz/fuzzing/jasper/ie.jpc/ie.jpc.292795 file_md5=1b0828a3335b173e28c9c4197bc3828d
Command: cat /home/fuzz/fuzzing/jasper/ie.jpc/ie.jpc | zzuf -s292795 -r0.0157041:0.0254098 > /home/fuzz/fuzzing/jasper/ie.jpc/ie.jpc.292795
EIP=0x80791de
seen at seed=296780 range=0.0157041:0.0254098 file=/home/fuzz/fuzzing/jasper/ie.jpc/ie.jpc.296780 file_md5=6d43c5438ff1c4d60ec70b96bde0d369
Command: cat /home/fuzz/fuzzing/jasper/ie.jpc/ie.jpc | zzuf -s296780 -r0.0157041:0.0254098 > /home/fuzz/fuzzing/jasper/ie.jpc/ie.jpc.296780
EIP=0x80791de
seen at seed=301776 range=0.0157041:0.0254098 file=/home/fuzz/fuzzing/jasper/ie.jpc/ie.jpc.301776 file_md5=440f7c72030e7975ef8dca066f3d4f11
Command: cat /home/fuzz/fuzzing/jasper/ie.jpc/ie.jpc | zzuf -s301776 -r0.0157041:0.0254098 > /home/fuzz/fuzzing/jasper/ie.jpc/ie.jpc.301776
EIP=0x80791de
seen at seed=333416 range=0.0157041:0.0254098 file=/home/fuzz/fuzzing/jasper/ie.jpc/ie.jpc.333416 file_md5=e77350300ea4fe741d421dc0c0fae884
Command: cat /home/fuzz/fuzzing/jasper/ie.jpc/ie.jpc | zzuf -s333416 -r0.0157041:0.0254098 > /home/fuzz/fuzzing/jasper/ie.jpc/ie.jpc.333416
EIP=0x80791de
seen at seed=345964 range=0.0157041:0.0254098 file=/home/fuzz/fuzzing/jasper/ie.jpc/ie.jpc.345964 file_md5=d81ecfd44a14cd17f05102731da48004
Command: cat /home/fuzz/fuzzing/jasper/ie.jpc/ie.jpc | zzuf -s345964 -r0.0157041:0.0254098 > /home/fuzz/fuzzing/jasper/ie.jpc/ie.jpc.345964
EIP=0x80791de
seen at seed=409308 range=0.0157041:0.0254098 file=/home/fuzz/fuzzing/jasper/ie.jpc/ie.jpc.409308 file_md5=22b692df36fee0d91197166943294b38
Command: cat /home/fuzz/fuzzing/jasper/ie.jpc/ie.jpc | zzuf -s409308 -r0.0157041:0.0254098 > /home/fuzz/fuzzing/jasper/ie.jpc/ie.jpc.409308
EIP=0x80791de
seen at seed=421437 range=0.0157041:0.0254098 file=/home/fuzz/fuzzing/jasper/ie.jpc/ie.jpc.421437 file_md5=6081369c9e3006c461d79274d4cb9192
Command: cat /home/fuzz/fuzzing/jasper/ie.jpc/ie.jpc | zzuf -s421437 -r0.0157041:0.0254098 > /home/fuzz/fuzzing/jasper/ie.jpc/ie.jpc.421437
EIP=0x80791de
seen at seed=422198 range=0.0157041:0.0254098 file=/home/fuzz/fuzzing/jasper/ie.jpc/ie.jpc.422198 file_md5=75482b7f3869283cedd30f7137a2e5ce
Command: cat /home/fuzz/fuzzing/jasper/ie.jpc/ie.jpc | zzuf -s422198 -r0.0157041:0.0254098 > /home/fuzz/fuzzing/jasper/ie.jpc/ie.jpc.422198
EIP=0x80791de
seen at seed=431991 range=0.0157041:0.0254098 file=/home/fuzz/fuzzing/jasper/ie.jpc/ie.jpc.431991 file_md5=891e6618e6cae919d0919c2ddb658d27
Command: cat /home/fuzz/fuzzing/jasper/ie.jpc/ie.jpc | zzuf -s431991 -r0.0157041:0.0254098 > /home/fuzz/fuzzing/jasper/ie.jpc/ie.jpc.431991
EIP=0x80791de
seen at seed=454907 range=0.0157041:0.0254098 file=/home/fuzz/fuzzing/jasper/ie.jpc/ie.jpc.454907 file_md5=cfb3d048bae108b5a397b1b991a1524c
Command: cat /home/fuzz/fuzzing/jasper/ie.jpc/ie.jpc | zzuf -s454907 -r0.0157041:0.0254098 > /home/fuzz/fuzzing/jasper/ie.jpc/ie.jpc.454907
EIP=0x80791de
seen at seed=484103 range=0.0157041:0.0254098 file=/home/fuzz/fuzzing/jasper/ie.jpc/ie.jpc.484103 file_md5=1aa084e6e23043e2b66139b828b53cf1
Command: cat /home/fuzz/fuzzing/jasper/ie.jpc/ie.jpc | zzuf -s484103 -r0.0157041:0.0254098 > /home/fuzz/fuzzing/jasper/ie.jpc/ie.jpc.484103
EIP=0x80791de
seen at seed=510433 range=0.0157041:0.0254098 file=/home/fuzz/fuzzing/jasper/ie.jpc/ie.jpc.510433 file_md5=0c5805576e9c172f31a2d081d1397b88
Command: cat /home/fuzz/fuzzing/jasper/ie.jpc/ie.jpc | zzuf -s510433 -r0.0157041:0.0254098 > /home/fuzz/fuzzing/jasper/ie.jpc/ie.jpc.510433
EIP=0x80791de
