Getting STDERR for bdf4cfd14bb2331670652edbb6fdace2
Valgrind for bdf4cfd14bb2331670652edbb6fdace2
Minimizing from /home/fuzz/fuzzing/jasper/ie.jp2/ie.jp2.15681
bitwise_hd=1
bytewise_hd=1
seen at seed=15681 range=0.000523516:0.000847067 file=/home/fuzz/fuzzing/jasper/ie.jp2/ie.jp2.15681 file_md5=31987133472f0572688e199228157635
Command: cat /home/fuzz/fuzzing/jasper/ie.jp2/ie.jp2 | zzuf -s15681 -r0.000523516:0.000847067 > /home/fuzz/fuzzing/jasper/ie.jp2/ie.jp2.15681
EIP=0x8076de9
seen at seed=25030 range=0.000847067:0.00137058 file=/home/fuzz/fuzzing/jasper/ie.jp2/ie.jp2.25030 file_md5=ad093cf7a12c95ebf95e8b78a7d214b6
Command: cat /home/fuzz/fuzzing/jasper/ie.jp2/ie.jp2 | zzuf -s25030 -r0.000847067:0.00137058 > /home/fuzz/fuzzing/jasper/ie.jp2/ie.jp2.25030
EIP=0x8076de9
seen at seed=30202 range=0.000847067:0.00137058 file=/home/fuzz/fuzzing/jasper/ie.jp2/ie.jp2.30202 file_md5=f673b0263aafc5daac724ba5ee4ee502
Command: cat /home/fuzz/fuzzing/jasper/ie.jp2/ie.jp2 | zzuf -s30202 -r0.000847067:0.00137058 > /home/fuzz/fuzzing/jasper/ie.jp2/ie.jp2.30202
EIP=0x8076de9
seen at seed=30222 range=0.000847067:0.00137058 file=/home/fuzz/fuzzing/jasper/ie.jp2/ie.jp2.30222 file_md5=237a86bdfe236caa3248d389b0116855
Command: cat /home/fuzz/fuzzing/jasper/ie.jp2/ie.jp2 | zzuf -s30222 -r0.000847067:0.00137058 > /home/fuzz/fuzzing/jasper/ie.jp2/ie.jp2.30222
EIP=0x8076de9
seen at seed=30878 range=0.000847067:0.00137058 file=/home/fuzz/fuzzing/jasper/ie.jp2/ie.jp2.30878 file_md5=f4d0835259e72b42d7f93dc8a0612a89
Command: cat /home/fuzz/fuzzing/jasper/ie.jp2/ie.jp2 | zzuf -s30878 -r0.000847067:0.00137058 > /home/fuzz/fuzzing/jasper/ie.jp2/ie.jp2.30878
EIP=0x8076de9
seen at seed=32048 range=0.00221765:0.00358823 file=/home/fuzz/fuzzing/jasper/ie.jp2/ie.jp2.32048 file_md5=03994ca016f6a922aee7695f060f5779
Command: cat /home/fuzz/fuzzing/jasper/ie.jp2/ie.jp2 | zzuf -s32048 -r0.00221765:0.00358823 > /home/fuzz/fuzzing/jasper/ie.jp2/ie.jp2.32048
EIP=0x8076de9
seen at seed=54091 range=0.000847067:0.00137058 file=/home/fuzz/fuzzing/jasper/ie.jp2/ie.jp2.54091 file_md5=e4b76a7f9b17d09982681548ca84c701
Command: cat /home/fuzz/fuzzing/jasper/ie.jp2/ie.jp2 | zzuf -s54091 -r0.000847067:0.00137058 > /home/fuzz/fuzzing/jasper/ie.jp2/ie.jp2.54091
EIP=0x8076de9
seen at seed=54261 range=0.000847067:0.00137058 file=/home/fuzz/fuzzing/jasper/ie.jp2/ie.jp2.54261 file_md5=25ba36e7f98f52dd14b909c3cdb1f311
Command: cat /home/fuzz/fuzzing/jasper/ie.jp2/ie.jp2 | zzuf -s54261 -r0.000847067:0.00137058 > /home/fuzz/fuzzing/jasper/ie.jp2/ie.jp2.54261
EIP=0x8076de9
seen at seed=56979 range=0.000847067:0.00137058 file=/home/fuzz/fuzzing/jasper/ie.jp2/ie.jp2.56979 file_md5=8a2258e80f5dd0dd644d1906b4ad6116
Command: cat /home/fuzz/fuzzing/jasper/ie.jp2/ie.jp2 | zzuf -s56979 -r0.000847067:0.00137058 > /home/fuzz/fuzzing/jasper/ie.jp2/ie.jp2.56979
EIP=0x8076de9
seen at seed=56980 range=0.000847067:0.00137058 file=/home/fuzz/fuzzing/jasper/ie.jp2/ie.jp2.56980 file_md5=a2921a979c32cae0ac87545f02104750
Command: cat /home/fuzz/fuzzing/jasper/ie.jp2/ie.jp2 | zzuf -s56980 -r0.000847067:0.00137058 > /home/fuzz/fuzzing/jasper/ie.jp2/ie.jp2.56980
EIP=0x8076de9
seen at seed=58116 range=0.000847067:0.00137058 file=/home/fuzz/fuzzing/jasper/ie.jp2/ie.jp2.58116 file_md5=6938d6d0eb7136938844b42c7553c593
Command: cat /home/fuzz/fuzzing/jasper/ie.jp2/ie.jp2 | zzuf -s58116 -r0.000847067:0.00137058 > /home/fuzz/fuzzing/jasper/ie.jp2/ie.jp2.58116
EIP=0x8076de9
seen at seed=63247 range=0.00137058:0.00221765 file=/home/fuzz/fuzzing/jasper/ie.jp2/ie.jp2.63247 file_md5=f8278463a69314ac47500a00240e3f12
Command: cat /home/fuzz/fuzzing/jasper/ie.jp2/ie.jp2 | zzuf -s63247 -r0.00137058:0.00221765 > /home/fuzz/fuzzing/jasper/ie.jp2/ie.jp2.63247
EIP=0x8076de9
seen at seed=63615 range=0.00137058:0.00221765 file=/home/fuzz/fuzzing/jasper/ie.jp2/ie.jp2.63615 file_md5=ba3e5bb87b9bd2cb30cf086580d88b90
Command: cat /home/fuzz/fuzzing/jasper/ie.jp2/ie.jp2 | zzuf -s63615 -r0.00137058:0.00221765 > /home/fuzz/fuzzing/jasper/ie.jp2/ie.jp2.63615
EIP=0x8076de9
seen at seed=64496 range=0.000847067:0.00137058 file=/home/fuzz/fuzzing/jasper/ie.jp2/ie.jp2.64496 file_md5=4ea6baabb8f2a432ea9d9be974a5b4a4
Command: cat /home/fuzz/fuzzing/jasper/ie.jp2/ie.jp2 | zzuf -s64496 -r0.000847067:0.00137058 > /home/fuzz/fuzzing/jasper/ie.jp2/ie.jp2.64496
EIP=0x8076de9
seen at seed=64901 range=0.000847067:0.00137058 file=/home/fuzz/fuzzing/jasper/ie.jp2/ie.jp2.64901 file_md5=3ed5d2f7a08a9a0f7bb0827159b34d46
Command: cat /home/fuzz/fuzzing/jasper/ie.jp2/ie.jp2 | zzuf -s64901 -r0.000847067:0.00137058 > /home/fuzz/fuzzing/jasper/ie.jp2/ie.jp2.64901
EIP=0x8076de9
seen at seed=65255 range=0.000847067:0.00137058 file=/home/fuzz/fuzzing/jasper/ie.jp2/ie.jp2.65255 file_md5=b5f9d28715fe4d3b9c30a780415cbdd6
Command: cat /home/fuzz/fuzzing/jasper/ie.jp2/ie.jp2 | zzuf -s65255 -r0.000847067:0.00137058 > /home/fuzz/fuzzing/jasper/ie.jp2/ie.jp2.65255
EIP=0x8076de9
seen at seed=66656 range=0.000847067:0.00137058 file=/home/fuzz/fuzzing/jasper/ie.jp2/ie.jp2.66656 file_md5=dddd24cc8700cc21d3815ceabbfbd4ed
Command: cat /home/fuzz/fuzzing/jasper/ie.jp2/ie.jp2 | zzuf -s66656 -r0.000847067:0.00137058 > /home/fuzz/fuzzing/jasper/ie.jp2/ie.jp2.66656
EIP=0x8076de9
seen at seed=71275 range=0.000847067:0.00137058 file=/home/fuzz/fuzzing/jasper/ie.jp2/ie.jp2.71275 file_md5=94404f008b780127d474199b88e85f90
Command: cat /home/fuzz/fuzzing/jasper/ie.jp2/ie.jp2 | zzuf -s71275 -r0.000847067:0.00137058 > /home/fuzz/fuzzing/jasper/ie.jp2/ie.jp2.71275
EIP=0x8076de9
seen at seed=80057 range=0.00137058:0.00221765 file=/home/fuzz/fuzzing/jasper/ie.jp2/ie.jp2.80057 file_md5=0bb116e76613313dc3c6ec230beaa51f
Command: cat /home/fuzz/fuzzing/jasper/ie.jp2/ie.jp2 | zzuf -s80057 -r0.00137058:0.00221765 > /home/fuzz/fuzzing/jasper/ie.jp2/ie.jp2.80057
EIP=0x8076de9
seen at seed=80193 range=0.00137058:0.00221765 file=/home/fuzz/fuzzing/jasper/ie.jp2/ie.jp2.80193 file_md5=152c54b52425336e2b13125ade9b9fb0
Command: cat /home/fuzz/fuzzing/jasper/ie.jp2/ie.jp2 | zzuf -s80193 -r0.00137058:0.00221765 > /home/fuzz/fuzzing/jasper/ie.jp2/ie.jp2.80193
EIP=0x8076de9
seen at seed=84466 range=0.00137058:0.00221765 file=/home/fuzz/fuzzing/jasper/ie.jp2/ie.jp2.84466 file_md5=444dbb5ece4c47971d79479dc3f30a77
Command: cat /home/fuzz/fuzzing/jasper/ie.jp2/ie.jp2 | zzuf -s84466 -r0.00137058:0.00221765 > /home/fuzz/fuzzing/jasper/ie.jp2/ie.jp2.84466
EIP=0x8076de9
seen at seed=90543 range=0.00137058:0.00221765 file=/home/fuzz/fuzzing/jasper/ie.jp2/ie.jp2.90543 file_md5=e70c6d3db9fcffd1d556ac06c242a821
Command: cat /home/fuzz/fuzzing/jasper/ie.jp2/ie.jp2 | zzuf -s90543 -r0.00137058:0.00221765 > /home/fuzz/fuzzing/jasper/ie.jp2/ie.jp2.90543
EIP=0x8076de9
seen at seed=91112 range=0.000847067:0.00137058 file=/home/fuzz/fuzzing/jasper/ie.jp2/ie.jp2.91112 file_md5=e54b420b83c4a193c3644c0661920f61
Command: cat /home/fuzz/fuzzing/jasper/ie.jp2/ie.jp2 | zzuf -s91112 -r0.000847067:0.00137058 > /home/fuzz/fuzzing/jasper/ie.jp2/ie.jp2.91112
EIP=0x8076de9
seen at seed=91149 range=0.000847067:0.00137058 file=/home/fuzz/fuzzing/jasper/ie.jp2/ie.jp2.91149 file_md5=c4c7fe44f8a3b7c8d72335fcaa7650f2
Command: cat /home/fuzz/fuzzing/jasper/ie.jp2/ie.jp2 | zzuf -s91149 -r0.000847067:0.00137058 > /home/fuzz/fuzzing/jasper/ie.jp2/ie.jp2.91149
EIP=0x8076de9
seen at seed=92526 range=0.000847067:0.00137058 file=/home/fuzz/fuzzing/jasper/ie.jp2/ie.jp2.92526 file_md5=970d7b54e7335d4e3b17e9e237d04202
Command: cat /home/fuzz/fuzzing/jasper/ie.jp2/ie.jp2 | zzuf -s92526 -r0.000847067:0.00137058 > /home/fuzz/fuzzing/jasper/ie.jp2/ie.jp2.92526
EIP=0x8076de9
seen at seed=98504 range=0.000847067:0.00137058 file=/home/fuzz/fuzzing/jasper/ie.jp2/ie.jp2.98504 file_md5=67b3f8a93f446322ba0e66f094a19b47
Command: cat /home/fuzz/fuzzing/jasper/ie.jp2/ie.jp2 | zzuf -s98504 -r0.000847067:0.00137058 > /home/fuzz/fuzzing/jasper/ie.jp2/ie.jp2.98504
EIP=0x8076de9
seen at seed=98541 range=0.000847067:0.00137058 file=/home/fuzz/fuzzing/jasper/ie.jp2/ie.jp2.98541 file_md5=7f9971d11f005fcea56d923eaa78376a
Command: cat /home/fuzz/fuzzing/jasper/ie.jp2/ie.jp2 | zzuf -s98541 -r0.000847067:0.00137058 > /home/fuzz/fuzzing/jasper/ie.jp2/ie.jp2.98541
EIP=0x8076de9
seen at seed=99660 range=0.000523516:0.000847067 file=/home/fuzz/fuzzing/jasper/ie.jp2/ie.jp2.99660 file_md5=fb7243b6c484bd09446a7f7ba080070e
Command: cat /home/fuzz/fuzzing/jasper/ie.jp2/ie.jp2 | zzuf -s99660 -r0.000523516:0.000847067 > /home/fuzz/fuzzing/jasper/ie.jp2/ie.jp2.99660
EIP=0x8076de9
seen at seed=102318 range=0.000847067:0.00137058 file=/home/fuzz/fuzzing/jasper/ie.jp2/ie.jp2.102318 file_md5=52a808cc4bbc57bcf68193e5c22a634c
Command: cat /home/fuzz/fuzzing/jasper/ie.jp2/ie.jp2 | zzuf -s102318 -r0.000847067:0.00137058 > /home/fuzz/fuzzing/jasper/ie.jp2/ie.jp2.102318
EIP=0x8076de9
seen at seed=108316 range=0.00137058:0.00221765 file=/home/fuzz/fuzzing/jasper/ie.jp2/ie.jp2.108316 file_md5=211a44ad2817d40b5e74d31c97ea2dbd
Command: cat /home/fuzz/fuzzing/jasper/ie.jp2/ie.jp2 | zzuf -s108316 -r0.00137058:0.00221765 > /home/fuzz/fuzzing/jasper/ie.jp2/ie.jp2.108316
EIP=0x8076de9
seen at seed=109955 range=0.000523516:0.000847067 file=/home/fuzz/fuzzing/jasper/ie.jp2/ie.jp2.109955 file_md5=1f7e45e0d60a8ab69e8a18221c973991
Command: cat /home/fuzz/fuzzing/jasper/ie.jp2/ie.jp2 | zzuf -s109955 -r0.000523516:0.000847067 > /home/fuzz/fuzzing/jasper/ie.jp2/ie.jp2.109955
EIP=0x8076de9
seen at seed=116801 range=0.00221765:0.00358823 file=/home/fuzz/fuzzing/jasper/ie.jp2/ie.jp2.116801 file_md5=75baf25981befbb59a70d1e21764293c
Command: cat /home/fuzz/fuzzing/jasper/ie.jp2/ie.jp2 | zzuf -s116801 -r0.00221765:0.00358823 > /home/fuzz/fuzzing/jasper/ie.jp2/ie.jp2.116801
EIP=0x8076de9
seen at seed=118274 range=0.000847067:0.00137058 file=/home/fuzz/fuzzing/jasper/ie.jp2/ie.jp2.118274 file_md5=3cd26777d3087021704e0356aa47201e
Command: cat /home/fuzz/fuzzing/jasper/ie.jp2/ie.jp2 | zzuf -s118274 -r0.000847067:0.00137058 > /home/fuzz/fuzzing/jasper/ie.jp2/ie.jp2.118274
EIP=0x8076de9
seen at seed=119247 range=0.000523516:0.000847067 file=/home/fuzz/fuzzing/jasper/ie.jp2/ie.jp2.119247 file_md5=b58ee36fb123b8f25539ea9dbe4ee45e
Command: cat /home/fuzz/fuzzing/jasper/ie.jp2/ie.jp2 | zzuf -s119247 -r0.000523516:0.000847067 > /home/fuzz/fuzzing/jasper/ie.jp2/ie.jp2.119247
EIP=0x8076de9
seen at seed=120715 range=0.00221765:0.00358823 file=/home/fuzz/fuzzing/jasper/ie.jp2/ie.jp2.120715 file_md5=7864755503942a57f3cb95f700a8e0a0
Command: cat /home/fuzz/fuzzing/jasper/ie.jp2/ie.jp2 | zzuf -s120715 -r0.00221765:0.00358823 > /home/fuzz/fuzzing/jasper/ie.jp2/ie.jp2.120715
EIP=0x8076de9
seen at seed=122218 range=0.00137058:0.00221765 file=/home/fuzz/fuzzing/jasper/ie.jp2/ie.jp2.122218 file_md5=4461aa1d7f056c92d673340cdaa1a4fb
Command: cat /home/fuzz/fuzzing/jasper/ie.jp2/ie.jp2 | zzuf -s122218 -r0.00137058:0.00221765 > /home/fuzz/fuzzing/jasper/ie.jp2/ie.jp2.122218
EIP=0x8076de9
seen at seed=124426 range=0.000847067:0.00137058 file=/home/fuzz/fuzzing/jasper/ie.jp2/ie.jp2.124426 file_md5=0295a0c2d981039b79d329cd57dac393
Command: cat /home/fuzz/fuzzing/jasper/ie.jp2/ie.jp2 | zzuf -s124426 -r0.000847067:0.00137058 > /home/fuzz/fuzzing/jasper/ie.jp2/ie.jp2.124426
EIP=0x8076de9
seen at seed=125637 range=0.000847067:0.00137058 file=/home/fuzz/fuzzing/jasper/ie.jp2/ie.jp2.125637 file_md5=1a69d3bd18f07d7624617189c7be3d4e
Command: cat /home/fuzz/fuzzing/jasper/ie.jp2/ie.jp2 | zzuf -s125637 -r0.000847067:0.00137058 > /home/fuzz/fuzzing/jasper/ie.jp2/ie.jp2.125637
EIP=0x8076de9
seen at seed=130482 range=0.000847067:0.00137058 file=/home/fuzz/fuzzing/jasper/ie.jp2/ie.jp2.130482 file_md5=39cf472ca8a2a38dea97ee8cd086d978
Command: cat /home/fuzz/fuzzing/jasper/ie.jp2/ie.jp2 | zzuf -s130482 -r0.000847067:0.00137058 > /home/fuzz/fuzzing/jasper/ie.jp2/ie.jp2.130482
EIP=0x8076de9
seen at seed=134140 range=0.000523516:0.000847067 file=/home/fuzz/fuzzing/jasper/ie.jp2/ie.jp2.134140 file_md5=57fae9c1358c558ab8f559ccd1c79586
Command: cat /home/fuzz/fuzzing/jasper/ie.jp2/ie.jp2 | zzuf -s134140 -r0.000523516:0.000847067 > /home/fuzz/fuzzing/jasper/ie.jp2/ie.jp2.134140
EIP=0x8076de9
seen at seed=143240 range=0.00137058:0.00221765 file=/home/fuzz/fuzzing/jasper/ie.jp2/ie.jp2.143240 file_md5=3613eb94852eeb236c1c3609457b076e
Command: cat /home/fuzz/fuzzing/jasper/ie.jp2/ie.jp2 | zzuf -s143240 -r0.00137058:0.00221765 > /home/fuzz/fuzzing/jasper/ie.jp2/ie.jp2.143240
EIP=0x8076de9
seen at seed=144668 range=0.00137058:0.00221765 file=/home/fuzz/fuzzing/jasper/ie.jp2/ie.jp2.144668 file_md5=37598a5a0dd3fcb1fbee41f06024272e
Command: cat /home/fuzz/fuzzing/jasper/ie.jp2/ie.jp2 | zzuf -s144668 -r0.00137058:0.00221765 > /home/fuzz/fuzzing/jasper/ie.jp2/ie.jp2.144668
EIP=0x8076de9
seen at seed=144805 range=0.00137058:0.00221765 file=/home/fuzz/fuzzing/jasper/ie.jp2/ie.jp2.144805 file_md5=5c27e33dca5120413e3b004483e7d704
Command: cat /home/fuzz/fuzzing/jasper/ie.jp2/ie.jp2 | zzuf -s144805 -r0.00137058:0.00221765 > /home/fuzz/fuzzing/jasper/ie.jp2/ie.jp2.144805
EIP=0x8076de9
seen at seed=153057 range=0.00137058:0.00221765 file=/home/fuzz/fuzzing/jasper/ie.jp2/ie.jp2.153057 file_md5=0a8565bc50d4a8fc28e36e3770b2ce8b
Command: cat /home/fuzz/fuzzing/jasper/ie.jp2/ie.jp2 | zzuf -s153057 -r0.00137058:0.00221765 > /home/fuzz/fuzzing/jasper/ie.jp2/ie.jp2.153057
EIP=0x8076de9
seen at seed=163160 range=0.000847067:0.00137058 file=/home/fuzz/fuzzing/jasper/ie.jp2/ie.jp2.163160 file_md5=7240ba76333085a65732245791c8e0fb
Command: cat /home/fuzz/fuzzing/jasper/ie.jp2/ie.jp2 | zzuf -s163160 -r0.000847067:0.00137058 > /home/fuzz/fuzzing/jasper/ie.jp2/ie.jp2.163160
EIP=0x8076de9
seen at seed=163908 range=0.000523516:0.000847067 file=/home/fuzz/fuzzing/jasper/ie.jp2/ie.jp2.163908 file_md5=594381c88f78b3bea0160a1120c7361d
Command: cat /home/fuzz/fuzzing/jasper/ie.jp2/ie.jp2 | zzuf -s163908 -r0.000523516:0.000847067 > /home/fuzz/fuzzing/jasper/ie.jp2/ie.jp2.163908
EIP=0x8076de9
seen at seed=167563 range=0.000847067:0.00137058 file=/home/fuzz/fuzzing/jasper/ie.jp2/ie.jp2.167563 file_md5=1c8bdaebd83085df2347a073e256ee2b
Command: cat /home/fuzz/fuzzing/jasper/ie.jp2/ie.jp2 | zzuf -s167563 -r0.000847067:0.00137058 > /home/fuzz/fuzzing/jasper/ie.jp2/ie.jp2.167563
EIP=0x8076de9
seen at seed=167737 range=0.000847067:0.00137058 file=/home/fuzz/fuzzing/jasper/ie.jp2/ie.jp2.167737 file_md5=e2788e69bd9471e3b71e6066bd88df81
Command: cat /home/fuzz/fuzzing/jasper/ie.jp2/ie.jp2 | zzuf -s167737 -r0.000847067:0.00137058 > /home/fuzz/fuzzing/jasper/ie.jp2/ie.jp2.167737
EIP=0x8076de9
seen at seed=169936 range=0.000847067:0.00137058 file=/home/fuzz/fuzzing/jasper/ie.jp2/ie.jp2.169936 file_md5=47322c0196113440bb9e8fb1c6aa299b
Command: cat /home/fuzz/fuzzing/jasper/ie.jp2/ie.jp2 | zzuf -s169936 -r0.000847067:0.00137058 > /home/fuzz/fuzzing/jasper/ie.jp2/ie.jp2.169936
EIP=0x8076de9
seen at seed=170749 range=0.000847067:0.00137058 file=/home/fuzz/fuzzing/jasper/ie.jp2/ie.jp2.170749 file_md5=2ad2827a0c9c41d0165c130afe29328b
Command: cat /home/fuzz/fuzzing/jasper/ie.jp2/ie.jp2 | zzuf -s170749 -r0.000847067:0.00137058 > /home/fuzz/fuzzing/jasper/ie.jp2/ie.jp2.170749
EIP=0x8076de9
seen at seed=179031 range=0.000847067:0.00137058 file=/home/fuzz/fuzzing/jasper/ie.jp2/ie.jp2.179031 file_md5=72875295b316e900e6f1e4bac9b463e1
Command: cat /home/fuzz/fuzzing/jasper/ie.jp2/ie.jp2 | zzuf -s179031 -r0.000847067:0.00137058 > /home/fuzz/fuzzing/jasper/ie.jp2/ie.jp2.179031
EIP=0x8076de9
seen at seed=182888 range=0.000847067:0.00137058 file=/home/fuzz/fuzzing/jasper/ie.jp2/ie.jp2.182888 file_md5=4231d3b77b1167e978fc06bcb51af79f
Command: cat /home/fuzz/fuzzing/jasper/ie.jp2/ie.jp2 | zzuf -s182888 -r0.000847067:0.00137058 > /home/fuzz/fuzzing/jasper/ie.jp2/ie.jp2.182888
EIP=0x8076de9
seen at seed=185295 range=0.00221765:0.00358823 file=/home/fuzz/fuzzing/jasper/ie.jp2/ie.jp2.185295 file_md5=03e236075ea6ed38d95981f39d6cb3f1
Command: cat /home/fuzz/fuzzing/jasper/ie.jp2/ie.jp2 | zzuf -s185295 -r0.00221765:0.00358823 > /home/fuzz/fuzzing/jasper/ie.jp2/ie.jp2.185295
EIP=0x8076de9
seen at seed=186059 range=0.00358823:0.00580589 file=/home/fuzz/fuzzing/jasper/ie.jp2/ie.jp2.186059 file_md5=08c639282b28fb502e3a677633a79510
Command: cat /home/fuzz/fuzzing/jasper/ie.jp2/ie.jp2 | zzuf -s186059 -r0.00358823:0.00580589 > /home/fuzz/fuzzing/jasper/ie.jp2/ie.jp2.186059
EIP=0x8076de9
seen at seed=186866 range=0.000847067:0.00137058 file=/home/fuzz/fuzzing/jasper/ie.jp2/ie.jp2.186866 file_md5=4cfc08e56df7aa7bbf9607563870d7b6
Command: cat /home/fuzz/fuzzing/jasper/ie.jp2/ie.jp2 | zzuf -s186866 -r0.000847067:0.00137058 > /home/fuzz/fuzzing/jasper/ie.jp2/ie.jp2.186866
EIP=0x8076de9
seen at seed=189612 range=0.00137058:0.00221765 file=/home/fuzz/fuzzing/jasper/ie.jp2/ie.jp2.189612 file_md5=4be5d9c17a7dced2581d26c8fe405cc8
Command: cat /home/fuzz/fuzzing/jasper/ie.jp2/ie.jp2 | zzuf -s189612 -r0.00137058:0.00221765 > /home/fuzz/fuzzing/jasper/ie.jp2/ie.jp2.189612
EIP=0x8076de9
seen at seed=191640 range=0.000847067:0.00137058 file=/home/fuzz/fuzzing/jasper/ie.jp2/ie.jp2.191640 file_md5=8e858d2ab05d14c80d720d6652b210d9
Command: cat /home/fuzz/fuzzing/jasper/ie.jp2/ie.jp2 | zzuf -s191640 -r0.000847067:0.00137058 > /home/fuzz/fuzzing/jasper/ie.jp2/ie.jp2.191640
EIP=0x8076de9
seen at seed=192242 range=0.000847067:0.00137058 file=/home/fuzz/fuzzing/jasper/ie.jp2/ie.jp2.192242 file_md5=7ac228f2acf7d07513f2b2b7e38210c5
Command: cat /home/fuzz/fuzzing/jasper/ie.jp2/ie.jp2 | zzuf -s192242 -r0.000847067:0.00137058 > /home/fuzz/fuzzing/jasper/ie.jp2/ie.jp2.192242
EIP=0x8076de9
seen at seed=192291 range=0.000847067:0.00137058 file=/home/fuzz/fuzzing/jasper/ie.jp2/ie.jp2.192291 file_md5=0fd9ec80976c030859160777554a4a37
Command: cat /home/fuzz/fuzzing/jasper/ie.jp2/ie.jp2 | zzuf -s192291 -r0.000847067:0.00137058 > /home/fuzz/fuzzing/jasper/ie.jp2/ie.jp2.192291
EIP=0x8076de9
seen at seed=195113 range=0.000847067:0.00137058 file=/home/fuzz/fuzzing/jasper/ie.jp2/ie.jp2.195113 file_md5=7b33d8e411ee599f0ecf4dd1de669012
Command: cat /home/fuzz/fuzzing/jasper/ie.jp2/ie.jp2 | zzuf -s195113 -r0.000847067:0.00137058 > /home/fuzz/fuzzing/jasper/ie.jp2/ie.jp2.195113
EIP=0x8076de9
seen at seed=199144 range=0.000847067:0.00137058 file=/home/fuzz/fuzzing/jasper/ie.jp2/ie.jp2.199144 file_md5=d189313f395d772af82818e9c9aebe33
Command: cat /home/fuzz/fuzzing/jasper/ie.jp2/ie.jp2 | zzuf -s199144 -r0.000847067:0.00137058 > /home/fuzz/fuzzing/jasper/ie.jp2/ie.jp2.199144
EIP=0x8076de9
seen at seed=202497 range=0.000847067:0.00137058 file=/home/fuzz/fuzzing/jasper/ie.jp2/ie.jp2.202497 file_md5=61137e9186a04fc0a4edfde9617965e1
Command: cat /home/fuzz/fuzzing/jasper/ie.jp2/ie.jp2 | zzuf -s202497 -r0.000847067:0.00137058 > /home/fuzz/fuzzing/jasper/ie.jp2/ie.jp2.202497
EIP=0x8076de9
seen at seed=203278 range=0.000523516:0.000847067 file=/home/fuzz/fuzzing/jasper/ie.jp2/ie.jp2.203278 file_md5=10c2dd117ff0c6f321cad6adcc0953df
Command: cat /home/fuzz/fuzzing/jasper/ie.jp2/ie.jp2 | zzuf -s203278 -r0.000523516:0.000847067 > /home/fuzz/fuzzing/jasper/ie.jp2/ie.jp2.203278
EIP=0x8076de9
seen at seed=205942 range=0.000523516:0.000847067 file=/home/fuzz/fuzzing/jasper/ie.jp2/ie.jp2.205942 file_md5=59fffe0b4da69b24fcb0b6d6e60d8e7e
Command: cat /home/fuzz/fuzzing/jasper/ie.jp2/ie.jp2 | zzuf -s205942 -r0.000523516:0.000847067 > /home/fuzz/fuzzing/jasper/ie.jp2/ie.jp2.205942
EIP=0x8076de9
seen at seed=206491 range=0.00137058:0.00221765 file=/home/fuzz/fuzzing/jasper/ie.jp2/ie.jp2.206491 file_md5=dd2f0304f09f88cf5385bd59ecd164fc
Command: cat /home/fuzz/fuzzing/jasper/ie.jp2/ie.jp2 | zzuf -s206491 -r0.00137058:0.00221765 > /home/fuzz/fuzzing/jasper/ie.jp2/ie.jp2.206491
EIP=0x8076de9
seen at seed=214141 range=0.000847067:0.00137058 file=/home/fuzz/fuzzing/jasper/ie.jp2/ie.jp2.214141 file_md5=5e5bebe88e37c8d6e51178b696f92132
Command: cat /home/fuzz/fuzzing/jasper/ie.jp2/ie.jp2 | zzuf -s214141 -r0.000847067:0.00137058 > /home/fuzz/fuzzing/jasper/ie.jp2/ie.jp2.214141
EIP=0x8076de9
seen at seed=214873 range=0.000847067:0.00137058 file=/home/fuzz/fuzzing/jasper/ie.jp2/ie.jp2.214873 file_md5=f85ba8b016d287d2b8f4eaf9c19a68ad
Command: cat /home/fuzz/fuzzing/jasper/ie.jp2/ie.jp2 | zzuf -s214873 -r0.000847067:0.00137058 > /home/fuzz/fuzzing/jasper/ie.jp2/ie.jp2.214873
EIP=0x8076de9
seen at seed=214926 range=0.000847067:0.00137058 file=/home/fuzz/fuzzing/jasper/ie.jp2/ie.jp2.214926 file_md5=1af9239e67cf52963a04f06ef79eb0e5
Command: cat /home/fuzz/fuzzing/jasper/ie.jp2/ie.jp2 | zzuf -s214926 -r0.000847067:0.00137058 > /home/fuzz/fuzzing/jasper/ie.jp2/ie.jp2.214926
EIP=0x8076de9
seen at seed=218312 range=0.000847067:0.00137058 file=/home/fuzz/fuzzing/jasper/ie.jp2/ie.jp2.218312 file_md5=2524e062ac2125649d1b3c8c86d45f36
Command: cat /home/fuzz/fuzzing/jasper/ie.jp2/ie.jp2 | zzuf -s218312 -r0.000847067:0.00137058 > /home/fuzz/fuzzing/jasper/ie.jp2/ie.jp2.218312
EIP=0x8076de9
seen at seed=228307 range=0.000847067:0.00137058 file=/home/fuzz/fuzzing/jasper/ie.jp2/ie.jp2.228307 file_md5=926bcdc62e349f39f802a6771e602a91
Command: cat /home/fuzz/fuzzing/jasper/ie.jp2/ie.jp2 | zzuf -s228307 -r0.000847067:0.00137058 > /home/fuzz/fuzzing/jasper/ie.jp2/ie.jp2.228307
EIP=0x8076de9
seen at seed=228816 range=0.000847067:0.00137058 file=/home/fuzz/fuzzing/jasper/ie.jp2/ie.jp2.228816 file_md5=a7da5c32b8be5e99ed4be72998030d46
Command: cat /home/fuzz/fuzzing/jasper/ie.jp2/ie.jp2 | zzuf -s228816 -r0.000847067:0.00137058 > /home/fuzz/fuzzing/jasper/ie.jp2/ie.jp2.228816
EIP=0x8076de9
seen at seed=231817 range=0.000847067:0.00137058 file=/home/fuzz/fuzzing/jasper/ie.jp2/ie.jp2.231817 file_md5=b988f41ba72eb21016287254c5e1ccda
Command: cat /home/fuzz/fuzzing/jasper/ie.jp2/ie.jp2 | zzuf -s231817 -r0.000847067:0.00137058 > /home/fuzz/fuzzing/jasper/ie.jp2/ie.jp2.231817
EIP=0x8076de9
seen at seed=233087 range=0.000847067:0.00137058 file=/home/fuzz/fuzzing/jasper/ie.jp2/ie.jp2.233087 file_md5=390480c286ad38e9469bfaaaeb55aee2
Command: cat /home/fuzz/fuzzing/jasper/ie.jp2/ie.jp2 | zzuf -s233087 -r0.000847067:0.00137058 > /home/fuzz/fuzzing/jasper/ie.jp2/ie.jp2.233087
EIP=0x8076de9
seen at seed=236640 range=0.00137058:0.00221765 file=/home/fuzz/fuzzing/jasper/ie.jp2/ie.jp2.236640 file_md5=893cb50c0a9341443c0bb4ed2f5766eb
Command: cat /home/fuzz/fuzzing/jasper/ie.jp2/ie.jp2 | zzuf -s236640 -r0.00137058:0.00221765 > /home/fuzz/fuzzing/jasper/ie.jp2/ie.jp2.236640
EIP=0x8076de9
seen at seed=241855 range=0.000847067:0.00137058 file=/home/fuzz/fuzzing/jasper/ie.jp2/ie.jp2.241855 file_md5=5c495b8af6e205547984ee38c0a1138c
Command: cat /home/fuzz/fuzzing/jasper/ie.jp2/ie.jp2 | zzuf -s241855 -r0.000847067:0.00137058 > /home/fuzz/fuzzing/jasper/ie.jp2/ie.jp2.241855
EIP=0x8076de9
seen at seed=243375 range=0.000847067:0.00137058 file=/home/fuzz/fuzzing/jasper/ie.jp2/ie.jp2.243375 file_md5=399f5b11bf5c1c09d02b6f50b119374a
Command: cat /home/fuzz/fuzzing/jasper/ie.jp2/ie.jp2 | zzuf -s243375 -r0.000847067:0.00137058 > /home/fuzz/fuzzing/jasper/ie.jp2/ie.jp2.243375
EIP=0x8076de9
seen at seed=245208 range=0.000847067:0.00137058 file=/home/fuzz/fuzzing/jasper/ie.jp2/ie.jp2.245208 file_md5=3fcc98bc564dc719c7cc6aad73857ebf
Command: cat /home/fuzz/fuzzing/jasper/ie.jp2/ie.jp2 | zzuf -s245208 -r0.000847067:0.00137058 > /home/fuzz/fuzzing/jasper/ie.jp2/ie.jp2.245208
EIP=0x8076de9
seen at seed=246017 range=0.000523516:0.000847067 file=/home/fuzz/fuzzing/jasper/ie.jp2/ie.jp2.246017 file_md5=fc41cad80df5049905088a70cbbfe678
Command: cat /home/fuzz/fuzzing/jasper/ie.jp2/ie.jp2 | zzuf -s246017 -r0.000523516:0.000847067 > /home/fuzz/fuzzing/jasper/ie.jp2/ie.jp2.246017
EIP=0x8076de9
seen at seed=248864 range=0.000847067:0.00137058 file=/home/fuzz/fuzzing/jasper/ie.jp2/ie.jp2.248864 file_md5=5b413d648efb05a8f113c6c8b8c80c3b
Command: cat /home/fuzz/fuzzing/jasper/ie.jp2/ie.jp2 | zzuf -s248864 -r0.000847067:0.00137058 > /home/fuzz/fuzzing/jasper/ie.jp2/ie.jp2.248864
EIP=0x8076de9
seen at seed=249484 range=0.00137058:0.00221765 file=/home/fuzz/fuzzing/jasper/ie.jp2/ie.jp2.249484 file_md5=3af36f8bedd778acc2cf7523cbe74a5d
Command: cat /home/fuzz/fuzzing/jasper/ie.jp2/ie.jp2 | zzuf -s249484 -r0.00137058:0.00221765 > /home/fuzz/fuzzing/jasper/ie.jp2/ie.jp2.249484
EIP=0x8076de9
seen at seed=253004 range=0.000847067:0.00137058 file=/home/fuzz/fuzzing/jasper/ie.jp2/ie.jp2.253004 file_md5=cf771205aaa66392668477f1664d4e92
Command: cat /home/fuzz/fuzzing/jasper/ie.jp2/ie.jp2 | zzuf -s253004 -r0.000847067:0.00137058 > /home/fuzz/fuzzing/jasper/ie.jp2/ie.jp2.253004
EIP=0x8076de9
seen at seed=254769 range=0.00221765:0.00358823 file=/home/fuzz/fuzzing/jasper/ie.jp2/ie.jp2.254769 file_md5=35d87f9fc1eadbc737b88f0f550359a3
Command: cat /home/fuzz/fuzzing/jasper/ie.jp2/ie.jp2 | zzuf -s254769 -r0.00221765:0.00358823 > /home/fuzz/fuzzing/jasper/ie.jp2/ie.jp2.254769
EIP=0x8076de9
seen at seed=256727 range=0.00221765:0.00358823 file=/home/fuzz/fuzzing/jasper/ie.jp2/ie.jp2.256727 file_md5=9fd567c806143ab3fa61213eb074df44
Command: cat /home/fuzz/fuzzing/jasper/ie.jp2/ie.jp2 | zzuf -s256727 -r0.00221765:0.00358823 > /home/fuzz/fuzzing/jasper/ie.jp2/ie.jp2.256727
EIP=0x8076de9
seen at seed=257168 range=0.000847067:0.00137058 file=/home/fuzz/fuzzing/jasper/ie.jp2/ie.jp2.257168 file_md5=87e0afdb5a7328837251021768ec975f
Command: cat /home/fuzz/fuzzing/jasper/ie.jp2/ie.jp2 | zzuf -s257168 -r0.000847067:0.00137058 > /home/fuzz/fuzzing/jasper/ie.jp2/ie.jp2.257168
EIP=0x8076de9
seen at seed=258951 range=0.00221765:0.00358823 file=/home/fuzz/fuzzing/jasper/ie.jp2/ie.jp2.258951 file_md5=21eb63d0aaea012d9aa96e7bb795e3c4
Command: cat /home/fuzz/fuzzing/jasper/ie.jp2/ie.jp2 | zzuf -s258951 -r0.00221765:0.00358823 > /home/fuzz/fuzzing/jasper/ie.jp2/ie.jp2.258951
EIP=0x8076de9
seen at seed=260584 range=0.00221765:0.00358823 file=/home/fuzz/fuzzing/jasper/ie.jp2/ie.jp2.260584 file_md5=0a8f363c25e26a105852483f85d91db7
Command: cat /home/fuzz/fuzzing/jasper/ie.jp2/ie.jp2 | zzuf -s260584 -r0.00221765:0.00358823 > /home/fuzz/fuzzing/jasper/ie.jp2/ie.jp2.260584
EIP=0x8076de9
seen at seed=261594 range=0.00221765:0.00358823 file=/home/fuzz/fuzzing/jasper/ie.jp2/ie.jp2.261594 file_md5=8271493ffdb6129d4013fa581fece2e1
Command: cat /home/fuzz/fuzzing/jasper/ie.jp2/ie.jp2 | zzuf -s261594 -r0.00221765:0.00358823 > /home/fuzz/fuzzing/jasper/ie.jp2/ie.jp2.261594
EIP=0x8076de9
seen at seed=264932 range=0.00137058:0.00221765 file=/home/fuzz/fuzzing/jasper/ie.jp2/ie.jp2.264932 file_md5=2c6564061d801ba69b93131779445ae2
Command: cat /home/fuzz/fuzzing/jasper/ie.jp2/ie.jp2 | zzuf -s264932 -r0.00137058:0.00221765 > /home/fuzz/fuzzing/jasper/ie.jp2/ie.jp2.264932
EIP=0x8076de9
seen at seed=267090 range=0.000523516:0.000847067 file=/home/fuzz/fuzzing/jasper/ie.jp2/ie.jp2.267090 file_md5=cc1023b7d3a73d5de0e2920d5a161b85
Command: cat /home/fuzz/fuzzing/jasper/ie.jp2/ie.jp2 | zzuf -s267090 -r0.000523516:0.000847067 > /home/fuzz/fuzzing/jasper/ie.jp2/ie.jp2.267090
EIP=0x8076de9
seen at seed=268495 range=0.000847067:0.00137058 file=/home/fuzz/fuzzing/jasper/ie.jp2/ie.jp2.268495 file_md5=414fa316688dcc4ca5b03e8ddb60b056
Command: cat /home/fuzz/fuzzing/jasper/ie.jp2/ie.jp2 | zzuf -s268495 -r0.000847067:0.00137058 > /home/fuzz/fuzzing/jasper/ie.jp2/ie.jp2.268495
EIP=0x8076de9
seen at seed=270751 range=0.000847067:0.00137058 file=/home/fuzz/fuzzing/jasper/ie.jp2/ie.jp2.270751 file_md5=b0e88371a14e27ff84f64e88253d81b5
Command: cat /home/fuzz/fuzzing/jasper/ie.jp2/ie.jp2 | zzuf -s270751 -r0.000847067:0.00137058 > /home/fuzz/fuzzing/jasper/ie.jp2/ie.jp2.270751
EIP=0x8076de9
seen at seed=276144 range=0.00137058:0.00221765 file=/home/fuzz/fuzzing/jasper/ie.jp2/ie.jp2.276144 file_md5=c67db2b0290cb8a87d8bc817155ab865
Command: cat /home/fuzz/fuzzing/jasper/ie.jp2/ie.jp2 | zzuf -s276144 -r0.00137058:0.00221765 > /home/fuzz/fuzzing/jasper/ie.jp2/ie.jp2.276144
EIP=0x8076de9
seen at seed=277118 range=0.000847067:0.00137058 file=/home/fuzz/fuzzing/jasper/ie.jp2/ie.jp2.277118 file_md5=7d73c33109029e4fc403ded5500b3b35
Command: cat /home/fuzz/fuzzing/jasper/ie.jp2/ie.jp2 | zzuf -s277118 -r0.000847067:0.00137058 > /home/fuzz/fuzzing/jasper/ie.jp2/ie.jp2.277118
EIP=0x8076de9
seen at seed=288664 range=0.000847067:0.00137058 file=/home/fuzz/fuzzing/jasper/ie.jp2/ie.jp2.288664 file_md5=acab86994c140edb630f13d040e007b7
Command: cat /home/fuzz/fuzzing/jasper/ie.jp2/ie.jp2 | zzuf -s288664 -r0.000847067:0.00137058 > /home/fuzz/fuzzing/jasper/ie.jp2/ie.jp2.288664
EIP=0x8076de9
seen at seed=289961 range=0.000847067:0.00137058 file=/home/fuzz/fuzzing/jasper/ie.jp2/ie.jp2.289961 file_md5=dfe0e43be5507fcae967ce74b05f4048
Command: cat /home/fuzz/fuzzing/jasper/ie.jp2/ie.jp2 | zzuf -s289961 -r0.000847067:0.00137058 > /home/fuzz/fuzzing/jasper/ie.jp2/ie.jp2.289961
EIP=0x8076de9
seen at seed=290679 range=0.000847067:0.00137058 file=/home/fuzz/fuzzing/jasper/ie.jp2/ie.jp2.290679 file_md5=46cc1333842dd5561a0780a09db301d9
Command: cat /home/fuzz/fuzzing/jasper/ie.jp2/ie.jp2 | zzuf -s290679 -r0.000847067:0.00137058 > /home/fuzz/fuzzing/jasper/ie.jp2/ie.jp2.290679
EIP=0x8076de9
seen at seed=291327 range=0.000523516:0.000847067 file=/home/fuzz/fuzzing/jasper/ie.jp2/ie.jp2.291327 file_md5=45d9191343fe6834013928fcaf7800ac
Command: cat /home/fuzz/fuzzing/jasper/ie.jp2/ie.jp2 | zzuf -s291327 -r0.000523516:0.000847067 > /home/fuzz/fuzzing/jasper/ie.jp2/ie.jp2.291327
EIP=0x8076de9
seen at seed=294165 range=0.000847067:0.00137058 file=/home/fuzz/fuzzing/jasper/ie.jp2/ie.jp2.294165 file_md5=ad17c8dbc13e12d26bd87c436f3a450d
Command: cat /home/fuzz/fuzzing/jasper/ie.jp2/ie.jp2 | zzuf -s294165 -r0.000847067:0.00137058 > /home/fuzz/fuzzing/jasper/ie.jp2/ie.jp2.294165
EIP=0x8076de9
seen at seed=294925 range=0.00221765:0.00358823 file=/home/fuzz/fuzzing/jasper/ie.jp2/ie.jp2.294925 file_md5=6311f4487a05dacc434700f7613404c5
Command: cat /home/fuzz/fuzzing/jasper/ie.jp2/ie.jp2 | zzuf -s294925 -r0.00221765:0.00358823 > /home/fuzz/fuzzing/jasper/ie.jp2/ie.jp2.294925
EIP=0x8076de9
seen at seed=296841 range=0.000523516:0.000847067 file=/home/fuzz/fuzzing/jasper/ie.jp2/ie.jp2.296841 file_md5=9cadfca4313cb2d4c448f17cb3c6d1f9
Command: cat /home/fuzz/fuzzing/jasper/ie.jp2/ie.jp2 | zzuf -s296841 -r0.000523516:0.000847067 > /home/fuzz/fuzzing/jasper/ie.jp2/ie.jp2.296841
EIP=0x8076de9
seen at seed=301419 range=0.000847067:0.00137058 file=/home/fuzz/fuzzing/jasper/ie.jp2/ie.jp2.301419 file_md5=664e64313b50e28c14b05945cb6e64c9
Command: cat /home/fuzz/fuzzing/jasper/ie.jp2/ie.jp2 | zzuf -s301419 -r0.000847067:0.00137058 > /home/fuzz/fuzzing/jasper/ie.jp2/ie.jp2.301419
EIP=0x8076de9
seen at seed=301831 range=0.000847067:0.00137058 file=/home/fuzz/fuzzing/jasper/ie.jp2/ie.jp2.301831 file_md5=413487cb2b324e6499b34147e96e941d
Command: cat /home/fuzz/fuzzing/jasper/ie.jp2/ie.jp2 | zzuf -s301831 -r0.000847067:0.00137058 > /home/fuzz/fuzzing/jasper/ie.jp2/ie.jp2.301831
EIP=0x8076de9
seen at seed=302826 range=0.00221765:0.00358823 file=/home/fuzz/fuzzing/jasper/ie.jp2/ie.jp2.302826 file_md5=9e181db34ffb2b3d13a04efa9e8b10fe
Command: cat /home/fuzz/fuzzing/jasper/ie.jp2/ie.jp2 | zzuf -s302826 -r0.00221765:0.00358823 > /home/fuzz/fuzzing/jasper/ie.jp2/ie.jp2.302826
EIP=0x8076de9
seen at seed=305207 range=0.000847067:0.00137058 file=/home/fuzz/fuzzing/jasper/ie.jp2/ie.jp2.305207 file_md5=bf003a0928d99ba0f74e3f18ffbafebc
Command: cat /home/fuzz/fuzzing/jasper/ie.jp2/ie.jp2 | zzuf -s305207 -r0.000847067:0.00137058 > /home/fuzz/fuzzing/jasper/ie.jp2/ie.jp2.305207
EIP=0x8076de9
seen at seed=305568 range=0.00137058:0.00221765 file=/home/fuzz/fuzzing/jasper/ie.jp2/ie.jp2.305568 file_md5=96c4ef540278606e619dd72ed5ab99af
Command: cat /home/fuzz/fuzzing/jasper/ie.jp2/ie.jp2 | zzuf -s305568 -r0.00137058:0.00221765 > /home/fuzz/fuzzing/jasper/ie.jp2/ie.jp2.305568
EIP=0x8076de9
seen at seed=311001 range=0.000847067:0.00137058 file=/home/fuzz/fuzzing/jasper/ie.jp2/ie.jp2.311001 file_md5=2354f102e00e9c9390eff80c07e22563
Command: cat /home/fuzz/fuzzing/jasper/ie.jp2/ie.jp2 | zzuf -s311001 -r0.000847067:0.00137058 > /home/fuzz/fuzzing/jasper/ie.jp2/ie.jp2.311001
EIP=0x8076de9
seen at seed=311832 range=0.000847067:0.00137058 file=/home/fuzz/fuzzing/jasper/ie.jp2/ie.jp2.311832 file_md5=25e85bcd19982e1bffdae863620c0dbe
Command: cat /home/fuzz/fuzzing/jasper/ie.jp2/ie.jp2 | zzuf -s311832 -r0.000847067:0.00137058 > /home/fuzz/fuzzing/jasper/ie.jp2/ie.jp2.311832
EIP=0x8076de9
seen at seed=314280 range=0.000847067:0.00137058 file=/home/fuzz/fuzzing/jasper/ie.jp2/ie.jp2.314280 file_md5=3d46a691ade84d78fa520d2c1b2b779e
Command: cat /home/fuzz/fuzzing/jasper/ie.jp2/ie.jp2 | zzuf -s314280 -r0.000847067:0.00137058 > /home/fuzz/fuzzing/jasper/ie.jp2/ie.jp2.314280
EIP=0x8076de9
seen at seed=321393 range=0.000847067:0.00137058 file=/home/fuzz/fuzzing/jasper/ie.jp2/ie.jp2.321393 file_md5=6999c0e5cf4221037996a7e00120e92b
Command: cat /home/fuzz/fuzzing/jasper/ie.jp2/ie.jp2 | zzuf -s321393 -r0.000847067:0.00137058 > /home/fuzz/fuzzing/jasper/ie.jp2/ie.jp2.321393
EIP=0x8076de9
seen at seed=322579 range=0.000847067:0.00137058 file=/home/fuzz/fuzzing/jasper/ie.jp2/ie.jp2.322579 file_md5=5da63c6fe9636911a660b7240c872853
Command: cat /home/fuzz/fuzzing/jasper/ie.jp2/ie.jp2 | zzuf -s322579 -r0.000847067:0.00137058 > /home/fuzz/fuzzing/jasper/ie.jp2/ie.jp2.322579
EIP=0x8076de9
seen at seed=323490 range=0.000847067:0.00137058 file=/home/fuzz/fuzzing/jasper/ie.jp2/ie.jp2.323490 file_md5=4c29732b89485e810a0ecf80c3cfebac
Command: cat /home/fuzz/fuzzing/jasper/ie.jp2/ie.jp2 | zzuf -s323490 -r0.000847067:0.00137058 > /home/fuzz/fuzzing/jasper/ie.jp2/ie.jp2.323490
EIP=0x8076de9
seen at seed=323930 range=0.000847067:0.00137058 file=/home/fuzz/fuzzing/jasper/ie.jp2/ie.jp2.323930 file_md5=2547795508a467783a228d4887b87809
Command: cat /home/fuzz/fuzzing/jasper/ie.jp2/ie.jp2 | zzuf -s323930 -r0.000847067:0.00137058 > /home/fuzz/fuzzing/jasper/ie.jp2/ie.jp2.323930
EIP=0x8076de9
seen at seed=326320 range=0.000847067:0.00137058 file=/home/fuzz/fuzzing/jasper/ie.jp2/ie.jp2.326320 file_md5=f6ecc8d1126e0c36f8f8123d513e4695
Command: cat /home/fuzz/fuzzing/jasper/ie.jp2/ie.jp2 | zzuf -s326320 -r0.000847067:0.00137058 > /home/fuzz/fuzzing/jasper/ie.jp2/ie.jp2.326320
EIP=0x8076de9
seen at seed=326405 range=0.000847067:0.00137058 file=/home/fuzz/fuzzing/jasper/ie.jp2/ie.jp2.326405 file_md5=b776051fba89a295ab68598a40cd4019
Command: cat /home/fuzz/fuzzing/jasper/ie.jp2/ie.jp2 | zzuf -s326405 -r0.000847067:0.00137058 > /home/fuzz/fuzzing/jasper/ie.jp2/ie.jp2.326405
EIP=0x8076de9
seen at seed=328928 range=0.00137058:0.00221765 file=/home/fuzz/fuzzing/jasper/ie.jp2/ie.jp2.328928 file_md5=b12849e153fa6fd02c4263d8d2bd37b3
Command: cat /home/fuzz/fuzzing/jasper/ie.jp2/ie.jp2 | zzuf -s328928 -r0.00137058:0.00221765 > /home/fuzz/fuzzing/jasper/ie.jp2/ie.jp2.328928
EIP=0x8076de9
seen at seed=330717 range=0.00137058:0.00221765 file=/home/fuzz/fuzzing/jasper/ie.jp2/ie.jp2.330717 file_md5=33fbaa792df080b0efe6bd0f9ae96d58
Command: cat /home/fuzz/fuzzing/jasper/ie.jp2/ie.jp2 | zzuf -s330717 -r0.00137058:0.00221765 > /home/fuzz/fuzzing/jasper/ie.jp2/ie.jp2.330717
EIP=0x8076de9
seen at seed=336545 range=0.000323551:0.000523516 file=/home/fuzz/fuzzing/jasper/ie.jp2/ie.jp2.336545 file_md5=cd9740624e5f1ad0a855fab5e35ae93e
Command: cat /home/fuzz/fuzzing/jasper/ie.jp2/ie.jp2 | zzuf -s336545 -r0.000323551:0.000523516 > /home/fuzz/fuzzing/jasper/ie.jp2/ie.jp2.336545
EIP=0x8076de9
seen at seed=336604 range=0.000323551:0.000523516 file=/home/fuzz/fuzzing/jasper/ie.jp2/ie.jp2.336604 file_md5=f6026a6d58e583de967178f589a98849
Command: cat /home/fuzz/fuzzing/jasper/ie.jp2/ie.jp2 | zzuf -s336604 -r0.000323551:0.000523516 > /home/fuzz/fuzzing/jasper/ie.jp2/ie.jp2.336604
EIP=0x8076de9
seen at seed=337406 range=0.000847067:0.00137058 file=/home/fuzz/fuzzing/jasper/ie.jp2/ie.jp2.337406 file_md5=3fbcf03f11b9fb7febcd56b8f2113dad
Command: cat /home/fuzz/fuzzing/jasper/ie.jp2/ie.jp2 | zzuf -s337406 -r0.000847067:0.00137058 > /home/fuzz/fuzzing/jasper/ie.jp2/ie.jp2.337406
EIP=0x8076de9
seen at seed=338241 range=0.00137058:0.00221765 file=/home/fuzz/fuzzing/jasper/ie.jp2/ie.jp2.338241 file_md5=69da6cba781dd0bb489b4e4cc24e5bf8
Command: cat /home/fuzz/fuzzing/jasper/ie.jp2/ie.jp2 | zzuf -s338241 -r0.00137058:0.00221765 > /home/fuzz/fuzzing/jasper/ie.jp2/ie.jp2.338241
EIP=0x8076de9
seen at seed=341995 range=0.00137058:0.00221765 file=/home/fuzz/fuzzing/jasper/ie.jp2/ie.jp2.341995 file_md5=e4e37cfc19794b1df70f6a4bd81c6a6d
Command: cat /home/fuzz/fuzzing/jasper/ie.jp2/ie.jp2 | zzuf -s341995 -r0.00137058:0.00221765 > /home/fuzz/fuzzing/jasper/ie.jp2/ie.jp2.341995
EIP=0x8076de9
seen at seed=344331 range=0.000847067:0.00137058 file=/home/fuzz/fuzzing/jasper/ie.jp2/ie.jp2.344331 file_md5=611ed8c07a8ab452973486571d44caed
Command: cat /home/fuzz/fuzzing/jasper/ie.jp2/ie.jp2 | zzuf -s344331 -r0.000847067:0.00137058 > /home/fuzz/fuzzing/jasper/ie.jp2/ie.jp2.344331
EIP=0x8076de9
seen at seed=346711 range=0.00221765:0.00358823 file=/home/fuzz/fuzzing/jasper/ie.jp2/ie.jp2.346711 file_md5=4fe1827a036f5fa2f9c6ad238a7accfe
Command: cat /home/fuzz/fuzzing/jasper/ie.jp2/ie.jp2 | zzuf -s346711 -r0.00221765:0.00358823 > /home/fuzz/fuzzing/jasper/ie.jp2/ie.jp2.346711
EIP=0x8076de9
seen at seed=348554 range=0.000523516:0.000847067 file=/home/fuzz/fuzzing/jasper/ie.jp2/ie.jp2.348554 file_md5=27ced8706a089bb1d18c5e18cea8e01d
Command: cat /home/fuzz/fuzzing/jasper/ie.jp2/ie.jp2 | zzuf -s348554 -r0.000523516:0.000847067 > /home/fuzz/fuzzing/jasper/ie.jp2/ie.jp2.348554
EIP=0x8076de9
seen at seed=351802 range=0.00221765:0.00358823 file=/home/fuzz/fuzzing/jasper/ie.jp2/ie.jp2.351802 file_md5=05acca809fa890ff534b827e16a163af
Command: cat /home/fuzz/fuzzing/jasper/ie.jp2/ie.jp2 | zzuf -s351802 -r0.00221765:0.00358823 > /home/fuzz/fuzzing/jasper/ie.jp2/ie.jp2.351802
EIP=0x8076de9
seen at seed=352032 range=0.00358823:0.00580589 file=/home/fuzz/fuzzing/jasper/ie.jp2/ie.jp2.352032 file_md5=dc9dc31cc2389deee31b9f1455bbe87a
Command: cat /home/fuzz/fuzzing/jasper/ie.jp2/ie.jp2 | zzuf -s352032 -r0.00358823:0.00580589 > /home/fuzz/fuzzing/jasper/ie.jp2/ie.jp2.352032
EIP=0x8076de9
seen at seed=357353 range=0.000847067:0.00137058 file=/home/fuzz/fuzzing/jasper/ie.jp2/ie.jp2.357353 file_md5=861429d22f393fdebafd3152cb5409ba
Command: cat /home/fuzz/fuzzing/jasper/ie.jp2/ie.jp2 | zzuf -s357353 -r0.000847067:0.00137058 > /home/fuzz/fuzzing/jasper/ie.jp2/ie.jp2.357353
EIP=0x8076de9
seen at seed=360866 range=0.000847067:0.00137058 file=/home/fuzz/fuzzing/jasper/ie.jp2/ie.jp2.360866 file_md5=efbb557eb84bf8853cbbc39d4733fdf4
Command: cat /home/fuzz/fuzzing/jasper/ie.jp2/ie.jp2 | zzuf -s360866 -r0.000847067:0.00137058 > /home/fuzz/fuzzing/jasper/ie.jp2/ie.jp2.360866
EIP=0x8076de9
seen at seed=364770 range=0.00137058:0.00221765 file=/home/fuzz/fuzzing/jasper/ie.jp2/ie.jp2.364770 file_md5=38288eeb7f5bda2bfd94493b84731c0f
Command: cat /home/fuzz/fuzzing/jasper/ie.jp2/ie.jp2 | zzuf -s364770 -r0.00137058:0.00221765 > /home/fuzz/fuzzing/jasper/ie.jp2/ie.jp2.364770
EIP=0x8076de9
seen at seed=370508 range=0.000847067:0.00137058 file=/home/fuzz/fuzzing/jasper/ie.jp2/ie.jp2.370508 file_md5=6fd875b4f1c53a725a86d2057d6cc07f
Command: cat /home/fuzz/fuzzing/jasper/ie.jp2/ie.jp2 | zzuf -s370508 -r0.000847067:0.00137058 > /home/fuzz/fuzzing/jasper/ie.jp2/ie.jp2.370508
EIP=0x8076de9
seen at seed=371119 range=0.00137058:0.00221765 file=/home/fuzz/fuzzing/jasper/ie.jp2/ie.jp2.371119 file_md5=a306f25a4a702a40dcb7e1cf4ce3b384
Command: cat /home/fuzz/fuzzing/jasper/ie.jp2/ie.jp2 | zzuf -s371119 -r0.00137058:0.00221765 > /home/fuzz/fuzzing/jasper/ie.jp2/ie.jp2.371119
EIP=0x8076de9
seen at seed=372751 range=0.000847067:0.00137058 file=/home/fuzz/fuzzing/jasper/ie.jp2/ie.jp2.372751 file_md5=8de7a103af12e19f1e7be267cedeb629
Command: cat /home/fuzz/fuzzing/jasper/ie.jp2/ie.jp2 | zzuf -s372751 -r0.000847067:0.00137058 > /home/fuzz/fuzzing/jasper/ie.jp2/ie.jp2.372751
EIP=0x8076de9
seen at seed=372931 range=0.000847067:0.00137058 file=/home/fuzz/fuzzing/jasper/ie.jp2/ie.jp2.372931 file_md5=a40faf812a6bab08ffee03fb028c836d
Command: cat /home/fuzz/fuzzing/jasper/ie.jp2/ie.jp2 | zzuf -s372931 -r0.000847067:0.00137058 > /home/fuzz/fuzzing/jasper/ie.jp2/ie.jp2.372931
EIP=0x8076de9
seen at seed=376608 range=0.000847067:0.00137058 file=/home/fuzz/fuzzing/jasper/ie.jp2/ie.jp2.376608 file_md5=06d0c0c4e6aafa42c64493a00ad6d43a
Command: cat /home/fuzz/fuzzing/jasper/ie.jp2/ie.jp2 | zzuf -s376608 -r0.000847067:0.00137058 > /home/fuzz/fuzzing/jasper/ie.jp2/ie.jp2.376608
EIP=0x8076de9
seen at seed=377935 range=0.000847067:0.00137058 file=/home/fuzz/fuzzing/jasper/ie.jp2/ie.jp2.377935 file_md5=414fa316688dcc4ca5b03e8ddb60b056
Command: cat /home/fuzz/fuzzing/jasper/ie.jp2/ie.jp2 | zzuf -s377935 -r0.000847067:0.00137058 > /home/fuzz/fuzzing/jasper/ie.jp2/ie.jp2.377935
EIP=0x8076de9
seen at seed=379044 range=0.000847067:0.00137058 file=/home/fuzz/fuzzing/jasper/ie.jp2/ie.jp2.379044 file_md5=51d82489b28e9e114801d6cd86e391eb
Command: cat /home/fuzz/fuzzing/jasper/ie.jp2/ie.jp2 | zzuf -s379044 -r0.000847067:0.00137058 > /home/fuzz/fuzzing/jasper/ie.jp2/ie.jp2.379044
EIP=0x8076de9
seen at seed=379756 range=0.000847067:0.00137058 file=/home/fuzz/fuzzing/jasper/ie.jp2/ie.jp2.379756 file_md5=24b48d9058458eddf3129b629afb7242
Command: cat /home/fuzz/fuzzing/jasper/ie.jp2/ie.jp2 | zzuf -s379756 -r0.000847067:0.00137058 > /home/fuzz/fuzzing/jasper/ie.jp2/ie.jp2.379756
EIP=0x8076de9
seen at seed=381775 range=0.000523516:0.000847067 file=/home/fuzz/fuzzing/jasper/ie.jp2/ie.jp2.381775 file_md5=5d023c7260fb581c79cd5d6639cbf736
Command: cat /home/fuzz/fuzzing/jasper/ie.jp2/ie.jp2 | zzuf -s381775 -r0.000523516:0.000847067 > /home/fuzz/fuzzing/jasper/ie.jp2/ie.jp2.381775
EIP=0x8076de9
seen at seed=387377 range=0.000847067:0.00137058 file=/home/fuzz/fuzzing/jasper/ie.jp2/ie.jp2.387377 file_md5=89331f2b720e415fc5ce005b1e614438
Command: cat /home/fuzz/fuzzing/jasper/ie.jp2/ie.jp2 | zzuf -s387377 -r0.000847067:0.00137058 > /home/fuzz/fuzzing/jasper/ie.jp2/ie.jp2.387377
EIP=0x8076de9
seen at seed=389013 range=0.000847067:0.00137058 file=/home/fuzz/fuzzing/jasper/ie.jp2/ie.jp2.389013 file_md5=b8e60b281f19af71caaf29dc27102fc5
Command: cat /home/fuzz/fuzzing/jasper/ie.jp2/ie.jp2 | zzuf -s389013 -r0.000847067:0.00137058 > /home/fuzz/fuzzing/jasper/ie.jp2/ie.jp2.389013
EIP=0x8076de9
seen at seed=390667 range=0.000847067:0.00137058 file=/home/fuzz/fuzzing/jasper/ie.jp2/ie.jp2.390667 file_md5=281699d9bbb8c0247806abc34db63bb4
Command: cat /home/fuzz/fuzzing/jasper/ie.jp2/ie.jp2 | zzuf -s390667 -r0.000847067:0.00137058 > /home/fuzz/fuzzing/jasper/ie.jp2/ie.jp2.390667
EIP=0x8076de9
seen at seed=391832 range=0.000523516:0.000847067 file=/home/fuzz/fuzzing/jasper/ie.jp2/ie.jp2.391832 file_md5=e05a2f41d1ba34c88d9e849276ae232b
Command: cat /home/fuzz/fuzzing/jasper/ie.jp2/ie.jp2 | zzuf -s391832 -r0.000523516:0.000847067 > /home/fuzz/fuzzing/jasper/ie.jp2/ie.jp2.391832
EIP=0x8076de9
seen at seed=394980 range=0.00137058:0.00221765 file=/home/fuzz/fuzzing/jasper/ie.jp2/ie.jp2.394980 file_md5=bdbbe17c0cba48b3a44715c6508bfa03
Command: cat /home/fuzz/fuzzing/jasper/ie.jp2/ie.jp2 | zzuf -s394980 -r0.00137058:0.00221765 > /home/fuzz/fuzzing/jasper/ie.jp2/ie.jp2.394980
EIP=0x8076de9
seen at seed=399583 range=0.000847067:0.00137058 file=/home/fuzz/fuzzing/jasper/ie.jp2/ie.jp2.399583 file_md5=3e3f2238703ae009518d6ef3a685b4d4
Command: cat /home/fuzz/fuzzing/jasper/ie.jp2/ie.jp2 | zzuf -s399583 -r0.000847067:0.00137058 > /home/fuzz/fuzzing/jasper/ie.jp2/ie.jp2.399583
EIP=0x8076de9
seen at seed=405711 range=0.00137058:0.00221765 file=/home/fuzz/fuzzing/jasper/ie.jp2/ie.jp2.405711 file_md5=6e499a45e4a08cd32f47ebfda1ab310e
Command: cat /home/fuzz/fuzzing/jasper/ie.jp2/ie.jp2 | zzuf -s405711 -r0.00137058:0.00221765 > /home/fuzz/fuzzing/jasper/ie.jp2/ie.jp2.405711
EIP=0x8076de9
seen at seed=406079 range=0.000847067:0.00137058 file=/home/fuzz/fuzzing/jasper/ie.jp2/ie.jp2.406079 file_md5=653fdba7b68c04569306b55620c0a7ff
Command: cat /home/fuzz/fuzzing/jasper/ie.jp2/ie.jp2 | zzuf -s406079 -r0.000847067:0.00137058 > /home/fuzz/fuzzing/jasper/ie.jp2/ie.jp2.406079
EIP=0x8076de9
seen at seed=406728 range=0.00137058:0.00221765 file=/home/fuzz/fuzzing/jasper/ie.jp2/ie.jp2.406728 file_md5=12866b5b34c9ab25704f27e126751620
Command: cat /home/fuzz/fuzzing/jasper/ie.jp2/ie.jp2 | zzuf -s406728 -r0.00137058:0.00221765 > /home/fuzz/fuzzing/jasper/ie.jp2/ie.jp2.406728
EIP=0x8076de9
seen at seed=409100 range=0.000523516:0.000847067 file=/home/fuzz/fuzzing/jasper/ie.jp2/ie.jp2.409100 file_md5=c804e0b78f288047f9cc7cbadae3f5c2
Command: cat /home/fuzz/fuzzing/jasper/ie.jp2/ie.jp2 | zzuf -s409100 -r0.000523516:0.000847067 > /home/fuzz/fuzzing/jasper/ie.jp2/ie.jp2.409100
EIP=0x8076de9
seen at seed=410051 range=0.000847067:0.00137058 file=/home/fuzz/fuzzing/jasper/ie.jp2/ie.jp2.410051 file_md5=bdb8451bb69fe8af99d71e2b84439bb3
Command: cat /home/fuzz/fuzzing/jasper/ie.jp2/ie.jp2 | zzuf -s410051 -r0.000847067:0.00137058 > /home/fuzz/fuzzing/jasper/ie.jp2/ie.jp2.410051
EIP=0x8076de9
seen at seed=410139 range=0.000847067:0.00137058 file=/home/fuzz/fuzzing/jasper/ie.jp2/ie.jp2.410139 file_md5=537cb57ed120b72b687188f831608a07
Command: cat /home/fuzz/fuzzing/jasper/ie.jp2/ie.jp2 | zzuf -s410139 -r0.000847067:0.00137058 > /home/fuzz/fuzzing/jasper/ie.jp2/ie.jp2.410139
EIP=0x8076de9
seen at seed=411502 range=0.000847067:0.00137058 file=/home/fuzz/fuzzing/jasper/ie.jp2/ie.jp2.411502 file_md5=f2e32bfd75bb1401908f41e3b6f36147
Command: cat /home/fuzz/fuzzing/jasper/ie.jp2/ie.jp2 | zzuf -s411502 -r0.000847067:0.00137058 > /home/fuzz/fuzzing/jasper/ie.jp2/ie.jp2.411502
EIP=0x8076de9
seen at seed=413273 range=0.00137058:0.00221765 file=/home/fuzz/fuzzing/jasper/ie.jp2/ie.jp2.413273 file_md5=7deb166f644473fa2fdfecf732a84fc0
Command: cat /home/fuzz/fuzzing/jasper/ie.jp2/ie.jp2 | zzuf -s413273 -r0.00137058:0.00221765 > /home/fuzz/fuzzing/jasper/ie.jp2/ie.jp2.413273
EIP=0x8076de9
seen at seed=413646 range=0.000847067:0.00137058 file=/home/fuzz/fuzzing/jasper/ie.jp2/ie.jp2.413646 file_md5=0430adba27f6622b2728df4c008f5b77
Command: cat /home/fuzz/fuzzing/jasper/ie.jp2/ie.jp2 | zzuf -s413646 -r0.000847067:0.00137058 > /home/fuzz/fuzzing/jasper/ie.jp2/ie.jp2.413646
EIP=0x8076de9
seen at seed=422823 range=0.00137058:0.00221765 file=/home/fuzz/fuzzing/jasper/ie.jp2/ie.jp2.422823 file_md5=1b558b4de54bfe2439a9ad775a67c5ff
Command: cat /home/fuzz/fuzzing/jasper/ie.jp2/ie.jp2 | zzuf -s422823 -r0.00137058:0.00221765 > /home/fuzz/fuzzing/jasper/ie.jp2/ie.jp2.422823
EIP=0x8076de9
seen at seed=423330 range=0.000847067:0.00137058 file=/home/fuzz/fuzzing/jasper/ie.jp2/ie.jp2.423330 file_md5=bdee25a14e27974026ba627dd6980bb2
Command: cat /home/fuzz/fuzzing/jasper/ie.jp2/ie.jp2 | zzuf -s423330 -r0.000847067:0.00137058 > /home/fuzz/fuzzing/jasper/ie.jp2/ie.jp2.423330
EIP=0x8076de9
seen at seed=427791 range=0.000847067:0.00137058 file=/home/fuzz/fuzzing/jasper/ie.jp2/ie.jp2.427791 file_md5=123d09e4dc27b2fb54ff69082065f92a
Command: cat /home/fuzz/fuzzing/jasper/ie.jp2/ie.jp2 | zzuf -s427791 -r0.000847067:0.00137058 > /home/fuzz/fuzzing/jasper/ie.jp2/ie.jp2.427791
EIP=0x8076de9
seen at seed=430633 range=0.000523516:0.000847067 file=/home/fuzz/fuzzing/jasper/ie.jp2/ie.jp2.430633 file_md5=5cc200fddb48efdabf160219fa0854ba
Command: cat /home/fuzz/fuzzing/jasper/ie.jp2/ie.jp2 | zzuf -s430633 -r0.000523516:0.000847067 > /home/fuzz/fuzzing/jasper/ie.jp2/ie.jp2.430633
EIP=0x8076de9
seen at seed=432414 range=0.000847067:0.00137058 file=/home/fuzz/fuzzing/jasper/ie.jp2/ie.jp2.432414 file_md5=69bf34a5d8c3305a1556876fb7ca9573
Command: cat /home/fuzz/fuzzing/jasper/ie.jp2/ie.jp2 | zzuf -s432414 -r0.000847067:0.00137058 > /home/fuzz/fuzzing/jasper/ie.jp2/ie.jp2.432414
EIP=0x8076de9
seen at seed=434827 range=0.000847067:0.00137058 file=/home/fuzz/fuzzing/jasper/ie.jp2/ie.jp2.434827 file_md5=72c280d9619880f497e3ed235f85a5c5
Command: cat /home/fuzz/fuzzing/jasper/ie.jp2/ie.jp2 | zzuf -s434827 -r0.000847067:0.00137058 > /home/fuzz/fuzzing/jasper/ie.jp2/ie.jp2.434827
EIP=0x8076de9
seen at seed=435883 range=0.00137058:0.00221765 file=/home/fuzz/fuzzing/jasper/ie.jp2/ie.jp2.435883 file_md5=7645e8dd37455d0aacdab13c7171d6a0
Command: cat /home/fuzz/fuzzing/jasper/ie.jp2/ie.jp2 | zzuf -s435883 -r0.00137058:0.00221765 > /home/fuzz/fuzzing/jasper/ie.jp2/ie.jp2.435883
EIP=0x8076de9
seen at seed=438601 range=0.000847067:0.00137058 file=/home/fuzz/fuzzing/jasper/ie.jp2/ie.jp2.438601 file_md5=8203ddb22b53fe390314f8f96db773bd
Command: cat /home/fuzz/fuzzing/jasper/ie.jp2/ie.jp2 | zzuf -s438601 -r0.000847067:0.00137058 > /home/fuzz/fuzzing/jasper/ie.jp2/ie.jp2.438601
EIP=0x8076de9
seen at seed=439811 range=0.000847067:0.00137058 file=/home/fuzz/fuzzing/jasper/ie.jp2/ie.jp2.439811 file_md5=1c7e43cd94a1063a4d6232551f37bba5
Command: cat /home/fuzz/fuzzing/jasper/ie.jp2/ie.jp2 | zzuf -s439811 -r0.000847067:0.00137058 > /home/fuzz/fuzzing/jasper/ie.jp2/ie.jp2.439811
EIP=0x8076de9
seen at seed=441722 range=0.000847067:0.00137058 file=/home/fuzz/fuzzing/jasper/ie.jp2/ie.jp2.441722 file_md5=7d5ce5428c245d1fbe802487bad54340
Command: cat /home/fuzz/fuzzing/jasper/ie.jp2/ie.jp2 | zzuf -s441722 -r0.000847067:0.00137058 > /home/fuzz/fuzzing/jasper/ie.jp2/ie.jp2.441722
EIP=0x8076de9
seen at seed=445629 range=0.000847067:0.00137058 file=/home/fuzz/fuzzing/jasper/ie.jp2/ie.jp2.445629 file_md5=778a1908ae15120acf7eee2cc077f1c0
Command: cat /home/fuzz/fuzzing/jasper/ie.jp2/ie.jp2 | zzuf -s445629 -r0.000847067:0.00137058 > /home/fuzz/fuzzing/jasper/ie.jp2/ie.jp2.445629
EIP=0x8076de9
seen at seed=446692 range=0.00137058:0.00221765 file=/home/fuzz/fuzzing/jasper/ie.jp2/ie.jp2.446692 file_md5=8dfd27e6619992807d305693ff68eddd
Command: cat /home/fuzz/fuzzing/jasper/ie.jp2/ie.jp2 | zzuf -s446692 -r0.00137058:0.00221765 > /home/fuzz/fuzzing/jasper/ie.jp2/ie.jp2.446692
EIP=0x8076de9
seen at seed=454705 range=0.000847067:0.00137058 file=/home/fuzz/fuzzing/jasper/ie.jp2/ie.jp2.454705 file_md5=c07571b435988a5a62328fa9dc3b4f29
Command: cat /home/fuzz/fuzzing/jasper/ie.jp2/ie.jp2 | zzuf -s454705 -r0.000847067:0.00137058 > /home/fuzz/fuzzing/jasper/ie.jp2/ie.jp2.454705
EIP=0x8076de9
seen at seed=464174 range=0.000847067:0.00137058 file=/home/fuzz/fuzzing/jasper/ie.jp2/ie.jp2.464174 file_md5=6d22c12dbe97cc2d6b40fa2b5aa35826
Command: cat /home/fuzz/fuzzing/jasper/ie.jp2/ie.jp2 | zzuf -s464174 -r0.000847067:0.00137058 > /home/fuzz/fuzzing/jasper/ie.jp2/ie.jp2.464174
EIP=0x8076de9
seen at seed=464802 range=0.00137058:0.00221765 file=/home/fuzz/fuzzing/jasper/ie.jp2/ie.jp2.464802 file_md5=c1178736e1e1dd276b8fb6ec72f4d8f2
Command: cat /home/fuzz/fuzzing/jasper/ie.jp2/ie.jp2 | zzuf -s464802 -r0.00137058:0.00221765 > /home/fuzz/fuzzing/jasper/ie.jp2/ie.jp2.464802
EIP=0x8076de9
seen at seed=466012 range=0.000847067:0.00137058 file=/home/fuzz/fuzzing/jasper/ie.jp2/ie.jp2.466012 file_md5=21ef6e7fc2e8977e679ffe2e9fcae162
Command: cat /home/fuzz/fuzzing/jasper/ie.jp2/ie.jp2 | zzuf -s466012 -r0.000847067:0.00137058 > /home/fuzz/fuzzing/jasper/ie.jp2/ie.jp2.466012
EIP=0x8076de9
seen at seed=472095 range=0.00137058:0.00221765 file=/home/fuzz/fuzzing/jasper/ie.jp2/ie.jp2.472095 file_md5=672a874bde97f4fd0182a95f3cec22ba
Command: cat /home/fuzz/fuzzing/jasper/ie.jp2/ie.jp2 | zzuf -s472095 -r0.00137058:0.00221765 > /home/fuzz/fuzzing/jasper/ie.jp2/ie.jp2.472095
EIP=0x8076de9
seen at seed=472392 range=0.00137058:0.00221765 file=/home/fuzz/fuzzing/jasper/ie.jp2/ie.jp2.472392 file_md5=9e5ae704065c5d1e08da875a76972032
Command: cat /home/fuzz/fuzzing/jasper/ie.jp2/ie.jp2 | zzuf -s472392 -r0.00137058:0.00221765 > /home/fuzz/fuzzing/jasper/ie.jp2/ie.jp2.472392
EIP=0x8076de9
seen at seed=473727 range=0.00137058:0.00221765 file=/home/fuzz/fuzzing/jasper/ie.jp2/ie.jp2.473727 file_md5=91f4bf0678f969e6fe6c7ad41b0f9a0f
Command: cat /home/fuzz/fuzzing/jasper/ie.jp2/ie.jp2 | zzuf -s473727 -r0.00137058:0.00221765 > /home/fuzz/fuzzing/jasper/ie.jp2/ie.jp2.473727
EIP=0x8076de9
seen at seed=475569 range=0.000523516:0.000847067 file=/home/fuzz/fuzzing/jasper/ie.jp2/ie.jp2.475569 file_md5=3fc7eefedc3b55358440ad0f0626f05b
Command: cat /home/fuzz/fuzzing/jasper/ie.jp2/ie.jp2 | zzuf -s475569 -r0.000523516:0.000847067 > /home/fuzz/fuzzing/jasper/ie.jp2/ie.jp2.475569
EIP=0x8076de9
seen at seed=477461 range=0.000847067:0.00137058 file=/home/fuzz/fuzzing/jasper/ie.jp2/ie.jp2.477461 file_md5=25baae3246e3fc19302b72d41237d755
Command: cat /home/fuzz/fuzzing/jasper/ie.jp2/ie.jp2 | zzuf -s477461 -r0.000847067:0.00137058 > /home/fuzz/fuzzing/jasper/ie.jp2/ie.jp2.477461
EIP=0x8076de9
seen at seed=481264 range=0.00137058:0.00221765 file=/home/fuzz/fuzzing/jasper/ie.jp2/ie.jp2.481264 file_md5=9851296cc6f89d5f88b2fdf59a6a4898
Command: cat /home/fuzz/fuzzing/jasper/ie.jp2/ie.jp2 | zzuf -s481264 -r0.00137058:0.00221765 > /home/fuzz/fuzzing/jasper/ie.jp2/ie.jp2.481264
EIP=0x8076de9
seen at seed=492398 range=0.000847067:0.00137058 file=/home/fuzz/fuzzing/jasper/ie.jp2/ie.jp2.492398 file_md5=a1ba0ebfd9dda272124692de67450dac
Command: cat /home/fuzz/fuzzing/jasper/ie.jp2/ie.jp2 | zzuf -s492398 -r0.000847067:0.00137058 > /home/fuzz/fuzzing/jasper/ie.jp2/ie.jp2.492398
EIP=0x8076de9
seen at seed=494725 range=0.00137058:0.00221765 file=/home/fuzz/fuzzing/jasper/ie.jp2/ie.jp2.494725 file_md5=8e50fe008dc4e060d9271859e121ded2
Command: cat /home/fuzz/fuzzing/jasper/ie.jp2/ie.jp2 | zzuf -s494725 -r0.00137058:0.00221765 > /home/fuzz/fuzzing/jasper/ie.jp2/ie.jp2.494725
EIP=0x8076de9
seen at seed=497920 range=0.000847067:0.00137058 file=/home/fuzz/fuzzing/jasper/ie.jp2/ie.jp2.497920 file_md5=aaeac2f0c6bd3711ee99454d96a23977
Command: cat /home/fuzz/fuzzing/jasper/ie.jp2/ie.jp2 | zzuf -s497920 -r0.000847067:0.00137058 > /home/fuzz/fuzzing/jasper/ie.jp2/ie.jp2.497920
EIP=0x8076de9
seen at seed=498267 range=0.00137058:0.00221765 file=/home/fuzz/fuzzing/jasper/ie.jp2/ie.jp2.498267 file_md5=e274b6a093f227fb6a498aaf6460c1d4
Command: cat /home/fuzz/fuzzing/jasper/ie.jp2/ie.jp2 | zzuf -s498267 -r0.00137058:0.00221765 > /home/fuzz/fuzzing/jasper/ie.jp2/ie.jp2.498267
EIP=0x8076de9
seen at seed=499524 range=0.000523516:0.000847067 file=/home/fuzz/fuzzing/jasper/ie.jp2/ie.jp2.499524 file_md5=4adf025e9bc842b20b719409f7179f33
Command: cat /home/fuzz/fuzzing/jasper/ie.jp2/ie.jp2 | zzuf -s499524 -r0.000523516:0.000847067 > /home/fuzz/fuzzing/jasper/ie.jp2/ie.jp2.499524
EIP=0x8076de9
seen at seed=499629 range=0.000523516:0.000847067 file=/home/fuzz/fuzzing/jasper/ie.jp2/ie.jp2.499629 file_md5=3c83caf48da9fde4bee15e8b385c7de7
Command: cat /home/fuzz/fuzzing/jasper/ie.jp2/ie.jp2 | zzuf -s499629 -r0.000523516:0.000847067 > /home/fuzz/fuzzing/jasper/ie.jp2/ie.jp2.499629
EIP=0x8076de9
seen at seed=500015 range=0.000847067:0.00137058 file=/home/fuzz/fuzzing/jasper/ie.jp2/ie.jp2.500015 file_md5=2c4166f941a2daf3e60b695871b622cd
Command: cat /home/fuzz/fuzzing/jasper/ie.jp2/ie.jp2 | zzuf -s500015 -r0.000847067:0.00137058 > /home/fuzz/fuzzing/jasper/ie.jp2/ie.jp2.500015
EIP=0x8076de9
seen at seed=501446 range=0.000847067:0.00137058 file=/home/fuzz/fuzzing/jasper/ie.jp2/ie.jp2.501446 file_md5=c65f96d3a7b1b7e6d9fe7e1bc742c8c1
Command: cat /home/fuzz/fuzzing/jasper/ie.jp2/ie.jp2 | zzuf -s501446 -r0.000847067:0.00137058 > /home/fuzz/fuzzing/jasper/ie.jp2/ie.jp2.501446
EIP=0x8076de9
seen at seed=504170 range=0.000847067:0.00137058 file=/home/fuzz/fuzzing/jasper/ie.jp2/ie.jp2.504170 file_md5=66174ded2e66ff6c46fceb7f22eb85b3
Command: cat /home/fuzz/fuzzing/jasper/ie.jp2/ie.jp2 | zzuf -s504170 -r0.000847067:0.00137058 > /home/fuzz/fuzzing/jasper/ie.jp2/ie.jp2.504170
EIP=0x8076de9
seen at seed=506755 range=0.000847067:0.00137058 file=/home/fuzz/fuzzing/jasper/ie.jp2/ie.jp2.506755 file_md5=ab732467148e807e0144d044a977fc59
Command: cat /home/fuzz/fuzzing/jasper/ie.jp2/ie.jp2 | zzuf -s506755 -r0.000847067:0.00137058 > /home/fuzz/fuzzing/jasper/ie.jp2/ie.jp2.506755
EIP=0x8076de9
seen at seed=509690 range=0.000847067:0.00137058 file=/home/fuzz/fuzzing/jasper/ie.jp2/ie.jp2.509690 file_md5=366bb5b8483db907870a6ae49b76dd85
Command: cat /home/fuzz/fuzzing/jasper/ie.jp2/ie.jp2 | zzuf -s509690 -r0.000847067:0.00137058 > /home/fuzz/fuzzing/jasper/ie.jp2/ie.jp2.509690
EIP=0x8076de9
seen at seed=510099 range=0.000847067:0.00137058 file=/home/fuzz/fuzzing/jasper/ie.jp2/ie.jp2.510099 file_md5=39228e9aa5b69099e2c03ca5ac3ad04b
Command: cat /home/fuzz/fuzzing/jasper/ie.jp2/ie.jp2 | zzuf -s510099 -r0.000847067:0.00137058 > /home/fuzz/fuzzing/jasper/ie.jp2/ie.jp2.510099
EIP=0x8076de9
seen at seed=510261 range=0.000847067:0.00137058 file=/home/fuzz/fuzzing/jasper/ie.jp2/ie.jp2.510261 file_md5=d4be4684702fc67d6b08417c2a55ffd3
Command: cat /home/fuzz/fuzzing/jasper/ie.jp2/ie.jp2 | zzuf -s510261 -r0.000847067:0.00137058 > /home/fuzz/fuzzing/jasper/ie.jp2/ie.jp2.510261
EIP=0x8076de9
seen at seed=511500 range=0.000847067:0.00137058 file=/home/fuzz/fuzzing/jasper/ie.jp2/ie.jp2.511500 file_md5=e7fb6d0ef4b0dc1634d4f0c71f8e0400
Command: cat /home/fuzz/fuzzing/jasper/ie.jp2/ie.jp2 | zzuf -s511500 -r0.000847067:0.00137058 > /home/fuzz/fuzzing/jasper/ie.jp2/ie.jp2.511500
EIP=0x8076de9
seen at seed=511709 range=0.000847067:0.00137058 file=/home/fuzz/fuzzing/jasper/ie.jp2/ie.jp2.511709 file_md5=0e5fc6dc17857020b8d5352e476ab936
Command: cat /home/fuzz/fuzzing/jasper/ie.jp2/ie.jp2 | zzuf -s511709 -r0.000847067:0.00137058 > /home/fuzz/fuzzing/jasper/ie.jp2/ie.jp2.511709
EIP=0x8076de9
seen at seed=511743 range=0.000847067:0.00137058 file=/home/fuzz/fuzzing/jasper/ie.jp2/ie.jp2.511743 file_md5=95abf0bb36f8df6fcd607c70ba6e3ef7
Command: cat /home/fuzz/fuzzing/jasper/ie.jp2/ie.jp2 | zzuf -s511743 -r0.000847067:0.00137058 > /home/fuzz/fuzzing/jasper/ie.jp2/ie.jp2.511743
EIP=0x8076de9
seen at seed=514397 range=0.000847067:0.00137058 file=/home/fuzz/fuzzing/jasper/ie.jp2/ie.jp2.514397 file_md5=8e625ca20ae34dc6bde5156a86017f4b
Command: cat /home/fuzz/fuzzing/jasper/ie.jp2/ie.jp2 | zzuf -s514397 -r0.000847067:0.00137058 > /home/fuzz/fuzzing/jasper/ie.jp2/ie.jp2.514397
EIP=0x8076de9
seen at seed=516440 range=0.000847067:0.00137058 file=/home/fuzz/fuzzing/jasper/ie.jp2/ie.jp2.516440 file_md5=02ee425fff1232f097cfdccaea846737
Command: cat /home/fuzz/fuzzing/jasper/ie.jp2/ie.jp2 | zzuf -s516440 -r0.000847067:0.00137058 > /home/fuzz/fuzzing/jasper/ie.jp2/ie.jp2.516440
EIP=0x8076de9
seen at seed=517253 range=0.000847067:0.00137058 file=/home/fuzz/fuzzing/jasper/ie.jp2/ie.jp2.517253 file_md5=5ead638c5bf8dc6dc5d6fda9f8598f91
Command: cat /home/fuzz/fuzzing/jasper/ie.jp2/ie.jp2 | zzuf -s517253 -r0.000847067:0.00137058 > /home/fuzz/fuzzing/jasper/ie.jp2/ie.jp2.517253
EIP=0x8076de9
seen at seed=521328 range=0.000847067:0.00137058 file=/home/fuzz/fuzzing/jasper/ie.jp2/ie.jp2.521328 file_md5=64ab2d713908c1b0068473569f4d3026
Command: cat /home/fuzz/fuzzing/jasper/ie.jp2/ie.jp2 | zzuf -s521328 -r0.000847067:0.00137058 > /home/fuzz/fuzzing/jasper/ie.jp2/ie.jp2.521328
EIP=0x8076de9
seen at seed=527783 range=0.000847067:0.00137058 file=/home/fuzz/fuzzing/jasper/ie.jp2/ie.jp2.527783 file_md5=c191edcf93ba41bf2c6f723e6bc3f5b8
Command: cat /home/fuzz/fuzzing/jasper/ie.jp2/ie.jp2 | zzuf -s527783 -r0.000847067:0.00137058 > /home/fuzz/fuzzing/jasper/ie.jp2/ie.jp2.527783
EIP=0x8076de9
seen at seed=529696 range=0.000847067:0.00137058 file=/home/fuzz/fuzzing/jasper/ie.jp2/ie.jp2.529696 file_md5=ac589e349449d4023d40ecaa419fb168
Command: cat /home/fuzz/fuzzing/jasper/ie.jp2/ie.jp2 | zzuf -s529696 -r0.000847067:0.00137058 > /home/fuzz/fuzzing/jasper/ie.jp2/ie.jp2.529696
EIP=0x8076de9
seen at seed=537411 range=0.000847067:0.00137058 file=/home/fuzz/fuzzing/jasper/ie.jp2/ie.jp2.537411 file_md5=872917f0a119491fd13f0ca499068f67
Command: cat /home/fuzz/fuzzing/jasper/ie.jp2/ie.jp2 | zzuf -s537411 -r0.000847067:0.00137058 > /home/fuzz/fuzzing/jasper/ie.jp2/ie.jp2.537411
EIP=0x8076de9
seen at seed=538978 range=0.000847067:0.00137058 file=/home/fuzz/fuzzing/jasper/ie.jp2/ie.jp2.538978 file_md5=87e4882de4ead24995c46ac819555191
Command: cat /home/fuzz/fuzzing/jasper/ie.jp2/ie.jp2 | zzuf -s538978 -r0.000847067:0.00137058 > /home/fuzz/fuzzing/jasper/ie.jp2/ie.jp2.538978
EIP=0x8076de9
seen at seed=540094 range=0.000847067:0.00137058 file=/home/fuzz/fuzzing/jasper/ie.jp2/ie.jp2.540094 file_md5=e3c83839de20333b89b314bd9c645b68
Command: cat /home/fuzz/fuzzing/jasper/ie.jp2/ie.jp2 | zzuf -s540094 -r0.000847067:0.00137058 > /home/fuzz/fuzzing/jasper/ie.jp2/ie.jp2.540094
EIP=0x8076de9
seen at seed=541150 range=0.00137058:0.00221765 file=/home/fuzz/fuzzing/jasper/ie.jp2/ie.jp2.541150 file_md5=04c5f5d63d61a8925e2dfa0fab4bb8a1
Command: cat /home/fuzz/fuzzing/jasper/ie.jp2/ie.jp2 | zzuf -s541150 -r0.00137058:0.00221765 > /home/fuzz/fuzzing/jasper/ie.jp2/ie.jp2.541150
EIP=0x8076de9
seen at seed=541279 range=0.00137058:0.00221765 file=/home/fuzz/fuzzing/jasper/ie.jp2/ie.jp2.541279 file_md5=cdfaaadde52af00f0199f8349f693221
Command: cat /home/fuzz/fuzzing/jasper/ie.jp2/ie.jp2 | zzuf -s541279 -r0.00137058:0.00221765 > /home/fuzz/fuzzing/jasper/ie.jp2/ie.jp2.541279
EIP=0x8076de9
seen at seed=541349 range=0.00137058:0.00221765 file=/home/fuzz/fuzzing/jasper/ie.jp2/ie.jp2.541349 file_md5=9f0bfdc188cef31a2520a39bf9134352
Command: cat /home/fuzz/fuzzing/jasper/ie.jp2/ie.jp2 | zzuf -s541349 -r0.00137058:0.00221765 > /home/fuzz/fuzzing/jasper/ie.jp2/ie.jp2.541349
EIP=0x8076de9
seen at seed=550902 range=0.000847067:0.00137058 file=/home/fuzz/fuzzing/jasper/ie.jp2/ie.jp2.550902 file_md5=e1fabc1852481678b64149307e4903c5
Command: cat /home/fuzz/fuzzing/jasper/ie.jp2/ie.jp2 | zzuf -s550902 -r0.000847067:0.00137058 > /home/fuzz/fuzzing/jasper/ie.jp2/ie.jp2.550902
EIP=0x8076de9
seen at seed=553063 range=0.000847067:0.00137058 file=/home/fuzz/fuzzing/jasper/ie.jp2/ie.jp2.553063 file_md5=50181e522ced3dae26a75bab4f678676
Command: cat /home/fuzz/fuzzing/jasper/ie.jp2/ie.jp2 | zzuf -s553063 -r0.000847067:0.00137058 > /home/fuzz/fuzzing/jasper/ie.jp2/ie.jp2.553063
EIP=0x8076de9
seen at seed=554088 range=0.000523516:0.000847067 file=/home/fuzz/fuzzing/jasper/ie.jp2/ie.jp2.554088 file_md5=b4a6057de62858f84dfcad70add40c31
Command: cat /home/fuzz/fuzzing/jasper/ie.jp2/ie.jp2 | zzuf -s554088 -r0.000523516:0.000847067 > /home/fuzz/fuzzing/jasper/ie.jp2/ie.jp2.554088
EIP=0x8076de9
seen at seed=555019 range=0.00221765:0.00358823 file=/home/fuzz/fuzzing/jasper/ie.jp2/ie.jp2.555019 file_md5=7b898c462355154ef8ca4f64f8cf423c
Command: cat /home/fuzz/fuzzing/jasper/ie.jp2/ie.jp2 | zzuf -s555019 -r0.00221765:0.00358823 > /home/fuzz/fuzzing/jasper/ie.jp2/ie.jp2.555019
EIP=0x8076de9
seen at seed=556203 range=0.000847067:0.00137058 file=/home/fuzz/fuzzing/jasper/ie.jp2/ie.jp2.556203 file_md5=acfbe076998b16025f89a0fd57941c4f
Command: cat /home/fuzz/fuzzing/jasper/ie.jp2/ie.jp2 | zzuf -s556203 -r0.000847067:0.00137058 > /home/fuzz/fuzzing/jasper/ie.jp2/ie.jp2.556203
EIP=0x8076de9
seen at seed=559586 range=0.000847067:0.00137058 file=/home/fuzz/fuzzing/jasper/ie.jp2/ie.jp2.559586 file_md5=4f5521584964ac38b58eeb68c540041d
Command: cat /home/fuzz/fuzzing/jasper/ie.jp2/ie.jp2 | zzuf -s559586 -r0.000847067:0.00137058 > /home/fuzz/fuzzing/jasper/ie.jp2/ie.jp2.559586
EIP=0x8076de9
seen at seed=559660 range=0.000847067:0.00137058 file=/home/fuzz/fuzzing/jasper/ie.jp2/ie.jp2.559660 file_md5=035028d25ffd41f2d684cf5233266b59
Command: cat /home/fuzz/fuzzing/jasper/ie.jp2/ie.jp2 | zzuf -s559660 -r0.000847067:0.00137058 > /home/fuzz/fuzzing/jasper/ie.jp2/ie.jp2.559660
EIP=0x8076de9
seen at seed=559752 range=0.000847067:0.00137058 file=/home/fuzz/fuzzing/jasper/ie.jp2/ie.jp2.559752 file_md5=397591e1102614888cc007156f5f7943
Command: cat /home/fuzz/fuzzing/jasper/ie.jp2/ie.jp2 | zzuf -s559752 -r0.000847067:0.00137058 > /home/fuzz/fuzzing/jasper/ie.jp2/ie.jp2.559752
EIP=0x8076de9
seen at seed=562131 range=0.000847067:0.00137058 file=/home/fuzz/fuzzing/jasper/ie.jp2/ie.jp2.562131 file_md5=b72ec17332fd4d38ea21543c4a846484
Command: cat /home/fuzz/fuzzing/jasper/ie.jp2/ie.jp2 | zzuf -s562131 -r0.000847067:0.00137058 > /home/fuzz/fuzzing/jasper/ie.jp2/ie.jp2.562131
EIP=0x8076de9
seen at seed=563012 range=0.000847067:0.00137058 file=/home/fuzz/fuzzing/jasper/ie.jp2/ie.jp2.563012 file_md5=63518ce81e7b867f84e13ca560fce64a
Command: cat /home/fuzz/fuzzing/jasper/ie.jp2/ie.jp2 | zzuf -s563012 -r0.000847067:0.00137058 > /home/fuzz/fuzzing/jasper/ie.jp2/ie.jp2.563012
EIP=0x8076de9
seen at seed=566455 range=0.000847067:0.00137058 file=/home/fuzz/fuzzing/jasper/ie.jp2/ie.jp2.566455 file_md5=5eccb8f478450868d113a01045f48b13
Command: cat /home/fuzz/fuzzing/jasper/ie.jp2/ie.jp2 | zzuf -s566455 -r0.000847067:0.00137058 > /home/fuzz/fuzzing/jasper/ie.jp2/ie.jp2.566455
EIP=0x8076de9
seen at seed=566860 range=0.000847067:0.00137058 file=/home/fuzz/fuzzing/jasper/ie.jp2/ie.jp2.566860 file_md5=b3751083dee17c27072d6d6fbf7d55bf
Command: cat /home/fuzz/fuzzing/jasper/ie.jp2/ie.jp2 | zzuf -s566860 -r0.000847067:0.00137058 > /home/fuzz/fuzzing/jasper/ie.jp2/ie.jp2.566860
EIP=0x8076de9
seen at seed=568887 range=0.000847067:0.00137058 file=/home/fuzz/fuzzing/jasper/ie.jp2/ie.jp2.568887 file_md5=ca549b667396eb9083ef0787b96bb2de
Command: cat /home/fuzz/fuzzing/jasper/ie.jp2/ie.jp2 | zzuf -s568887 -r0.000847067:0.00137058 > /home/fuzz/fuzzing/jasper/ie.jp2/ie.jp2.568887
EIP=0x8076de9
seen at seed=574585 range=0.000847067:0.00137058 file=/home/fuzz/fuzzing/jasper/ie.jp2/ie.jp2.574585 file_md5=8d43837bd6c1e62e98cdd6e513bf6387
Command: cat /home/fuzz/fuzzing/jasper/ie.jp2/ie.jp2 | zzuf -s574585 -r0.000847067:0.00137058 > /home/fuzz/fuzzing/jasper/ie.jp2/ie.jp2.574585
EIP=0x8076de9
seen at seed=575055 range=0.00137058:0.00221765 file=/home/fuzz/fuzzing/jasper/ie.jp2/ie.jp2.575055 file_md5=6abb55d9222fd7cb2721b1330e0d989b
Command: cat /home/fuzz/fuzzing/jasper/ie.jp2/ie.jp2 | zzuf -s575055 -r0.00137058:0.00221765 > /home/fuzz/fuzzing/jasper/ie.jp2/ie.jp2.575055
EIP=0x8076de9
seen at seed=577983 range=0.00137058:0.00221765 file=/home/fuzz/fuzzing/jasper/ie.jp2/ie.jp2.577983 file_md5=170b50c20a5f24af6c1a62f07961f258
Command: cat /home/fuzz/fuzzing/jasper/ie.jp2/ie.jp2 | zzuf -s577983 -r0.00137058:0.00221765 > /home/fuzz/fuzzing/jasper/ie.jp2/ie.jp2.577983
EIP=0x8076de9
seen at seed=581197 range=0.000847067:0.00137058 file=/home/fuzz/fuzzing/jasper/ie.jp2/ie.jp2.581197 file_md5=c65c360008a15facd0f35d31fd994af8
Command: cat /home/fuzz/fuzzing/jasper/ie.jp2/ie.jp2 | zzuf -s581197 -r0.000847067:0.00137058 > /home/fuzz/fuzzing/jasper/ie.jp2/ie.jp2.581197
EIP=0x8076de9
seen at seed=583333 range=0.000847067:0.00137058 file=/home/fuzz/fuzzing/jasper/ie.jp2/ie.jp2.583333 file_md5=53f0aa2573eb32fbfd95a2968cdf9d2e
Command: cat /home/fuzz/fuzzing/jasper/ie.jp2/ie.jp2 | zzuf -s583333 -r0.000847067:0.00137058 > /home/fuzz/fuzzing/jasper/ie.jp2/ie.jp2.583333
EIP=0x8076de9
seen at seed=583447 range=0.000847067:0.00137058 file=/home/fuzz/fuzzing/jasper/ie.jp2/ie.jp2.583447 file_md5=8a92689f8b8d1ceb87ceabae8d13b3f4
Command: cat /home/fuzz/fuzzing/jasper/ie.jp2/ie.jp2 | zzuf -s583447 -r0.000847067:0.00137058 > /home/fuzz/fuzzing/jasper/ie.jp2/ie.jp2.583447
EIP=0x8076de9
seen at seed=584304 range=0.000523516:0.000847067 file=/home/fuzz/fuzzing/jasper/ie.jp2/ie.jp2.584304 file_md5=1d6562ebd64f7f2155ea36f0c0dfc8da
Command: cat /home/fuzz/fuzzing/jasper/ie.jp2/ie.jp2 | zzuf -s584304 -r0.000523516:0.000847067 > /home/fuzz/fuzzing/jasper/ie.jp2/ie.jp2.584304
EIP=0x8076de9
seen at seed=590667 range=0.00137058:0.00221765 file=/home/fuzz/fuzzing/jasper/ie.jp2/ie.jp2.590667 file_md5=09c52ad9dd7033d101943becf83afc9c
Command: cat /home/fuzz/fuzzing/jasper/ie.jp2/ie.jp2 | zzuf -s590667 -r0.00137058:0.00221765 > /home/fuzz/fuzzing/jasper/ie.jp2/ie.jp2.590667
EIP=0x8076de9
seen at seed=592819 range=0.000847067:0.00137058 file=/home/fuzz/fuzzing/jasper/ie.jp2/ie.jp2.592819 file_md5=dedeec79bdc8711f5b1786b23d3bea1e
Command: cat /home/fuzz/fuzzing/jasper/ie.jp2/ie.jp2 | zzuf -s592819 -r0.000847067:0.00137058 > /home/fuzz/fuzzing/jasper/ie.jp2/ie.jp2.592819
EIP=0x8076de9
seen at seed=596435 range=0.000523516:0.000847067 file=/home/fuzz/fuzzing/jasper/ie.jp2/ie.jp2.596435 file_md5=d6befce831994aa7cbaffdfa3fdae877
Command: cat /home/fuzz/fuzzing/jasper/ie.jp2/ie.jp2 | zzuf -s596435 -r0.000523516:0.000847067 > /home/fuzz/fuzzing/jasper/ie.jp2/ie.jp2.596435
EIP=0x8076de9
seen at seed=601548 range=0.000847067:0.00137058 file=/home/fuzz/fuzzing/jasper/ie.jp2/ie.jp2.601548 file_md5=81953ca41930144db65f07073769dff6
Command: cat /home/fuzz/fuzzing/jasper/ie.jp2/ie.jp2 | zzuf -s601548 -r0.000847067:0.00137058 > /home/fuzz/fuzzing/jasper/ie.jp2/ie.jp2.601548
EIP=0x8076de9
seen at seed=610753 range=0.000847067:0.00137058 file=/home/fuzz/fuzzing/jasper/ie.jp2/ie.jp2.610753 file_md5=a7c791dfa90137408f6505435780b735
Command: cat /home/fuzz/fuzzing/jasper/ie.jp2/ie.jp2 | zzuf -s610753 -r0.000847067:0.00137058 > /home/fuzz/fuzzing/jasper/ie.jp2/ie.jp2.610753
EIP=0x8076de9
seen at seed=611233 range=0.000847067:0.00137058 file=/home/fuzz/fuzzing/jasper/ie.jp2/ie.jp2.611233 file_md5=a1fb8d862d00a1f9b5ca2ad2f693e8df
Command: cat /home/fuzz/fuzzing/jasper/ie.jp2/ie.jp2 | zzuf -s611233 -r0.000847067:0.00137058 > /home/fuzz/fuzzing/jasper/ie.jp2/ie.jp2.611233
EIP=0x8076de9
seen at seed=612277 range=0.00358823:0.00580589 file=/home/fuzz/fuzzing/jasper/ie.jp2/ie.jp2.612277 file_md5=d77015348e2d0070f91ab17713768f9b
Command: cat /home/fuzz/fuzzing/jasper/ie.jp2/ie.jp2 | zzuf -s612277 -r0.00358823:0.00580589 > /home/fuzz/fuzzing/jasper/ie.jp2/ie.jp2.612277
EIP=0x8076de9
seen at seed=612492 range=0.00358823:0.00580589 file=/home/fuzz/fuzzing/jasper/ie.jp2/ie.jp2.612492 file_md5=a774496704cd680d61c76579d84aaadc
Command: cat /home/fuzz/fuzzing/jasper/ie.jp2/ie.jp2 | zzuf -s612492 -r0.00358823:0.00580589 > /home/fuzz/fuzzing/jasper/ie.jp2/ie.jp2.612492
EIP=0x8076de9
seen at seed=618521 range=0.000847067:0.00137058 file=/home/fuzz/fuzzing/jasper/ie.jp2/ie.jp2.618521 file_md5=a1282e1e4eed36d1eaca36c192cd327f
Command: cat /home/fuzz/fuzzing/jasper/ie.jp2/ie.jp2 | zzuf -s618521 -r0.000847067:0.00137058 > /home/fuzz/fuzzing/jasper/ie.jp2/ie.jp2.618521
EIP=0x8076de9
seen at seed=619414 range=0.000523516:0.000847067 file=/home/fuzz/fuzzing/jasper/ie.jp2/ie.jp2.619414 file_md5=bbf68d9fa478e72d191a04936fddc1f2
Command: cat /home/fuzz/fuzzing/jasper/ie.jp2/ie.jp2 | zzuf -s619414 -r0.000523516:0.000847067 > /home/fuzz/fuzzing/jasper/ie.jp2/ie.jp2.619414
EIP=0x8076de9
seen at seed=620052 range=0.00137058:0.00221765 file=/home/fuzz/fuzzing/jasper/ie.jp2/ie.jp2.620052 file_md5=4be4e56bd150fd2b985a72209e96b4ed
Command: cat /home/fuzz/fuzzing/jasper/ie.jp2/ie.jp2 | zzuf -s620052 -r0.00137058:0.00221765 > /home/fuzz/fuzzing/jasper/ie.jp2/ie.jp2.620052
EIP=0x8076de9
seen at seed=620331 range=0.00137058:0.00221765 file=/home/fuzz/fuzzing/jasper/ie.jp2/ie.jp2.620331 file_md5=e1cd2588d7d8517caf3a20820d2b38fb
Command: cat /home/fuzz/fuzzing/jasper/ie.jp2/ie.jp2 | zzuf -s620331 -r0.00137058:0.00221765 > /home/fuzz/fuzzing/jasper/ie.jp2/ie.jp2.620331
EIP=0x8076de9
seen at seed=620474 range=0.00137058:0.00221765 file=/home/fuzz/fuzzing/jasper/ie.jp2/ie.jp2.620474 file_md5=9073cdc66082002727bd6f6fe1184ee0
Command: cat /home/fuzz/fuzzing/jasper/ie.jp2/ie.jp2 | zzuf -s620474 -r0.00137058:0.00221765 > /home/fuzz/fuzzing/jasper/ie.jp2/ie.jp2.620474
EIP=0x8076de9
seen at seed=621185 range=0.000847067:0.00137058 file=/home/fuzz/fuzzing/jasper/ie.jp2/ie.jp2.621185 file_md5=a8a98a9f0cbe9d0888fd6bcff5b90d16
Command: cat /home/fuzz/fuzzing/jasper/ie.jp2/ie.jp2 | zzuf -s621185 -r0.000847067:0.00137058 > /home/fuzz/fuzzing/jasper/ie.jp2/ie.jp2.621185
EIP=0x8076de9
seen at seed=623276 range=0.000847067:0.00137058 file=/home/fuzz/fuzzing/jasper/ie.jp2/ie.jp2.623276 file_md5=342e534c8cb3e26b9eca659bcf9f9dfc
Command: cat /home/fuzz/fuzzing/jasper/ie.jp2/ie.jp2 | zzuf -s623276 -r0.000847067:0.00137058 > /home/fuzz/fuzzing/jasper/ie.jp2/ie.jp2.623276
EIP=0x8076de9
seen at seed=624965 range=0.000847067:0.00137058 file=/home/fuzz/fuzzing/jasper/ie.jp2/ie.jp2.624965 file_md5=a7e5834fe64d38f51fd46a87ac920577
Command: cat /home/fuzz/fuzzing/jasper/ie.jp2/ie.jp2 | zzuf -s624965 -r0.000847067:0.00137058 > /home/fuzz/fuzzing/jasper/ie.jp2/ie.jp2.624965
EIP=0x8076de9
seen at seed=627966 range=0.000847067:0.00137058 file=/home/fuzz/fuzzing/jasper/ie.jp2/ie.jp2.627966 file_md5=b5aec961ecf344b7e694865bfec59718
Command: cat /home/fuzz/fuzzing/jasper/ie.jp2/ie.jp2 | zzuf -s627966 -r0.000847067:0.00137058 > /home/fuzz/fuzzing/jasper/ie.jp2/ie.jp2.627966
EIP=0x8076de9
seen at seed=628784 range=0.000847067:0.00137058 file=/home/fuzz/fuzzing/jasper/ie.jp2/ie.jp2.628784 file_md5=9ab98bf84fdd3e43958acff67aa093cd
Command: cat /home/fuzz/fuzzing/jasper/ie.jp2/ie.jp2 | zzuf -s628784 -r0.000847067:0.00137058 > /home/fuzz/fuzzing/jasper/ie.jp2/ie.jp2.628784
EIP=0x8076de9
seen at seed=630688 range=0.000847067:0.00137058 file=/home/fuzz/fuzzing/jasper/ie.jp2/ie.jp2.630688 file_md5=985def39ab8de375ee38299f3e833466
Command: cat /home/fuzz/fuzzing/jasper/ie.jp2/ie.jp2 | zzuf -s630688 -r0.000847067:0.00137058 > /home/fuzz/fuzzing/jasper/ie.jp2/ie.jp2.630688
EIP=0x8076de9
seen at seed=631922 range=0.00137058:0.00221765 file=/home/fuzz/fuzzing/jasper/ie.jp2/ie.jp2.631922 file_md5=2c44fdb27a639494691fbc000d72923a
Command: cat /home/fuzz/fuzzing/jasper/ie.jp2/ie.jp2 | zzuf -s631922 -r0.00137058:0.00221765 > /home/fuzz/fuzzing/jasper/ie.jp2/ie.jp2.631922
EIP=0x8076de9
seen at seed=634927 range=0.000847067:0.00137058 file=/home/fuzz/fuzzing/jasper/ie.jp2/ie.jp2.634927 file_md5=3367989f98bf8019796fde29bd3ba3a9
Command: cat /home/fuzz/fuzzing/jasper/ie.jp2/ie.jp2 | zzuf -s634927 -r0.000847067:0.00137058 > /home/fuzz/fuzzing/jasper/ie.jp2/ie.jp2.634927
EIP=0x8076de9
seen at seed=637562 range=0.000847067:0.00137058 file=/home/fuzz/fuzzing/jasper/ie.jp2/ie.jp2.637562 file_md5=dc0ba879c9c6bf5f43ea6a71a4a44ebf
Command: cat /home/fuzz/fuzzing/jasper/ie.jp2/ie.jp2 | zzuf -s637562 -r0.000847067:0.00137058 > /home/fuzz/fuzzing/jasper/ie.jp2/ie.jp2.637562
EIP=0x8076de9
seen at seed=642053 range=0.00221765:0.00358823 file=/home/fuzz/fuzzing/jasper/ie.jp2/ie.jp2.642053 file_md5=353ba09fff7f446d46e1b85a543aae15
Command: cat /home/fuzz/fuzzing/jasper/ie.jp2/ie.jp2 | zzuf -s642053 -r0.00221765:0.00358823 > /home/fuzz/fuzzing/jasper/ie.jp2/ie.jp2.642053
EIP=0x8076de9
seen at seed=643096 range=0.000847067:0.00137058 file=/home/fuzz/fuzzing/jasper/ie.jp2/ie.jp2.643096 file_md5=9c7c287e02f276639ecf3d9ccaf53e3d
Command: cat /home/fuzz/fuzzing/jasper/ie.jp2/ie.jp2 | zzuf -s643096 -r0.000847067:0.00137058 > /home/fuzz/fuzzing/jasper/ie.jp2/ie.jp2.643096
EIP=0x8076de9
seen at seed=644177 range=0.000847067:0.00137058 file=/home/fuzz/fuzzing/jasper/ie.jp2/ie.jp2.644177 file_md5=5bc31e823cf7582eb2aa106918f546be
Command: cat /home/fuzz/fuzzing/jasper/ie.jp2/ie.jp2 | zzuf -s644177 -r0.000847067:0.00137058 > /home/fuzz/fuzzing/jasper/ie.jp2/ie.jp2.644177
EIP=0x8076de9
seen at seed=645400 range=0.000523516:0.000847067 file=/home/fuzz/fuzzing/jasper/ie.jp2/ie.jp2.645400 file_md5=a52f08a166ec32bc8ff5a77143e3890a
Command: cat /home/fuzz/fuzzing/jasper/ie.jp2/ie.jp2 | zzuf -s645400 -r0.000523516:0.000847067 > /home/fuzz/fuzzing/jasper/ie.jp2/ie.jp2.645400
EIP=0x8076de9
seen at seed=645847 range=0.00137058:0.00221765 file=/home/fuzz/fuzzing/jasper/ie.jp2/ie.jp2.645847 file_md5=ce6c20aeec31c27677a96ae61907aa49
Command: cat /home/fuzz/fuzzing/jasper/ie.jp2/ie.jp2 | zzuf -s645847 -r0.00137058:0.00221765 > /home/fuzz/fuzzing/jasper/ie.jp2/ie.jp2.645847
EIP=0x8076de9
seen at seed=646922 range=0.00580589:0.00939412 file=/home/fuzz/fuzzing/jasper/ie.jp2/ie.jp2.646922 file_md5=d2880183a14835121e2defa85b6dd4b0
Command: cat /home/fuzz/fuzzing/jasper/ie.jp2/ie.jp2 | zzuf -s646922 -r0.00580589:0.00939412 > /home/fuzz/fuzzing/jasper/ie.jp2/ie.jp2.646922
EIP=0x8076de9
seen at seed=647892 range=0.00221765:0.00358823 file=/home/fuzz/fuzzing/jasper/ie.jp2/ie.jp2.647892 file_md5=9e2d8ef82cf9d007b8ad40ed0a7997f6
Command: cat /home/fuzz/fuzzing/jasper/ie.jp2/ie.jp2 | zzuf -s647892 -r0.00221765:0.00358823 > /home/fuzz/fuzzing/jasper/ie.jp2/ie.jp2.647892
EIP=0x8076de9
seen at seed=648221 range=0.000847067:0.00137058 file=/home/fuzz/fuzzing/jasper/ie.jp2/ie.jp2.648221 file_md5=5593c65236e198710c1ea472de96668d
Command: cat /home/fuzz/fuzzing/jasper/ie.jp2/ie.jp2 | zzuf -s648221 -r0.000847067:0.00137058 > /home/fuzz/fuzzing/jasper/ie.jp2/ie.jp2.648221
EIP=0x8076de9
seen at seed=653009 range=0.000847067:0.00137058 file=/home/fuzz/fuzzing/jasper/ie.jp2/ie.jp2.653009 file_md5=ead5cfe5f13598d3e179a24f2133bc68
Command: cat /home/fuzz/fuzzing/jasper/ie.jp2/ie.jp2 | zzuf -s653009 -r0.000847067:0.00137058 > /home/fuzz/fuzzing/jasper/ie.jp2/ie.jp2.653009
EIP=0x8076de9
seen at seed=655466 range=0.00137058:0.00221765 file=/home/fuzz/fuzzing/jasper/ie.jp2/ie.jp2.655466 file_md5=7f52a0930ba2db923d70e4a6778fbb8c
Command: cat /home/fuzz/fuzzing/jasper/ie.jp2/ie.jp2 | zzuf -s655466 -r0.00137058:0.00221765 > /home/fuzz/fuzzing/jasper/ie.jp2/ie.jp2.655466
EIP=0x8076de9
