Getting STDERR for bc3bb47f52ee3d73f0b0ffb9d648615f
Valgrind for bc3bb47f52ee3d73f0b0ffb9d648615f
Minimizing from /home/fuzz/fuzzing/jasper/ie.jpc/ie.jpc.20292
bitwise_hd=7
bytewise_hd=5
seen at seed=20292 range=0.00970567:0.0157041 file=/home/fuzz/fuzzing/jasper/ie.jpc/ie.jpc.20292 file_md5=b088d889c96f8ee77b8a217b7581ac18
Command: cat /home/fuzz/fuzzing/jasper/ie.jpc/ie.jpc | zzuf -s20292 -r0.00970567:0.0157041 > /home/fuzz/fuzzing/jasper/ie.jpc/ie.jpc.20292
EIP=0x8079014
seen at seed=20525 range=0.0157041:0.0254098 file=/home/fuzz/fuzzing/jasper/ie.jpc/ie.jpc.20525 file_md5=39e07e35131440ee507878cd837f3fa1
Command: cat /home/fuzz/fuzzing/jasper/ie.jpc/ie.jpc | zzuf -s20525 -r0.0157041:0.0254098 > /home/fuzz/fuzzing/jasper/ie.jpc/ie.jpc.20525
EIP=0x8079014
seen at seed=20543 range=0.0157041:0.0254098 file=/home/fuzz/fuzzing/jasper/ie.jpc/ie.jpc.20543 file_md5=231ac4ffc97493992ca5a61dbcea6808
Command: cat /home/fuzz/fuzzing/jasper/ie.jpc/ie.jpc | zzuf -s20543 -r0.0157041:0.0254098 > /home/fuzz/fuzzing/jasper/ie.jpc/ie.jpc.20543
EIP=0x8079014
seen at seed=22049 range=0.00970567:0.0157041 file=/home/fuzz/fuzzing/jasper/ie.jpc/ie.jpc.22049 file_md5=b387e76a701f3b6947044ab307fd814f
Command: cat /home/fuzz/fuzzing/jasper/ie.jpc/ie.jpc | zzuf -s22049 -r0.00970567:0.0157041 > /home/fuzz/fuzzing/jasper/ie.jpc/ie.jpc.22049
EIP=0x8079014
seen at seed=27335 range=0.0157041:0.0254098 file=/home/fuzz/fuzzing/jasper/ie.jpc/ie.jpc.27335 file_md5=ad5a17580815afa43b8dfde181befee0
Command: cat /home/fuzz/fuzzing/jasper/ie.jpc/ie.jpc | zzuf -s27335 -r0.0157041:0.0254098 > /home/fuzz/fuzzing/jasper/ie.jpc/ie.jpc.27335
EIP=0x8079014
seen at seed=43591 range=0.0157041:0.0254098 file=/home/fuzz/fuzzing/jasper/ie.jpc/ie.jpc.43591 file_md5=c5120be3dd77fbbc37a8e586fd6b32f9
Command: cat /home/fuzz/fuzzing/jasper/ie.jpc/ie.jpc | zzuf -s43591 -r0.0157041:0.0254098 > /home/fuzz/fuzzing/jasper/ie.jpc/ie.jpc.43591
EIP=0x8079014
seen at seed=45571 range=0.0157041:0.0254098 file=/home/fuzz/fuzzing/jasper/ie.jpc/ie.jpc.45571 file_md5=5017b5759eafdbf3e493b1cd594b3709
Command: cat /home/fuzz/fuzzing/jasper/ie.jpc/ie.jpc | zzuf -s45571 -r0.0157041:0.0254098 > /home/fuzz/fuzzing/jasper/ie.jpc/ie.jpc.45571
EIP=0x8079014
seen at seed=46700 range=0.0157041:0.0254098 file=/home/fuzz/fuzzing/jasper/ie.jpc/ie.jpc.46700 file_md5=692197c00c66f2ba147e72b717c636aa
Command: cat /home/fuzz/fuzzing/jasper/ie.jpc/ie.jpc | zzuf -s46700 -r0.0157041:0.0254098 > /home/fuzz/fuzzing/jasper/ie.jpc/ie.jpc.46700
EIP=0x8079014
seen at seed=46799 range=0.0157041:0.0254098 file=/home/fuzz/fuzzing/jasper/ie.jpc/ie.jpc.46799 file_md5=72063c176fbe1d307b743f1e70fb39a4
Command: cat /home/fuzz/fuzzing/jasper/ie.jpc/ie.jpc | zzuf -s46799 -r0.0157041:0.0254098 > /home/fuzz/fuzzing/jasper/ie.jpc/ie.jpc.46799
EIP=0x8079014
seen at seed=50074 range=0.0157041:0.0254098 file=/home/fuzz/fuzzing/jasper/ie.jpc/ie.jpc.50074 file_md5=58ae9d83f27335d913f30e5754d19e1f
Command: cat /home/fuzz/fuzzing/jasper/ie.jpc/ie.jpc | zzuf -s50074 -r0.0157041:0.0254098 > /home/fuzz/fuzzing/jasper/ie.jpc/ie.jpc.50074
EIP=0x8079014
seen at seed=50432 range=0.0157041:0.0254098 file=/home/fuzz/fuzzing/jasper/ie.jpc/ie.jpc.50432 file_md5=ea17f5b1e91a15b155b5e88eadc5b37f
Command: cat /home/fuzz/fuzzing/jasper/ie.jpc/ie.jpc | zzuf -s50432 -r0.0157041:0.0254098 > /home/fuzz/fuzzing/jasper/ie.jpc/ie.jpc.50432
EIP=0x8079014
seen at seed=51740 range=0.0157041:0.0254098 file=/home/fuzz/fuzzing/jasper/ie.jpc/ie.jpc.51740 file_md5=559155773e0343ef519c1fe189af6d56
Command: cat /home/fuzz/fuzzing/jasper/ie.jpc/ie.jpc | zzuf -s51740 -r0.0157041:0.0254098 > /home/fuzz/fuzzing/jasper/ie.jpc/ie.jpc.51740
EIP=0x8079014
seen at seed=58983 range=0.0157041:0.0254098 file=/home/fuzz/fuzzing/jasper/ie.jpc/ie.jpc.58983 file_md5=269cb60168011bcd41588fad06468732
Command: cat /home/fuzz/fuzzing/jasper/ie.jpc/ie.jpc | zzuf -s58983 -r0.0157041:0.0254098 > /home/fuzz/fuzzing/jasper/ie.jpc/ie.jpc.58983
EIP=0x8079014
seen at seed=62421 range=0.0157041:0.0254098 file=/home/fuzz/fuzzing/jasper/ie.jpc/ie.jpc.62421 file_md5=8cc2820e6fae359386928cab74129d00
Command: cat /home/fuzz/fuzzing/jasper/ie.jpc/ie.jpc | zzuf -s62421 -r0.0157041:0.0254098 > /home/fuzz/fuzzing/jasper/ie.jpc/ie.jpc.62421
EIP=0x8079014
seen at seed=62422 range=0.0157041:0.0254098 file=/home/fuzz/fuzzing/jasper/ie.jpc/ie.jpc.62422 file_md5=1ce08ce4ab82ea6b56603dae9570d642
Command: cat /home/fuzz/fuzzing/jasper/ie.jpc/ie.jpc | zzuf -s62422 -r0.0157041:0.0254098 > /home/fuzz/fuzzing/jasper/ie.jpc/ie.jpc.62422
EIP=0x8079014
seen at seed=64212 range=0.0157041:0.0254098 file=/home/fuzz/fuzzing/jasper/ie.jpc/ie.jpc.64212 file_md5=bd24cd5d9099ebc5902b03786d61fa86
Command: cat /home/fuzz/fuzzing/jasper/ie.jpc/ie.jpc | zzuf -s64212 -r0.0157041:0.0254098 > /home/fuzz/fuzzing/jasper/ie.jpc/ie.jpc.64212
EIP=0x8079014
seen at seed=66394 range=0.0157041:0.0254098 file=/home/fuzz/fuzzing/jasper/ie.jpc/ie.jpc.66394 file_md5=ebe38b9dc9e6149dba1ec36a21dd5260
Command: cat /home/fuzz/fuzzing/jasper/ie.jpc/ie.jpc | zzuf -s66394 -r0.0157041:0.0254098 > /home/fuzz/fuzzing/jasper/ie.jpc/ie.jpc.66394
EIP=0x8079014
seen at seed=69053 range=0.0157041:0.0254098 file=/home/fuzz/fuzzing/jasper/ie.jpc/ie.jpc.69053 file_md5=788ba2fc9bba0dbd8fbe5fefaa55dbb6
Command: cat /home/fuzz/fuzzing/jasper/ie.jpc/ie.jpc | zzuf -s69053 -r0.0157041:0.0254098 > /home/fuzz/fuzzing/jasper/ie.jpc/ie.jpc.69053
EIP=0x8079014
seen at seed=69643 range=0.0157041:0.0254098 file=/home/fuzz/fuzzing/jasper/ie.jpc/ie.jpc.69643 file_md5=ef638bd2051b7d5c5eca4cc272a6ce59
Command: cat /home/fuzz/fuzzing/jasper/ie.jpc/ie.jpc | zzuf -s69643 -r0.0157041:0.0254098 > /home/fuzz/fuzzing/jasper/ie.jpc/ie.jpc.69643
EIP=0x8079014
seen at seed=71263 range=0.0157041:0.0254098 file=/home/fuzz/fuzzing/jasper/ie.jpc/ie.jpc.71263 file_md5=70f377ee1a095e3b50c8b5c07f91278e
Command: cat /home/fuzz/fuzzing/jasper/ie.jpc/ie.jpc | zzuf -s71263 -r0.0157041:0.0254098 > /home/fuzz/fuzzing/jasper/ie.jpc/ie.jpc.71263
EIP=0x8079014
seen at seed=71733 range=0.0157041:0.0254098 file=/home/fuzz/fuzzing/jasper/ie.jpc/ie.jpc.71733 file_md5=3e7f4be3b8dfcb3087d86e7b07d6183a
Command: cat /home/fuzz/fuzzing/jasper/ie.jpc/ie.jpc | zzuf -s71733 -r0.0157041:0.0254098 > /home/fuzz/fuzzing/jasper/ie.jpc/ie.jpc.71733
EIP=0x8079014
seen at seed=72875 range=0.0157041:0.0254098 file=/home/fuzz/fuzzing/jasper/ie.jpc/ie.jpc.72875 file_md5=8af3739077d2b3bc63be302042ae5c29
Command: cat /home/fuzz/fuzzing/jasper/ie.jpc/ie.jpc | zzuf -s72875 -r0.0157041:0.0254098 > /home/fuzz/fuzzing/jasper/ie.jpc/ie.jpc.72875
EIP=0x8079014
seen at seed=75811 range=0.0157041:0.0254098 file=/home/fuzz/fuzzing/jasper/ie.jpc/ie.jpc.75811 file_md5=fc35ca0d468dd46a6dd37baa40365e6d
Command: cat /home/fuzz/fuzzing/jasper/ie.jpc/ie.jpc | zzuf -s75811 -r0.0157041:0.0254098 > /home/fuzz/fuzzing/jasper/ie.jpc/ie.jpc.75811
EIP=0x8079014
seen at seed=76175 range=0.0157041:0.0254098 file=/home/fuzz/fuzzing/jasper/ie.jpc/ie.jpc.76175 file_md5=8fcb9fe66d1b9cb7b29a239ee271a02d
Command: cat /home/fuzz/fuzzing/jasper/ie.jpc/ie.jpc | zzuf -s76175 -r0.0157041:0.0254098 > /home/fuzz/fuzzing/jasper/ie.jpc/ie.jpc.76175
EIP=0x8079014
seen at seed=78773 range=0.0157041:0.0254098 file=/home/fuzz/fuzzing/jasper/ie.jpc/ie.jpc.78773 file_md5=27cdec71f46ac84a4292cd303dfac845
Command: cat /home/fuzz/fuzzing/jasper/ie.jpc/ie.jpc | zzuf -s78773 -r0.0157041:0.0254098 > /home/fuzz/fuzzing/jasper/ie.jpc/ie.jpc.78773
EIP=0x8079014
seen at seed=79041 range=0.0157041:0.0254098 file=/home/fuzz/fuzzing/jasper/ie.jpc/ie.jpc.79041 file_md5=269f5b0505f29c166377886ff5803e8c
Command: cat /home/fuzz/fuzzing/jasper/ie.jpc/ie.jpc | zzuf -s79041 -r0.0157041:0.0254098 > /home/fuzz/fuzzing/jasper/ie.jpc/ie.jpc.79041
EIP=0x8079014
seen at seed=81757 range=0.0157041:0.0254098 file=/home/fuzz/fuzzing/jasper/ie.jpc/ie.jpc.81757 file_md5=e9d0df4a85d559f7290d36871f610697
Command: cat /home/fuzz/fuzzing/jasper/ie.jpc/ie.jpc | zzuf -s81757 -r0.0157041:0.0254098 > /home/fuzz/fuzzing/jasper/ie.jpc/ie.jpc.81757
EIP=0x8079014
seen at seed=82160 range=0.0157041:0.0254098 file=/home/fuzz/fuzzing/jasper/ie.jpc/ie.jpc.82160 file_md5=d933c3b369db018d48c07db4abe04ec8
Command: cat /home/fuzz/fuzzing/jasper/ie.jpc/ie.jpc | zzuf -s82160 -r0.0157041:0.0254098 > /home/fuzz/fuzzing/jasper/ie.jpc/ie.jpc.82160
EIP=0x8079014
seen at seed=87456 range=0.0157041:0.0254098 file=/home/fuzz/fuzzing/jasper/ie.jpc/ie.jpc.87456 file_md5=f6fadc838b93e5e5c5c08f8932c7dea7
Command: cat /home/fuzz/fuzzing/jasper/ie.jpc/ie.jpc | zzuf -s87456 -r0.0157041:0.0254098 > /home/fuzz/fuzzing/jasper/ie.jpc/ie.jpc.87456
EIP=0x8079014
seen at seed=89949 range=0.0157041:0.0254098 file=/home/fuzz/fuzzing/jasper/ie.jpc/ie.jpc.89949 file_md5=b1b26d998fe232269a52372b13222046
Command: cat /home/fuzz/fuzzing/jasper/ie.jpc/ie.jpc | zzuf -s89949 -r0.0157041:0.0254098 > /home/fuzz/fuzzing/jasper/ie.jpc/ie.jpc.89949
EIP=0x8079014
seen at seed=97296 range=0.00970567:0.0157041 file=/home/fuzz/fuzzing/jasper/ie.jpc/ie.jpc.97296 file_md5=d87fd5ffb3ba648cd26944223578f5f1
Command: cat /home/fuzz/fuzzing/jasper/ie.jpc/ie.jpc | zzuf -s97296 -r0.00970567:0.0157041 > /home/fuzz/fuzzing/jasper/ie.jpc/ie.jpc.97296
EIP=0x8079014
seen at seed=97438 range=0.00970567:0.0157041 file=/home/fuzz/fuzzing/jasper/ie.jpc/ie.jpc.97438 file_md5=c7f7226d9cf8d4d7eb63c2f82135b7b9
Command: cat /home/fuzz/fuzzing/jasper/ie.jpc/ie.jpc | zzuf -s97438 -r0.00970567:0.0157041 > /home/fuzz/fuzzing/jasper/ie.jpc/ie.jpc.97438
EIP=0x8079014
seen at seed=98338 range=0.0157041:0.0254098 file=/home/fuzz/fuzzing/jasper/ie.jpc/ie.jpc.98338 file_md5=498cbf7ee385f3cbfba4d4b7e3d5365c
Command: cat /home/fuzz/fuzzing/jasper/ie.jpc/ie.jpc | zzuf -s98338 -r0.0157041:0.0254098 > /home/fuzz/fuzzing/jasper/ie.jpc/ie.jpc.98338
EIP=0x8079014
seen at seed=107866 range=0.0157041:0.0254098 file=/home/fuzz/fuzzing/jasper/ie.jpc/ie.jpc.107866 file_md5=2db7c03a7d1b2e70eadea2bd97a2341a
Command: cat /home/fuzz/fuzzing/jasper/ie.jpc/ie.jpc | zzuf -s107866 -r0.0157041:0.0254098 > /home/fuzz/fuzzing/jasper/ie.jpc/ie.jpc.107866
EIP=0x8079014
seen at seed=108436 range=0.0157041:0.0254098 file=/home/fuzz/fuzzing/jasper/ie.jpc/ie.jpc.108436 file_md5=b511a7ce641d66d6817b708aa718d34c
Command: cat /home/fuzz/fuzzing/jasper/ie.jpc/ie.jpc | zzuf -s108436 -r0.0157041:0.0254098 > /home/fuzz/fuzzing/jasper/ie.jpc/ie.jpc.108436
EIP=0x8079014
seen at seed=108664 range=0.00970567:0.0157041 file=/home/fuzz/fuzzing/jasper/ie.jpc/ie.jpc.108664 file_md5=5453a8964a9b82888ed826fcc40b1fb3
Command: cat /home/fuzz/fuzzing/jasper/ie.jpc/ie.jpc | zzuf -s108664 -r0.00970567:0.0157041 > /home/fuzz/fuzzing/jasper/ie.jpc/ie.jpc.108664
EIP=0x8079014
seen at seed=112962 range=0.0157041:0.0254098 file=/home/fuzz/fuzzing/jasper/ie.jpc/ie.jpc.112962 file_md5=9f3c223d242ae90673f3369e14bdce84
Command: cat /home/fuzz/fuzzing/jasper/ie.jpc/ie.jpc | zzuf -s112962 -r0.0157041:0.0254098 > /home/fuzz/fuzzing/jasper/ie.jpc/ie.jpc.112962
EIP=0x8079014
seen at seed=115859 range=0.0157041:0.0254098 file=/home/fuzz/fuzzing/jasper/ie.jpc/ie.jpc.115859 file_md5=a92508a39d26f4ff3f346cdc915f89bc
Command: cat /home/fuzz/fuzzing/jasper/ie.jpc/ie.jpc | zzuf -s115859 -r0.0157041:0.0254098 > /home/fuzz/fuzzing/jasper/ie.jpc/ie.jpc.115859
EIP=0x8079014
seen at seed=116354 range=0.0157041:0.0254098 file=/home/fuzz/fuzzing/jasper/ie.jpc/ie.jpc.116354 file_md5=2aac83f86e68e21cb38f9ec123c3c3ad
Command: cat /home/fuzz/fuzzing/jasper/ie.jpc/ie.jpc | zzuf -s116354 -r0.0157041:0.0254098 > /home/fuzz/fuzzing/jasper/ie.jpc/ie.jpc.116354
EIP=0x8079014
seen at seed=117842 range=0.0157041:0.0254098 file=/home/fuzz/fuzzing/jasper/ie.jpc/ie.jpc.117842 file_md5=01909d2dc438b7d3a6ca02136877dc21
Command: cat /home/fuzz/fuzzing/jasper/ie.jpc/ie.jpc | zzuf -s117842 -r0.0157041:0.0254098 > /home/fuzz/fuzzing/jasper/ie.jpc/ie.jpc.117842
EIP=0x8079014
seen at seed=121883 range=0.0157041:0.0254098 file=/home/fuzz/fuzzing/jasper/ie.jpc/ie.jpc.121883 file_md5=99c30f979306c8498b7025ed3e090fc4
Command: cat /home/fuzz/fuzzing/jasper/ie.jpc/ie.jpc | zzuf -s121883 -r0.0157041:0.0254098 > /home/fuzz/fuzzing/jasper/ie.jpc/ie.jpc.121883
EIP=0x8079014
seen at seed=123492 range=0.0157041:0.0254098 file=/home/fuzz/fuzzing/jasper/ie.jpc/ie.jpc.123492 file_md5=29985b006d6f50050d55a91d331dcfdc
Command: cat /home/fuzz/fuzzing/jasper/ie.jpc/ie.jpc | zzuf -s123492 -r0.0157041:0.0254098 > /home/fuzz/fuzzing/jasper/ie.jpc/ie.jpc.123492
EIP=0x8079014
seen at seed=123687 range=0.0157041:0.0254098 file=/home/fuzz/fuzzing/jasper/ie.jpc/ie.jpc.123687 file_md5=ca313178fa2f16b5d4b64c24253f0fbb
Command: cat /home/fuzz/fuzzing/jasper/ie.jpc/ie.jpc | zzuf -s123687 -r0.0157041:0.0254098 > /home/fuzz/fuzzing/jasper/ie.jpc/ie.jpc.123687
EIP=0x8079014
seen at seed=124653 range=0.0157041:0.0254098 file=/home/fuzz/fuzzing/jasper/ie.jpc/ie.jpc.124653 file_md5=7c143542daa5f640f8872d1c7846ecef
Command: cat /home/fuzz/fuzzing/jasper/ie.jpc/ie.jpc | zzuf -s124653 -r0.0157041:0.0254098 > /home/fuzz/fuzzing/jasper/ie.jpc/ie.jpc.124653
EIP=0x8079014
seen at seed=126059 range=0.0157041:0.0254098 file=/home/fuzz/fuzzing/jasper/ie.jpc/ie.jpc.126059 file_md5=37b2b32636c18cb2536d1ba1b61f74be
Command: cat /home/fuzz/fuzzing/jasper/ie.jpc/ie.jpc | zzuf -s126059 -r0.0157041:0.0254098 > /home/fuzz/fuzzing/jasper/ie.jpc/ie.jpc.126059
EIP=0x8079014
seen at seed=127221 range=0.0157041:0.0254098 file=/home/fuzz/fuzzing/jasper/ie.jpc/ie.jpc.127221 file_md5=2ae4765034bc1470eb4fd57ebade33a8
Command: cat /home/fuzz/fuzzing/jasper/ie.jpc/ie.jpc | zzuf -s127221 -r0.0157041:0.0254098 > /home/fuzz/fuzzing/jasper/ie.jpc/ie.jpc.127221
EIP=0x8079014
seen at seed=129483 range=0.0157041:0.0254098 file=/home/fuzz/fuzzing/jasper/ie.jpc/ie.jpc.129483 file_md5=aea2db38bb711bb8ed62f9068e7ab78c
Command: cat /home/fuzz/fuzzing/jasper/ie.jpc/ie.jpc | zzuf -s129483 -r0.0157041:0.0254098 > /home/fuzz/fuzzing/jasper/ie.jpc/ie.jpc.129483
EIP=0x8079014
seen at seed=129725 range=0.0157041:0.0254098 file=/home/fuzz/fuzzing/jasper/ie.jpc/ie.jpc.129725 file_md5=2e1d57137e8d36b87cee28d2d71d855f
Command: cat /home/fuzz/fuzzing/jasper/ie.jpc/ie.jpc | zzuf -s129725 -r0.0157041:0.0254098 > /home/fuzz/fuzzing/jasper/ie.jpc/ie.jpc.129725
EIP=0x8079014
seen at seed=133000 range=0.00970567:0.0157041 file=/home/fuzz/fuzzing/jasper/ie.jpc/ie.jpc.133000 file_md5=cdb92d28afe6a49e3da41e0e55b67e89
Command: cat /home/fuzz/fuzzing/jasper/ie.jpc/ie.jpc | zzuf -s133000 -r0.00970567:0.0157041 > /home/fuzz/fuzzing/jasper/ie.jpc/ie.jpc.133000
EIP=0x8079014
seen at seed=133263 range=0.00970567:0.0157041 file=/home/fuzz/fuzzing/jasper/ie.jpc/ie.jpc.133263 file_md5=28421ae8da38fedeb46b4f0ed8201e4c
Command: cat /home/fuzz/fuzzing/jasper/ie.jpc/ie.jpc | zzuf -s133263 -r0.00970567:0.0157041 > /home/fuzz/fuzzing/jasper/ie.jpc/ie.jpc.133263
EIP=0x8079014
seen at seed=135810 range=0.0157041:0.0254098 file=/home/fuzz/fuzzing/jasper/ie.jpc/ie.jpc.135810 file_md5=e8517b33a556c025a9db4427a14466c7
Command: cat /home/fuzz/fuzzing/jasper/ie.jpc/ie.jpc | zzuf -s135810 -r0.0157041:0.0254098 > /home/fuzz/fuzzing/jasper/ie.jpc/ie.jpc.135810
EIP=0x8079014
seen at seed=147918 range=0.0157041:0.0254098 file=/home/fuzz/fuzzing/jasper/ie.jpc/ie.jpc.147918 file_md5=d3c2e87e7ac8da32361b0266b78a6ca5
Command: cat /home/fuzz/fuzzing/jasper/ie.jpc/ie.jpc | zzuf -s147918 -r0.0157041:0.0254098 > /home/fuzz/fuzzing/jasper/ie.jpc/ie.jpc.147918
EIP=0x8079014
seen at seed=149743 range=0.0157041:0.0254098 file=/home/fuzz/fuzzing/jasper/ie.jpc/ie.jpc.149743 file_md5=09a8e0e90f34fb3212124a3b9f3aa1c7
Command: cat /home/fuzz/fuzzing/jasper/ie.jpc/ie.jpc | zzuf -s149743 -r0.0157041:0.0254098 > /home/fuzz/fuzzing/jasper/ie.jpc/ie.jpc.149743
EIP=0x8079014
seen at seed=155492 range=0.0157041:0.0254098 file=/home/fuzz/fuzzing/jasper/ie.jpc/ie.jpc.155492 file_md5=20a626abb9f35b4ac7731aa64833c5ee
Command: cat /home/fuzz/fuzzing/jasper/ie.jpc/ie.jpc | zzuf -s155492 -r0.0157041:0.0254098 > /home/fuzz/fuzzing/jasper/ie.jpc/ie.jpc.155492
EIP=0x8079014
seen at seed=160568 range=0.0157041:0.0254098 file=/home/fuzz/fuzzing/jasper/ie.jpc/ie.jpc.160568 file_md5=d3c956943a1377c013265c561a827309
Command: cat /home/fuzz/fuzzing/jasper/ie.jpc/ie.jpc | zzuf -s160568 -r0.0157041:0.0254098 > /home/fuzz/fuzzing/jasper/ie.jpc/ie.jpc.160568
EIP=0x8079014
seen at seed=161159 range=0.0157041:0.0254098 file=/home/fuzz/fuzzing/jasper/ie.jpc/ie.jpc.161159 file_md5=d7035e3e732418be9486c9234da88c4f
Command: cat /home/fuzz/fuzzing/jasper/ie.jpc/ie.jpc | zzuf -s161159 -r0.0157041:0.0254098 > /home/fuzz/fuzzing/jasper/ie.jpc/ie.jpc.161159
EIP=0x8079014
seen at seed=162287 range=0.0157041:0.0254098 file=/home/fuzz/fuzzing/jasper/ie.jpc/ie.jpc.162287 file_md5=a233c88476f03317f35e46ba47216a46
Command: cat /home/fuzz/fuzzing/jasper/ie.jpc/ie.jpc | zzuf -s162287 -r0.0157041:0.0254098 > /home/fuzz/fuzzing/jasper/ie.jpc/ie.jpc.162287
EIP=0x8079014
seen at seed=162492 range=0.0157041:0.0254098 file=/home/fuzz/fuzzing/jasper/ie.jpc/ie.jpc.162492 file_md5=061cbafcf55f8868f767c7ee105c9ebd
Command: cat /home/fuzz/fuzzing/jasper/ie.jpc/ie.jpc | zzuf -s162492 -r0.0157041:0.0254098 > /home/fuzz/fuzzing/jasper/ie.jpc/ie.jpc.162492
EIP=0x8079014
seen at seed=163276 range=0.0157041:0.0254098 file=/home/fuzz/fuzzing/jasper/ie.jpc/ie.jpc.163276 file_md5=f481547de839d1948c87e3befb608a4c
Command: cat /home/fuzz/fuzzing/jasper/ie.jpc/ie.jpc | zzuf -s163276 -r0.0157041:0.0254098 > /home/fuzz/fuzzing/jasper/ie.jpc/ie.jpc.163276
EIP=0x8079014
seen at seed=165269 range=0.0157041:0.0254098 file=/home/fuzz/fuzzing/jasper/ie.jpc/ie.jpc.165269 file_md5=95376163138c72605cfe9f6c73153b10
Command: cat /home/fuzz/fuzzing/jasper/ie.jpc/ie.jpc | zzuf -s165269 -r0.0157041:0.0254098 > /home/fuzz/fuzzing/jasper/ie.jpc/ie.jpc.165269
EIP=0x8079014
seen at seed=168744 range=0.0157041:0.0254098 file=/home/fuzz/fuzzing/jasper/ie.jpc/ie.jpc.168744 file_md5=4fc5e12de28c72562e707f4d49029e8f
Command: cat /home/fuzz/fuzzing/jasper/ie.jpc/ie.jpc | zzuf -s168744 -r0.0157041:0.0254098 > /home/fuzz/fuzzing/jasper/ie.jpc/ie.jpc.168744
EIP=0x8079014
seen at seed=170334 range=0.0157041:0.0254098 file=/home/fuzz/fuzzing/jasper/ie.jpc/ie.jpc.170334 file_md5=350f3cffd85ceebc94d59f6a6a12626b
Command: cat /home/fuzz/fuzzing/jasper/ie.jpc/ie.jpc | zzuf -s170334 -r0.0157041:0.0254098 > /home/fuzz/fuzzing/jasper/ie.jpc/ie.jpc.170334
EIP=0x8079014
seen at seed=172599 range=0.0157041:0.0254098 file=/home/fuzz/fuzzing/jasper/ie.jpc/ie.jpc.172599 file_md5=412b6a596aedd9696f797c2944bba79f
Command: cat /home/fuzz/fuzzing/jasper/ie.jpc/ie.jpc | zzuf -s172599 -r0.0157041:0.0254098 > /home/fuzz/fuzzing/jasper/ie.jpc/ie.jpc.172599
EIP=0x8079014
seen at seed=174423 range=0.0157041:0.0254098 file=/home/fuzz/fuzzing/jasper/ie.jpc/ie.jpc.174423 file_md5=f50b783c90a0f1b748cbf64414045d3e
Command: cat /home/fuzz/fuzzing/jasper/ie.jpc/ie.jpc | zzuf -s174423 -r0.0157041:0.0254098 > /home/fuzz/fuzzing/jasper/ie.jpc/ie.jpc.174423
EIP=0x8079014
seen at seed=175316 range=0.0157041:0.0254098 file=/home/fuzz/fuzzing/jasper/ie.jpc/ie.jpc.175316 file_md5=47d7d76538ec4e6cc2d388011eba864c
Command: cat /home/fuzz/fuzzing/jasper/ie.jpc/ie.jpc | zzuf -s175316 -r0.0157041:0.0254098 > /home/fuzz/fuzzing/jasper/ie.jpc/ie.jpc.175316
EIP=0x8079014
seen at seed=176847 range=0.00970567:0.0157041 file=/home/fuzz/fuzzing/jasper/ie.jpc/ie.jpc.176847 file_md5=4f74efb9be9e69eb53368454766487d4
Command: cat /home/fuzz/fuzzing/jasper/ie.jpc/ie.jpc | zzuf -s176847 -r0.00970567:0.0157041 > /home/fuzz/fuzzing/jasper/ie.jpc/ie.jpc.176847
EIP=0x8079014
seen at seed=179247 range=0.0157041:0.0254098 file=/home/fuzz/fuzzing/jasper/ie.jpc/ie.jpc.179247 file_md5=aeb3ca1f1c3ad68953feb87c1aad6784
Command: cat /home/fuzz/fuzzing/jasper/ie.jpc/ie.jpc | zzuf -s179247 -r0.0157041:0.0254098 > /home/fuzz/fuzzing/jasper/ie.jpc/ie.jpc.179247
EIP=0x8079014
seen at seed=183785 range=0.0157041:0.0254098 file=/home/fuzz/fuzzing/jasper/ie.jpc/ie.jpc.183785 file_md5=5123c49dbd03a3d7f3fe96df76bd9f00
Command: cat /home/fuzz/fuzzing/jasper/ie.jpc/ie.jpc | zzuf -s183785 -r0.0157041:0.0254098 > /home/fuzz/fuzzing/jasper/ie.jpc/ie.jpc.183785
EIP=0x8079014
seen at seed=184376 range=0.0157041:0.0254098 file=/home/fuzz/fuzzing/jasper/ie.jpc/ie.jpc.184376 file_md5=3d73a9e745cb0149e608d30e85b700cd
Command: cat /home/fuzz/fuzzing/jasper/ie.jpc/ie.jpc | zzuf -s184376 -r0.0157041:0.0254098 > /home/fuzz/fuzzing/jasper/ie.jpc/ie.jpc.184376
EIP=0x8079014
seen at seed=186099 range=0.0157041:0.0254098 file=/home/fuzz/fuzzing/jasper/ie.jpc/ie.jpc.186099 file_md5=81e892580a8f1734754c6334fb142598
Command: cat /home/fuzz/fuzzing/jasper/ie.jpc/ie.jpc | zzuf -s186099 -r0.0157041:0.0254098 > /home/fuzz/fuzzing/jasper/ie.jpc/ie.jpc.186099
EIP=0x8079014
seen at seed=186330 range=0.0157041:0.0254098 file=/home/fuzz/fuzzing/jasper/ie.jpc/ie.jpc.186330 file_md5=893d1c551ce5e517c029c13120c84d94
Command: cat /home/fuzz/fuzzing/jasper/ie.jpc/ie.jpc | zzuf -s186330 -r0.0157041:0.0254098 > /home/fuzz/fuzzing/jasper/ie.jpc/ie.jpc.186330
EIP=0x8079014
seen at seed=188093 range=0.0157041:0.0254098 file=/home/fuzz/fuzzing/jasper/ie.jpc/ie.jpc.188093 file_md5=6d40a211133c597edcb488d8641b8600
Command: cat /home/fuzz/fuzzing/jasper/ie.jpc/ie.jpc | zzuf -s188093 -r0.0157041:0.0254098 > /home/fuzz/fuzzing/jasper/ie.jpc/ie.jpc.188093
EIP=0x8079014
seen at seed=190460 range=0.0157041:0.0254098 file=/home/fuzz/fuzzing/jasper/ie.jpc/ie.jpc.190460 file_md5=bb4a782077bc721d3df03a492389d6c2
Command: cat /home/fuzz/fuzzing/jasper/ie.jpc/ie.jpc | zzuf -s190460 -r0.0157041:0.0254098 > /home/fuzz/fuzzing/jasper/ie.jpc/ie.jpc.190460
EIP=0x8079014
seen at seed=192282 range=0.0157041:0.0254098 file=/home/fuzz/fuzzing/jasper/ie.jpc/ie.jpc.192282 file_md5=e1b4ca5bfbbdc3ffb1f2244bdac64416
Command: cat /home/fuzz/fuzzing/jasper/ie.jpc/ie.jpc | zzuf -s192282 -r0.0157041:0.0254098 > /home/fuzz/fuzzing/jasper/ie.jpc/ie.jpc.192282
EIP=0x8079014
seen at seed=196476 range=0.0157041:0.0254098 file=/home/fuzz/fuzzing/jasper/ie.jpc/ie.jpc.196476 file_md5=fec9022d79d24a58df21995c010e5e36
Command: cat /home/fuzz/fuzzing/jasper/ie.jpc/ie.jpc | zzuf -s196476 -r0.0157041:0.0254098 > /home/fuzz/fuzzing/jasper/ie.jpc/ie.jpc.196476
EIP=0x8079014
seen at seed=196830 range=0.0157041:0.0254098 file=/home/fuzz/fuzzing/jasper/ie.jpc/ie.jpc.196830 file_md5=8d9aa67e87ab3ad96bfe62d00a8190eb
Command: cat /home/fuzz/fuzzing/jasper/ie.jpc/ie.jpc | zzuf -s196830 -r0.0157041:0.0254098 > /home/fuzz/fuzzing/jasper/ie.jpc/ie.jpc.196830
EIP=0x8079014
seen at seed=197768 range=0.0157041:0.0254098 file=/home/fuzz/fuzzing/jasper/ie.jpc/ie.jpc.197768 file_md5=7b9d2854760cb51dd1e3f1f3a4c59d8a
Command: cat /home/fuzz/fuzzing/jasper/ie.jpc/ie.jpc | zzuf -s197768 -r0.0157041:0.0254098 > /home/fuzz/fuzzing/jasper/ie.jpc/ie.jpc.197768
EIP=0x8079014
seen at seed=199892 range=0.0157041:0.0254098 file=/home/fuzz/fuzzing/jasper/ie.jpc/ie.jpc.199892 file_md5=7e71f60bc9d3f74bc094e8227677ab1a
Command: cat /home/fuzz/fuzzing/jasper/ie.jpc/ie.jpc | zzuf -s199892 -r0.0157041:0.0254098 > /home/fuzz/fuzzing/jasper/ie.jpc/ie.jpc.199892
EIP=0x8079014
seen at seed=202596 range=0.0157041:0.0254098 file=/home/fuzz/fuzzing/jasper/ie.jpc/ie.jpc.202596 file_md5=e42b4697e091827c95b8a852b1ac6d3c
Command: cat /home/fuzz/fuzzing/jasper/ie.jpc/ie.jpc | zzuf -s202596 -r0.0157041:0.0254098 > /home/fuzz/fuzzing/jasper/ie.jpc/ie.jpc.202596
EIP=0x8079014
seen at seed=202633 range=0.0157041:0.0254098 file=/home/fuzz/fuzzing/jasper/ie.jpc/ie.jpc.202633 file_md5=09b460cfdcc63017fcc3ccd1c2f202f6
Command: cat /home/fuzz/fuzzing/jasper/ie.jpc/ie.jpc | zzuf -s202633 -r0.0157041:0.0254098 > /home/fuzz/fuzzing/jasper/ie.jpc/ie.jpc.202633
EIP=0x8079014
seen at seed=207405 range=0.0157041:0.0254098 file=/home/fuzz/fuzzing/jasper/ie.jpc/ie.jpc.207405 file_md5=58c7b3e56455f5ae5b4f99841906a683
Command: cat /home/fuzz/fuzzing/jasper/ie.jpc/ie.jpc | zzuf -s207405 -r0.0157041:0.0254098 > /home/fuzz/fuzzing/jasper/ie.jpc/ie.jpc.207405
EIP=0x8079014
seen at seed=209192 range=0.0157041:0.0254098 file=/home/fuzz/fuzzing/jasper/ie.jpc/ie.jpc.209192 file_md5=b0ab2c8e31bcccbbefc4232b9a731e23
Command: cat /home/fuzz/fuzzing/jasper/ie.jpc/ie.jpc | zzuf -s209192 -r0.0157041:0.0254098 > /home/fuzz/fuzzing/jasper/ie.jpc/ie.jpc.209192
EIP=0x8079014
seen at seed=209527 range=0.0157041:0.0254098 file=/home/fuzz/fuzzing/jasper/ie.jpc/ie.jpc.209527 file_md5=2e6e40748ac98d6381279941c73dfee1
Command: cat /home/fuzz/fuzzing/jasper/ie.jpc/ie.jpc | zzuf -s209527 -r0.0157041:0.0254098 > /home/fuzz/fuzzing/jasper/ie.jpc/ie.jpc.209527
EIP=0x8079014
seen at seed=209632 range=0.0157041:0.0254098 file=/home/fuzz/fuzzing/jasper/ie.jpc/ie.jpc.209632 file_md5=f9a50a6a19ce32f8d085be5e93c6f1c5
Command: cat /home/fuzz/fuzzing/jasper/ie.jpc/ie.jpc | zzuf -s209632 -r0.0157041:0.0254098 > /home/fuzz/fuzzing/jasper/ie.jpc/ie.jpc.209632
EIP=0x8079014
seen at seed=211874 range=0.0157041:0.0254098 file=/home/fuzz/fuzzing/jasper/ie.jpc/ie.jpc.211874 file_md5=fa47cec5ae143273ff8bf2fd93945b37
Command: cat /home/fuzz/fuzzing/jasper/ie.jpc/ie.jpc | zzuf -s211874 -r0.0157041:0.0254098 > /home/fuzz/fuzzing/jasper/ie.jpc/ie.jpc.211874
EIP=0x8079014
seen at seed=212034 range=0.0157041:0.0254098 file=/home/fuzz/fuzzing/jasper/ie.jpc/ie.jpc.212034 file_md5=b04276e835d2053675d5ec68661e8791
Command: cat /home/fuzz/fuzzing/jasper/ie.jpc/ie.jpc | zzuf -s212034 -r0.0157041:0.0254098 > /home/fuzz/fuzzing/jasper/ie.jpc/ie.jpc.212034
EIP=0x8079014
seen at seed=215586 range=0.0157041:0.0254098 file=/home/fuzz/fuzzing/jasper/ie.jpc/ie.jpc.215586 file_md5=7b8fb2f6b34d5803d8dbd81a69f4e4a6
Command: cat /home/fuzz/fuzzing/jasper/ie.jpc/ie.jpc | zzuf -s215586 -r0.0157041:0.0254098 > /home/fuzz/fuzzing/jasper/ie.jpc/ie.jpc.215586
EIP=0x8079014
seen at seed=215899 range=0.0157041:0.0254098 file=/home/fuzz/fuzzing/jasper/ie.jpc/ie.jpc.215899 file_md5=9725eadb13f713b508a89baf7462e432
Command: cat /home/fuzz/fuzzing/jasper/ie.jpc/ie.jpc | zzuf -s215899 -r0.0157041:0.0254098 > /home/fuzz/fuzzing/jasper/ie.jpc/ie.jpc.215899
EIP=0x8079014
seen at seed=218828 range=0.0157041:0.0254098 file=/home/fuzz/fuzzing/jasper/ie.jpc/ie.jpc.218828 file_md5=359bd4b705d2a26e89157081ed8a515a
Command: cat /home/fuzz/fuzzing/jasper/ie.jpc/ie.jpc | zzuf -s218828 -r0.0157041:0.0254098 > /home/fuzz/fuzzing/jasper/ie.jpc/ie.jpc.218828
EIP=0x8079014
seen at seed=221205 range=0.0157041:0.0254098 file=/home/fuzz/fuzzing/jasper/ie.jpc/ie.jpc.221205 file_md5=8f7b0cff87632e621732ab7c826be880
Command: cat /home/fuzz/fuzzing/jasper/ie.jpc/ie.jpc | zzuf -s221205 -r0.0157041:0.0254098 > /home/fuzz/fuzzing/jasper/ie.jpc/ie.jpc.221205
EIP=0x8079014
seen at seed=221953 range=0.0157041:0.0254098 file=/home/fuzz/fuzzing/jasper/ie.jpc/ie.jpc.221953 file_md5=953bb2d14bbb001d59b7b982af7ad5f8
Command: cat /home/fuzz/fuzzing/jasper/ie.jpc/ie.jpc | zzuf -s221953 -r0.0157041:0.0254098 > /home/fuzz/fuzzing/jasper/ie.jpc/ie.jpc.221953
EIP=0x8079014
seen at seed=222069 range=0.0157041:0.0254098 file=/home/fuzz/fuzzing/jasper/ie.jpc/ie.jpc.222069 file_md5=adda689721d1d03cb539be121d79de43
Command: cat /home/fuzz/fuzzing/jasper/ie.jpc/ie.jpc | zzuf -s222069 -r0.0157041:0.0254098 > /home/fuzz/fuzzing/jasper/ie.jpc/ie.jpc.222069
EIP=0x8079014
seen at seed=222535 range=0.0157041:0.0254098 file=/home/fuzz/fuzzing/jasper/ie.jpc/ie.jpc.222535 file_md5=297c531d81389a27871f4138d40b27ba
Command: cat /home/fuzz/fuzzing/jasper/ie.jpc/ie.jpc | zzuf -s222535 -r0.0157041:0.0254098 > /home/fuzz/fuzzing/jasper/ie.jpc/ie.jpc.222535
EIP=0x8079014
seen at seed=222616 range=0.0157041:0.0254098 file=/home/fuzz/fuzzing/jasper/ie.jpc/ie.jpc.222616 file_md5=ed1b2a5b07b103ce5e5d2f7d7374a27c
Command: cat /home/fuzz/fuzzing/jasper/ie.jpc/ie.jpc | zzuf -s222616 -r0.0157041:0.0254098 > /home/fuzz/fuzzing/jasper/ie.jpc/ie.jpc.222616
EIP=0x8079014
seen at seed=224232 range=0.00970567:0.0157041 file=/home/fuzz/fuzzing/jasper/ie.jpc/ie.jpc.224232 file_md5=07370585a71e376e610d14b660e8881e
Command: cat /home/fuzz/fuzzing/jasper/ie.jpc/ie.jpc | zzuf -s224232 -r0.00970567:0.0157041 > /home/fuzz/fuzzing/jasper/ie.jpc/ie.jpc.224232
EIP=0x8079014
seen at seed=229077 range=0.0157041:0.0254098 file=/home/fuzz/fuzzing/jasper/ie.jpc/ie.jpc.229077 file_md5=3357f3feac3bef27d4e36653af7a5b06
Command: cat /home/fuzz/fuzzing/jasper/ie.jpc/ie.jpc | zzuf -s229077 -r0.0157041:0.0254098 > /home/fuzz/fuzzing/jasper/ie.jpc/ie.jpc.229077
EIP=0x8079014
seen at seed=231009 range=0.0157041:0.0254098 file=/home/fuzz/fuzzing/jasper/ie.jpc/ie.jpc.231009 file_md5=81c23a990b2dfbc82811a14a1f1bad58
Command: cat /home/fuzz/fuzzing/jasper/ie.jpc/ie.jpc | zzuf -s231009 -r0.0157041:0.0254098 > /home/fuzz/fuzzing/jasper/ie.jpc/ie.jpc.231009
EIP=0x8079014
seen at seed=231060 range=0.0157041:0.0254098 file=/home/fuzz/fuzzing/jasper/ie.jpc/ie.jpc.231060 file_md5=ef964baab1094f2dd230db5f4b9f0721
Command: cat /home/fuzz/fuzzing/jasper/ie.jpc/ie.jpc | zzuf -s231060 -r0.0157041:0.0254098 > /home/fuzz/fuzzing/jasper/ie.jpc/ie.jpc.231060
EIP=0x8079014
seen at seed=231166 range=0.0157041:0.0254098 file=/home/fuzz/fuzzing/jasper/ie.jpc/ie.jpc.231166 file_md5=77e16ad0336b3a6bd41b4c4812118b4d
Command: cat /home/fuzz/fuzzing/jasper/ie.jpc/ie.jpc | zzuf -s231166 -r0.0157041:0.0254098 > /home/fuzz/fuzzing/jasper/ie.jpc/ie.jpc.231166
EIP=0x8079014
seen at seed=231729 range=0.0157041:0.0254098 file=/home/fuzz/fuzzing/jasper/ie.jpc/ie.jpc.231729 file_md5=9992e4f8abb4f4f53c3c9809d136249d
Command: cat /home/fuzz/fuzzing/jasper/ie.jpc/ie.jpc | zzuf -s231729 -r0.0157041:0.0254098 > /home/fuzz/fuzzing/jasper/ie.jpc/ie.jpc.231729
EIP=0x8079014
seen at seed=232589 range=0.0157041:0.0254098 file=/home/fuzz/fuzzing/jasper/ie.jpc/ie.jpc.232589 file_md5=f43d3c7be4bb311185208d796c56c3a1
Command: cat /home/fuzz/fuzzing/jasper/ie.jpc/ie.jpc | zzuf -s232589 -r0.0157041:0.0254098 > /home/fuzz/fuzzing/jasper/ie.jpc/ie.jpc.232589
EIP=0x8079014
seen at seed=232943 range=0.0157041:0.0254098 file=/home/fuzz/fuzzing/jasper/ie.jpc/ie.jpc.232943 file_md5=70f3351c185cd0230c56c1268a93d7b3
Command: cat /home/fuzz/fuzzing/jasper/ie.jpc/ie.jpc | zzuf -s232943 -r0.0157041:0.0254098 > /home/fuzz/fuzzing/jasper/ie.jpc/ie.jpc.232943
EIP=0x8079014
seen at seed=233371 range=0.0157041:0.0254098 file=/home/fuzz/fuzzing/jasper/ie.jpc/ie.jpc.233371 file_md5=d8a485bbab04fa7266949bed8a6e482d
Command: cat /home/fuzz/fuzzing/jasper/ie.jpc/ie.jpc | zzuf -s233371 -r0.0157041:0.0254098 > /home/fuzz/fuzzing/jasper/ie.jpc/ie.jpc.233371
EIP=0x8079014
seen at seed=234708 range=0.0157041:0.0254098 file=/home/fuzz/fuzzing/jasper/ie.jpc/ie.jpc.234708 file_md5=6380f7a162c4399bce730c877a61f60f
Command: cat /home/fuzz/fuzzing/jasper/ie.jpc/ie.jpc | zzuf -s234708 -r0.0157041:0.0254098 > /home/fuzz/fuzzing/jasper/ie.jpc/ie.jpc.234708
EIP=0x8079014
seen at seed=238033 range=0.0157041:0.0254098 file=/home/fuzz/fuzzing/jasper/ie.jpc/ie.jpc.238033 file_md5=d4693305346a546ceb648e12747323f9
Command: cat /home/fuzz/fuzzing/jasper/ie.jpc/ie.jpc | zzuf -s238033 -r0.0157041:0.0254098 > /home/fuzz/fuzzing/jasper/ie.jpc/ie.jpc.238033
EIP=0x8079014
seen at seed=240726 range=0.00970567:0.0157041 file=/home/fuzz/fuzzing/jasper/ie.jpc/ie.jpc.240726 file_md5=94003f897869c7fbf90a1cad5345a3bc
Command: cat /home/fuzz/fuzzing/jasper/ie.jpc/ie.jpc | zzuf -s240726 -r0.00970567:0.0157041 > /home/fuzz/fuzzing/jasper/ie.jpc/ie.jpc.240726
EIP=0x8079014
seen at seed=243150 range=0.0157041:0.0254098 file=/home/fuzz/fuzzing/jasper/ie.jpc/ie.jpc.243150 file_md5=15b032fb6d58f08fd67cd0a2b7e3220a
Command: cat /home/fuzz/fuzzing/jasper/ie.jpc/ie.jpc | zzuf -s243150 -r0.0157041:0.0254098 > /home/fuzz/fuzzing/jasper/ie.jpc/ie.jpc.243150
EIP=0x8079014
seen at seed=243943 range=0.0254098:0.0411139 file=/home/fuzz/fuzzing/jasper/ie.jpc/ie.jpc.243943 file_md5=6a04cab9137809c775f255815804b174
Command: cat /home/fuzz/fuzzing/jasper/ie.jpc/ie.jpc | zzuf -s243943 -r0.0254098:0.0411139 > /home/fuzz/fuzzing/jasper/ie.jpc/ie.jpc.243943
EIP=0x8079014
seen at seed=244395 range=0.0157041:0.0254098 file=/home/fuzz/fuzzing/jasper/ie.jpc/ie.jpc.244395 file_md5=9022adc076a930a3591288c6f805a688
Command: cat /home/fuzz/fuzzing/jasper/ie.jpc/ie.jpc | zzuf -s244395 -r0.0157041:0.0254098 > /home/fuzz/fuzzing/jasper/ie.jpc/ie.jpc.244395
EIP=0x8079014
seen at seed=244600 range=0.0157041:0.0254098 file=/home/fuzz/fuzzing/jasper/ie.jpc/ie.jpc.244600 file_md5=5fcf744b0261dc27feb9f6248bd52cc1
Command: cat /home/fuzz/fuzzing/jasper/ie.jpc/ie.jpc | zzuf -s244600 -r0.0157041:0.0254098 > /home/fuzz/fuzzing/jasper/ie.jpc/ie.jpc.244600
EIP=0x8079014
seen at seed=244677 range=0.0157041:0.0254098 file=/home/fuzz/fuzzing/jasper/ie.jpc/ie.jpc.244677 file_md5=423f2350a737528031cbc1d990e9c3a2
Command: cat /home/fuzz/fuzzing/jasper/ie.jpc/ie.jpc | zzuf -s244677 -r0.0157041:0.0254098 > /home/fuzz/fuzzing/jasper/ie.jpc/ie.jpc.244677
EIP=0x8079014
seen at seed=253261 range=0.0157041:0.0254098 file=/home/fuzz/fuzzing/jasper/ie.jpc/ie.jpc.253261 file_md5=e0c8d8738d2ce65e0d50d996db85c573
Command: cat /home/fuzz/fuzzing/jasper/ie.jpc/ie.jpc | zzuf -s253261 -r0.0157041:0.0254098 > /home/fuzz/fuzzing/jasper/ie.jpc/ie.jpc.253261
EIP=0x8079014
seen at seed=253796 range=0.0157041:0.0254098 file=/home/fuzz/fuzzing/jasper/ie.jpc/ie.jpc.253796 file_md5=0d1c05df8a1ac1adbba4810c894f4d1d
Command: cat /home/fuzz/fuzzing/jasper/ie.jpc/ie.jpc | zzuf -s253796 -r0.0157041:0.0254098 > /home/fuzz/fuzzing/jasper/ie.jpc/ie.jpc.253796
EIP=0x8079014
seen at seed=254739 range=0.0157041:0.0254098 file=/home/fuzz/fuzzing/jasper/ie.jpc/ie.jpc.254739 file_md5=6f88f7918f60e05df23141d01bf7c00c
Command: cat /home/fuzz/fuzzing/jasper/ie.jpc/ie.jpc | zzuf -s254739 -r0.0157041:0.0254098 > /home/fuzz/fuzzing/jasper/ie.jpc/ie.jpc.254739
EIP=0x8079014
seen at seed=254902 range=0.0157041:0.0254098 file=/home/fuzz/fuzzing/jasper/ie.jpc/ie.jpc.254902 file_md5=5588b15cbea7db028014618136c00e1c
Command: cat /home/fuzz/fuzzing/jasper/ie.jpc/ie.jpc | zzuf -s254902 -r0.0157041:0.0254098 > /home/fuzz/fuzzing/jasper/ie.jpc/ie.jpc.254902
EIP=0x8079014
seen at seed=255781 range=0.0157041:0.0254098 file=/home/fuzz/fuzzing/jasper/ie.jpc/ie.jpc.255781 file_md5=3c2eea43deedfdeecdb19c1f9caab1d0
Command: cat /home/fuzz/fuzzing/jasper/ie.jpc/ie.jpc | zzuf -s255781 -r0.0157041:0.0254098 > /home/fuzz/fuzzing/jasper/ie.jpc/ie.jpc.255781
EIP=0x8079014
seen at seed=257101 range=0.0157041:0.0254098 file=/home/fuzz/fuzzing/jasper/ie.jpc/ie.jpc.257101 file_md5=bb74dbd383e4998c4ae9368e1242b0e1
Command: cat /home/fuzz/fuzzing/jasper/ie.jpc/ie.jpc | zzuf -s257101 -r0.0157041:0.0254098 > /home/fuzz/fuzzing/jasper/ie.jpc/ie.jpc.257101
EIP=0x8079014
seen at seed=259899 range=0.0157041:0.0254098 file=/home/fuzz/fuzzing/jasper/ie.jpc/ie.jpc.259899 file_md5=30b85564c27dd5a041e6ad5942080132
Command: cat /home/fuzz/fuzzing/jasper/ie.jpc/ie.jpc | zzuf -s259899 -r0.0157041:0.0254098 > /home/fuzz/fuzzing/jasper/ie.jpc/ie.jpc.259899
EIP=0x8079014
seen at seed=260217 range=0.0157041:0.0254098 file=/home/fuzz/fuzzing/jasper/ie.jpc/ie.jpc.260217 file_md5=ea5a5736cbb2f8f6a809505a11d197f2
Command: cat /home/fuzz/fuzzing/jasper/ie.jpc/ie.jpc | zzuf -s260217 -r0.0157041:0.0254098 > /home/fuzz/fuzzing/jasper/ie.jpc/ie.jpc.260217
EIP=0x8079014
seen at seed=260672 range=0.0157041:0.0254098 file=/home/fuzz/fuzzing/jasper/ie.jpc/ie.jpc.260672 file_md5=116935b153e0947b5cc848ccf0ed5216
Command: cat /home/fuzz/fuzzing/jasper/ie.jpc/ie.jpc | zzuf -s260672 -r0.0157041:0.0254098 > /home/fuzz/fuzzing/jasper/ie.jpc/ie.jpc.260672
EIP=0x8079014
seen at seed=267826 range=0.0157041:0.0254098 file=/home/fuzz/fuzzing/jasper/ie.jpc/ie.jpc.267826 file_md5=dd655a5efdf8bc8cab7bb28cf54bab7d
Command: cat /home/fuzz/fuzzing/jasper/ie.jpc/ie.jpc | zzuf -s267826 -r0.0157041:0.0254098 > /home/fuzz/fuzzing/jasper/ie.jpc/ie.jpc.267826
EIP=0x8079014
seen at seed=268138 range=0.0157041:0.0254098 file=/home/fuzz/fuzzing/jasper/ie.jpc/ie.jpc.268138 file_md5=d484088dda4bceb012405217b29b9136
Command: cat /home/fuzz/fuzzing/jasper/ie.jpc/ie.jpc | zzuf -s268138 -r0.0157041:0.0254098 > /home/fuzz/fuzzing/jasper/ie.jpc/ie.jpc.268138
EIP=0x8079014
seen at seed=274342 range=0.0157041:0.0254098 file=/home/fuzz/fuzzing/jasper/ie.jpc/ie.jpc.274342 file_md5=5244e7e8835fc112c347eed8bea8a743
Command: cat /home/fuzz/fuzzing/jasper/ie.jpc/ie.jpc | zzuf -s274342 -r0.0157041:0.0254098 > /home/fuzz/fuzzing/jasper/ie.jpc/ie.jpc.274342
EIP=0x8079014
seen at seed=276125 range=0.0157041:0.0254098 file=/home/fuzz/fuzzing/jasper/ie.jpc/ie.jpc.276125 file_md5=b7fc4aa6ac41540c908b0005c4e980e8
Command: cat /home/fuzz/fuzzing/jasper/ie.jpc/ie.jpc | zzuf -s276125 -r0.0157041:0.0254098 > /home/fuzz/fuzzing/jasper/ie.jpc/ie.jpc.276125
EIP=0x8079014
seen at seed=277649 range=0.0157041:0.0254098 file=/home/fuzz/fuzzing/jasper/ie.jpc/ie.jpc.277649 file_md5=262ae8a59d8fe57c4f68e3bc0ce7268f
Command: cat /home/fuzz/fuzzing/jasper/ie.jpc/ie.jpc | zzuf -s277649 -r0.0157041:0.0254098 > /home/fuzz/fuzzing/jasper/ie.jpc/ie.jpc.277649
EIP=0x8079014
seen at seed=279866 range=0.0157041:0.0254098 file=/home/fuzz/fuzzing/jasper/ie.jpc/ie.jpc.279866 file_md5=bbe9c524d6a7f68b168a2c5fd001a05e
Command: cat /home/fuzz/fuzzing/jasper/ie.jpc/ie.jpc | zzuf -s279866 -r0.0157041:0.0254098 > /home/fuzz/fuzzing/jasper/ie.jpc/ie.jpc.279866
EIP=0x8079014
seen at seed=280041 range=0.0157041:0.0254098 file=/home/fuzz/fuzzing/jasper/ie.jpc/ie.jpc.280041 file_md5=82b6b787535f2fbcd87e6b8c6e8f22e3
Command: cat /home/fuzz/fuzzing/jasper/ie.jpc/ie.jpc | zzuf -s280041 -r0.0157041:0.0254098 > /home/fuzz/fuzzing/jasper/ie.jpc/ie.jpc.280041
EIP=0x8079014
seen at seed=280729 range=0.0157041:0.0254098 file=/home/fuzz/fuzzing/jasper/ie.jpc/ie.jpc.280729 file_md5=a32b99d6c128df2636b5ae8e1a953554
Command: cat /home/fuzz/fuzzing/jasper/ie.jpc/ie.jpc | zzuf -s280729 -r0.0157041:0.0254098 > /home/fuzz/fuzzing/jasper/ie.jpc/ie.jpc.280729
EIP=0x8079014
seen at seed=282253 range=0.0157041:0.0254098 file=/home/fuzz/fuzzing/jasper/ie.jpc/ie.jpc.282253 file_md5=c869dfcda92ab14a1435547d8b0b1be4
Command: cat /home/fuzz/fuzzing/jasper/ie.jpc/ie.jpc | zzuf -s282253 -r0.0157041:0.0254098 > /home/fuzz/fuzzing/jasper/ie.jpc/ie.jpc.282253
EIP=0x8079014
seen at seed=284513 range=0.0157041:0.0254098 file=/home/fuzz/fuzzing/jasper/ie.jpc/ie.jpc.284513 file_md5=c37e556b4dcbb7bc71c05f9462f73e94
Command: cat /home/fuzz/fuzzing/jasper/ie.jpc/ie.jpc | zzuf -s284513 -r0.0157041:0.0254098 > /home/fuzz/fuzzing/jasper/ie.jpc/ie.jpc.284513
EIP=0x8079014
seen at seed=286147 range=0.0157041:0.0254098 file=/home/fuzz/fuzzing/jasper/ie.jpc/ie.jpc.286147 file_md5=38d1ed804d2eb1fc1e19d2a6017d961e
Command: cat /home/fuzz/fuzzing/jasper/ie.jpc/ie.jpc | zzuf -s286147 -r0.0157041:0.0254098 > /home/fuzz/fuzzing/jasper/ie.jpc/ie.jpc.286147
EIP=0x8079014
seen at seed=287514 range=0.0157041:0.0254098 file=/home/fuzz/fuzzing/jasper/ie.jpc/ie.jpc.287514 file_md5=7c76b87bd0b7e5dd9cbabe924770e991
Command: cat /home/fuzz/fuzzing/jasper/ie.jpc/ie.jpc | zzuf -s287514 -r0.0157041:0.0254098 > /home/fuzz/fuzzing/jasper/ie.jpc/ie.jpc.287514
EIP=0x8079014
seen at seed=288197 range=0.0157041:0.0254098 file=/home/fuzz/fuzzing/jasper/ie.jpc/ie.jpc.288197 file_md5=b99dec6450d63b08568a793defa3bc1b
Command: cat /home/fuzz/fuzzing/jasper/ie.jpc/ie.jpc | zzuf -s288197 -r0.0157041:0.0254098 > /home/fuzz/fuzzing/jasper/ie.jpc/ie.jpc.288197
EIP=0x8079014
seen at seed=291703 range=0.0157041:0.0254098 file=/home/fuzz/fuzzing/jasper/ie.jpc/ie.jpc.291703 file_md5=260b43ffed2cf07f7bb0a571d01fa246
Command: cat /home/fuzz/fuzzing/jasper/ie.jpc/ie.jpc | zzuf -s291703 -r0.0157041:0.0254098 > /home/fuzz/fuzzing/jasper/ie.jpc/ie.jpc.291703
EIP=0x8079014
seen at seed=293158 range=0.0157041:0.0254098 file=/home/fuzz/fuzzing/jasper/ie.jpc/ie.jpc.293158 file_md5=250b903c24a26ffe3f72da82fad7d9a1
Command: cat /home/fuzz/fuzzing/jasper/ie.jpc/ie.jpc | zzuf -s293158 -r0.0157041:0.0254098 > /home/fuzz/fuzzing/jasper/ie.jpc/ie.jpc.293158
EIP=0x8079014
seen at seed=295041 range=0.0157041:0.0254098 file=/home/fuzz/fuzzing/jasper/ie.jpc/ie.jpc.295041 file_md5=8129b974c7e9ab1d7202a14b9c70c314
Command: cat /home/fuzz/fuzzing/jasper/ie.jpc/ie.jpc | zzuf -s295041 -r0.0157041:0.0254098 > /home/fuzz/fuzzing/jasper/ie.jpc/ie.jpc.295041
EIP=0x8079014
seen at seed=295128 range=0.0157041:0.0254098 file=/home/fuzz/fuzzing/jasper/ie.jpc/ie.jpc.295128 file_md5=c377708686ce140ef632ed7e76081db4
Command: cat /home/fuzz/fuzzing/jasper/ie.jpc/ie.jpc | zzuf -s295128 -r0.0157041:0.0254098 > /home/fuzz/fuzzing/jasper/ie.jpc/ie.jpc.295128
EIP=0x8079014
seen at seed=295626 range=0.0157041:0.0254098 file=/home/fuzz/fuzzing/jasper/ie.jpc/ie.jpc.295626 file_md5=20db54c67fc51bd9d8c6ea3006fd9a39
Command: cat /home/fuzz/fuzzing/jasper/ie.jpc/ie.jpc | zzuf -s295626 -r0.0157041:0.0254098 > /home/fuzz/fuzzing/jasper/ie.jpc/ie.jpc.295626
EIP=0x8079014
seen at seed=295954 range=0.0157041:0.0254098 file=/home/fuzz/fuzzing/jasper/ie.jpc/ie.jpc.295954 file_md5=6352eeeffca4e7c94f52037c352a5d06
Command: cat /home/fuzz/fuzzing/jasper/ie.jpc/ie.jpc | zzuf -s295954 -r0.0157041:0.0254098 > /home/fuzz/fuzzing/jasper/ie.jpc/ie.jpc.295954
EIP=0x8079014
seen at seed=297183 range=0.0157041:0.0254098 file=/home/fuzz/fuzzing/jasper/ie.jpc/ie.jpc.297183 file_md5=103709fa8222f6e9a9fd8149fbec6a00
Command: cat /home/fuzz/fuzzing/jasper/ie.jpc/ie.jpc | zzuf -s297183 -r0.0157041:0.0254098 > /home/fuzz/fuzzing/jasper/ie.jpc/ie.jpc.297183
EIP=0x8079014
seen at seed=298779 range=0.0157041:0.0254098 file=/home/fuzz/fuzzing/jasper/ie.jpc/ie.jpc.298779 file_md5=e08405118a7622d6fc53f2a41c86f8db
Command: cat /home/fuzz/fuzzing/jasper/ie.jpc/ie.jpc | zzuf -s298779 -r0.0157041:0.0254098 > /home/fuzz/fuzzing/jasper/ie.jpc/ie.jpc.298779
EIP=0x8079014
seen at seed=301397 range=0.0157041:0.0254098 file=/home/fuzz/fuzzing/jasper/ie.jpc/ie.jpc.301397 file_md5=72ac58585985dcfa1fd441c1067f6037
Command: cat /home/fuzz/fuzzing/jasper/ie.jpc/ie.jpc | zzuf -s301397 -r0.0157041:0.0254098 > /home/fuzz/fuzzing/jasper/ie.jpc/ie.jpc.301397
EIP=0x8079014
seen at seed=302220 range=0.0157041:0.0254098 file=/home/fuzz/fuzzing/jasper/ie.jpc/ie.jpc.302220 file_md5=9d95cbb147a3772cc1621e25755d3a9f
Command: cat /home/fuzz/fuzzing/jasper/ie.jpc/ie.jpc | zzuf -s302220 -r0.0157041:0.0254098 > /home/fuzz/fuzzing/jasper/ie.jpc/ie.jpc.302220
EIP=0x8079014
seen at seed=305899 range=0.0157041:0.0254098 file=/home/fuzz/fuzzing/jasper/ie.jpc/ie.jpc.305899 file_md5=b2950f0c04a2bcb2fd6aa4a0a8a8ba7b
Command: cat /home/fuzz/fuzzing/jasper/ie.jpc/ie.jpc | zzuf -s305899 -r0.0157041:0.0254098 > /home/fuzz/fuzzing/jasper/ie.jpc/ie.jpc.305899
EIP=0x8079014
seen at seed=307543 range=0.0157041:0.0254098 file=/home/fuzz/fuzzing/jasper/ie.jpc/ie.jpc.307543 file_md5=028907411e76b2bd876a02b08971b13a
Command: cat /home/fuzz/fuzzing/jasper/ie.jpc/ie.jpc | zzuf -s307543 -r0.0157041:0.0254098 > /home/fuzz/fuzzing/jasper/ie.jpc/ie.jpc.307543
EIP=0x8079014
seen at seed=316298 range=0.0157041:0.0254098 file=/home/fuzz/fuzzing/jasper/ie.jpc/ie.jpc.316298 file_md5=46ee0c275fb0aa1eafa9215eb5bbd846
Command: cat /home/fuzz/fuzzing/jasper/ie.jpc/ie.jpc | zzuf -s316298 -r0.0157041:0.0254098 > /home/fuzz/fuzzing/jasper/ie.jpc/ie.jpc.316298
EIP=0x8079014
seen at seed=316455 range=0.0157041:0.0254098 file=/home/fuzz/fuzzing/jasper/ie.jpc/ie.jpc.316455 file_md5=367ee40d1c6be563e56126966201b2be
Command: cat /home/fuzz/fuzzing/jasper/ie.jpc/ie.jpc | zzuf -s316455 -r0.0157041:0.0254098 > /home/fuzz/fuzzing/jasper/ie.jpc/ie.jpc.316455
EIP=0x8079014
seen at seed=316575 range=0.0157041:0.0254098 file=/home/fuzz/fuzzing/jasper/ie.jpc/ie.jpc.316575 file_md5=8baccedcaa5b08d286b053725e9998ab
Command: cat /home/fuzz/fuzzing/jasper/ie.jpc/ie.jpc | zzuf -s316575 -r0.0157041:0.0254098 > /home/fuzz/fuzzing/jasper/ie.jpc/ie.jpc.316575
EIP=0x8079014
seen at seed=319137 range=0.0157041:0.0254098 file=/home/fuzz/fuzzing/jasper/ie.jpc/ie.jpc.319137 file_md5=2a4f30ba1037fcd681838ab1e6cbb816
Command: cat /home/fuzz/fuzzing/jasper/ie.jpc/ie.jpc | zzuf -s319137 -r0.0157041:0.0254098 > /home/fuzz/fuzzing/jasper/ie.jpc/ie.jpc.319137
EIP=0x8079014
seen at seed=320742 range=0.0157041:0.0254098 file=/home/fuzz/fuzzing/jasper/ie.jpc/ie.jpc.320742 file_md5=7885de2b1e370f674d0f8024e197c029
Command: cat /home/fuzz/fuzzing/jasper/ie.jpc/ie.jpc | zzuf -s320742 -r0.0157041:0.0254098 > /home/fuzz/fuzzing/jasper/ie.jpc/ie.jpc.320742
EIP=0x8079014
seen at seed=321748 range=0.0157041:0.0254098 file=/home/fuzz/fuzzing/jasper/ie.jpc/ie.jpc.321748 file_md5=2f63b37bfa34eade9d60fee4aff3a437
Command: cat /home/fuzz/fuzzing/jasper/ie.jpc/ie.jpc | zzuf -s321748 -r0.0157041:0.0254098 > /home/fuzz/fuzzing/jasper/ie.jpc/ie.jpc.321748
EIP=0x8079014
seen at seed=323458 range=0.0157041:0.0254098 file=/home/fuzz/fuzzing/jasper/ie.jpc/ie.jpc.323458 file_md5=3de8ecaa617db5ad20f9f14ec8c4002c
Command: cat /home/fuzz/fuzzing/jasper/ie.jpc/ie.jpc | zzuf -s323458 -r0.0157041:0.0254098 > /home/fuzz/fuzzing/jasper/ie.jpc/ie.jpc.323458
EIP=0x8079014
seen at seed=325464 range=0.0157041:0.0254098 file=/home/fuzz/fuzzing/jasper/ie.jpc/ie.jpc.325464 file_md5=268a9424fc2f4141f7846192544f6c0b
Command: cat /home/fuzz/fuzzing/jasper/ie.jpc/ie.jpc | zzuf -s325464 -r0.0157041:0.0254098 > /home/fuzz/fuzzing/jasper/ie.jpc/ie.jpc.325464
EIP=0x8079014
seen at seed=325536 range=0.0157041:0.0254098 file=/home/fuzz/fuzzing/jasper/ie.jpc/ie.jpc.325536 file_md5=04c5ad354d4c33a93e975bb12cb38d34
Command: cat /home/fuzz/fuzzing/jasper/ie.jpc/ie.jpc | zzuf -s325536 -r0.0157041:0.0254098 > /home/fuzz/fuzzing/jasper/ie.jpc/ie.jpc.325536
EIP=0x8079014
seen at seed=326349 range=0.0157041:0.0254098 file=/home/fuzz/fuzzing/jasper/ie.jpc/ie.jpc.326349 file_md5=0381de39cf4b9d5e15f4d0d02280a8c3
Command: cat /home/fuzz/fuzzing/jasper/ie.jpc/ie.jpc | zzuf -s326349 -r0.0157041:0.0254098 > /home/fuzz/fuzzing/jasper/ie.jpc/ie.jpc.326349
EIP=0x8079014
seen at seed=328139 range=0.0157041:0.0254098 file=/home/fuzz/fuzzing/jasper/ie.jpc/ie.jpc.328139 file_md5=b32f91d2c8413a7978966e2401732dea
Command: cat /home/fuzz/fuzzing/jasper/ie.jpc/ie.jpc | zzuf -s328139 -r0.0157041:0.0254098 > /home/fuzz/fuzzing/jasper/ie.jpc/ie.jpc.328139
EIP=0x8079014
seen at seed=334138 range=0.0157041:0.0254098 file=/home/fuzz/fuzzing/jasper/ie.jpc/ie.jpc.334138 file_md5=50809ec4a5d96760adb86781aef88675
Command: cat /home/fuzz/fuzzing/jasper/ie.jpc/ie.jpc | zzuf -s334138 -r0.0157041:0.0254098 > /home/fuzz/fuzzing/jasper/ie.jpc/ie.jpc.334138
EIP=0x8079014
seen at seed=334833 range=0.0157041:0.0254098 file=/home/fuzz/fuzzing/jasper/ie.jpc/ie.jpc.334833 file_md5=1221e768b7cb7d6ababe55e24751783b
Command: cat /home/fuzz/fuzzing/jasper/ie.jpc/ie.jpc | zzuf -s334833 -r0.0157041:0.0254098 > /home/fuzz/fuzzing/jasper/ie.jpc/ie.jpc.334833
EIP=0x8079014
seen at seed=336779 range=0.0157041:0.0254098 file=/home/fuzz/fuzzing/jasper/ie.jpc/ie.jpc.336779 file_md5=1c73c49d2e906e7068e7e4b73f7708f6
Command: cat /home/fuzz/fuzzing/jasper/ie.jpc/ie.jpc | zzuf -s336779 -r0.0157041:0.0254098 > /home/fuzz/fuzzing/jasper/ie.jpc/ie.jpc.336779
EIP=0x8079014
seen at seed=340943 range=0.0157041:0.0254098 file=/home/fuzz/fuzzing/jasper/ie.jpc/ie.jpc.340943 file_md5=b924b270fa29f7a1b53cab4ba80f5cfe
Command: cat /home/fuzz/fuzzing/jasper/ie.jpc/ie.jpc | zzuf -s340943 -r0.0157041:0.0254098 > /home/fuzz/fuzzing/jasper/ie.jpc/ie.jpc.340943
EIP=0x8079014
seen at seed=341060 range=0.0157041:0.0254098 file=/home/fuzz/fuzzing/jasper/ie.jpc/ie.jpc.341060 file_md5=32374cdf9839631c56251fc0222528e6
Command: cat /home/fuzz/fuzzing/jasper/ie.jpc/ie.jpc | zzuf -s341060 -r0.0157041:0.0254098 > /home/fuzz/fuzzing/jasper/ie.jpc/ie.jpc.341060
EIP=0x8079014
seen at seed=341082 range=0.0157041:0.0254098 file=/home/fuzz/fuzzing/jasper/ie.jpc/ie.jpc.341082 file_md5=c10996d26c11fcc57f33225e7e828184
Command: cat /home/fuzz/fuzzing/jasper/ie.jpc/ie.jpc | zzuf -s341082 -r0.0157041:0.0254098 > /home/fuzz/fuzzing/jasper/ie.jpc/ie.jpc.341082
EIP=0x8079014
seen at seed=341118 range=0.0157041:0.0254098 file=/home/fuzz/fuzzing/jasper/ie.jpc/ie.jpc.341118 file_md5=a993b7b2ca8568ef416c92980160ebc6
Command: cat /home/fuzz/fuzzing/jasper/ie.jpc/ie.jpc | zzuf -s341118 -r0.0157041:0.0254098 > /home/fuzz/fuzzing/jasper/ie.jpc/ie.jpc.341118
EIP=0x8079014
seen at seed=342797 range=0.0157041:0.0254098 file=/home/fuzz/fuzzing/jasper/ie.jpc/ie.jpc.342797 file_md5=df14549092daaf43881933cd10dbb12f
Command: cat /home/fuzz/fuzzing/jasper/ie.jpc/ie.jpc | zzuf -s342797 -r0.0157041:0.0254098 > /home/fuzz/fuzzing/jasper/ie.jpc/ie.jpc.342797
EIP=0x8079014
seen at seed=343663 range=0.0157041:0.0254098 file=/home/fuzz/fuzzing/jasper/ie.jpc/ie.jpc.343663 file_md5=77b353121173e2d88d0e381409269079
Command: cat /home/fuzz/fuzzing/jasper/ie.jpc/ie.jpc | zzuf -s343663 -r0.0157041:0.0254098 > /home/fuzz/fuzzing/jasper/ie.jpc/ie.jpc.343663
EIP=0x8079014
seen at seed=343886 range=0.0157041:0.0254098 file=/home/fuzz/fuzzing/jasper/ie.jpc/ie.jpc.343886 file_md5=6853f83088abee84f8c7a35e6f18ef51
Command: cat /home/fuzz/fuzzing/jasper/ie.jpc/ie.jpc | zzuf -s343886 -r0.0157041:0.0254098 > /home/fuzz/fuzzing/jasper/ie.jpc/ie.jpc.343886
EIP=0x8079014
seen at seed=346800 range=0.0157041:0.0254098 file=/home/fuzz/fuzzing/jasper/ie.jpc/ie.jpc.346800 file_md5=a8c3070a19c40dc0991fb948ca1cbf03
Command: cat /home/fuzz/fuzzing/jasper/ie.jpc/ie.jpc | zzuf -s346800 -r0.0157041:0.0254098 > /home/fuzz/fuzzing/jasper/ie.jpc/ie.jpc.346800
EIP=0x8079014
seen at seed=348981 range=0.0157041:0.0254098 file=/home/fuzz/fuzzing/jasper/ie.jpc/ie.jpc.348981 file_md5=51f237d0d6916fea080dd202bdd2b6bc
Command: cat /home/fuzz/fuzzing/jasper/ie.jpc/ie.jpc | zzuf -s348981 -r0.0157041:0.0254098 > /home/fuzz/fuzzing/jasper/ie.jpc/ie.jpc.348981
EIP=0x8079014
seen at seed=350312 range=0.0157041:0.0254098 file=/home/fuzz/fuzzing/jasper/ie.jpc/ie.jpc.350312 file_md5=c4c4c4b9e42bcc87b8837e87cdbfd25e
Command: cat /home/fuzz/fuzzing/jasper/ie.jpc/ie.jpc | zzuf -s350312 -r0.0157041:0.0254098 > /home/fuzz/fuzzing/jasper/ie.jpc/ie.jpc.350312
EIP=0x8079014
seen at seed=350448 range=0.0157041:0.0254098 file=/home/fuzz/fuzzing/jasper/ie.jpc/ie.jpc.350448 file_md5=616aeafa6579e4fdbc4259ad9e63f10e
Command: cat /home/fuzz/fuzzing/jasper/ie.jpc/ie.jpc | zzuf -s350448 -r0.0157041:0.0254098 > /home/fuzz/fuzzing/jasper/ie.jpc/ie.jpc.350448
EIP=0x8079014
seen at seed=350470 range=0.0157041:0.0254098 file=/home/fuzz/fuzzing/jasper/ie.jpc/ie.jpc.350470 file_md5=d0fe09dc74b7c32fab5d2a72e15dac9f
Command: cat /home/fuzz/fuzzing/jasper/ie.jpc/ie.jpc | zzuf -s350470 -r0.0157041:0.0254098 > /home/fuzz/fuzzing/jasper/ie.jpc/ie.jpc.350470
EIP=0x8079014
seen at seed=351490 range=0.0157041:0.0254098 file=/home/fuzz/fuzzing/jasper/ie.jpc/ie.jpc.351490 file_md5=2d60e7c2658584208645eb67039560c9
Command: cat /home/fuzz/fuzzing/jasper/ie.jpc/ie.jpc | zzuf -s351490 -r0.0157041:0.0254098 > /home/fuzz/fuzzing/jasper/ie.jpc/ie.jpc.351490
EIP=0x8079014
seen at seed=351871 range=0.0157041:0.0254098 file=/home/fuzz/fuzzing/jasper/ie.jpc/ie.jpc.351871 file_md5=af6eefe58656deaf3d3233c3c7b4480d
Command: cat /home/fuzz/fuzzing/jasper/ie.jpc/ie.jpc | zzuf -s351871 -r0.0157041:0.0254098 > /home/fuzz/fuzzing/jasper/ie.jpc/ie.jpc.351871
EIP=0x8079014
seen at seed=352212 range=0.0157041:0.0254098 file=/home/fuzz/fuzzing/jasper/ie.jpc/ie.jpc.352212 file_md5=be5c2d9aa47056ff3154b1e35b799003
Command: cat /home/fuzz/fuzzing/jasper/ie.jpc/ie.jpc | zzuf -s352212 -r0.0157041:0.0254098 > /home/fuzz/fuzzing/jasper/ie.jpc/ie.jpc.352212
EIP=0x8079014
seen at seed=352873 range=0.0157041:0.0254098 file=/home/fuzz/fuzzing/jasper/ie.jpc/ie.jpc.352873 file_md5=d2ce3aaead671a6471d0c1fd67a4ed70
Command: cat /home/fuzz/fuzzing/jasper/ie.jpc/ie.jpc | zzuf -s352873 -r0.0157041:0.0254098 > /home/fuzz/fuzzing/jasper/ie.jpc/ie.jpc.352873
EIP=0x8079014
seen at seed=353391 range=0.0157041:0.0254098 file=/home/fuzz/fuzzing/jasper/ie.jpc/ie.jpc.353391 file_md5=d14b0ee4ce13504fcb688a884d6cfc9b
Command: cat /home/fuzz/fuzzing/jasper/ie.jpc/ie.jpc | zzuf -s353391 -r0.0157041:0.0254098 > /home/fuzz/fuzzing/jasper/ie.jpc/ie.jpc.353391
EIP=0x8079014
seen at seed=353511 range=0.0157041:0.0254098 file=/home/fuzz/fuzzing/jasper/ie.jpc/ie.jpc.353511 file_md5=0242a21f758c44dbdd197e565a89db0b
Command: cat /home/fuzz/fuzzing/jasper/ie.jpc/ie.jpc | zzuf -s353511 -r0.0157041:0.0254098 > /home/fuzz/fuzzing/jasper/ie.jpc/ie.jpc.353511
EIP=0x8079014
seen at seed=354244 range=0.0157041:0.0254098 file=/home/fuzz/fuzzing/jasper/ie.jpc/ie.jpc.354244 file_md5=4f6b8f91f1d87ab913c8f69ee3af1e4e
Command: cat /home/fuzz/fuzzing/jasper/ie.jpc/ie.jpc | zzuf -s354244 -r0.0157041:0.0254098 > /home/fuzz/fuzzing/jasper/ie.jpc/ie.jpc.354244
EIP=0x8079014
seen at seed=354910 range=0.0157041:0.0254098 file=/home/fuzz/fuzzing/jasper/ie.jpc/ie.jpc.354910 file_md5=47d1550a7d9fdc9c1739ea06c4acd69c
Command: cat /home/fuzz/fuzzing/jasper/ie.jpc/ie.jpc | zzuf -s354910 -r0.0157041:0.0254098 > /home/fuzz/fuzzing/jasper/ie.jpc/ie.jpc.354910
EIP=0x8079014
seen at seed=359152 range=0.0157041:0.0254098 file=/home/fuzz/fuzzing/jasper/ie.jpc/ie.jpc.359152 file_md5=427a5f13e510ee2dafb233c68f8c5518
Command: cat /home/fuzz/fuzzing/jasper/ie.jpc/ie.jpc | zzuf -s359152 -r0.0157041:0.0254098 > /home/fuzz/fuzzing/jasper/ie.jpc/ie.jpc.359152
EIP=0x8079014
seen at seed=368644 range=0.0157041:0.0254098 file=/home/fuzz/fuzzing/jasper/ie.jpc/ie.jpc.368644 file_md5=85b10dda93d89a583cb88e49f006928a
Command: cat /home/fuzz/fuzzing/jasper/ie.jpc/ie.jpc | zzuf -s368644 -r0.0157041:0.0254098 > /home/fuzz/fuzzing/jasper/ie.jpc/ie.jpc.368644
EIP=0x8079014
seen at seed=368656 range=0.0157041:0.0254098 file=/home/fuzz/fuzzing/jasper/ie.jpc/ie.jpc.368656 file_md5=61efbdf795eab3afc933ae19460722d1
Command: cat /home/fuzz/fuzzing/jasper/ie.jpc/ie.jpc | zzuf -s368656 -r0.0157041:0.0254098 > /home/fuzz/fuzzing/jasper/ie.jpc/ie.jpc.368656
EIP=0x8079014
seen at seed=368753 range=0.0157041:0.0254098 file=/home/fuzz/fuzzing/jasper/ie.jpc/ie.jpc.368753 file_md5=f4ced631d2e14ffedaa5386741655393
Command: cat /home/fuzz/fuzzing/jasper/ie.jpc/ie.jpc | zzuf -s368753 -r0.0157041:0.0254098 > /home/fuzz/fuzzing/jasper/ie.jpc/ie.jpc.368753
EIP=0x8079014
seen at seed=369679 range=0.0157041:0.0254098 file=/home/fuzz/fuzzing/jasper/ie.jpc/ie.jpc.369679 file_md5=9a0f6d7680fe03b663f6ca4ac0e7161a
Command: cat /home/fuzz/fuzzing/jasper/ie.jpc/ie.jpc | zzuf -s369679 -r0.0157041:0.0254098 > /home/fuzz/fuzzing/jasper/ie.jpc/ie.jpc.369679
EIP=0x8079014
seen at seed=370368 range=0.0157041:0.0254098 file=/home/fuzz/fuzzing/jasper/ie.jpc/ie.jpc.370368 file_md5=7d07ce0dc94b37a22cf646c96e60ef89
Command: cat /home/fuzz/fuzzing/jasper/ie.jpc/ie.jpc | zzuf -s370368 -r0.0157041:0.0254098 > /home/fuzz/fuzzing/jasper/ie.jpc/ie.jpc.370368
EIP=0x8079014
seen at seed=372177 range=0.0157041:0.0254098 file=/home/fuzz/fuzzing/jasper/ie.jpc/ie.jpc.372177 file_md5=b03b071a20f8ce6aa6366fc4c270e1f2
Command: cat /home/fuzz/fuzzing/jasper/ie.jpc/ie.jpc | zzuf -s372177 -r0.0157041:0.0254098 > /home/fuzz/fuzzing/jasper/ie.jpc/ie.jpc.372177
EIP=0x8079014
seen at seed=375859 range=0.00970567:0.0157041 file=/home/fuzz/fuzzing/jasper/ie.jpc/ie.jpc.375859 file_md5=e14c1cccff4b8750463614612bc64e4f
Command: cat /home/fuzz/fuzzing/jasper/ie.jpc/ie.jpc | zzuf -s375859 -r0.00970567:0.0157041 > /home/fuzz/fuzzing/jasper/ie.jpc/ie.jpc.375859
EIP=0x8079014
seen at seed=376228 range=0.0157041:0.0254098 file=/home/fuzz/fuzzing/jasper/ie.jpc/ie.jpc.376228 file_md5=922d727ee39ceb1e0052f1abcc369589
Command: cat /home/fuzz/fuzzing/jasper/ie.jpc/ie.jpc | zzuf -s376228 -r0.0157041:0.0254098 > /home/fuzz/fuzzing/jasper/ie.jpc/ie.jpc.376228
EIP=0x8079014
seen at seed=380358 range=0.0157041:0.0254098 file=/home/fuzz/fuzzing/jasper/ie.jpc/ie.jpc.380358 file_md5=ede18d32b6d17da5c335a25f3b238cd8
Command: cat /home/fuzz/fuzzing/jasper/ie.jpc/ie.jpc | zzuf -s380358 -r0.0157041:0.0254098 > /home/fuzz/fuzzing/jasper/ie.jpc/ie.jpc.380358
EIP=0x8079014
seen at seed=382070 range=0.0157041:0.0254098 file=/home/fuzz/fuzzing/jasper/ie.jpc/ie.jpc.382070 file_md5=5ec505ca65172a2edfa4bc5f7c6f4ffc
Command: cat /home/fuzz/fuzzing/jasper/ie.jpc/ie.jpc | zzuf -s382070 -r0.0157041:0.0254098 > /home/fuzz/fuzzing/jasper/ie.jpc/ie.jpc.382070
EIP=0x8079014
seen at seed=384174 range=0.0157041:0.0254098 file=/home/fuzz/fuzzing/jasper/ie.jpc/ie.jpc.384174 file_md5=f346a7b320c295b29be6217b2baec8ec
Command: cat /home/fuzz/fuzzing/jasper/ie.jpc/ie.jpc | zzuf -s384174 -r0.0157041:0.0254098 > /home/fuzz/fuzzing/jasper/ie.jpc/ie.jpc.384174
EIP=0x8079014
seen at seed=384747 range=0.0157041:0.0254098 file=/home/fuzz/fuzzing/jasper/ie.jpc/ie.jpc.384747 file_md5=3ad6665d4e0495044168404ad02447e1
Command: cat /home/fuzz/fuzzing/jasper/ie.jpc/ie.jpc | zzuf -s384747 -r0.0157041:0.0254098 > /home/fuzz/fuzzing/jasper/ie.jpc/ie.jpc.384747
EIP=0x8079014
seen at seed=386082 range=0.0157041:0.0254098 file=/home/fuzz/fuzzing/jasper/ie.jpc/ie.jpc.386082 file_md5=6fe94e2e004b3f06ebf06db5b97493e4
Command: cat /home/fuzz/fuzzing/jasper/ie.jpc/ie.jpc | zzuf -s386082 -r0.0157041:0.0254098 > /home/fuzz/fuzzing/jasper/ie.jpc/ie.jpc.386082
EIP=0x8079014
seen at seed=388513 range=0.0157041:0.0254098 file=/home/fuzz/fuzzing/jasper/ie.jpc/ie.jpc.388513 file_md5=a813137bc900346ed937e899810f827b
Command: cat /home/fuzz/fuzzing/jasper/ie.jpc/ie.jpc | zzuf -s388513 -r0.0157041:0.0254098 > /home/fuzz/fuzzing/jasper/ie.jpc/ie.jpc.388513
EIP=0x8079014
seen at seed=389035 range=0.0157041:0.0254098 file=/home/fuzz/fuzzing/jasper/ie.jpc/ie.jpc.389035 file_md5=250d551ff50fc185b05a42bc59f79aa5
Command: cat /home/fuzz/fuzzing/jasper/ie.jpc/ie.jpc | zzuf -s389035 -r0.0157041:0.0254098 > /home/fuzz/fuzzing/jasper/ie.jpc/ie.jpc.389035
EIP=0x8079014
seen at seed=389810 range=0.0157041:0.0254098 file=/home/fuzz/fuzzing/jasper/ie.jpc/ie.jpc.389810 file_md5=1a50d897489f1ad64c091e7b465095d7
Command: cat /home/fuzz/fuzzing/jasper/ie.jpc/ie.jpc | zzuf -s389810 -r0.0157041:0.0254098 > /home/fuzz/fuzzing/jasper/ie.jpc/ie.jpc.389810
EIP=0x8079014
seen at seed=390058 range=0.0157041:0.0254098 file=/home/fuzz/fuzzing/jasper/ie.jpc/ie.jpc.390058 file_md5=85ee19e294ad031d2e616cd98e4a0672
Command: cat /home/fuzz/fuzzing/jasper/ie.jpc/ie.jpc | zzuf -s390058 -r0.0157041:0.0254098 > /home/fuzz/fuzzing/jasper/ie.jpc/ie.jpc.390058
EIP=0x8079014
seen at seed=390331 range=0.0157041:0.0254098 file=/home/fuzz/fuzzing/jasper/ie.jpc/ie.jpc.390331 file_md5=fab71ac231dd76a2a73193fce75ccd84
Command: cat /home/fuzz/fuzzing/jasper/ie.jpc/ie.jpc | zzuf -s390331 -r0.0157041:0.0254098 > /home/fuzz/fuzzing/jasper/ie.jpc/ie.jpc.390331
EIP=0x8079014
seen at seed=391609 range=0.0157041:0.0254098 file=/home/fuzz/fuzzing/jasper/ie.jpc/ie.jpc.391609 file_md5=b884d567f09cb334c4f733f124567d94
Command: cat /home/fuzz/fuzzing/jasper/ie.jpc/ie.jpc | zzuf -s391609 -r0.0157041:0.0254098 > /home/fuzz/fuzzing/jasper/ie.jpc/ie.jpc.391609
EIP=0x8079014
seen at seed=393154 range=0.0157041:0.0254098 file=/home/fuzz/fuzzing/jasper/ie.jpc/ie.jpc.393154 file_md5=5a2cd428ad5d3db1be9b716ce708f542
Command: cat /home/fuzz/fuzzing/jasper/ie.jpc/ie.jpc | zzuf -s393154 -r0.0157041:0.0254098 > /home/fuzz/fuzzing/jasper/ie.jpc/ie.jpc.393154
EIP=0x8079014
seen at seed=396279 range=0.00970567:0.0157041 file=/home/fuzz/fuzzing/jasper/ie.jpc/ie.jpc.396279 file_md5=6fa3618411b4c3e6c7845f3e736f18d9
Command: cat /home/fuzz/fuzzing/jasper/ie.jpc/ie.jpc | zzuf -s396279 -r0.00970567:0.0157041 > /home/fuzz/fuzzing/jasper/ie.jpc/ie.jpc.396279
EIP=0x8079014
seen at seed=396840 range=0.0157041:0.0254098 file=/home/fuzz/fuzzing/jasper/ie.jpc/ie.jpc.396840 file_md5=681a87f4dd42ad61f884348bf4bef080
Command: cat /home/fuzz/fuzzing/jasper/ie.jpc/ie.jpc | zzuf -s396840 -r0.0157041:0.0254098 > /home/fuzz/fuzzing/jasper/ie.jpc/ie.jpc.396840
EIP=0x8079014
seen at seed=397041 range=0.0157041:0.0254098 file=/home/fuzz/fuzzing/jasper/ie.jpc/ie.jpc.397041 file_md5=66f74aefc0dbeef0fc902698ec3a03d3
Command: cat /home/fuzz/fuzzing/jasper/ie.jpc/ie.jpc | zzuf -s397041 -r0.0157041:0.0254098 > /home/fuzz/fuzzing/jasper/ie.jpc/ie.jpc.397041
EIP=0x8079014
seen at seed=397920 range=0.0157041:0.0254098 file=/home/fuzz/fuzzing/jasper/ie.jpc/ie.jpc.397920 file_md5=bd79153cd9d39afd83460100d0bece25
Command: cat /home/fuzz/fuzzing/jasper/ie.jpc/ie.jpc | zzuf -s397920 -r0.0157041:0.0254098 > /home/fuzz/fuzzing/jasper/ie.jpc/ie.jpc.397920
EIP=0x8079014
seen at seed=398224 range=0.0157041:0.0254098 file=/home/fuzz/fuzzing/jasper/ie.jpc/ie.jpc.398224 file_md5=e33c945e89848381c890fa36f2c9a447
Command: cat /home/fuzz/fuzzing/jasper/ie.jpc/ie.jpc | zzuf -s398224 -r0.0157041:0.0254098 > /home/fuzz/fuzzing/jasper/ie.jpc/ie.jpc.398224
EIP=0x8079014
seen at seed=398244 range=0.0157041:0.0254098 file=/home/fuzz/fuzzing/jasper/ie.jpc/ie.jpc.398244 file_md5=da97e8f5e435564cf6cbbfaa108447bf
Command: cat /home/fuzz/fuzzing/jasper/ie.jpc/ie.jpc | zzuf -s398244 -r0.0157041:0.0254098 > /home/fuzz/fuzzing/jasper/ie.jpc/ie.jpc.398244
EIP=0x8079014
seen at seed=398349 range=0.0157041:0.0254098 file=/home/fuzz/fuzzing/jasper/ie.jpc/ie.jpc.398349 file_md5=b854b0ed42048b2301326567c867b19b
Command: cat /home/fuzz/fuzzing/jasper/ie.jpc/ie.jpc | zzuf -s398349 -r0.0157041:0.0254098 > /home/fuzz/fuzzing/jasper/ie.jpc/ie.jpc.398349
EIP=0x8079014
seen at seed=399298 range=0.0157041:0.0254098 file=/home/fuzz/fuzzing/jasper/ie.jpc/ie.jpc.399298 file_md5=eca067cf9741e22fc570a3937cc86515
Command: cat /home/fuzz/fuzzing/jasper/ie.jpc/ie.jpc | zzuf -s399298 -r0.0157041:0.0254098 > /home/fuzz/fuzzing/jasper/ie.jpc/ie.jpc.399298
EIP=0x8079014
seen at seed=401317 range=0.0157041:0.0254098 file=/home/fuzz/fuzzing/jasper/ie.jpc/ie.jpc.401317 file_md5=7595afdf78b574763fc4f732dcedcf99
Command: cat /home/fuzz/fuzzing/jasper/ie.jpc/ie.jpc | zzuf -s401317 -r0.0157041:0.0254098 > /home/fuzz/fuzzing/jasper/ie.jpc/ie.jpc.401317
EIP=0x8079014
seen at seed=402060 range=0.0157041:0.0254098 file=/home/fuzz/fuzzing/jasper/ie.jpc/ie.jpc.402060 file_md5=489c8a3280bf981a900ee1c56636d334
Command: cat /home/fuzz/fuzzing/jasper/ie.jpc/ie.jpc | zzuf -s402060 -r0.0157041:0.0254098 > /home/fuzz/fuzzing/jasper/ie.jpc/ie.jpc.402060
EIP=0x8079014
seen at seed=404565 range=0.0157041:0.0254098 file=/home/fuzz/fuzzing/jasper/ie.jpc/ie.jpc.404565 file_md5=e1a449b6af7d388f18324ac54f4a4747
Command: cat /home/fuzz/fuzzing/jasper/ie.jpc/ie.jpc | zzuf -s404565 -r0.0157041:0.0254098 > /home/fuzz/fuzzing/jasper/ie.jpc/ie.jpc.404565
EIP=0x8079014
seen at seed=406261 range=0.0157041:0.0254098 file=/home/fuzz/fuzzing/jasper/ie.jpc/ie.jpc.406261 file_md5=765f353be44396b73bf3afe695502edb
Command: cat /home/fuzz/fuzzing/jasper/ie.jpc/ie.jpc | zzuf -s406261 -r0.0157041:0.0254098 > /home/fuzz/fuzzing/jasper/ie.jpc/ie.jpc.406261
EIP=0x8079014
seen at seed=409338 range=0.0157041:0.0254098 file=/home/fuzz/fuzzing/jasper/ie.jpc/ie.jpc.409338 file_md5=ecc9b4b55aa6df927c54c712dbd57bd7
Command: cat /home/fuzz/fuzzing/jasper/ie.jpc/ie.jpc | zzuf -s409338 -r0.0157041:0.0254098 > /home/fuzz/fuzzing/jasper/ie.jpc/ie.jpc.409338
EIP=0x8079014
seen at seed=409701 range=0.0157041:0.0254098 file=/home/fuzz/fuzzing/jasper/ie.jpc/ie.jpc.409701 file_md5=862eac96e7d19e3941502bc8e13c9874
Command: cat /home/fuzz/fuzzing/jasper/ie.jpc/ie.jpc | zzuf -s409701 -r0.0157041:0.0254098 > /home/fuzz/fuzzing/jasper/ie.jpc/ie.jpc.409701
EIP=0x8079014
seen at seed=410076 range=0.0157041:0.0254098 file=/home/fuzz/fuzzing/jasper/ie.jpc/ie.jpc.410076 file_md5=b6c912ee24533dc63e4d1a37d43860a3
Command: cat /home/fuzz/fuzzing/jasper/ie.jpc/ie.jpc | zzuf -s410076 -r0.0157041:0.0254098 > /home/fuzz/fuzzing/jasper/ie.jpc/ie.jpc.410076
EIP=0x8079014
seen at seed=410203 range=0.0157041:0.0254098 file=/home/fuzz/fuzzing/jasper/ie.jpc/ie.jpc.410203 file_md5=281e86e44989b0bffbb03e72d08cf548
Command: cat /home/fuzz/fuzzing/jasper/ie.jpc/ie.jpc | zzuf -s410203 -r0.0157041:0.0254098 > /home/fuzz/fuzzing/jasper/ie.jpc/ie.jpc.410203
EIP=0x8079014
seen at seed=411464 range=0.0157041:0.0254098 file=/home/fuzz/fuzzing/jasper/ie.jpc/ie.jpc.411464 file_md5=775e0ee140b666c9c30d86596fc462d6
Command: cat /home/fuzz/fuzzing/jasper/ie.jpc/ie.jpc | zzuf -s411464 -r0.0157041:0.0254098 > /home/fuzz/fuzzing/jasper/ie.jpc/ie.jpc.411464
EIP=0x8079014
seen at seed=411610 range=0.0157041:0.0254098 file=/home/fuzz/fuzzing/jasper/ie.jpc/ie.jpc.411610 file_md5=82d23a8b717326a35779f587f4995b72
Command: cat /home/fuzz/fuzzing/jasper/ie.jpc/ie.jpc | zzuf -s411610 -r0.0157041:0.0254098 > /home/fuzz/fuzzing/jasper/ie.jpc/ie.jpc.411610
EIP=0x8079014
seen at seed=417106 range=0.0157041:0.0254098 file=/home/fuzz/fuzzing/jasper/ie.jpc/ie.jpc.417106 file_md5=9be60eb28c23469861bae92bc4c5b308
Command: cat /home/fuzz/fuzzing/jasper/ie.jpc/ie.jpc | zzuf -s417106 -r0.0157041:0.0254098 > /home/fuzz/fuzzing/jasper/ie.jpc/ie.jpc.417106
EIP=0x8079014
seen at seed=420031 range=0.0157041:0.0254098 file=/home/fuzz/fuzzing/jasper/ie.jpc/ie.jpc.420031 file_md5=fa3f4a1f33499de1b1f25edd6c03b045
Command: cat /home/fuzz/fuzzing/jasper/ie.jpc/ie.jpc | zzuf -s420031 -r0.0157041:0.0254098 > /home/fuzz/fuzzing/jasper/ie.jpc/ie.jpc.420031
EIP=0x8079014
seen at seed=421108 range=0.0157041:0.0254098 file=/home/fuzz/fuzzing/jasper/ie.jpc/ie.jpc.421108 file_md5=8fdc44a32172a299e8f6484fd404bceb
Command: cat /home/fuzz/fuzzing/jasper/ie.jpc/ie.jpc | zzuf -s421108 -r0.0157041:0.0254098 > /home/fuzz/fuzzing/jasper/ie.jpc/ie.jpc.421108
EIP=0x8079014
seen at seed=422056 range=0.0157041:0.0254098 file=/home/fuzz/fuzzing/jasper/ie.jpc/ie.jpc.422056 file_md5=f6dee0be461ecda7c5b7de14b5a0dd44
Command: cat /home/fuzz/fuzzing/jasper/ie.jpc/ie.jpc | zzuf -s422056 -r0.0157041:0.0254098 > /home/fuzz/fuzzing/jasper/ie.jpc/ie.jpc.422056
EIP=0x8079014
seen at seed=423088 range=0.0157041:0.0254098 file=/home/fuzz/fuzzing/jasper/ie.jpc/ie.jpc.423088 file_md5=f7f7c9bf1992716eeaf03489ef575d87
Command: cat /home/fuzz/fuzzing/jasper/ie.jpc/ie.jpc | zzuf -s423088 -r0.0157041:0.0254098 > /home/fuzz/fuzzing/jasper/ie.jpc/ie.jpc.423088
EIP=0x8079014
seen at seed=426959 range=0.0157041:0.0254098 file=/home/fuzz/fuzzing/jasper/ie.jpc/ie.jpc.426959 file_md5=fd96d3b7aa99aff920ca04e7e4799c34
Command: cat /home/fuzz/fuzzing/jasper/ie.jpc/ie.jpc | zzuf -s426959 -r0.0157041:0.0254098 > /home/fuzz/fuzzing/jasper/ie.jpc/ie.jpc.426959
EIP=0x8079014
seen at seed=427309 range=0.0157041:0.0254098 file=/home/fuzz/fuzzing/jasper/ie.jpc/ie.jpc.427309 file_md5=50659f9895b8d1246940436025ff4471
Command: cat /home/fuzz/fuzzing/jasper/ie.jpc/ie.jpc | zzuf -s427309 -r0.0157041:0.0254098 > /home/fuzz/fuzzing/jasper/ie.jpc/ie.jpc.427309
EIP=0x8079014
seen at seed=429026 range=0.0157041:0.0254098 file=/home/fuzz/fuzzing/jasper/ie.jpc/ie.jpc.429026 file_md5=8532d1e40bea093caa692a8895f894db
Command: cat /home/fuzz/fuzzing/jasper/ie.jpc/ie.jpc | zzuf -s429026 -r0.0157041:0.0254098 > /home/fuzz/fuzzing/jasper/ie.jpc/ie.jpc.429026
EIP=0x8079014
seen at seed=429458 range=0.0157041:0.0254098 file=/home/fuzz/fuzzing/jasper/ie.jpc/ie.jpc.429458 file_md5=3f46ab7ca861dc431887bf0dcd0cfcb4
Command: cat /home/fuzz/fuzzing/jasper/ie.jpc/ie.jpc | zzuf -s429458 -r0.0157041:0.0254098 > /home/fuzz/fuzzing/jasper/ie.jpc/ie.jpc.429458
EIP=0x8079014
seen at seed=432655 range=0.0157041:0.0254098 file=/home/fuzz/fuzzing/jasper/ie.jpc/ie.jpc.432655 file_md5=609434dbc1f81b1a4b35bbbf115a80d1
Command: cat /home/fuzz/fuzzing/jasper/ie.jpc/ie.jpc | zzuf -s432655 -r0.0157041:0.0254098 > /home/fuzz/fuzzing/jasper/ie.jpc/ie.jpc.432655
EIP=0x8079014
seen at seed=433923 range=0.0157041:0.0254098 file=/home/fuzz/fuzzing/jasper/ie.jpc/ie.jpc.433923 file_md5=bdf29ad45a498dfa55dc3730dc8440e8
Command: cat /home/fuzz/fuzzing/jasper/ie.jpc/ie.jpc | zzuf -s433923 -r0.0157041:0.0254098 > /home/fuzz/fuzzing/jasper/ie.jpc/ie.jpc.433923
EIP=0x8079014
seen at seed=433969 range=0.0157041:0.0254098 file=/home/fuzz/fuzzing/jasper/ie.jpc/ie.jpc.433969 file_md5=095ff2270617f6b7b7f79aacb4ef4dd4
Command: cat /home/fuzz/fuzzing/jasper/ie.jpc/ie.jpc | zzuf -s433969 -r0.0157041:0.0254098 > /home/fuzz/fuzzing/jasper/ie.jpc/ie.jpc.433969
EIP=0x8079014
seen at seed=437815 range=0.0157041:0.0254098 file=/home/fuzz/fuzzing/jasper/ie.jpc/ie.jpc.437815 file_md5=370c8cba5991938d5989b6297b620a24
Command: cat /home/fuzz/fuzzing/jasper/ie.jpc/ie.jpc | zzuf -s437815 -r0.0157041:0.0254098 > /home/fuzz/fuzzing/jasper/ie.jpc/ie.jpc.437815
EIP=0x8079014
seen at seed=438246 range=0.0157041:0.0254098 file=/home/fuzz/fuzzing/jasper/ie.jpc/ie.jpc.438246 file_md5=c79bfd07cb856301509d47da640bbc00
Command: cat /home/fuzz/fuzzing/jasper/ie.jpc/ie.jpc | zzuf -s438246 -r0.0157041:0.0254098 > /home/fuzz/fuzzing/jasper/ie.jpc/ie.jpc.438246
EIP=0x8079014
seen at seed=438978 range=0.0157041:0.0254098 file=/home/fuzz/fuzzing/jasper/ie.jpc/ie.jpc.438978 file_md5=e2bc8dc1950f8f3f4998bf441f6fe97a
Command: cat /home/fuzz/fuzzing/jasper/ie.jpc/ie.jpc | zzuf -s438978 -r0.0157041:0.0254098 > /home/fuzz/fuzzing/jasper/ie.jpc/ie.jpc.438978
EIP=0x8079014
seen at seed=440216 range=0.0157041:0.0254098 file=/home/fuzz/fuzzing/jasper/ie.jpc/ie.jpc.440216 file_md5=e287410ac7c8bc91ede478e30801bbc6
Command: cat /home/fuzz/fuzzing/jasper/ie.jpc/ie.jpc | zzuf -s440216 -r0.0157041:0.0254098 > /home/fuzz/fuzzing/jasper/ie.jpc/ie.jpc.440216
EIP=0x8079014
seen at seed=440756 range=0.0157041:0.0254098 file=/home/fuzz/fuzzing/jasper/ie.jpc/ie.jpc.440756 file_md5=68628f7642018035a7b4a35e9dcefd81
Command: cat /home/fuzz/fuzzing/jasper/ie.jpc/ie.jpc | zzuf -s440756 -r0.0157041:0.0254098 > /home/fuzz/fuzzing/jasper/ie.jpc/ie.jpc.440756
EIP=0x8079014
seen at seed=441621 range=0.0157041:0.0254098 file=/home/fuzz/fuzzing/jasper/ie.jpc/ie.jpc.441621 file_md5=bf28ae7507469bb4eb0c0bee152fd236
Command: cat /home/fuzz/fuzzing/jasper/ie.jpc/ie.jpc | zzuf -s441621 -r0.0157041:0.0254098 > /home/fuzz/fuzzing/jasper/ie.jpc/ie.jpc.441621
EIP=0x8079014
seen at seed=441855 range=0.0157041:0.0254098 file=/home/fuzz/fuzzing/jasper/ie.jpc/ie.jpc.441855 file_md5=c3c5365462b8f8e24b8c6bfd75a11e89
Command: cat /home/fuzz/fuzzing/jasper/ie.jpc/ie.jpc | zzuf -s441855 -r0.0157041:0.0254098 > /home/fuzz/fuzzing/jasper/ie.jpc/ie.jpc.441855
EIP=0x8079014
seen at seed=442608 range=0.0157041:0.0254098 file=/home/fuzz/fuzzing/jasper/ie.jpc/ie.jpc.442608 file_md5=fcc42c6faadc90da6f36cde7540d44d3
Command: cat /home/fuzz/fuzzing/jasper/ie.jpc/ie.jpc | zzuf -s442608 -r0.0157041:0.0254098 > /home/fuzz/fuzzing/jasper/ie.jpc/ie.jpc.442608
EIP=0x8079014
seen at seed=443523 range=0.0157041:0.0254098 file=/home/fuzz/fuzzing/jasper/ie.jpc/ie.jpc.443523 file_md5=a27ff7caa8d4d6387e855bb0ccb13a60
Command: cat /home/fuzz/fuzzing/jasper/ie.jpc/ie.jpc | zzuf -s443523 -r0.0157041:0.0254098 > /home/fuzz/fuzzing/jasper/ie.jpc/ie.jpc.443523
EIP=0x8079014
seen at seed=443894 range=0.0157041:0.0254098 file=/home/fuzz/fuzzing/jasper/ie.jpc/ie.jpc.443894 file_md5=0c5c4e8fd66890a95069da9cd8b736b1
Command: cat /home/fuzz/fuzzing/jasper/ie.jpc/ie.jpc | zzuf -s443894 -r0.0157041:0.0254098 > /home/fuzz/fuzzing/jasper/ie.jpc/ie.jpc.443894
EIP=0x8079014
seen at seed=444911 range=0.0157041:0.0254098 file=/home/fuzz/fuzzing/jasper/ie.jpc/ie.jpc.444911 file_md5=bfe499848070171864d3d9f3a8b88ec0
Command: cat /home/fuzz/fuzzing/jasper/ie.jpc/ie.jpc | zzuf -s444911 -r0.0157041:0.0254098 > /home/fuzz/fuzzing/jasper/ie.jpc/ie.jpc.444911
EIP=0x8079014
seen at seed=447012 range=0.0157041:0.0254098 file=/home/fuzz/fuzzing/jasper/ie.jpc/ie.jpc.447012 file_md5=3ef1017ea7dfaaa93d553a8942d9e8d9
Command: cat /home/fuzz/fuzzing/jasper/ie.jpc/ie.jpc | zzuf -s447012 -r0.0157041:0.0254098 > /home/fuzz/fuzzing/jasper/ie.jpc/ie.jpc.447012
EIP=0x8079014
seen at seed=448830 range=0.0157041:0.0254098 file=/home/fuzz/fuzzing/jasper/ie.jpc/ie.jpc.448830 file_md5=467c68d8830633225d3d11623bdf2d20
Command: cat /home/fuzz/fuzzing/jasper/ie.jpc/ie.jpc | zzuf -s448830 -r0.0157041:0.0254098 > /home/fuzz/fuzzing/jasper/ie.jpc/ie.jpc.448830
EIP=0x8079014
seen at seed=449489 range=0.0157041:0.0254098 file=/home/fuzz/fuzzing/jasper/ie.jpc/ie.jpc.449489 file_md5=1a55a9a758b30d08d6df9f7aaaf47f66
Command: cat /home/fuzz/fuzzing/jasper/ie.jpc/ie.jpc | zzuf -s449489 -r0.0157041:0.0254098 > /home/fuzz/fuzzing/jasper/ie.jpc/ie.jpc.449489
EIP=0x8079014
seen at seed=449903 range=0.0157041:0.0254098 file=/home/fuzz/fuzzing/jasper/ie.jpc/ie.jpc.449903 file_md5=79651034a664ab02eca8374db8a22f7c
Command: cat /home/fuzz/fuzzing/jasper/ie.jpc/ie.jpc | zzuf -s449903 -r0.0157041:0.0254098 > /home/fuzz/fuzzing/jasper/ie.jpc/ie.jpc.449903
EIP=0x8079014
seen at seed=452498 range=0.0157041:0.0254098 file=/home/fuzz/fuzzing/jasper/ie.jpc/ie.jpc.452498 file_md5=e91a384e6e7b37df476919767a1695b0
Command: cat /home/fuzz/fuzzing/jasper/ie.jpc/ie.jpc | zzuf -s452498 -r0.0157041:0.0254098 > /home/fuzz/fuzzing/jasper/ie.jpc/ie.jpc.452498
EIP=0x8079014
seen at seed=457106 range=0.0157041:0.0254098 file=/home/fuzz/fuzzing/jasper/ie.jpc/ie.jpc.457106 file_md5=e91a384e6e7b37df476919767a1695b0
Command: cat /home/fuzz/fuzzing/jasper/ie.jpc/ie.jpc | zzuf -s457106 -r0.0157041:0.0254098 > /home/fuzz/fuzzing/jasper/ie.jpc/ie.jpc.457106
EIP=0x8079014
seen at seed=459097 range=0.0157041:0.0254098 file=/home/fuzz/fuzzing/jasper/ie.jpc/ie.jpc.459097 file_md5=468ba35ef2f3ead2069533c762dc4964
Command: cat /home/fuzz/fuzzing/jasper/ie.jpc/ie.jpc | zzuf -s459097 -r0.0157041:0.0254098 > /home/fuzz/fuzzing/jasper/ie.jpc/ie.jpc.459097
EIP=0x8079014
seen at seed=463448 range=0.0157041:0.0254098 file=/home/fuzz/fuzzing/jasper/ie.jpc/ie.jpc.463448 file_md5=97b4c3e47c0dff2d600db376c50fdc81
Command: cat /home/fuzz/fuzzing/jasper/ie.jpc/ie.jpc | zzuf -s463448 -r0.0157041:0.0254098 > /home/fuzz/fuzzing/jasper/ie.jpc/ie.jpc.463448
EIP=0x8079014
seen at seed=464761 range=0.0157041:0.0254098 file=/home/fuzz/fuzzing/jasper/ie.jpc/ie.jpc.464761 file_md5=1589f0d0c50704780a9bc816c98c3626
Command: cat /home/fuzz/fuzzing/jasper/ie.jpc/ie.jpc | zzuf -s464761 -r0.0157041:0.0254098 > /home/fuzz/fuzzing/jasper/ie.jpc/ie.jpc.464761
EIP=0x8079014
seen at seed=465192 range=0.0157041:0.0254098 file=/home/fuzz/fuzzing/jasper/ie.jpc/ie.jpc.465192 file_md5=603cb23e62b531d92c441aeb9d651942
Command: cat /home/fuzz/fuzzing/jasper/ie.jpc/ie.jpc | zzuf -s465192 -r0.0157041:0.0254098 > /home/fuzz/fuzzing/jasper/ie.jpc/ie.jpc.465192
EIP=0x8079014
seen at seed=465534 range=0.0157041:0.0254098 file=/home/fuzz/fuzzing/jasper/ie.jpc/ie.jpc.465534 file_md5=511ac75993d051122a7a0836cc174854
Command: cat /home/fuzz/fuzzing/jasper/ie.jpc/ie.jpc | zzuf -s465534 -r0.0157041:0.0254098 > /home/fuzz/fuzzing/jasper/ie.jpc/ie.jpc.465534
EIP=0x8079014
seen at seed=465950 range=0.0157041:0.0254098 file=/home/fuzz/fuzzing/jasper/ie.jpc/ie.jpc.465950 file_md5=f90e9c1824b31a87307539d7ed048c5b
Command: cat /home/fuzz/fuzzing/jasper/ie.jpc/ie.jpc | zzuf -s465950 -r0.0157041:0.0254098 > /home/fuzz/fuzzing/jasper/ie.jpc/ie.jpc.465950
EIP=0x8079014
seen at seed=466107 range=0.0157041:0.0254098 file=/home/fuzz/fuzzing/jasper/ie.jpc/ie.jpc.466107 file_md5=0ed5991a4efdcb4ea4375590cea98664
Command: cat /home/fuzz/fuzzing/jasper/ie.jpc/ie.jpc | zzuf -s466107 -r0.0157041:0.0254098 > /home/fuzz/fuzzing/jasper/ie.jpc/ie.jpc.466107
EIP=0x8079014
seen at seed=468935 range=0.0157041:0.0254098 file=/home/fuzz/fuzzing/jasper/ie.jpc/ie.jpc.468935 file_md5=14e10888b70a4ddd37525d3a2e40f6e0
Command: cat /home/fuzz/fuzzing/jasper/ie.jpc/ie.jpc | zzuf -s468935 -r0.0157041:0.0254098 > /home/fuzz/fuzzing/jasper/ie.jpc/ie.jpc.468935
EIP=0x8079014
seen at seed=469291 range=0.0157041:0.0254098 file=/home/fuzz/fuzzing/jasper/ie.jpc/ie.jpc.469291 file_md5=b3e6fd87d16dc22a46fb539bdcb183be
Command: cat /home/fuzz/fuzzing/jasper/ie.jpc/ie.jpc | zzuf -s469291 -r0.0157041:0.0254098 > /home/fuzz/fuzzing/jasper/ie.jpc/ie.jpc.469291
EIP=0x8079014
seen at seed=469367 range=0.0157041:0.0254098 file=/home/fuzz/fuzzing/jasper/ie.jpc/ie.jpc.469367 file_md5=8df652b170b97cbbe8e38ee8d2b3570a
Command: cat /home/fuzz/fuzzing/jasper/ie.jpc/ie.jpc | zzuf -s469367 -r0.0157041:0.0254098 > /home/fuzz/fuzzing/jasper/ie.jpc/ie.jpc.469367
EIP=0x8079014
seen at seed=471274 range=0.0157041:0.0254098 file=/home/fuzz/fuzzing/jasper/ie.jpc/ie.jpc.471274 file_md5=84fe7a7ba103961f4ceae7f0305edcfe
Command: cat /home/fuzz/fuzzing/jasper/ie.jpc/ie.jpc | zzuf -s471274 -r0.0157041:0.0254098 > /home/fuzz/fuzzing/jasper/ie.jpc/ie.jpc.471274
EIP=0x8079014
seen at seed=475430 range=0.0157041:0.0254098 file=/home/fuzz/fuzzing/jasper/ie.jpc/ie.jpc.475430 file_md5=9c0eca39fd83827684f911041f45d6e9
Command: cat /home/fuzz/fuzzing/jasper/ie.jpc/ie.jpc | zzuf -s475430 -r0.0157041:0.0254098 > /home/fuzz/fuzzing/jasper/ie.jpc/ie.jpc.475430
EIP=0x8079014
seen at seed=476607 range=0.0157041:0.0254098 file=/home/fuzz/fuzzing/jasper/ie.jpc/ie.jpc.476607 file_md5=f6ca68907f7279a3e742198a4659ee6b
Command: cat /home/fuzz/fuzzing/jasper/ie.jpc/ie.jpc | zzuf -s476607 -r0.0157041:0.0254098 > /home/fuzz/fuzzing/jasper/ie.jpc/ie.jpc.476607
EIP=0x8079014
seen at seed=477615 range=0.0157041:0.0254098 file=/home/fuzz/fuzzing/jasper/ie.jpc/ie.jpc.477615 file_md5=f75e597e70aefba58f93b6a50ebde8cf
Command: cat /home/fuzz/fuzzing/jasper/ie.jpc/ie.jpc | zzuf -s477615 -r0.0157041:0.0254098 > /home/fuzz/fuzzing/jasper/ie.jpc/ie.jpc.477615
EIP=0x8079014
seen at seed=479520 range=0.0157041:0.0254098 file=/home/fuzz/fuzzing/jasper/ie.jpc/ie.jpc.479520 file_md5=b5acfaa7e3697e642c3c75236228369a
Command: cat /home/fuzz/fuzzing/jasper/ie.jpc/ie.jpc | zzuf -s479520 -r0.0157041:0.0254098 > /home/fuzz/fuzzing/jasper/ie.jpc/ie.jpc.479520
EIP=0x8079014
seen at seed=483510 range=0.0157041:0.0254098 file=/home/fuzz/fuzzing/jasper/ie.jpc/ie.jpc.483510 file_md5=834cd407afb5b75d904846b07f8247bc
Command: cat /home/fuzz/fuzzing/jasper/ie.jpc/ie.jpc | zzuf -s483510 -r0.0157041:0.0254098 > /home/fuzz/fuzzing/jasper/ie.jpc/ie.jpc.483510
EIP=0x8079014
seen at seed=483997 range=0.0157041:0.0254098 file=/home/fuzz/fuzzing/jasper/ie.jpc/ie.jpc.483997 file_md5=97e4af8be2380fc0fa1f97a82648abf3
Command: cat /home/fuzz/fuzzing/jasper/ie.jpc/ie.jpc | zzuf -s483997 -r0.0157041:0.0254098 > /home/fuzz/fuzzing/jasper/ie.jpc/ie.jpc.483997
EIP=0x8079014
seen at seed=484032 range=0.0157041:0.0254098 file=/home/fuzz/fuzzing/jasper/ie.jpc/ie.jpc.484032 file_md5=42b22534bf4e100687f14eed5dd1ca6f
Command: cat /home/fuzz/fuzzing/jasper/ie.jpc/ie.jpc | zzuf -s484032 -r0.0157041:0.0254098 > /home/fuzz/fuzzing/jasper/ie.jpc/ie.jpc.484032
EIP=0x8079014
seen at seed=484495 range=0.0157041:0.0254098 file=/home/fuzz/fuzzing/jasper/ie.jpc/ie.jpc.484495 file_md5=eed8437ac3d504e59d0ceaa3995dc599
Command: cat /home/fuzz/fuzzing/jasper/ie.jpc/ie.jpc | zzuf -s484495 -r0.0157041:0.0254098 > /home/fuzz/fuzzing/jasper/ie.jpc/ie.jpc.484495
EIP=0x8079014
seen at seed=486195 range=0.0157041:0.0254098 file=/home/fuzz/fuzzing/jasper/ie.jpc/ie.jpc.486195 file_md5=87f1c87c2dadc01fff44e00491131cba
Command: cat /home/fuzz/fuzzing/jasper/ie.jpc/ie.jpc | zzuf -s486195 -r0.0157041:0.0254098 > /home/fuzz/fuzzing/jasper/ie.jpc/ie.jpc.486195
EIP=0x8079014
seen at seed=487482 range=0.0157041:0.0254098 file=/home/fuzz/fuzzing/jasper/ie.jpc/ie.jpc.487482 file_md5=2150d1a89b7b52ac830e0c9e53a99d51
Command: cat /home/fuzz/fuzzing/jasper/ie.jpc/ie.jpc | zzuf -s487482 -r0.0157041:0.0254098 > /home/fuzz/fuzzing/jasper/ie.jpc/ie.jpc.487482
EIP=0x8079014
seen at seed=492889 range=0.0157041:0.0254098 file=/home/fuzz/fuzzing/jasper/ie.jpc/ie.jpc.492889 file_md5=1e9a765d6c98236dbce4082209f3bee2
Command: cat /home/fuzz/fuzzing/jasper/ie.jpc/ie.jpc | zzuf -s492889 -r0.0157041:0.0254098 > /home/fuzz/fuzzing/jasper/ie.jpc/ie.jpc.492889
EIP=0x8079014
seen at seed=493455 range=0.0157041:0.0254098 file=/home/fuzz/fuzzing/jasper/ie.jpc/ie.jpc.493455 file_md5=638e99c18396b4641b2f9630feb1274e
Command: cat /home/fuzz/fuzzing/jasper/ie.jpc/ie.jpc | zzuf -s493455 -r0.0157041:0.0254098 > /home/fuzz/fuzzing/jasper/ie.jpc/ie.jpc.493455
EIP=0x8079014
seen at seed=494123 range=0.0157041:0.0254098 file=/home/fuzz/fuzzing/jasper/ie.jpc/ie.jpc.494123 file_md5=eb967a42e6699f117578d214ef9f82c8
Command: cat /home/fuzz/fuzzing/jasper/ie.jpc/ie.jpc | zzuf -s494123 -r0.0157041:0.0254098 > /home/fuzz/fuzzing/jasper/ie.jpc/ie.jpc.494123
EIP=0x8079014
seen at seed=495060 range=0.0157041:0.0254098 file=/home/fuzz/fuzzing/jasper/ie.jpc/ie.jpc.495060 file_md5=eb8c7169b975b73dabdd727bed2098fb
Command: cat /home/fuzz/fuzzing/jasper/ie.jpc/ie.jpc | zzuf -s495060 -r0.0157041:0.0254098 > /home/fuzz/fuzzing/jasper/ie.jpc/ie.jpc.495060
EIP=0x8079014
seen at seed=499888 range=0.0157041:0.0254098 file=/home/fuzz/fuzzing/jasper/ie.jpc/ie.jpc.499888 file_md5=30c3dc1aa2d8e07f4d1af1e696ff7653
Command: cat /home/fuzz/fuzzing/jasper/ie.jpc/ie.jpc | zzuf -s499888 -r0.0157041:0.0254098 > /home/fuzz/fuzzing/jasper/ie.jpc/ie.jpc.499888
EIP=0x8079014
seen at seed=501605 range=0.0157041:0.0254098 file=/home/fuzz/fuzzing/jasper/ie.jpc/ie.jpc.501605 file_md5=aa592d64a59f4561de60a69e57f420df
Command: cat /home/fuzz/fuzzing/jasper/ie.jpc/ie.jpc | zzuf -s501605 -r0.0157041:0.0254098 > /home/fuzz/fuzzing/jasper/ie.jpc/ie.jpc.501605
EIP=0x8079014
seen at seed=503782 range=0.0157041:0.0254098 file=/home/fuzz/fuzzing/jasper/ie.jpc/ie.jpc.503782 file_md5=57341b7d376b57869e58f827d1f3ff5b
Command: cat /home/fuzz/fuzzing/jasper/ie.jpc/ie.jpc | zzuf -s503782 -r0.0157041:0.0254098 > /home/fuzz/fuzzing/jasper/ie.jpc/ie.jpc.503782
EIP=0x8079014
seen at seed=503931 range=0.0157041:0.0254098 file=/home/fuzz/fuzzing/jasper/ie.jpc/ie.jpc.503931 file_md5=3b17157a9b7205a281711022928d177b
Command: cat /home/fuzz/fuzzing/jasper/ie.jpc/ie.jpc | zzuf -s503931 -r0.0157041:0.0254098 > /home/fuzz/fuzzing/jasper/ie.jpc/ie.jpc.503931
EIP=0x8079014
seen at seed=504450 range=0.0157041:0.0254098 file=/home/fuzz/fuzzing/jasper/ie.jpc/ie.jpc.504450 file_md5=5a34cfe69b16d6d24edd1c0f1667d0ca
Command: cat /home/fuzz/fuzzing/jasper/ie.jpc/ie.jpc | zzuf -s504450 -r0.0157041:0.0254098 > /home/fuzz/fuzzing/jasper/ie.jpc/ie.jpc.504450
EIP=0x8079014
seen at seed=504950 range=0.0157041:0.0254098 file=/home/fuzz/fuzzing/jasper/ie.jpc/ie.jpc.504950 file_md5=5a899f183228ef207fe6d28b495bd983
Command: cat /home/fuzz/fuzzing/jasper/ie.jpc/ie.jpc | zzuf -s504950 -r0.0157041:0.0254098 > /home/fuzz/fuzzing/jasper/ie.jpc/ie.jpc.504950
EIP=0x8079014
seen at seed=505364 range=0.0157041:0.0254098 file=/home/fuzz/fuzzing/jasper/ie.jpc/ie.jpc.505364 file_md5=5f635f1251ddc45e603c0385eee87059
Command: cat /home/fuzz/fuzzing/jasper/ie.jpc/ie.jpc | zzuf -s505364 -r0.0157041:0.0254098 > /home/fuzz/fuzzing/jasper/ie.jpc/ie.jpc.505364
EIP=0x8079014
seen at seed=506044 range=0.0157041:0.0254098 file=/home/fuzz/fuzzing/jasper/ie.jpc/ie.jpc.506044 file_md5=44d49bf55431421bf3b9102de28a0ac0
Command: cat /home/fuzz/fuzzing/jasper/ie.jpc/ie.jpc | zzuf -s506044 -r0.0157041:0.0254098 > /home/fuzz/fuzzing/jasper/ie.jpc/ie.jpc.506044
EIP=0x8079014
seen at seed=506075 range=0.0157041:0.0254098 file=/home/fuzz/fuzzing/jasper/ie.jpc/ie.jpc.506075 file_md5=78c7afd3c237e1ae870ef702cf3f0bf3
Command: cat /home/fuzz/fuzzing/jasper/ie.jpc/ie.jpc | zzuf -s506075 -r0.0157041:0.0254098 > /home/fuzz/fuzzing/jasper/ie.jpc/ie.jpc.506075
EIP=0x8079014
seen at seed=507502 range=0.0157041:0.0254098 file=/home/fuzz/fuzzing/jasper/ie.jpc/ie.jpc.507502 file_md5=ccd44eb0149ee05a7aab738c881f8d97
Command: cat /home/fuzz/fuzzing/jasper/ie.jpc/ie.jpc | zzuf -s507502 -r0.0157041:0.0254098 > /home/fuzz/fuzzing/jasper/ie.jpc/ie.jpc.507502
EIP=0x8079014
seen at seed=508052 range=0.0157041:0.0254098 file=/home/fuzz/fuzzing/jasper/ie.jpc/ie.jpc.508052 file_md5=5fecf377e416d76d77a71c5c53c14e85
Command: cat /home/fuzz/fuzzing/jasper/ie.jpc/ie.jpc | zzuf -s508052 -r0.0157041:0.0254098 > /home/fuzz/fuzzing/jasper/ie.jpc/ie.jpc.508052
EIP=0x8079014
seen at seed=511698 range=0.0157041:0.0254098 file=/home/fuzz/fuzzing/jasper/ie.jpc/ie.jpc.511698 file_md5=2184add577ef233b595e461aefb5cd90
Command: cat /home/fuzz/fuzzing/jasper/ie.jpc/ie.jpc | zzuf -s511698 -r0.0157041:0.0254098 > /home/fuzz/fuzzing/jasper/ie.jpc/ie.jpc.511698
EIP=0x8079014
