Getting STDERR for 105d78841ce57fe797765a6319a05dda
Valgrind for 105d78841ce57fe797765a6319a05dda
Minimizing from /home/fuzz/fuzzing/jasper/ie.jpc/ie.jpc.7918
bitwise_hd=2
bytewise_hd=2
seen at seed=7918 range=0.0157041:0.0254098 file=/home/fuzz/fuzzing/jasper/ie.jpc/ie.jpc.7918 file_md5=ab59eb2aafec9fd5c33eb0f8c6469395
Command: cat /home/fuzz/fuzzing/jasper/ie.jpc/ie.jpc | zzuf -s7918 -r0.0157041:0.0254098 > /home/fuzz/fuzzing/jasper/ie.jpc/ie.jpc.7918
EIP=0x807a1c2
seen at seed=12074 range=0.00087516:0.00141604 file=/home/fuzz/fuzzing/jasper/ie.jpc/ie.jpc.12074 file_md5=ae2b2c428b00c0939f986365af441abe
Command: cat /home/fuzz/fuzzing/jasper/ie.jpc/ie.jpc | zzuf -s12074 -r0.00087516:0.00141604 > /home/fuzz/fuzzing/jasper/ie.jpc/ie.jpc.12074
EIP=0x807a1c2
seen at seed=20220 range=0.00970567:0.0157041 file=/home/fuzz/fuzzing/jasper/ie.jpc/ie.jpc.20220 file_md5=3d03cbf54018fd55f01647b2172bfdc0
Command: cat /home/fuzz/fuzzing/jasper/ie.jpc/ie.jpc | zzuf -s20220 -r0.00970567:0.0157041 > /home/fuzz/fuzzing/jasper/ie.jpc/ie.jpc.20220
EIP=0x807a1c2
seen at seed=44651 range=0.0157041:0.0254098 file=/home/fuzz/fuzzing/jasper/ie.jpc/ie.jpc.44651 file_md5=c491436fc75d42ade88ce1bf6dd8b4cf
Command: cat /home/fuzz/fuzzing/jasper/ie.jpc/ie.jpc | zzuf -s44651 -r0.0157041:0.0254098 > /home/fuzz/fuzzing/jasper/ie.jpc/ie.jpc.44651
EIP=0x807a1c2
seen at seed=50482 range=0.0157041:0.0254098 file=/home/fuzz/fuzzing/jasper/ie.jpc/ie.jpc.50482 file_md5=4727924d1c508b039f296802e047d626
Command: cat /home/fuzz/fuzzing/jasper/ie.jpc/ie.jpc | zzuf -s50482 -r0.0157041:0.0254098 > /home/fuzz/fuzzing/jasper/ie.jpc/ie.jpc.50482
EIP=0x807a1c2
seen at seed=106966 range=0.0157041:0.0254098 file=/home/fuzz/fuzzing/jasper/ie.jpc/ie.jpc.106966 file_md5=02ca66bcdad2bb1d4ab040f19b0c07cd
Command: cat /home/fuzz/fuzzing/jasper/ie.jpc/ie.jpc | zzuf -s106966 -r0.0157041:0.0254098 > /home/fuzz/fuzzing/jasper/ie.jpc/ie.jpc.106966
EIP=0x807a1c2
seen at seed=119394 range=0.0157041:0.0254098 file=/home/fuzz/fuzzing/jasper/ie.jpc/ie.jpc.119394 file_md5=a74662409a348850d8f06f58906bbc33
Command: cat /home/fuzz/fuzzing/jasper/ie.jpc/ie.jpc | zzuf -s119394 -r0.0157041:0.0254098 > /home/fuzz/fuzzing/jasper/ie.jpc/ie.jpc.119394
EIP=0x807a1c2
seen at seed=157242 range=0.00970567:0.0157041 file=/home/fuzz/fuzzing/jasper/ie.jpc/ie.jpc.157242 file_md5=a90f65b92def39871d9db4bed31adb6c
Command: cat /home/fuzz/fuzzing/jasper/ie.jpc/ie.jpc | zzuf -s157242 -r0.00970567:0.0157041 > /home/fuzz/fuzzing/jasper/ie.jpc/ie.jpc.157242
EIP=0x807a1c2
seen at seed=158801 range=0.0157041:0.0254098 file=/home/fuzz/fuzzing/jasper/ie.jpc/ie.jpc.158801 file_md5=b51dd8e9d8b7d4d367a6ad795d12de22
Command: cat /home/fuzz/fuzzing/jasper/ie.jpc/ie.jpc | zzuf -s158801 -r0.0157041:0.0254098 > /home/fuzz/fuzzing/jasper/ie.jpc/ie.jpc.158801
EIP=0x807a1c2
seen at seed=219793 range=0.0157041:0.0254098 file=/home/fuzz/fuzzing/jasper/ie.jpc/ie.jpc.219793 file_md5=ca5007c422d06b07d45cda41d076cbbe
Command: cat /home/fuzz/fuzzing/jasper/ie.jpc/ie.jpc | zzuf -s219793 -r0.0157041:0.0254098 > /home/fuzz/fuzzing/jasper/ie.jpc/ie.jpc.219793
EIP=0x807a1c2
seen at seed=225917 range=0.0157041:0.0254098 file=/home/fuzz/fuzzing/jasper/ie.jpc/ie.jpc.225917 file_md5=64f3eb84d9af89cf0d5901e032ad22c6
Command: cat /home/fuzz/fuzzing/jasper/ie.jpc/ie.jpc | zzuf -s225917 -r0.0157041:0.0254098 > /home/fuzz/fuzzing/jasper/ie.jpc/ie.jpc.225917
EIP=0x807a1c2
seen at seed=274193 range=0.0157041:0.0254098 file=/home/fuzz/fuzzing/jasper/ie.jpc/ie.jpc.274193 file_md5=7d4c1bcb361b59d47009690758d4398c
Command: cat /home/fuzz/fuzzing/jasper/ie.jpc/ie.jpc | zzuf -s274193 -r0.0157041:0.0254098 > /home/fuzz/fuzzing/jasper/ie.jpc/ie.jpc.274193
EIP=0x807a1c2
seen at seed=306436 range=0.0157041:0.0254098 file=/home/fuzz/fuzzing/jasper/ie.jpc/ie.jpc.306436 file_md5=a89bcfb0a68de0a23d7f57ab067c4853
Command: cat /home/fuzz/fuzzing/jasper/ie.jpc/ie.jpc | zzuf -s306436 -r0.0157041:0.0254098 > /home/fuzz/fuzzing/jasper/ie.jpc/ie.jpc.306436
EIP=0x807a1c2
seen at seed=327726 range=0.0157041:0.0254098 file=/home/fuzz/fuzzing/jasper/ie.jpc/ie.jpc.327726 file_md5=fa3935c74cc9d97be2265c1dad3b4b42
Command: cat /home/fuzz/fuzzing/jasper/ie.jpc/ie.jpc | zzuf -s327726 -r0.0157041:0.0254098 > /home/fuzz/fuzzing/jasper/ie.jpc/ie.jpc.327726
EIP=0x807a1c2
seen at seed=333561 range=0.0157041:0.0254098 file=/home/fuzz/fuzzing/jasper/ie.jpc/ie.jpc.333561 file_md5=39f28d7964cc59e1fa4df36cd880dac4
Command: cat /home/fuzz/fuzzing/jasper/ie.jpc/ie.jpc | zzuf -s333561 -r0.0157041:0.0254098 > /home/fuzz/fuzzing/jasper/ie.jpc/ie.jpc.333561
EIP=0x807a1c2
seen at seed=341884 range=0.0157041:0.0254098 file=/home/fuzz/fuzzing/jasper/ie.jpc/ie.jpc.341884 file_md5=75cfa533c15611337c6640705b1de575
Command: cat /home/fuzz/fuzzing/jasper/ie.jpc/ie.jpc | zzuf -s341884 -r0.0157041:0.0254098 > /home/fuzz/fuzzing/jasper/ie.jpc/ie.jpc.341884
EIP=0x807a1c2
seen at seed=356803 range=0.0157041:0.0254098 file=/home/fuzz/fuzzing/jasper/ie.jpc/ie.jpc.356803 file_md5=c976751ffddbf5f92fbb6c47740ab1a3
Command: cat /home/fuzz/fuzzing/jasper/ie.jpc/ie.jpc | zzuf -s356803 -r0.0157041:0.0254098 > /home/fuzz/fuzzing/jasper/ie.jpc/ie.jpc.356803
EIP=0x807a1c2
seen at seed=400026 range=0.0157041:0.0254098 file=/home/fuzz/fuzzing/jasper/ie.jpc/ie.jpc.400026 file_md5=96f25338a93de9b9262427200d79d82f
Command: cat /home/fuzz/fuzzing/jasper/ie.jpc/ie.jpc | zzuf -s400026 -r0.0157041:0.0254098 > /home/fuzz/fuzzing/jasper/ie.jpc/ie.jpc.400026
EIP=0x807a1c2
seen at seed=433051 range=0.0157041:0.0254098 file=/home/fuzz/fuzzing/jasper/ie.jpc/ie.jpc.433051 file_md5=3cde4f94560ba98b5dc69f64b325cd28
Command: cat /home/fuzz/fuzzing/jasper/ie.jpc/ie.jpc | zzuf -s433051 -r0.0157041:0.0254098 > /home/fuzz/fuzzing/jasper/ie.jpc/ie.jpc.433051
EIP=0x807a1c2
seen at seed=447718 range=0.0157041:0.0254098 file=/home/fuzz/fuzzing/jasper/ie.jpc/ie.jpc.447718 file_md5=1f83e67073b7bef3e4ef5db300a2d016
Command: cat /home/fuzz/fuzzing/jasper/ie.jpc/ie.jpc | zzuf -s447718 -r0.0157041:0.0254098 > /home/fuzz/fuzzing/jasper/ie.jpc/ie.jpc.447718
EIP=0x807a1c2
seen at seed=447953 range=0.0157041:0.0254098 file=/home/fuzz/fuzzing/jasper/ie.jpc/ie.jpc.447953 file_md5=6f0aa555b849f1d68779834d4c6f897b
Command: cat /home/fuzz/fuzzing/jasper/ie.jpc/ie.jpc | zzuf -s447953 -r0.0157041:0.0254098 > /home/fuzz/fuzzing/jasper/ie.jpc/ie.jpc.447953
EIP=0x807a1c2
seen at seed=462877 range=0.0157041:0.0254098 file=/home/fuzz/fuzzing/jasper/ie.jpc/ie.jpc.462877 file_md5=86d3b44496c0ed6dda5f05b49737d5ea
Command: cat /home/fuzz/fuzzing/jasper/ie.jpc/ie.jpc | zzuf -s462877 -r0.0157041:0.0254098 > /home/fuzz/fuzzing/jasper/ie.jpc/ie.jpc.462877
EIP=0x807a1c2
seen at seed=465642 range=0.0157041:0.0254098 file=/home/fuzz/fuzzing/jasper/ie.jpc/ie.jpc.465642 file_md5=6d4e364a4f7497cfef8c93ec6b391b34
Command: cat /home/fuzz/fuzzing/jasper/ie.jpc/ie.jpc | zzuf -s465642 -r0.0157041:0.0254098 > /home/fuzz/fuzzing/jasper/ie.jpc/ie.jpc.465642
EIP=0x807a1c2
seen at seed=468747 range=0.0157041:0.0254098 file=/home/fuzz/fuzzing/jasper/ie.jpc/ie.jpc.468747 file_md5=dea995d8edb931f30a6ef0c339b575ae
Command: cat /home/fuzz/fuzzing/jasper/ie.jpc/ie.jpc | zzuf -s468747 -r0.0157041:0.0254098 > /home/fuzz/fuzzing/jasper/ie.jpc/ie.jpc.468747
EIP=0x807a1c2
seen at seed=479798 range=0.0157041:0.0254098 file=/home/fuzz/fuzzing/jasper/ie.jpc/ie.jpc.479798 file_md5=f01ee082189296e429502bbe15d9e504
Command: cat /home/fuzz/fuzzing/jasper/ie.jpc/ie.jpc | zzuf -s479798 -r0.0157041:0.0254098 > /home/fuzz/fuzzing/jasper/ie.jpc/ie.jpc.479798
EIP=0x807a1c2
seen at seed=490184 range=0.0157041:0.0254098 file=/home/fuzz/fuzzing/jasper/ie.jpc/ie.jpc.490184 file_md5=0cb80c04d7cca069bb36247a010b9bff
Command: cat /home/fuzz/fuzzing/jasper/ie.jpc/ie.jpc | zzuf -s490184 -r0.0157041:0.0254098 > /home/fuzz/fuzzing/jasper/ie.jpc/ie.jpc.490184
EIP=0x807a1c2
seen at seed=510700 range=0.0157041:0.0254098 file=/home/fuzz/fuzzing/jasper/ie.jpc/ie.jpc.510700 file_md5=54dfdf01406ede7139e70987b190af51
Command: cat /home/fuzz/fuzzing/jasper/ie.jpc/ie.jpc | zzuf -s510700 -r0.0157041:0.0254098 > /home/fuzz/fuzzing/jasper/ie.jpc/ie.jpc.510700
EIP=0x807a1c2
