Getting STDERR for cb88dabe712d40cdb69311013c3e0326
Valgrind for cb88dabe712d40cdb69311013c3e0326
Minimizing from /home/fuzz/fuzzing/jasper/ie.jpc/ie.jpc.6507
bitwise_hd=2
bytewise_hd=2
seen at seed=6507 range=0.00970567:0.0157041 file=/home/fuzz/fuzzing/jasper/ie.jpc/ie.jpc.6507 file_md5=35bc7b03dac478c09581ac7b2571d12c
Command: cat /home/fuzz/fuzzing/jasper/ie.jpc/ie.jpc | zzuf -s6507 -r0.00970567:0.0157041 > /home/fuzz/fuzzing/jasper/ie.jpc/ie.jpc.6507
EIP=0xb7eb8d1b
seen at seed=18792 range=0.00970567:0.0157041 file=/home/fuzz/fuzzing/jasper/ie.jpc/ie.jpc.18792 file_md5=254d4728f2977b1fc5d6857e3596d43c
Command: cat /home/fuzz/fuzzing/jasper/ie.jpc/ie.jpc | zzuf -s18792 -r0.00970567:0.0157041 > /home/fuzz/fuzzing/jasper/ie.jpc/ie.jpc.18792
EIP=0xb7eb8d1b
seen at seed=18927 range=0.00970567:0.0157041 file=/home/fuzz/fuzzing/jasper/ie.jpc/ie.jpc.18927 file_md5=a73e40be2954e749a31d70b55c3d5645
Command: cat /home/fuzz/fuzzing/jasper/ie.jpc/ie.jpc | zzuf -s18927 -r0.00970567:0.0157041 > /home/fuzz/fuzzing/jasper/ie.jpc/ie.jpc.18927
EIP=0xb7eb8d1b
seen at seed=21941 range=0.00970567:0.0157041 file=/home/fuzz/fuzzing/jasper/ie.jpc/ie.jpc.21941 file_md5=315250816670272fc7cb930d5a8c4672
Command: cat /home/fuzz/fuzzing/jasper/ie.jpc/ie.jpc | zzuf -s21941 -r0.00970567:0.0157041 > /home/fuzz/fuzzing/jasper/ie.jpc/ie.jpc.21941
EIP=0xb7eb8d1b
seen at seed=25228 range=0.0157041:0.0254098 file=/home/fuzz/fuzzing/jasper/ie.jpc/ie.jpc.25228 file_md5=bf172d66a8a0477051feabab4c848f87
Command: cat /home/fuzz/fuzzing/jasper/ie.jpc/ie.jpc | zzuf -s25228 -r0.0157041:0.0254098 > /home/fuzz/fuzzing/jasper/ie.jpc/ie.jpc.25228
EIP=0xb7eb8d1b
seen at seed=30350 range=0.00970567:0.0157041 file=/home/fuzz/fuzzing/jasper/ie.jpc/ie.jpc.30350 file_md5=cb4f0b7026ddf9bf321ca24a873686e4
Command: cat /home/fuzz/fuzzing/jasper/ie.jpc/ie.jpc | zzuf -s30350 -r0.00970567:0.0157041 > /home/fuzz/fuzzing/jasper/ie.jpc/ie.jpc.30350
EIP=0xb7eb8d1b
seen at seed=33269 range=0.00970567:0.0157041 file=/home/fuzz/fuzzing/jasper/ie.jpc/ie.jpc.33269 file_md5=ae19bfbaf629dc132d746078d6c5d3ae
Command: cat /home/fuzz/fuzzing/jasper/ie.jpc/ie.jpc | zzuf -s33269 -r0.00970567:0.0157041 > /home/fuzz/fuzzing/jasper/ie.jpc/ie.jpc.33269
EIP=0xb7eb8d1b
seen at seed=37102 range=0.0157041:0.0254098 file=/home/fuzz/fuzzing/jasper/ie.jpc/ie.jpc.37102 file_md5=ecedc4e19c211af0f87b1a918ebab9df
Command: cat /home/fuzz/fuzzing/jasper/ie.jpc/ie.jpc | zzuf -s37102 -r0.0157041:0.0254098 > /home/fuzz/fuzzing/jasper/ie.jpc/ie.jpc.37102
EIP=0xb7eb8d1b
seen at seed=38835 range=0.0157041:0.0254098 file=/home/fuzz/fuzzing/jasper/ie.jpc/ie.jpc.38835 file_md5=8dc13e68848ad4978ea805c17d0d89c4
Command: cat /home/fuzz/fuzzing/jasper/ie.jpc/ie.jpc | zzuf -s38835 -r0.0157041:0.0254098 > /home/fuzz/fuzzing/jasper/ie.jpc/ie.jpc.38835
EIP=0xb7eb8d1b
seen at seed=38994 range=0.0157041:0.0254098 file=/home/fuzz/fuzzing/jasper/ie.jpc/ie.jpc.38994 file_md5=50e9609fb467d7334be140815ad677ac
Command: cat /home/fuzz/fuzzing/jasper/ie.jpc/ie.jpc | zzuf -s38994 -r0.0157041:0.0254098 > /home/fuzz/fuzzing/jasper/ie.jpc/ie.jpc.38994
EIP=0xb7eb8d1b
seen at seed=46881 range=0.00970567:0.0157041 file=/home/fuzz/fuzzing/jasper/ie.jpc/ie.jpc.46881 file_md5=023be3bf6919e17b53ba05066d2585bc
Command: cat /home/fuzz/fuzzing/jasper/ie.jpc/ie.jpc | zzuf -s46881 -r0.00970567:0.0157041 > /home/fuzz/fuzzing/jasper/ie.jpc/ie.jpc.46881
EIP=0xb7eb8d1b
seen at seed=47051 range=0.00970567:0.0157041 file=/home/fuzz/fuzzing/jasper/ie.jpc/ie.jpc.47051 file_md5=9693f727c6f5e6a61e6b8ab5d76bc474
Command: cat /home/fuzz/fuzzing/jasper/ie.jpc/ie.jpc | zzuf -s47051 -r0.00970567:0.0157041 > /home/fuzz/fuzzing/jasper/ie.jpc/ie.jpc.47051
EIP=0xb7eb8d1b
seen at seed=47122 range=0.00970567:0.0157041 file=/home/fuzz/fuzzing/jasper/ie.jpc/ie.jpc.47122 file_md5=0702a601bb47d143703d9f47634e3340
Command: cat /home/fuzz/fuzzing/jasper/ie.jpc/ie.jpc | zzuf -s47122 -r0.00970567:0.0157041 > /home/fuzz/fuzzing/jasper/ie.jpc/ie.jpc.47122
EIP=0xb7eb8d1b
seen at seed=57139 range=0.0157041:0.0254098 file=/home/fuzz/fuzzing/jasper/ie.jpc/ie.jpc.57139 file_md5=1584dbc93bf81d84c17780c69a570218
Command: cat /home/fuzz/fuzzing/jasper/ie.jpc/ie.jpc | zzuf -s57139 -r0.0157041:0.0254098 > /home/fuzz/fuzzing/jasper/ie.jpc/ie.jpc.57139
EIP=0xb7eb8d1b
seen at seed=57966 range=0.00970567:0.0157041 file=/home/fuzz/fuzzing/jasper/ie.jpc/ie.jpc.57966 file_md5=a85597dc846454bfbed3c06f2b9d83bd
Command: cat /home/fuzz/fuzzing/jasper/ie.jpc/ie.jpc | zzuf -s57966 -r0.00970567:0.0157041 > /home/fuzz/fuzzing/jasper/ie.jpc/ie.jpc.57966
EIP=0xb7eb8d1b
seen at seed=57974 range=0.00970567:0.0157041 file=/home/fuzz/fuzzing/jasper/ie.jpc/ie.jpc.57974 file_md5=3c90f00d44733f09118bb005891d36c1
Command: cat /home/fuzz/fuzzing/jasper/ie.jpc/ie.jpc | zzuf -s57974 -r0.00970567:0.0157041 > /home/fuzz/fuzzing/jasper/ie.jpc/ie.jpc.57974
EIP=0xb7eb8d1b
seen at seed=59432 range=0.00970567:0.0157041 file=/home/fuzz/fuzzing/jasper/ie.jpc/ie.jpc.59432 file_md5=88f65d41fd1f1fd543245cae13c809fc
Command: cat /home/fuzz/fuzzing/jasper/ie.jpc/ie.jpc | zzuf -s59432 -r0.00970567:0.0157041 > /home/fuzz/fuzzing/jasper/ie.jpc/ie.jpc.59432
EIP=0xb7eb8d1b
seen at seed=60026 range=0.00970567:0.0157041 file=/home/fuzz/fuzzing/jasper/ie.jpc/ie.jpc.60026 file_md5=c5d018e9c35be318625514f1d8aa8f0a
Command: cat /home/fuzz/fuzzing/jasper/ie.jpc/ie.jpc | zzuf -s60026 -r0.00970567:0.0157041 > /home/fuzz/fuzzing/jasper/ie.jpc/ie.jpc.60026
EIP=0xb7eb8d1b
seen at seed=60949 range=0.00970567:0.0157041 file=/home/fuzz/fuzzing/jasper/ie.jpc/ie.jpc.60949 file_md5=d45062c5567016f00fc44539ebdc0287
Command: cat /home/fuzz/fuzzing/jasper/ie.jpc/ie.jpc | zzuf -s60949 -r0.00970567:0.0157041 > /home/fuzz/fuzzing/jasper/ie.jpc/ie.jpc.60949
EIP=0xb7eb8d1b
seen at seed=64963 range=0.0157041:0.0254098 file=/home/fuzz/fuzzing/jasper/ie.jpc/ie.jpc.64963 file_md5=15bb861a5177cf5be298a2859301a3cc
Command: cat /home/fuzz/fuzzing/jasper/ie.jpc/ie.jpc | zzuf -s64963 -r0.0157041:0.0254098 > /home/fuzz/fuzzing/jasper/ie.jpc/ie.jpc.64963
EIP=0xb7eb8d1b
seen at seed=66393 range=0.0157041:0.0254098 file=/home/fuzz/fuzzing/jasper/ie.jpc/ie.jpc.66393 file_md5=14418f38ccca3132b9ed24cc8d53f0f7
Command: cat /home/fuzz/fuzzing/jasper/ie.jpc/ie.jpc | zzuf -s66393 -r0.0157041:0.0254098 > /home/fuzz/fuzzing/jasper/ie.jpc/ie.jpc.66393
EIP=0xb7eb8d1b
seen at seed=66930 range=0.0157041:0.0254098 file=/home/fuzz/fuzzing/jasper/ie.jpc/ie.jpc.66930 file_md5=7311034ec455e539baceafb922e1bc74
Command: cat /home/fuzz/fuzzing/jasper/ie.jpc/ie.jpc | zzuf -s66930 -r0.0157041:0.0254098 > /home/fuzz/fuzzing/jasper/ie.jpc/ie.jpc.66930
EIP=0xb7eb8d1b
seen at seed=67325 range=0.0157041:0.0254098 file=/home/fuzz/fuzzing/jasper/ie.jpc/ie.jpc.67325 file_md5=5a3a2235dc6c25545940b59ba1652ac0
Command: cat /home/fuzz/fuzzing/jasper/ie.jpc/ie.jpc | zzuf -s67325 -r0.0157041:0.0254098 > /home/fuzz/fuzzing/jasper/ie.jpc/ie.jpc.67325
EIP=0xb7eb8d1b
seen at seed=67511 range=0.0157041:0.0254098 file=/home/fuzz/fuzzing/jasper/ie.jpc/ie.jpc.67511 file_md5=9f58cad8cdf83014b3307b3ebf4ab85c
Command: cat /home/fuzz/fuzzing/jasper/ie.jpc/ie.jpc | zzuf -s67511 -r0.0157041:0.0254098 > /home/fuzz/fuzzing/jasper/ie.jpc/ie.jpc.67511
EIP=0xb7eb8d1b
seen at seed=70636 range=0.0157041:0.0254098 file=/home/fuzz/fuzzing/jasper/ie.jpc/ie.jpc.70636 file_md5=5fc82ea7a0371a7042a7ef5a7ac76bf9
Command: cat /home/fuzz/fuzzing/jasper/ie.jpc/ie.jpc | zzuf -s70636 -r0.0157041:0.0254098 > /home/fuzz/fuzzing/jasper/ie.jpc/ie.jpc.70636
EIP=0xb7eb8d1b
seen at seed=71900 range=0.0157041:0.0254098 file=/home/fuzz/fuzzing/jasper/ie.jpc/ie.jpc.71900 file_md5=5a51fbdba969ad95cc77f3a71dca08ef
Command: cat /home/fuzz/fuzzing/jasper/ie.jpc/ie.jpc | zzuf -s71900 -r0.0157041:0.0254098 > /home/fuzz/fuzzing/jasper/ie.jpc/ie.jpc.71900
EIP=0xb7eb8d1b
seen at seed=74831 range=0.0157041:0.0254098 file=/home/fuzz/fuzzing/jasper/ie.jpc/ie.jpc.74831 file_md5=f131f19a94aec0dcf200b523894c0537
Command: cat /home/fuzz/fuzzing/jasper/ie.jpc/ie.jpc | zzuf -s74831 -r0.0157041:0.0254098 > /home/fuzz/fuzzing/jasper/ie.jpc/ie.jpc.74831
EIP=0xb7eb8d1b
seen at seed=81671 range=0.0157041:0.0254098 file=/home/fuzz/fuzzing/jasper/ie.jpc/ie.jpc.81671 file_md5=1e1b3e87f494e451a2bf1f850c8d24a0
Command: cat /home/fuzz/fuzzing/jasper/ie.jpc/ie.jpc | zzuf -s81671 -r0.0157041:0.0254098 > /home/fuzz/fuzzing/jasper/ie.jpc/ie.jpc.81671
EIP=0xb7eb8d1b
seen at seed=82993 range=0.0157041:0.0254098 file=/home/fuzz/fuzzing/jasper/ie.jpc/ie.jpc.82993 file_md5=c000d9640cd0633f94828b9713001266
Command: cat /home/fuzz/fuzzing/jasper/ie.jpc/ie.jpc | zzuf -s82993 -r0.0157041:0.0254098 > /home/fuzz/fuzzing/jasper/ie.jpc/ie.jpc.82993
EIP=0xb7eb8d1b
seen at seed=83376 range=0.0157041:0.0254098 file=/home/fuzz/fuzzing/jasper/ie.jpc/ie.jpc.83376 file_md5=c6df8736b7c52e21f8ef299cd5da1557
Command: cat /home/fuzz/fuzzing/jasper/ie.jpc/ie.jpc | zzuf -s83376 -r0.0157041:0.0254098 > /home/fuzz/fuzzing/jasper/ie.jpc/ie.jpc.83376
EIP=0xb7eb8d1b
seen at seed=87040 range=0.0157041:0.0254098 file=/home/fuzz/fuzzing/jasper/ie.jpc/ie.jpc.87040 file_md5=1dc16cb348037c02869390a258e0a326
Command: cat /home/fuzz/fuzzing/jasper/ie.jpc/ie.jpc | zzuf -s87040 -r0.0157041:0.0254098 > /home/fuzz/fuzzing/jasper/ie.jpc/ie.jpc.87040
EIP=0xb7eb8d1b
seen at seed=87377 range=0.0157041:0.0254098 file=/home/fuzz/fuzzing/jasper/ie.jpc/ie.jpc.87377 file_md5=116732b42ba8a9fabab9abf15d86a95e
Command: cat /home/fuzz/fuzzing/jasper/ie.jpc/ie.jpc | zzuf -s87377 -r0.0157041:0.0254098 > /home/fuzz/fuzzing/jasper/ie.jpc/ie.jpc.87377
EIP=0xb7eb8d1b
seen at seed=87528 range=0.0157041:0.0254098 file=/home/fuzz/fuzzing/jasper/ie.jpc/ie.jpc.87528 file_md5=a347a355dcf3a43eef197cc270d4c19c
Command: cat /home/fuzz/fuzzing/jasper/ie.jpc/ie.jpc | zzuf -s87528 -r0.0157041:0.0254098 > /home/fuzz/fuzzing/jasper/ie.jpc/ie.jpc.87528
EIP=0xb7eb8d1b
seen at seed=88242 range=0.0157041:0.0254098 file=/home/fuzz/fuzzing/jasper/ie.jpc/ie.jpc.88242 file_md5=658d101e15957e822a2cc5826c7d4ec6
Command: cat /home/fuzz/fuzzing/jasper/ie.jpc/ie.jpc | zzuf -s88242 -r0.0157041:0.0254098 > /home/fuzz/fuzzing/jasper/ie.jpc/ie.jpc.88242
EIP=0xb7eb8d1b
seen at seed=88797 range=0.00970567:0.0157041 file=/home/fuzz/fuzzing/jasper/ie.jpc/ie.jpc.88797 file_md5=3da6268415c465df98f1aadcf5aee85d
Command: cat /home/fuzz/fuzzing/jasper/ie.jpc/ie.jpc | zzuf -s88797 -r0.00970567:0.0157041 > /home/fuzz/fuzzing/jasper/ie.jpc/ie.jpc.88797
EIP=0xb7eb8d1b
seen at seed=90499 range=0.0157041:0.0254098 file=/home/fuzz/fuzzing/jasper/ie.jpc/ie.jpc.90499 file_md5=c2a7de4af8222cb4ec16f75e10592519
Command: cat /home/fuzz/fuzzing/jasper/ie.jpc/ie.jpc | zzuf -s90499 -r0.0157041:0.0254098 > /home/fuzz/fuzzing/jasper/ie.jpc/ie.jpc.90499
EIP=0xb7eb8d1b
seen at seed=92758 range=0.0157041:0.0254098 file=/home/fuzz/fuzzing/jasper/ie.jpc/ie.jpc.92758 file_md5=f4eb7faf0927103540cb3c021a924bc0
Command: cat /home/fuzz/fuzzing/jasper/ie.jpc/ie.jpc | zzuf -s92758 -r0.0157041:0.0254098 > /home/fuzz/fuzzing/jasper/ie.jpc/ie.jpc.92758
EIP=0xb7eb8d1b
seen at seed=94614 range=0.0157041:0.0254098 file=/home/fuzz/fuzzing/jasper/ie.jpc/ie.jpc.94614 file_md5=b3e84766c638a6a33445207f79afbe70
Command: cat /home/fuzz/fuzzing/jasper/ie.jpc/ie.jpc | zzuf -s94614 -r0.0157041:0.0254098 > /home/fuzz/fuzzing/jasper/ie.jpc/ie.jpc.94614
EIP=0xb7eb8d1b
seen at seed=97708 range=0.00970567:0.0157041 file=/home/fuzz/fuzzing/jasper/ie.jpc/ie.jpc.97708 file_md5=80430d41244021f9b9ef9d412d7133a8
Command: cat /home/fuzz/fuzzing/jasper/ie.jpc/ie.jpc | zzuf -s97708 -r0.00970567:0.0157041 > /home/fuzz/fuzzing/jasper/ie.jpc/ie.jpc.97708
EIP=0xb7eb8d1b
seen at seed=101832 range=0.0157041:0.0254098 file=/home/fuzz/fuzzing/jasper/ie.jpc/ie.jpc.101832 file_md5=1f1f021f718803e851ae35863c47009f
Command: cat /home/fuzz/fuzzing/jasper/ie.jpc/ie.jpc | zzuf -s101832 -r0.0157041:0.0254098 > /home/fuzz/fuzzing/jasper/ie.jpc/ie.jpc.101832
EIP=0xb7eb8d1b
seen at seed=102087 range=0.0157041:0.0254098 file=/home/fuzz/fuzzing/jasper/ie.jpc/ie.jpc.102087 file_md5=a1457f78261a5bdbb3677cfdfc04963d
Command: cat /home/fuzz/fuzzing/jasper/ie.jpc/ie.jpc | zzuf -s102087 -r0.0157041:0.0254098 > /home/fuzz/fuzzing/jasper/ie.jpc/ie.jpc.102087
EIP=0xb7eb8d1b
seen at seed=102420 range=0.0157041:0.0254098 file=/home/fuzz/fuzzing/jasper/ie.jpc/ie.jpc.102420 file_md5=c036af17606041334fde78ed3888007a
Command: cat /home/fuzz/fuzzing/jasper/ie.jpc/ie.jpc | zzuf -s102420 -r0.0157041:0.0254098 > /home/fuzz/fuzzing/jasper/ie.jpc/ie.jpc.102420
EIP=0xb7eb8d1b
seen at seed=103947 range=0.0157041:0.0254098 file=/home/fuzz/fuzzing/jasper/ie.jpc/ie.jpc.103947 file_md5=6c379eecde0e8db981ad549efc596f85
Command: cat /home/fuzz/fuzzing/jasper/ie.jpc/ie.jpc | zzuf -s103947 -r0.0157041:0.0254098 > /home/fuzz/fuzzing/jasper/ie.jpc/ie.jpc.103947
EIP=0xb7eb8d1b
seen at seed=108403 range=0.0157041:0.0254098 file=/home/fuzz/fuzzing/jasper/ie.jpc/ie.jpc.108403 file_md5=f95f29a222972eacbc7ef6bcb6c38670
Command: cat /home/fuzz/fuzzing/jasper/ie.jpc/ie.jpc | zzuf -s108403 -r0.0157041:0.0254098 > /home/fuzz/fuzzing/jasper/ie.jpc/ie.jpc.108403
EIP=0xb7eb8d1b
seen at seed=109807 range=0.00970567:0.0157041 file=/home/fuzz/fuzzing/jasper/ie.jpc/ie.jpc.109807 file_md5=c0d6b7568d1a7bc48f216ce482123dcf
Command: cat /home/fuzz/fuzzing/jasper/ie.jpc/ie.jpc | zzuf -s109807 -r0.00970567:0.0157041 > /home/fuzz/fuzzing/jasper/ie.jpc/ie.jpc.109807
EIP=0xb7eb8d1b
seen at seed=109975 range=0.00970567:0.0157041 file=/home/fuzz/fuzzing/jasper/ie.jpc/ie.jpc.109975 file_md5=b44c1d9a68a6e3d046ea3ba6e5a0913f
Command: cat /home/fuzz/fuzzing/jasper/ie.jpc/ie.jpc | zzuf -s109975 -r0.00970567:0.0157041 > /home/fuzz/fuzzing/jasper/ie.jpc/ie.jpc.109975
EIP=0xb7eb8d1b
seen at seed=110852 range=0.0157041:0.0254098 file=/home/fuzz/fuzzing/jasper/ie.jpc/ie.jpc.110852 file_md5=e9cad0ffc1994880ce4429bc7533556d
Command: cat /home/fuzz/fuzzing/jasper/ie.jpc/ie.jpc | zzuf -s110852 -r0.0157041:0.0254098 > /home/fuzz/fuzzing/jasper/ie.jpc/ie.jpc.110852
EIP=0xb7eb8d1b
seen at seed=112688 range=0.0157041:0.0254098 file=/home/fuzz/fuzzing/jasper/ie.jpc/ie.jpc.112688 file_md5=e2392604fee31d2ae11ad8ed4ad1eb35
Command: cat /home/fuzz/fuzzing/jasper/ie.jpc/ie.jpc | zzuf -s112688 -r0.0157041:0.0254098 > /home/fuzz/fuzzing/jasper/ie.jpc/ie.jpc.112688
EIP=0xb7eb8d1b
seen at seed=115530 range=0.0157041:0.0254098 file=/home/fuzz/fuzzing/jasper/ie.jpc/ie.jpc.115530 file_md5=21f6cd504de9d1db444211c76b4b37a9
Command: cat /home/fuzz/fuzzing/jasper/ie.jpc/ie.jpc | zzuf -s115530 -r0.0157041:0.0254098 > /home/fuzz/fuzzing/jasper/ie.jpc/ie.jpc.115530
EIP=0xb7eb8d1b
seen at seed=116932 range=0.0157041:0.0254098 file=/home/fuzz/fuzzing/jasper/ie.jpc/ie.jpc.116932 file_md5=abe66efc1571cae0f6045d09586bb143
Command: cat /home/fuzz/fuzzing/jasper/ie.jpc/ie.jpc | zzuf -s116932 -r0.0157041:0.0254098 > /home/fuzz/fuzzing/jasper/ie.jpc/ie.jpc.116932
EIP=0xb7eb8d1b
seen at seed=118855 range=0.00970567:0.0157041 file=/home/fuzz/fuzzing/jasper/ie.jpc/ie.jpc.118855 file_md5=ce39b67d6f77a64c8b9e8e075be08875
Command: cat /home/fuzz/fuzzing/jasper/ie.jpc/ie.jpc | zzuf -s118855 -r0.00970567:0.0157041 > /home/fuzz/fuzzing/jasper/ie.jpc/ie.jpc.118855
EIP=0xb7eb8d1b
seen at seed=121371 range=0.00970567:0.0157041 file=/home/fuzz/fuzzing/jasper/ie.jpc/ie.jpc.121371 file_md5=0fcdd31f6a357efd6a2640c6d8cf2b13
Command: cat /home/fuzz/fuzzing/jasper/ie.jpc/ie.jpc | zzuf -s121371 -r0.00970567:0.0157041 > /home/fuzz/fuzzing/jasper/ie.jpc/ie.jpc.121371
EIP=0xb7eb8d1b
seen at seed=128087 range=0.0157041:0.0254098 file=/home/fuzz/fuzzing/jasper/ie.jpc/ie.jpc.128087 file_md5=007e6b7c349dfbd905d4923305af36ba
Command: cat /home/fuzz/fuzzing/jasper/ie.jpc/ie.jpc | zzuf -s128087 -r0.0157041:0.0254098 > /home/fuzz/fuzzing/jasper/ie.jpc/ie.jpc.128087
EIP=0xb7eb8d1b
seen at seed=128695 range=0.0157041:0.0254098 file=/home/fuzz/fuzzing/jasper/ie.jpc/ie.jpc.128695 file_md5=352a42c515835031171816a796245e75
Command: cat /home/fuzz/fuzzing/jasper/ie.jpc/ie.jpc | zzuf -s128695 -r0.0157041:0.0254098 > /home/fuzz/fuzzing/jasper/ie.jpc/ie.jpc.128695
EIP=0xb7eb8d1b
seen at seed=135932 range=0.0157041:0.0254098 file=/home/fuzz/fuzzing/jasper/ie.jpc/ie.jpc.135932 file_md5=4fbbbcb9c34a8ec8f91c543a500dcef7
Command: cat /home/fuzz/fuzzing/jasper/ie.jpc/ie.jpc | zzuf -s135932 -r0.0157041:0.0254098 > /home/fuzz/fuzzing/jasper/ie.jpc/ie.jpc.135932
EIP=0xb7eb8d1b
seen at seed=137846 range=0.0157041:0.0254098 file=/home/fuzz/fuzzing/jasper/ie.jpc/ie.jpc.137846 file_md5=2bf6f4d9c623ead54a2403217ae41969
Command: cat /home/fuzz/fuzzing/jasper/ie.jpc/ie.jpc | zzuf -s137846 -r0.0157041:0.0254098 > /home/fuzz/fuzzing/jasper/ie.jpc/ie.jpc.137846
EIP=0xb7eb8d1b
seen at seed=138913 range=0.0157041:0.0254098 file=/home/fuzz/fuzzing/jasper/ie.jpc/ie.jpc.138913 file_md5=8522aafa835a464c81626835d2938322
Command: cat /home/fuzz/fuzzing/jasper/ie.jpc/ie.jpc | zzuf -s138913 -r0.0157041:0.0254098 > /home/fuzz/fuzzing/jasper/ie.jpc/ie.jpc.138913
EIP=0xb7eb8d1b
seen at seed=139501 range=0.00970567:0.0157041 file=/home/fuzz/fuzzing/jasper/ie.jpc/ie.jpc.139501 file_md5=4ac722846361f85b538c4dff75867bc3
Command: cat /home/fuzz/fuzzing/jasper/ie.jpc/ie.jpc | zzuf -s139501 -r0.00970567:0.0157041 > /home/fuzz/fuzzing/jasper/ie.jpc/ie.jpc.139501
EIP=0xb7eb8d1b
seen at seed=143407 range=0.0157041:0.0254098 file=/home/fuzz/fuzzing/jasper/ie.jpc/ie.jpc.143407 file_md5=20408d27e01edbd99821de919f10657d
Command: cat /home/fuzz/fuzzing/jasper/ie.jpc/ie.jpc | zzuf -s143407 -r0.0157041:0.0254098 > /home/fuzz/fuzzing/jasper/ie.jpc/ie.jpc.143407
EIP=0xb7eb8d1b
seen at seed=146761 range=0.0157041:0.0254098 file=/home/fuzz/fuzzing/jasper/ie.jpc/ie.jpc.146761 file_md5=8da95a326c572faea32b25359194b796
Command: cat /home/fuzz/fuzzing/jasper/ie.jpc/ie.jpc | zzuf -s146761 -r0.0157041:0.0254098 > /home/fuzz/fuzzing/jasper/ie.jpc/ie.jpc.146761
EIP=0xb7eb8d1b
seen at seed=147436 range=0.0157041:0.0254098 file=/home/fuzz/fuzzing/jasper/ie.jpc/ie.jpc.147436 file_md5=4fbbbcb9c34a8ec8f91c543a500dcef7
Command: cat /home/fuzz/fuzzing/jasper/ie.jpc/ie.jpc | zzuf -s147436 -r0.0157041:0.0254098 > /home/fuzz/fuzzing/jasper/ie.jpc/ie.jpc.147436
EIP=0xb7eb8d1b
seen at seed=150802 range=0.0157041:0.0254098 file=/home/fuzz/fuzzing/jasper/ie.jpc/ie.jpc.150802 file_md5=05cded91534096005df08dad243a6362
Command: cat /home/fuzz/fuzzing/jasper/ie.jpc/ie.jpc | zzuf -s150802 -r0.0157041:0.0254098 > /home/fuzz/fuzzing/jasper/ie.jpc/ie.jpc.150802
EIP=0xb7eb8d1b
seen at seed=150910 range=0.0157041:0.0254098 file=/home/fuzz/fuzzing/jasper/ie.jpc/ie.jpc.150910 file_md5=19bdd281a573b47b573d3990eb0862e9
Command: cat /home/fuzz/fuzzing/jasper/ie.jpc/ie.jpc | zzuf -s150910 -r0.0157041:0.0254098 > /home/fuzz/fuzzing/jasper/ie.jpc/ie.jpc.150910
EIP=0xb7eb8d1b
seen at seed=152900 range=0.00970567:0.0157041 file=/home/fuzz/fuzzing/jasper/ie.jpc/ie.jpc.152900 file_md5=f2542ce4746141ec2ee923dfb890c508
Command: cat /home/fuzz/fuzzing/jasper/ie.jpc/ie.jpc | zzuf -s152900 -r0.00970567:0.0157041 > /home/fuzz/fuzzing/jasper/ie.jpc/ie.jpc.152900
EIP=0xb7eb8d1b
seen at seed=155947 range=0.0157041:0.0254098 file=/home/fuzz/fuzzing/jasper/ie.jpc/ie.jpc.155947 file_md5=221ee46140576302a4d6443563674662
Command: cat /home/fuzz/fuzzing/jasper/ie.jpc/ie.jpc | zzuf -s155947 -r0.0157041:0.0254098 > /home/fuzz/fuzzing/jasper/ie.jpc/ie.jpc.155947
EIP=0xb7eb8d1b
seen at seed=157677 range=0.00970567:0.0157041 file=/home/fuzz/fuzzing/jasper/ie.jpc/ie.jpc.157677 file_md5=fde7ce13ab48a105474f5a99d998021a
Command: cat /home/fuzz/fuzzing/jasper/ie.jpc/ie.jpc | zzuf -s157677 -r0.00970567:0.0157041 > /home/fuzz/fuzzing/jasper/ie.jpc/ie.jpc.157677
EIP=0xb7eb8d1b
seen at seed=157990 range=0.00970567:0.0157041 file=/home/fuzz/fuzzing/jasper/ie.jpc/ie.jpc.157990 file_md5=1011bedc662bc865ab6e68c238a5cf7d
Command: cat /home/fuzz/fuzzing/jasper/ie.jpc/ie.jpc | zzuf -s157990 -r0.00970567:0.0157041 > /home/fuzz/fuzzing/jasper/ie.jpc/ie.jpc.157990
EIP=0xb7eb8d1b
seen at seed=159074 range=0.0157041:0.0254098 file=/home/fuzz/fuzzing/jasper/ie.jpc/ie.jpc.159074 file_md5=318858a924d44aedd2727c9ff15ae4d9
Command: cat /home/fuzz/fuzzing/jasper/ie.jpc/ie.jpc | zzuf -s159074 -r0.0157041:0.0254098 > /home/fuzz/fuzzing/jasper/ie.jpc/ie.jpc.159074
EIP=0xb7eb8d1b
seen at seed=160931 range=0.0157041:0.0254098 file=/home/fuzz/fuzzing/jasper/ie.jpc/ie.jpc.160931 file_md5=5312adb36690432a6ba1df9fb32a508c
Command: cat /home/fuzz/fuzzing/jasper/ie.jpc/ie.jpc | zzuf -s160931 -r0.0157041:0.0254098 > /home/fuzz/fuzzing/jasper/ie.jpc/ie.jpc.160931
EIP=0xb7eb8d1b
seen at seed=162450 range=0.0157041:0.0254098 file=/home/fuzz/fuzzing/jasper/ie.jpc/ie.jpc.162450 file_md5=fbc5bd41e4750f65f0f8b673fec73921
Command: cat /home/fuzz/fuzzing/jasper/ie.jpc/ie.jpc | zzuf -s162450 -r0.0157041:0.0254098 > /home/fuzz/fuzzing/jasper/ie.jpc/ie.jpc.162450
EIP=0xb7eb8d1b
seen at seed=162640 range=0.0157041:0.0254098 file=/home/fuzz/fuzzing/jasper/ie.jpc/ie.jpc.162640 file_md5=7f3f9c24322857bbfb277042f7a88935
Command: cat /home/fuzz/fuzzing/jasper/ie.jpc/ie.jpc | zzuf -s162640 -r0.0157041:0.0254098 > /home/fuzz/fuzzing/jasper/ie.jpc/ie.jpc.162640
EIP=0xb7eb8d1b
seen at seed=171056 range=0.0157041:0.0254098 file=/home/fuzz/fuzzing/jasper/ie.jpc/ie.jpc.171056 file_md5=d920e4b17cf7279d8648a1a15fe3c8ce
Command: cat /home/fuzz/fuzzing/jasper/ie.jpc/ie.jpc | zzuf -s171056 -r0.0157041:0.0254098 > /home/fuzz/fuzzing/jasper/ie.jpc/ie.jpc.171056
EIP=0xb7eb8d1b
seen at seed=172019 range=0.0157041:0.0254098 file=/home/fuzz/fuzzing/jasper/ie.jpc/ie.jpc.172019 file_md5=e37e4f8dff8b0a2055b79e9780651db4
Command: cat /home/fuzz/fuzzing/jasper/ie.jpc/ie.jpc | zzuf -s172019 -r0.0157041:0.0254098 > /home/fuzz/fuzzing/jasper/ie.jpc/ie.jpc.172019
EIP=0xb7eb8d1b
seen at seed=172276 range=0.0157041:0.0254098 file=/home/fuzz/fuzzing/jasper/ie.jpc/ie.jpc.172276 file_md5=5eb308e5bb0ccb16166cc73bd64ecb68
Command: cat /home/fuzz/fuzzing/jasper/ie.jpc/ie.jpc | zzuf -s172276 -r0.0157041:0.0254098 > /home/fuzz/fuzzing/jasper/ie.jpc/ie.jpc.172276
EIP=0xb7eb8d1b
seen at seed=172898 range=0.0157041:0.0254098 file=/home/fuzz/fuzzing/jasper/ie.jpc/ie.jpc.172898 file_md5=8e2fa0e32cf89b61e4df5d5b4367c8af
Command: cat /home/fuzz/fuzzing/jasper/ie.jpc/ie.jpc | zzuf -s172898 -r0.0157041:0.0254098 > /home/fuzz/fuzzing/jasper/ie.jpc/ie.jpc.172898
EIP=0xb7eb8d1b
seen at seed=173650 range=0.0157041:0.0254098 file=/home/fuzz/fuzzing/jasper/ie.jpc/ie.jpc.173650 file_md5=26824d69b5f2c12b48dd7a394704c05c
Command: cat /home/fuzz/fuzzing/jasper/ie.jpc/ie.jpc | zzuf -s173650 -r0.0157041:0.0254098 > /home/fuzz/fuzzing/jasper/ie.jpc/ie.jpc.173650
EIP=0xb7eb8d1b
seen at seed=175297 range=0.0157041:0.0254098 file=/home/fuzz/fuzzing/jasper/ie.jpc/ie.jpc.175297 file_md5=5cc231157f3b01ad8c192f1e934a89a1
Command: cat /home/fuzz/fuzzing/jasper/ie.jpc/ie.jpc | zzuf -s175297 -r0.0157041:0.0254098 > /home/fuzz/fuzzing/jasper/ie.jpc/ie.jpc.175297
EIP=0xb7eb8d1b
seen at seed=175546 range=0.0157041:0.0254098 file=/home/fuzz/fuzzing/jasper/ie.jpc/ie.jpc.175546 file_md5=f7d3fa14182656db3f4dfb093c4c064c
Command: cat /home/fuzz/fuzzing/jasper/ie.jpc/ie.jpc | zzuf -s175546 -r0.0157041:0.0254098 > /home/fuzz/fuzzing/jasper/ie.jpc/ie.jpc.175546
EIP=0xb7eb8d1b
seen at seed=175754 range=0.0157041:0.0254098 file=/home/fuzz/fuzzing/jasper/ie.jpc/ie.jpc.175754 file_md5=abeee54e36f92e1474ad673d550d40b8
Command: cat /home/fuzz/fuzzing/jasper/ie.jpc/ie.jpc | zzuf -s175754 -r0.0157041:0.0254098 > /home/fuzz/fuzzing/jasper/ie.jpc/ie.jpc.175754
EIP=0xb7eb8d1b
seen at seed=178269 range=0.0157041:0.0254098 file=/home/fuzz/fuzzing/jasper/ie.jpc/ie.jpc.178269 file_md5=b3d5bbf5f5ca0c2d722ce826f49fd393
Command: cat /home/fuzz/fuzzing/jasper/ie.jpc/ie.jpc | zzuf -s178269 -r0.0157041:0.0254098 > /home/fuzz/fuzzing/jasper/ie.jpc/ie.jpc.178269
EIP=0xb7eb8d1b
seen at seed=178747 range=0.0157041:0.0254098 file=/home/fuzz/fuzzing/jasper/ie.jpc/ie.jpc.178747 file_md5=a302eb8ce0c3ba7a6e8ef48ca7d08fa1
Command: cat /home/fuzz/fuzzing/jasper/ie.jpc/ie.jpc | zzuf -s178747 -r0.0157041:0.0254098 > /home/fuzz/fuzzing/jasper/ie.jpc/ie.jpc.178747
EIP=0xb7eb8d1b
seen at seed=178798 range=0.0157041:0.0254098 file=/home/fuzz/fuzzing/jasper/ie.jpc/ie.jpc.178798 file_md5=3370e66a548fe9c590add1672e857ae9
Command: cat /home/fuzz/fuzzing/jasper/ie.jpc/ie.jpc | zzuf -s178798 -r0.0157041:0.0254098 > /home/fuzz/fuzzing/jasper/ie.jpc/ie.jpc.178798
EIP=0xb7eb8d1b
seen at seed=180240 range=0.0157041:0.0254098 file=/home/fuzz/fuzzing/jasper/ie.jpc/ie.jpc.180240 file_md5=cda616608ea00efe5474b223df4771a7
Command: cat /home/fuzz/fuzzing/jasper/ie.jpc/ie.jpc | zzuf -s180240 -r0.0157041:0.0254098 > /home/fuzz/fuzzing/jasper/ie.jpc/ie.jpc.180240
EIP=0xb7eb8d1b
seen at seed=181575 range=0.0157041:0.0254098 file=/home/fuzz/fuzzing/jasper/ie.jpc/ie.jpc.181575 file_md5=59fcbdf479a7da441de9dcf298d18b2d
Command: cat /home/fuzz/fuzzing/jasper/ie.jpc/ie.jpc | zzuf -s181575 -r0.0157041:0.0254098 > /home/fuzz/fuzzing/jasper/ie.jpc/ie.jpc.181575
EIP=0xb7eb8d1b
seen at seed=184946 range=0.0157041:0.0254098 file=/home/fuzz/fuzzing/jasper/ie.jpc/ie.jpc.184946 file_md5=681a6309ac76c341a6174539e6c1b0e1
Command: cat /home/fuzz/fuzzing/jasper/ie.jpc/ie.jpc | zzuf -s184946 -r0.0157041:0.0254098 > /home/fuzz/fuzzing/jasper/ie.jpc/ie.jpc.184946
EIP=0xb7eb8d1b
seen at seed=186034 range=0.0157041:0.0254098 file=/home/fuzz/fuzzing/jasper/ie.jpc/ie.jpc.186034 file_md5=f68acb1ff3c10ccd1cab1cf227a783bb
Command: cat /home/fuzz/fuzzing/jasper/ie.jpc/ie.jpc | zzuf -s186034 -r0.0157041:0.0254098 > /home/fuzz/fuzzing/jasper/ie.jpc/ie.jpc.186034
EIP=0xb7eb8d1b
seen at seed=187561 range=0.0157041:0.0254098 file=/home/fuzz/fuzzing/jasper/ie.jpc/ie.jpc.187561 file_md5=205fd10015e010d679ecaa2e96b58102
Command: cat /home/fuzz/fuzzing/jasper/ie.jpc/ie.jpc | zzuf -s187561 -r0.0157041:0.0254098 > /home/fuzz/fuzzing/jasper/ie.jpc/ie.jpc.187561
EIP=0xb7eb8d1b
seen at seed=188226 range=0.0157041:0.0254098 file=/home/fuzz/fuzzing/jasper/ie.jpc/ie.jpc.188226 file_md5=cc9157bf05d647b3492bca2649cb8e7a
Command: cat /home/fuzz/fuzzing/jasper/ie.jpc/ie.jpc | zzuf -s188226 -r0.0157041:0.0254098 > /home/fuzz/fuzzing/jasper/ie.jpc/ie.jpc.188226
EIP=0xb7eb8d1b
seen at seed=189878 range=0.0157041:0.0254098 file=/home/fuzz/fuzzing/jasper/ie.jpc/ie.jpc.189878 file_md5=4b423ab65430708084675d971a44e298
Command: cat /home/fuzz/fuzzing/jasper/ie.jpc/ie.jpc | zzuf -s189878 -r0.0157041:0.0254098 > /home/fuzz/fuzzing/jasper/ie.jpc/ie.jpc.189878
EIP=0xb7eb8d1b
seen at seed=190600 range=0.0157041:0.0254098 file=/home/fuzz/fuzzing/jasper/ie.jpc/ie.jpc.190600 file_md5=b828f114f63d73b4571e70f420cc99d5
Command: cat /home/fuzz/fuzzing/jasper/ie.jpc/ie.jpc | zzuf -s190600 -r0.0157041:0.0254098 > /home/fuzz/fuzzing/jasper/ie.jpc/ie.jpc.190600
EIP=0xb7eb8d1b
seen at seed=192181 range=0.0157041:0.0254098 file=/home/fuzz/fuzzing/jasper/ie.jpc/ie.jpc.192181 file_md5=396cfc1d0c97142c6bc4fb3388068642
Command: cat /home/fuzz/fuzzing/jasper/ie.jpc/ie.jpc | zzuf -s192181 -r0.0157041:0.0254098 > /home/fuzz/fuzzing/jasper/ie.jpc/ie.jpc.192181
EIP=0xb7eb8d1b
seen at seed=192655 range=0.0157041:0.0254098 file=/home/fuzz/fuzzing/jasper/ie.jpc/ie.jpc.192655 file_md5=bddafd026dc6e0e0258be9b2c4434c32
Command: cat /home/fuzz/fuzzing/jasper/ie.jpc/ie.jpc | zzuf -s192655 -r0.0157041:0.0254098 > /home/fuzz/fuzzing/jasper/ie.jpc/ie.jpc.192655
EIP=0xb7eb8d1b
seen at seed=192976 range=0.0157041:0.0254098 file=/home/fuzz/fuzzing/jasper/ie.jpc/ie.jpc.192976 file_md5=fd2f5d72273861f296fb36f988853cd8
Command: cat /home/fuzz/fuzzing/jasper/ie.jpc/ie.jpc | zzuf -s192976 -r0.0157041:0.0254098 > /home/fuzz/fuzzing/jasper/ie.jpc/ie.jpc.192976
EIP=0xb7eb8d1b
seen at seed=193160 range=0.0157041:0.0254098 file=/home/fuzz/fuzzing/jasper/ie.jpc/ie.jpc.193160 file_md5=994bbab9815a9a6116b86cd42678d2d7
Command: cat /home/fuzz/fuzzing/jasper/ie.jpc/ie.jpc | zzuf -s193160 -r0.0157041:0.0254098 > /home/fuzz/fuzzing/jasper/ie.jpc/ie.jpc.193160
EIP=0xb7eb8d1b
seen at seed=197706 range=0.0157041:0.0254098 file=/home/fuzz/fuzzing/jasper/ie.jpc/ie.jpc.197706 file_md5=793dae8a96df09e1333b1685f8e3a2b1
Command: cat /home/fuzz/fuzzing/jasper/ie.jpc/ie.jpc | zzuf -s197706 -r0.0157041:0.0254098 > /home/fuzz/fuzzing/jasper/ie.jpc/ie.jpc.197706
EIP=0xb7eb8d1b
seen at seed=198685 range=0.0157041:0.0254098 file=/home/fuzz/fuzzing/jasper/ie.jpc/ie.jpc.198685 file_md5=f499ff3183a4ca336da147a304c4f15c
Command: cat /home/fuzz/fuzzing/jasper/ie.jpc/ie.jpc | zzuf -s198685 -r0.0157041:0.0254098 > /home/fuzz/fuzzing/jasper/ie.jpc/ie.jpc.198685
EIP=0xb7eb8d1b
seen at seed=199138 range=0.0157041:0.0254098 file=/home/fuzz/fuzzing/jasper/ie.jpc/ie.jpc.199138 file_md5=d55dff2a5f9201495dc114c12a9e2c0f
Command: cat /home/fuzz/fuzzing/jasper/ie.jpc/ie.jpc | zzuf -s199138 -r0.0157041:0.0254098 > /home/fuzz/fuzzing/jasper/ie.jpc/ie.jpc.199138
EIP=0xb7eb8d1b
seen at seed=201330 range=0.00970567:0.0157041 file=/home/fuzz/fuzzing/jasper/ie.jpc/ie.jpc.201330 file_md5=1cd698162e031fa58006275bb1cd1470
Command: cat /home/fuzz/fuzzing/jasper/ie.jpc/ie.jpc | zzuf -s201330 -r0.00970567:0.0157041 > /home/fuzz/fuzzing/jasper/ie.jpc/ie.jpc.201330
EIP=0xb7eb8d1b
seen at seed=201641 range=0.0157041:0.0254098 file=/home/fuzz/fuzzing/jasper/ie.jpc/ie.jpc.201641 file_md5=bb66a4b577358d3f0a79f9c016b9b5d1
Command: cat /home/fuzz/fuzzing/jasper/ie.jpc/ie.jpc | zzuf -s201641 -r0.0157041:0.0254098 > /home/fuzz/fuzzing/jasper/ie.jpc/ie.jpc.201641
EIP=0xb7eb8d1b
seen at seed=201818 range=0.0157041:0.0254098 file=/home/fuzz/fuzzing/jasper/ie.jpc/ie.jpc.201818 file_md5=b4a1c592eb20495675f6b19266aa1b83
Command: cat /home/fuzz/fuzzing/jasper/ie.jpc/ie.jpc | zzuf -s201818 -r0.0157041:0.0254098 > /home/fuzz/fuzzing/jasper/ie.jpc/ie.jpc.201818
EIP=0xb7eb8d1b
seen at seed=203215 range=0.0157041:0.0254098 file=/home/fuzz/fuzzing/jasper/ie.jpc/ie.jpc.203215 file_md5=5a2916f720b2b8adaff4b85c2734c29e
Command: cat /home/fuzz/fuzzing/jasper/ie.jpc/ie.jpc | zzuf -s203215 -r0.0157041:0.0254098 > /home/fuzz/fuzzing/jasper/ie.jpc/ie.jpc.203215
EIP=0xb7eb8d1b
seen at seed=203548 range=0.0157041:0.0254098 file=/home/fuzz/fuzzing/jasper/ie.jpc/ie.jpc.203548 file_md5=9bf4dbe60a656964407f3172a1592948
Command: cat /home/fuzz/fuzzing/jasper/ie.jpc/ie.jpc | zzuf -s203548 -r0.0157041:0.0254098 > /home/fuzz/fuzzing/jasper/ie.jpc/ie.jpc.203548
EIP=0xb7eb8d1b
seen at seed=203794 range=0.0157041:0.0254098 file=/home/fuzz/fuzzing/jasper/ie.jpc/ie.jpc.203794 file_md5=9476a40ce0cdb91ea6a0b0cc5dea663a
Command: cat /home/fuzz/fuzzing/jasper/ie.jpc/ie.jpc | zzuf -s203794 -r0.0157041:0.0254098 > /home/fuzz/fuzzing/jasper/ie.jpc/ie.jpc.203794
EIP=0xb7eb8d1b
seen at seed=204736 range=0.0157041:0.0254098 file=/home/fuzz/fuzzing/jasper/ie.jpc/ie.jpc.204736 file_md5=cc925de25dc8136f7bc01903d44a2a22
Command: cat /home/fuzz/fuzzing/jasper/ie.jpc/ie.jpc | zzuf -s204736 -r0.0157041:0.0254098 > /home/fuzz/fuzzing/jasper/ie.jpc/ie.jpc.204736
EIP=0xb7eb8d1b
seen at seed=205740 range=0.0157041:0.0254098 file=/home/fuzz/fuzzing/jasper/ie.jpc/ie.jpc.205740 file_md5=242655a74f53242cc39fec844aad8ce7
Command: cat /home/fuzz/fuzzing/jasper/ie.jpc/ie.jpc | zzuf -s205740 -r0.0157041:0.0254098 > /home/fuzz/fuzzing/jasper/ie.jpc/ie.jpc.205740
EIP=0xb7eb8d1b
seen at seed=206459 range=0.0157041:0.0254098 file=/home/fuzz/fuzzing/jasper/ie.jpc/ie.jpc.206459 file_md5=238933f49245f36c754fbfa92896e136
Command: cat /home/fuzz/fuzzing/jasper/ie.jpc/ie.jpc | zzuf -s206459 -r0.0157041:0.0254098 > /home/fuzz/fuzzing/jasper/ie.jpc/ie.jpc.206459
EIP=0xb7eb8d1b
seen at seed=207548 range=0.0157041:0.0254098 file=/home/fuzz/fuzzing/jasper/ie.jpc/ie.jpc.207548 file_md5=8d999855922e91ba1c094bed55837600
Command: cat /home/fuzz/fuzzing/jasper/ie.jpc/ie.jpc | zzuf -s207548 -r0.0157041:0.0254098 > /home/fuzz/fuzzing/jasper/ie.jpc/ie.jpc.207548
EIP=0xb7eb8d1b
seen at seed=209642 range=0.0157041:0.0254098 file=/home/fuzz/fuzzing/jasper/ie.jpc/ie.jpc.209642 file_md5=41664756ac5ff7e0b8d01154465d68e6
Command: cat /home/fuzz/fuzzing/jasper/ie.jpc/ie.jpc | zzuf -s209642 -r0.0157041:0.0254098 > /home/fuzz/fuzzing/jasper/ie.jpc/ie.jpc.209642
EIP=0xb7eb8d1b
seen at seed=211328 range=0.0157041:0.0254098 file=/home/fuzz/fuzzing/jasper/ie.jpc/ie.jpc.211328 file_md5=8b8b64fc2a00cbfd6ccec718616e032d
Command: cat /home/fuzz/fuzzing/jasper/ie.jpc/ie.jpc | zzuf -s211328 -r0.0157041:0.0254098 > /home/fuzz/fuzzing/jasper/ie.jpc/ie.jpc.211328
EIP=0xb7eb8d1b
seen at seed=212908 range=0.0157041:0.0254098 file=/home/fuzz/fuzzing/jasper/ie.jpc/ie.jpc.212908 file_md5=036a18cdb4f1437dd36bb35b20e8a62f
Command: cat /home/fuzz/fuzzing/jasper/ie.jpc/ie.jpc | zzuf -s212908 -r0.0157041:0.0254098 > /home/fuzz/fuzzing/jasper/ie.jpc/ie.jpc.212908
EIP=0xb7eb8d1b
seen at seed=213900 range=0.00970567:0.0157041 file=/home/fuzz/fuzzing/jasper/ie.jpc/ie.jpc.213900 file_md5=6d3a3fcde714fad2dd62fc67fde6571e
Command: cat /home/fuzz/fuzzing/jasper/ie.jpc/ie.jpc | zzuf -s213900 -r0.00970567:0.0157041 > /home/fuzz/fuzzing/jasper/ie.jpc/ie.jpc.213900
EIP=0xb7eb8d1b
seen at seed=217472 range=0.0157041:0.0254098 file=/home/fuzz/fuzzing/jasper/ie.jpc/ie.jpc.217472 file_md5=f4e79db95d11c887c531ee224df7b8e1
Command: cat /home/fuzz/fuzzing/jasper/ie.jpc/ie.jpc | zzuf -s217472 -r0.0157041:0.0254098 > /home/fuzz/fuzzing/jasper/ie.jpc/ie.jpc.217472
EIP=0xb7eb8d1b
seen at seed=219421 range=0.0157041:0.0254098 file=/home/fuzz/fuzzing/jasper/ie.jpc/ie.jpc.219421 file_md5=5036cb81064a87fe9e8f3b234899b20b
Command: cat /home/fuzz/fuzzing/jasper/ie.jpc/ie.jpc | zzuf -s219421 -r0.0157041:0.0254098 > /home/fuzz/fuzzing/jasper/ie.jpc/ie.jpc.219421
EIP=0xb7eb8d1b
seen at seed=224145 range=0.00970567:0.0157041 file=/home/fuzz/fuzzing/jasper/ie.jpc/ie.jpc.224145 file_md5=2eec9d7e2b9a5cc1bc120c293bb7cd16
Command: cat /home/fuzz/fuzzing/jasper/ie.jpc/ie.jpc | zzuf -s224145 -r0.00970567:0.0157041 > /home/fuzz/fuzzing/jasper/ie.jpc/ie.jpc.224145
EIP=0xb7eb8d1b
seen at seed=228678 range=0.0157041:0.0254098 file=/home/fuzz/fuzzing/jasper/ie.jpc/ie.jpc.228678 file_md5=626be91d8df1c9eb5399adf38d005f98
Command: cat /home/fuzz/fuzzing/jasper/ie.jpc/ie.jpc | zzuf -s228678 -r0.0157041:0.0254098 > /home/fuzz/fuzzing/jasper/ie.jpc/ie.jpc.228678
EIP=0xb7eb8d1b
seen at seed=231797 range=0.0157041:0.0254098 file=/home/fuzz/fuzzing/jasper/ie.jpc/ie.jpc.231797 file_md5=b8157fccd391fc6d36deb2974d8dbf9e
Command: cat /home/fuzz/fuzzing/jasper/ie.jpc/ie.jpc | zzuf -s231797 -r0.0157041:0.0254098 > /home/fuzz/fuzzing/jasper/ie.jpc/ie.jpc.231797
EIP=0xb7eb8d1b
seen at seed=236288 range=0.00599843:0.00970567 file=/home/fuzz/fuzzing/jasper/ie.jpc/ie.jpc.236288 file_md5=fc468a626d271e59a198c931c8d580a6
Command: cat /home/fuzz/fuzzing/jasper/ie.jpc/ie.jpc | zzuf -s236288 -r0.00599843:0.00970567 > /home/fuzz/fuzzing/jasper/ie.jpc/ie.jpc.236288
EIP=0xb7eb8d1b
seen at seed=236361 range=0.00599843:0.00970567 file=/home/fuzz/fuzzing/jasper/ie.jpc/ie.jpc.236361 file_md5=e5d74431ce2ee1720c0bd33f5e8ae50f
Command: cat /home/fuzz/fuzzing/jasper/ie.jpc/ie.jpc | zzuf -s236361 -r0.00599843:0.00970567 > /home/fuzz/fuzzing/jasper/ie.jpc/ie.jpc.236361
EIP=0xb7eb8d1b
seen at seed=239498 range=0.0157041:0.0254098 file=/home/fuzz/fuzzing/jasper/ie.jpc/ie.jpc.239498 file_md5=617072061c8f22dbc450746023e4655a
Command: cat /home/fuzz/fuzzing/jasper/ie.jpc/ie.jpc | zzuf -s239498 -r0.0157041:0.0254098 > /home/fuzz/fuzzing/jasper/ie.jpc/ie.jpc.239498
EIP=0xb7eb8d1b
seen at seed=239696 range=0.0157041:0.0254098 file=/home/fuzz/fuzzing/jasper/ie.jpc/ie.jpc.239696 file_md5=ccdf74b58efa6d92fc0766107683780f
Command: cat /home/fuzz/fuzzing/jasper/ie.jpc/ie.jpc | zzuf -s239696 -r0.0157041:0.0254098 > /home/fuzz/fuzzing/jasper/ie.jpc/ie.jpc.239696
EIP=0xb7eb8d1b
seen at seed=241625 range=0.0157041:0.0254098 file=/home/fuzz/fuzzing/jasper/ie.jpc/ie.jpc.241625 file_md5=abb04294e775bde2b5264b0cffca43ff
Command: cat /home/fuzz/fuzzing/jasper/ie.jpc/ie.jpc | zzuf -s241625 -r0.0157041:0.0254098 > /home/fuzz/fuzzing/jasper/ie.jpc/ie.jpc.241625
EIP=0xb7eb8d1b
seen at seed=247116 range=0.0157041:0.0254098 file=/home/fuzz/fuzzing/jasper/ie.jpc/ie.jpc.247116 file_md5=45f4b582b59377f9d32ccd713ae02a09
Command: cat /home/fuzz/fuzzing/jasper/ie.jpc/ie.jpc | zzuf -s247116 -r0.0157041:0.0254098 > /home/fuzz/fuzzing/jasper/ie.jpc/ie.jpc.247116
EIP=0xb7eb8d1b
seen at seed=248062 range=0.0157041:0.0254098 file=/home/fuzz/fuzzing/jasper/ie.jpc/ie.jpc.248062 file_md5=0954dca46cba6dc7bbeda8ef87aa14ef
Command: cat /home/fuzz/fuzzing/jasper/ie.jpc/ie.jpc | zzuf -s248062 -r0.0157041:0.0254098 > /home/fuzz/fuzzing/jasper/ie.jpc/ie.jpc.248062
EIP=0xb7eb8d1b
seen at seed=248509 range=0.0157041:0.0254098 file=/home/fuzz/fuzzing/jasper/ie.jpc/ie.jpc.248509 file_md5=eee9cd3fcd1755bb45965cce55e62721
Command: cat /home/fuzz/fuzzing/jasper/ie.jpc/ie.jpc | zzuf -s248509 -r0.0157041:0.0254098 > /home/fuzz/fuzzing/jasper/ie.jpc/ie.jpc.248509
EIP=0xb7eb8d1b
seen at seed=253365 range=0.0157041:0.0254098 file=/home/fuzz/fuzzing/jasper/ie.jpc/ie.jpc.253365 file_md5=d5a13476e5809a89064c4fdf94c6a7a6
Command: cat /home/fuzz/fuzzing/jasper/ie.jpc/ie.jpc | zzuf -s253365 -r0.0157041:0.0254098 > /home/fuzz/fuzzing/jasper/ie.jpc/ie.jpc.253365
EIP=0xb7eb8d1b
seen at seed=253433 range=0.0157041:0.0254098 file=/home/fuzz/fuzzing/jasper/ie.jpc/ie.jpc.253433 file_md5=d4e3999208af85e6482674a0fec3e204
Command: cat /home/fuzz/fuzzing/jasper/ie.jpc/ie.jpc | zzuf -s253433 -r0.0157041:0.0254098 > /home/fuzz/fuzzing/jasper/ie.jpc/ie.jpc.253433
EIP=0xb7eb8d1b
seen at seed=255071 range=0.0157041:0.0254098 file=/home/fuzz/fuzzing/jasper/ie.jpc/ie.jpc.255071 file_md5=3352b616c1e17aedf199a79b638fcda6
Command: cat /home/fuzz/fuzzing/jasper/ie.jpc/ie.jpc | zzuf -s255071 -r0.0157041:0.0254098 > /home/fuzz/fuzzing/jasper/ie.jpc/ie.jpc.255071
EIP=0xb7eb8d1b
seen at seed=256589 range=0.0157041:0.0254098 file=/home/fuzz/fuzzing/jasper/ie.jpc/ie.jpc.256589 file_md5=50f1cff3eb0f34d4753917d72846d7f0
Command: cat /home/fuzz/fuzzing/jasper/ie.jpc/ie.jpc | zzuf -s256589 -r0.0157041:0.0254098 > /home/fuzz/fuzzing/jasper/ie.jpc/ie.jpc.256589
EIP=0xb7eb8d1b
seen at seed=258668 range=0.0157041:0.0254098 file=/home/fuzz/fuzzing/jasper/ie.jpc/ie.jpc.258668 file_md5=acac33ff80ca5742e5417e6b2c6ef7fb
Command: cat /home/fuzz/fuzzing/jasper/ie.jpc/ie.jpc | zzuf -s258668 -r0.0157041:0.0254098 > /home/fuzz/fuzzing/jasper/ie.jpc/ie.jpc.258668
EIP=0xb7eb8d1b
seen at seed=259527 range=0.0157041:0.0254098 file=/home/fuzz/fuzzing/jasper/ie.jpc/ie.jpc.259527 file_md5=2d7620df91d8cee275768a17013ea443
Command: cat /home/fuzz/fuzzing/jasper/ie.jpc/ie.jpc | zzuf -s259527 -r0.0157041:0.0254098 > /home/fuzz/fuzzing/jasper/ie.jpc/ie.jpc.259527
EIP=0xb7eb8d1b
seen at seed=260658 range=0.0157041:0.0254098 file=/home/fuzz/fuzzing/jasper/ie.jpc/ie.jpc.260658 file_md5=13392846467bc422b08ee98f4d85d958
Command: cat /home/fuzz/fuzzing/jasper/ie.jpc/ie.jpc | zzuf -s260658 -r0.0157041:0.0254098 > /home/fuzz/fuzzing/jasper/ie.jpc/ie.jpc.260658
EIP=0xb7eb8d1b
seen at seed=264069 range=0.0157041:0.0254098 file=/home/fuzz/fuzzing/jasper/ie.jpc/ie.jpc.264069 file_md5=b5d6d5537ba832462102bccd67449b65
Command: cat /home/fuzz/fuzzing/jasper/ie.jpc/ie.jpc | zzuf -s264069 -r0.0157041:0.0254098 > /home/fuzz/fuzzing/jasper/ie.jpc/ie.jpc.264069
EIP=0xb7eb8d1b
seen at seed=265507 range=0.0157041:0.0254098 file=/home/fuzz/fuzzing/jasper/ie.jpc/ie.jpc.265507 file_md5=2e28c243ec6f87c1c1af45cd7d5d81d0
Command: cat /home/fuzz/fuzzing/jasper/ie.jpc/ie.jpc | zzuf -s265507 -r0.0157041:0.0254098 > /home/fuzz/fuzzing/jasper/ie.jpc/ie.jpc.265507
EIP=0xb7eb8d1b
seen at seed=268792 range=0.0157041:0.0254098 file=/home/fuzz/fuzzing/jasper/ie.jpc/ie.jpc.268792 file_md5=d8bc56daff5c8c605d13ababef5a25b7
Command: cat /home/fuzz/fuzzing/jasper/ie.jpc/ie.jpc | zzuf -s268792 -r0.0157041:0.0254098 > /home/fuzz/fuzzing/jasper/ie.jpc/ie.jpc.268792
EIP=0xb7eb8d1b
seen at seed=271551 range=0.0157041:0.0254098 file=/home/fuzz/fuzzing/jasper/ie.jpc/ie.jpc.271551 file_md5=dd6715316e5ff526e52bcd3d895f764a
Command: cat /home/fuzz/fuzzing/jasper/ie.jpc/ie.jpc | zzuf -s271551 -r0.0157041:0.0254098 > /home/fuzz/fuzzing/jasper/ie.jpc/ie.jpc.271551
EIP=0xb7eb8d1b
seen at seed=272368 range=0.0157041:0.0254098 file=/home/fuzz/fuzzing/jasper/ie.jpc/ie.jpc.272368 file_md5=6b72151083b715ec6ad5080e756bab0c
Command: cat /home/fuzz/fuzzing/jasper/ie.jpc/ie.jpc | zzuf -s272368 -r0.0157041:0.0254098 > /home/fuzz/fuzzing/jasper/ie.jpc/ie.jpc.272368
EIP=0xb7eb8d1b
seen at seed=273409 range=0.0157041:0.0254098 file=/home/fuzz/fuzzing/jasper/ie.jpc/ie.jpc.273409 file_md5=16accff7373f7668a605cabb6cadc776
Command: cat /home/fuzz/fuzzing/jasper/ie.jpc/ie.jpc | zzuf -s273409 -r0.0157041:0.0254098 > /home/fuzz/fuzzing/jasper/ie.jpc/ie.jpc.273409
EIP=0xb7eb8d1b
seen at seed=273624 range=0.0157041:0.0254098 file=/home/fuzz/fuzzing/jasper/ie.jpc/ie.jpc.273624 file_md5=41cbcbf1ded7fcb59c363e5a0e39b3fe
Command: cat /home/fuzz/fuzzing/jasper/ie.jpc/ie.jpc | zzuf -s273624 -r0.0157041:0.0254098 > /home/fuzz/fuzzing/jasper/ie.jpc/ie.jpc.273624
EIP=0xb7eb8d1b
seen at seed=274714 range=0.0157041:0.0254098 file=/home/fuzz/fuzzing/jasper/ie.jpc/ie.jpc.274714 file_md5=5e40c186dfcad17e8c988c4594af1b4a
Command: cat /home/fuzz/fuzzing/jasper/ie.jpc/ie.jpc | zzuf -s274714 -r0.0157041:0.0254098 > /home/fuzz/fuzzing/jasper/ie.jpc/ie.jpc.274714
EIP=0xb7eb8d1b
seen at seed=276595 range=0.0157041:0.0254098 file=/home/fuzz/fuzzing/jasper/ie.jpc/ie.jpc.276595 file_md5=5ca1e24d1dd7ad51bb8292f1d6c7fb03
Command: cat /home/fuzz/fuzzing/jasper/ie.jpc/ie.jpc | zzuf -s276595 -r0.0157041:0.0254098 > /home/fuzz/fuzzing/jasper/ie.jpc/ie.jpc.276595
EIP=0xb7eb8d1b
seen at seed=277777 range=0.0157041:0.0254098 file=/home/fuzz/fuzzing/jasper/ie.jpc/ie.jpc.277777 file_md5=f13b0e6eabd4face3194d963b1552d00
Command: cat /home/fuzz/fuzzing/jasper/ie.jpc/ie.jpc | zzuf -s277777 -r0.0157041:0.0254098 > /home/fuzz/fuzzing/jasper/ie.jpc/ie.jpc.277777
EIP=0xb7eb8d1b
seen at seed=279427 range=0.0157041:0.0254098 file=/home/fuzz/fuzzing/jasper/ie.jpc/ie.jpc.279427 file_md5=143b03db1377155db64fa67145030260
Command: cat /home/fuzz/fuzzing/jasper/ie.jpc/ie.jpc | zzuf -s279427 -r0.0157041:0.0254098 > /home/fuzz/fuzzing/jasper/ie.jpc/ie.jpc.279427
EIP=0xb7eb8d1b
seen at seed=279857 range=0.0157041:0.0254098 file=/home/fuzz/fuzzing/jasper/ie.jpc/ie.jpc.279857 file_md5=505eaecb399d88c13e7f37000abc79e0
Command: cat /home/fuzz/fuzzing/jasper/ie.jpc/ie.jpc | zzuf -s279857 -r0.0157041:0.0254098 > /home/fuzz/fuzzing/jasper/ie.jpc/ie.jpc.279857
EIP=0xb7eb8d1b
seen at seed=281846 range=0.0157041:0.0254098 file=/home/fuzz/fuzzing/jasper/ie.jpc/ie.jpc.281846 file_md5=072afec290f57a5f8fa2828645e17f49
Command: cat /home/fuzz/fuzzing/jasper/ie.jpc/ie.jpc | zzuf -s281846 -r0.0157041:0.0254098 > /home/fuzz/fuzzing/jasper/ie.jpc/ie.jpc.281846
EIP=0xb7eb8d1b
seen at seed=283564 range=0.0157041:0.0254098 file=/home/fuzz/fuzzing/jasper/ie.jpc/ie.jpc.283564 file_md5=694f6d0e9ab1e1cd9c3481ab8e31d58a
Command: cat /home/fuzz/fuzzing/jasper/ie.jpc/ie.jpc | zzuf -s283564 -r0.0157041:0.0254098 > /home/fuzz/fuzzing/jasper/ie.jpc/ie.jpc.283564
EIP=0xb7eb8d1b
seen at seed=284434 range=0.0157041:0.0254098 file=/home/fuzz/fuzzing/jasper/ie.jpc/ie.jpc.284434 file_md5=10cc65c9c64cefda98fdae37be912270
Command: cat /home/fuzz/fuzzing/jasper/ie.jpc/ie.jpc | zzuf -s284434 -r0.0157041:0.0254098 > /home/fuzz/fuzzing/jasper/ie.jpc/ie.jpc.284434
EIP=0xb7eb8d1b
seen at seed=285959 range=0.0157041:0.0254098 file=/home/fuzz/fuzzing/jasper/ie.jpc/ie.jpc.285959 file_md5=b0b19da919df10859e70fb3af4718d1d
Command: cat /home/fuzz/fuzzing/jasper/ie.jpc/ie.jpc | zzuf -s285959 -r0.0157041:0.0254098 > /home/fuzz/fuzzing/jasper/ie.jpc/ie.jpc.285959
EIP=0xb7eb8d1b
seen at seed=286374 range=0.0157041:0.0254098 file=/home/fuzz/fuzzing/jasper/ie.jpc/ie.jpc.286374 file_md5=7e20476d53876adc82edb3715ff7277f
Command: cat /home/fuzz/fuzzing/jasper/ie.jpc/ie.jpc | zzuf -s286374 -r0.0157041:0.0254098 > /home/fuzz/fuzzing/jasper/ie.jpc/ie.jpc.286374
EIP=0xb7eb8d1b
seen at seed=287556 range=0.0157041:0.0254098 file=/home/fuzz/fuzzing/jasper/ie.jpc/ie.jpc.287556 file_md5=5565a278b0be2b05b4fde1ffbda2b536
Command: cat /home/fuzz/fuzzing/jasper/ie.jpc/ie.jpc | zzuf -s287556 -r0.0157041:0.0254098 > /home/fuzz/fuzzing/jasper/ie.jpc/ie.jpc.287556
EIP=0xb7eb8d1b
seen at seed=288563 range=0.0157041:0.0254098 file=/home/fuzz/fuzzing/jasper/ie.jpc/ie.jpc.288563 file_md5=89915e85437e9a96526bca10389c6fee
Command: cat /home/fuzz/fuzzing/jasper/ie.jpc/ie.jpc | zzuf -s288563 -r0.0157041:0.0254098 > /home/fuzz/fuzzing/jasper/ie.jpc/ie.jpc.288563
EIP=0xb7eb8d1b
seen at seed=292544 range=0.0157041:0.0254098 file=/home/fuzz/fuzzing/jasper/ie.jpc/ie.jpc.292544 file_md5=0ecf7d2ec898b627ddd073f57cef9622
Command: cat /home/fuzz/fuzzing/jasper/ie.jpc/ie.jpc | zzuf -s292544 -r0.0157041:0.0254098 > /home/fuzz/fuzzing/jasper/ie.jpc/ie.jpc.292544
EIP=0xb7eb8d1b
seen at seed=296537 range=0.0157041:0.0254098 file=/home/fuzz/fuzzing/jasper/ie.jpc/ie.jpc.296537 file_md5=d6fa25cb3815c347f3f9149bf9d28271
Command: cat /home/fuzz/fuzzing/jasper/ie.jpc/ie.jpc | zzuf -s296537 -r0.0157041:0.0254098 > /home/fuzz/fuzzing/jasper/ie.jpc/ie.jpc.296537
EIP=0xb7eb8d1b
seen at seed=297168 range=0.0157041:0.0254098 file=/home/fuzz/fuzzing/jasper/ie.jpc/ie.jpc.297168 file_md5=146235c9bf4e4554965b5f3f1be847bf
Command: cat /home/fuzz/fuzzing/jasper/ie.jpc/ie.jpc | zzuf -s297168 -r0.0157041:0.0254098 > /home/fuzz/fuzzing/jasper/ie.jpc/ie.jpc.297168
EIP=0xb7eb8d1b
seen at seed=297190 range=0.0157041:0.0254098 file=/home/fuzz/fuzzing/jasper/ie.jpc/ie.jpc.297190 file_md5=1130d63651c3169062e107fee2d2c05e
Command: cat /home/fuzz/fuzzing/jasper/ie.jpc/ie.jpc | zzuf -s297190 -r0.0157041:0.0254098 > /home/fuzz/fuzzing/jasper/ie.jpc/ie.jpc.297190
EIP=0xb7eb8d1b
seen at seed=297582 range=0.0157041:0.0254098 file=/home/fuzz/fuzzing/jasper/ie.jpc/ie.jpc.297582 file_md5=a65eb6f63097187e9f742820d2ec9ed0
Command: cat /home/fuzz/fuzzing/jasper/ie.jpc/ie.jpc | zzuf -s297582 -r0.0157041:0.0254098 > /home/fuzz/fuzzing/jasper/ie.jpc/ie.jpc.297582
EIP=0xb7eb8d1b
seen at seed=299960 range=0.0157041:0.0254098 file=/home/fuzz/fuzzing/jasper/ie.jpc/ie.jpc.299960 file_md5=6ad0d9d7179e16039f265257b8db96e8
Command: cat /home/fuzz/fuzzing/jasper/ie.jpc/ie.jpc | zzuf -s299960 -r0.0157041:0.0254098 > /home/fuzz/fuzzing/jasper/ie.jpc/ie.jpc.299960
EIP=0xb7eb8d1b
seen at seed=303371 range=0.0157041:0.0254098 file=/home/fuzz/fuzzing/jasper/ie.jpc/ie.jpc.303371 file_md5=9988708a15e66ad12dcac711706c6761
Command: cat /home/fuzz/fuzzing/jasper/ie.jpc/ie.jpc | zzuf -s303371 -r0.0157041:0.0254098 > /home/fuzz/fuzzing/jasper/ie.jpc/ie.jpc.303371
EIP=0xb7eb8d1b
seen at seed=304079 range=0.0157041:0.0254098 file=/home/fuzz/fuzzing/jasper/ie.jpc/ie.jpc.304079 file_md5=0b9293a65d70f42fdc8d6824334a8307
Command: cat /home/fuzz/fuzzing/jasper/ie.jpc/ie.jpc | zzuf -s304079 -r0.0157041:0.0254098 > /home/fuzz/fuzzing/jasper/ie.jpc/ie.jpc.304079
EIP=0xb7eb8d1b
seen at seed=305105 range=0.0157041:0.0254098 file=/home/fuzz/fuzzing/jasper/ie.jpc/ie.jpc.305105 file_md5=aa2c63f83912759bb7eb160e146b6fe2
Command: cat /home/fuzz/fuzzing/jasper/ie.jpc/ie.jpc | zzuf -s305105 -r0.0157041:0.0254098 > /home/fuzz/fuzzing/jasper/ie.jpc/ie.jpc.305105
EIP=0xb7eb8d1b
seen at seed=306133 range=0.0157041:0.0254098 file=/home/fuzz/fuzzing/jasper/ie.jpc/ie.jpc.306133 file_md5=409b2bf49c37e1a9c318b4dc2f5717ef
Command: cat /home/fuzz/fuzzing/jasper/ie.jpc/ie.jpc | zzuf -s306133 -r0.0157041:0.0254098 > /home/fuzz/fuzzing/jasper/ie.jpc/ie.jpc.306133
EIP=0xb7eb8d1b
seen at seed=313523 range=0.0157041:0.0254098 file=/home/fuzz/fuzzing/jasper/ie.jpc/ie.jpc.313523 file_md5=1df20d28b1e915f30167459b3da585f2
Command: cat /home/fuzz/fuzzing/jasper/ie.jpc/ie.jpc | zzuf -s313523 -r0.0157041:0.0254098 > /home/fuzz/fuzzing/jasper/ie.jpc/ie.jpc.313523
EIP=0xb7eb8d1b
seen at seed=315861 range=0.00970567:0.0157041 file=/home/fuzz/fuzzing/jasper/ie.jpc/ie.jpc.315861 file_md5=8562b373bef2512184cfcf4f96f4261c
Command: cat /home/fuzz/fuzzing/jasper/ie.jpc/ie.jpc | zzuf -s315861 -r0.00970567:0.0157041 > /home/fuzz/fuzzing/jasper/ie.jpc/ie.jpc.315861
EIP=0xb7eb8d1b
seen at seed=316116 range=0.0157041:0.0254098 file=/home/fuzz/fuzzing/jasper/ie.jpc/ie.jpc.316116 file_md5=f243c6bf686c6deb69eac95a3490c1cf
Command: cat /home/fuzz/fuzzing/jasper/ie.jpc/ie.jpc | zzuf -s316116 -r0.0157041:0.0254098 > /home/fuzz/fuzzing/jasper/ie.jpc/ie.jpc.316116
EIP=0xb7eb8d1b
seen at seed=316125 range=0.0157041:0.0254098 file=/home/fuzz/fuzzing/jasper/ie.jpc/ie.jpc.316125 file_md5=7215a4e3950c88e2a3f25e8d417b5a02
Command: cat /home/fuzz/fuzzing/jasper/ie.jpc/ie.jpc | zzuf -s316125 -r0.0157041:0.0254098 > /home/fuzz/fuzzing/jasper/ie.jpc/ie.jpc.316125
EIP=0xb7eb8d1b
seen at seed=317000 range=0.0157041:0.0254098 file=/home/fuzz/fuzzing/jasper/ie.jpc/ie.jpc.317000 file_md5=0947de0c5565e2943f207e2b84cbdb79
Command: cat /home/fuzz/fuzzing/jasper/ie.jpc/ie.jpc | zzuf -s317000 -r0.0157041:0.0254098 > /home/fuzz/fuzzing/jasper/ie.jpc/ie.jpc.317000
EIP=0xb7eb8d1b
seen at seed=317885 range=0.0157041:0.0254098 file=/home/fuzz/fuzzing/jasper/ie.jpc/ie.jpc.317885 file_md5=8054af27313176885a4d80b10b8ad247
Command: cat /home/fuzz/fuzzing/jasper/ie.jpc/ie.jpc | zzuf -s317885 -r0.0157041:0.0254098 > /home/fuzz/fuzzing/jasper/ie.jpc/ie.jpc.317885
EIP=0xb7eb8d1b
seen at seed=320924 range=0.0157041:0.0254098 file=/home/fuzz/fuzzing/jasper/ie.jpc/ie.jpc.320924 file_md5=c00c808421bd5ddb77a07896f577f3c8
Command: cat /home/fuzz/fuzzing/jasper/ie.jpc/ie.jpc | zzuf -s320924 -r0.0157041:0.0254098 > /home/fuzz/fuzzing/jasper/ie.jpc/ie.jpc.320924
EIP=0xb7eb8d1b
seen at seed=321428 range=0.0157041:0.0254098 file=/home/fuzz/fuzzing/jasper/ie.jpc/ie.jpc.321428 file_md5=5c06253c5106cde741a226c4435bc805
Command: cat /home/fuzz/fuzzing/jasper/ie.jpc/ie.jpc | zzuf -s321428 -r0.0157041:0.0254098 > /home/fuzz/fuzzing/jasper/ie.jpc/ie.jpc.321428
EIP=0xb7eb8d1b
seen at seed=322726 range=0.0157041:0.0254098 file=/home/fuzz/fuzzing/jasper/ie.jpc/ie.jpc.322726 file_md5=831ebe95a779f99492255668885c7a04
Command: cat /home/fuzz/fuzzing/jasper/ie.jpc/ie.jpc | zzuf -s322726 -r0.0157041:0.0254098 > /home/fuzz/fuzzing/jasper/ie.jpc/ie.jpc.322726
EIP=0xb7eb8d1b
seen at seed=324403 range=0.0157041:0.0254098 file=/home/fuzz/fuzzing/jasper/ie.jpc/ie.jpc.324403 file_md5=2da61a08b705c16e58f1db213821ee8c
Command: cat /home/fuzz/fuzzing/jasper/ie.jpc/ie.jpc | zzuf -s324403 -r0.0157041:0.0254098 > /home/fuzz/fuzzing/jasper/ie.jpc/ie.jpc.324403
EIP=0xb7eb8d1b
seen at seed=325014 range=0.0157041:0.0254098 file=/home/fuzz/fuzzing/jasper/ie.jpc/ie.jpc.325014 file_md5=d2771273a015a8d1cd5d61f9198c767b
Command: cat /home/fuzz/fuzzing/jasper/ie.jpc/ie.jpc | zzuf -s325014 -r0.0157041:0.0254098 > /home/fuzz/fuzzing/jasper/ie.jpc/ie.jpc.325014
EIP=0xb7eb8d1b
seen at seed=326647 range=0.0157041:0.0254098 file=/home/fuzz/fuzzing/jasper/ie.jpc/ie.jpc.326647 file_md5=bb936e04d3f328a400542e142c37c4e2
Command: cat /home/fuzz/fuzzing/jasper/ie.jpc/ie.jpc | zzuf -s326647 -r0.0157041:0.0254098 > /home/fuzz/fuzzing/jasper/ie.jpc/ie.jpc.326647
EIP=0xb7eb8d1b
seen at seed=328671 range=0.0157041:0.0254098 file=/home/fuzz/fuzzing/jasper/ie.jpc/ie.jpc.328671 file_md5=0983f759c57c71cc1155d1e96dfbfff9
Command: cat /home/fuzz/fuzzing/jasper/ie.jpc/ie.jpc | zzuf -s328671 -r0.0157041:0.0254098 > /home/fuzz/fuzzing/jasper/ie.jpc/ie.jpc.328671
EIP=0xb7eb8d1b
seen at seed=330335 range=0.0157041:0.0254098 file=/home/fuzz/fuzzing/jasper/ie.jpc/ie.jpc.330335 file_md5=cc41d225a6b7fce328c8050d16df8d2a
Command: cat /home/fuzz/fuzzing/jasper/ie.jpc/ie.jpc | zzuf -s330335 -r0.0157041:0.0254098 > /home/fuzz/fuzzing/jasper/ie.jpc/ie.jpc.330335
EIP=0xb7eb8d1b
seen at seed=330628 range=0.0157041:0.0254098 file=/home/fuzz/fuzzing/jasper/ie.jpc/ie.jpc.330628 file_md5=d5d9aec90d6022a5e98e04b4e7daa89b
Command: cat /home/fuzz/fuzzing/jasper/ie.jpc/ie.jpc | zzuf -s330628 -r0.0157041:0.0254098 > /home/fuzz/fuzzing/jasper/ie.jpc/ie.jpc.330628
EIP=0xb7eb8d1b
seen at seed=332008 range=0.0157041:0.0254098 file=/home/fuzz/fuzzing/jasper/ie.jpc/ie.jpc.332008 file_md5=882169a97b8f0a75daceefbf675cefd7
Command: cat /home/fuzz/fuzzing/jasper/ie.jpc/ie.jpc | zzuf -s332008 -r0.0157041:0.0254098 > /home/fuzz/fuzzing/jasper/ie.jpc/ie.jpc.332008
EIP=0xb7eb8d1b
seen at seed=332022 range=0.0157041:0.0254098 file=/home/fuzz/fuzzing/jasper/ie.jpc/ie.jpc.332022 file_md5=caf84e7f4fd199de96bb104b107a7ce2
Command: cat /home/fuzz/fuzzing/jasper/ie.jpc/ie.jpc | zzuf -s332022 -r0.0157041:0.0254098 > /home/fuzz/fuzzing/jasper/ie.jpc/ie.jpc.332022
EIP=0xb7eb8d1b
seen at seed=332931 range=0.0157041:0.0254098 file=/home/fuzz/fuzzing/jasper/ie.jpc/ie.jpc.332931 file_md5=51107e8d237d0a603b89ec5452a91442
Command: cat /home/fuzz/fuzzing/jasper/ie.jpc/ie.jpc | zzuf -s332931 -r0.0157041:0.0254098 > /home/fuzz/fuzzing/jasper/ie.jpc/ie.jpc.332931
EIP=0xb7eb8d1b
seen at seed=336676 range=0.0157041:0.0254098 file=/home/fuzz/fuzzing/jasper/ie.jpc/ie.jpc.336676 file_md5=2d3a487676983d4c3bb9ce458dbfc0d3
Command: cat /home/fuzz/fuzzing/jasper/ie.jpc/ie.jpc | zzuf -s336676 -r0.0157041:0.0254098 > /home/fuzz/fuzzing/jasper/ie.jpc/ie.jpc.336676
EIP=0xb7eb8d1b
seen at seed=343341 range=0.0157041:0.0254098 file=/home/fuzz/fuzzing/jasper/ie.jpc/ie.jpc.343341 file_md5=d392994191b87c5d56fef836a52c340c
Command: cat /home/fuzz/fuzzing/jasper/ie.jpc/ie.jpc | zzuf -s343341 -r0.0157041:0.0254098 > /home/fuzz/fuzzing/jasper/ie.jpc/ie.jpc.343341
EIP=0xb7eb8d1b
seen at seed=343679 range=0.0157041:0.0254098 file=/home/fuzz/fuzzing/jasper/ie.jpc/ie.jpc.343679 file_md5=c09b634e97b1a6fcf4326c566ab3131e
Command: cat /home/fuzz/fuzzing/jasper/ie.jpc/ie.jpc | zzuf -s343679 -r0.0157041:0.0254098 > /home/fuzz/fuzzing/jasper/ie.jpc/ie.jpc.343679
EIP=0xb7eb8d1b
seen at seed=344892 range=0.0157041:0.0254098 file=/home/fuzz/fuzzing/jasper/ie.jpc/ie.jpc.344892 file_md5=d01647dbd6d1fe558f659ee5bb777e43
Command: cat /home/fuzz/fuzzing/jasper/ie.jpc/ie.jpc | zzuf -s344892 -r0.0157041:0.0254098 > /home/fuzz/fuzzing/jasper/ie.jpc/ie.jpc.344892
EIP=0xb7eb8d1b
seen at seed=349429 range=0.0157041:0.0254098 file=/home/fuzz/fuzzing/jasper/ie.jpc/ie.jpc.349429 file_md5=3b60f93512eafc06b22b9347e09db951
Command: cat /home/fuzz/fuzzing/jasper/ie.jpc/ie.jpc | zzuf -s349429 -r0.0157041:0.0254098 > /home/fuzz/fuzzing/jasper/ie.jpc/ie.jpc.349429
EIP=0xb7eb8d1b
seen at seed=350124 range=0.0157041:0.0254098 file=/home/fuzz/fuzzing/jasper/ie.jpc/ie.jpc.350124 file_md5=7e744dbfca22e1892beb84d064b194d0
Command: cat /home/fuzz/fuzzing/jasper/ie.jpc/ie.jpc | zzuf -s350124 -r0.0157041:0.0254098 > /home/fuzz/fuzzing/jasper/ie.jpc/ie.jpc.350124
EIP=0xb7eb8d1b
seen at seed=351139 range=0.0157041:0.0254098 file=/home/fuzz/fuzzing/jasper/ie.jpc/ie.jpc.351139 file_md5=e90c440735ce707a8585a3930e95a31e
Command: cat /home/fuzz/fuzzing/jasper/ie.jpc/ie.jpc | zzuf -s351139 -r0.0157041:0.0254098 > /home/fuzz/fuzzing/jasper/ie.jpc/ie.jpc.351139
EIP=0xb7eb8d1b
seen at seed=351256 range=0.0157041:0.0254098 file=/home/fuzz/fuzzing/jasper/ie.jpc/ie.jpc.351256 file_md5=c646e33db4d0dc0f1479fce12daa047f
Command: cat /home/fuzz/fuzzing/jasper/ie.jpc/ie.jpc | zzuf -s351256 -r0.0157041:0.0254098 > /home/fuzz/fuzzing/jasper/ie.jpc/ie.jpc.351256
EIP=0xb7eb8d1b
seen at seed=352247 range=0.0157041:0.0254098 file=/home/fuzz/fuzzing/jasper/ie.jpc/ie.jpc.352247 file_md5=a5ff5c4d899f6a30e7a219e0559bfd39
Command: cat /home/fuzz/fuzzing/jasper/ie.jpc/ie.jpc | zzuf -s352247 -r0.0157041:0.0254098 > /home/fuzz/fuzzing/jasper/ie.jpc/ie.jpc.352247
EIP=0xb7eb8d1b
seen at seed=353357 range=0.0157041:0.0254098 file=/home/fuzz/fuzzing/jasper/ie.jpc/ie.jpc.353357 file_md5=c136a93c60a37a14f114cfb71ea3ce91
Command: cat /home/fuzz/fuzzing/jasper/ie.jpc/ie.jpc | zzuf -s353357 -r0.0157041:0.0254098 > /home/fuzz/fuzzing/jasper/ie.jpc/ie.jpc.353357
EIP=0xb7eb8d1b
seen at seed=353919 range=0.0157041:0.0254098 file=/home/fuzz/fuzzing/jasper/ie.jpc/ie.jpc.353919 file_md5=e73ad6b740e26306323cef77cdcfa4a9
Command: cat /home/fuzz/fuzzing/jasper/ie.jpc/ie.jpc | zzuf -s353919 -r0.0157041:0.0254098 > /home/fuzz/fuzzing/jasper/ie.jpc/ie.jpc.353919
EIP=0xb7eb8d1b
seen at seed=357751 range=0.0157041:0.0254098 file=/home/fuzz/fuzzing/jasper/ie.jpc/ie.jpc.357751 file_md5=ac19732594215fa14edc1c51b02a5db6
Command: cat /home/fuzz/fuzzing/jasper/ie.jpc/ie.jpc | zzuf -s357751 -r0.0157041:0.0254098 > /home/fuzz/fuzzing/jasper/ie.jpc/ie.jpc.357751
EIP=0xb7eb8d1b
seen at seed=360139 range=0.0157041:0.0254098 file=/home/fuzz/fuzzing/jasper/ie.jpc/ie.jpc.360139 file_md5=31cf2edf98f227358370da41693acf6f
Command: cat /home/fuzz/fuzzing/jasper/ie.jpc/ie.jpc | zzuf -s360139 -r0.0157041:0.0254098 > /home/fuzz/fuzzing/jasper/ie.jpc/ie.jpc.360139
EIP=0xb7eb8d1b
seen at seed=361053 range=0.0157041:0.0254098 file=/home/fuzz/fuzzing/jasper/ie.jpc/ie.jpc.361053 file_md5=c26fbecf49e14f6e38ff47d72ab1a267
Command: cat /home/fuzz/fuzzing/jasper/ie.jpc/ie.jpc | zzuf -s361053 -r0.0157041:0.0254098 > /home/fuzz/fuzzing/jasper/ie.jpc/ie.jpc.361053
EIP=0xb7eb8d1b
seen at seed=362021 range=0.0157041:0.0254098 file=/home/fuzz/fuzzing/jasper/ie.jpc/ie.jpc.362021 file_md5=20e88d483223e1837eb1b0043c3d9c31
Command: cat /home/fuzz/fuzzing/jasper/ie.jpc/ie.jpc | zzuf -s362021 -r0.0157041:0.0254098 > /home/fuzz/fuzzing/jasper/ie.jpc/ie.jpc.362021
EIP=0xb7eb8d1b
seen at seed=363088 range=0.0157041:0.0254098 file=/home/fuzz/fuzzing/jasper/ie.jpc/ie.jpc.363088 file_md5=535315579da2b905f17e4701a7acd0fd
Command: cat /home/fuzz/fuzzing/jasper/ie.jpc/ie.jpc | zzuf -s363088 -r0.0157041:0.0254098 > /home/fuzz/fuzzing/jasper/ie.jpc/ie.jpc.363088
EIP=0xb7eb8d1b
seen at seed=363763 range=0.0157041:0.0254098 file=/home/fuzz/fuzzing/jasper/ie.jpc/ie.jpc.363763 file_md5=786bca4728c3793d487ecc144c88baf1
Command: cat /home/fuzz/fuzzing/jasper/ie.jpc/ie.jpc | zzuf -s363763 -r0.0157041:0.0254098 > /home/fuzz/fuzzing/jasper/ie.jpc/ie.jpc.363763
EIP=0xb7eb8d1b
seen at seed=364068 range=0.0157041:0.0254098 file=/home/fuzz/fuzzing/jasper/ie.jpc/ie.jpc.364068 file_md5=8107a3f8dd675be4afc17c8b742700dc
Command: cat /home/fuzz/fuzzing/jasper/ie.jpc/ie.jpc | zzuf -s364068 -r0.0157041:0.0254098 > /home/fuzz/fuzzing/jasper/ie.jpc/ie.jpc.364068
EIP=0xb7eb8d1b
seen at seed=365594 range=0.0157041:0.0254098 file=/home/fuzz/fuzzing/jasper/ie.jpc/ie.jpc.365594 file_md5=3ee47282166427ef0eb1a652988a73e6
Command: cat /home/fuzz/fuzzing/jasper/ie.jpc/ie.jpc | zzuf -s365594 -r0.0157041:0.0254098 > /home/fuzz/fuzzing/jasper/ie.jpc/ie.jpc.365594
EIP=0xb7eb8d1b
seen at seed=369565 range=0.0157041:0.0254098 file=/home/fuzz/fuzzing/jasper/ie.jpc/ie.jpc.369565 file_md5=26205e7738600dd3e5c0da63cfaecf28
Command: cat /home/fuzz/fuzzing/jasper/ie.jpc/ie.jpc | zzuf -s369565 -r0.0157041:0.0254098 > /home/fuzz/fuzzing/jasper/ie.jpc/ie.jpc.369565
EIP=0xb7eb8d1b
seen at seed=372062 range=0.0157041:0.0254098 file=/home/fuzz/fuzzing/jasper/ie.jpc/ie.jpc.372062 file_md5=0e490b8a0754c80f257d7ab60aff6a4f
Command: cat /home/fuzz/fuzzing/jasper/ie.jpc/ie.jpc | zzuf -s372062 -r0.0157041:0.0254098 > /home/fuzz/fuzzing/jasper/ie.jpc/ie.jpc.372062
EIP=0xb7eb8d1b
seen at seed=372578 range=0.0157041:0.0254098 file=/home/fuzz/fuzzing/jasper/ie.jpc/ie.jpc.372578 file_md5=c1328ffadf9e1221c1c73bd30608c60d
Command: cat /home/fuzz/fuzzing/jasper/ie.jpc/ie.jpc | zzuf -s372578 -r0.0157041:0.0254098 > /home/fuzz/fuzzing/jasper/ie.jpc/ie.jpc.372578
EIP=0xb7eb8d1b
seen at seed=376237 range=0.0157041:0.0254098 file=/home/fuzz/fuzzing/jasper/ie.jpc/ie.jpc.376237 file_md5=e81cb4b6725fc635f49fc9c01615c3ea
Command: cat /home/fuzz/fuzzing/jasper/ie.jpc/ie.jpc | zzuf -s376237 -r0.0157041:0.0254098 > /home/fuzz/fuzzing/jasper/ie.jpc/ie.jpc.376237
EIP=0xb7eb8d1b
seen at seed=380881 range=0.0157041:0.0254098 file=/home/fuzz/fuzzing/jasper/ie.jpc/ie.jpc.380881 file_md5=c0e2efa974dabb85f1e2fcb152a44b6d
Command: cat /home/fuzz/fuzzing/jasper/ie.jpc/ie.jpc | zzuf -s380881 -r0.0157041:0.0254098 > /home/fuzz/fuzzing/jasper/ie.jpc/ie.jpc.380881
EIP=0xb7eb8d1b
seen at seed=385592 range=0.0157041:0.0254098 file=/home/fuzz/fuzzing/jasper/ie.jpc/ie.jpc.385592 file_md5=2bc4640cc8c71e1f5458f16219d1acd2
Command: cat /home/fuzz/fuzzing/jasper/ie.jpc/ie.jpc | zzuf -s385592 -r0.0157041:0.0254098 > /home/fuzz/fuzzing/jasper/ie.jpc/ie.jpc.385592
EIP=0xb7eb8d1b
seen at seed=385741 range=0.0157041:0.0254098 file=/home/fuzz/fuzzing/jasper/ie.jpc/ie.jpc.385741 file_md5=0533c328e75a7f84a9a02a138ec79191
Command: cat /home/fuzz/fuzzing/jasper/ie.jpc/ie.jpc | zzuf -s385741 -r0.0157041:0.0254098 > /home/fuzz/fuzzing/jasper/ie.jpc/ie.jpc.385741
EIP=0xb7eb8d1b
seen at seed=386910 range=0.0157041:0.0254098 file=/home/fuzz/fuzzing/jasper/ie.jpc/ie.jpc.386910 file_md5=be113228746218973187a57097f945cd
Command: cat /home/fuzz/fuzzing/jasper/ie.jpc/ie.jpc | zzuf -s386910 -r0.0157041:0.0254098 > /home/fuzz/fuzzing/jasper/ie.jpc/ie.jpc.386910
EIP=0xb7eb8d1b
seen at seed=387776 range=0.0157041:0.0254098 file=/home/fuzz/fuzzing/jasper/ie.jpc/ie.jpc.387776 file_md5=dabaab841c0f5e096b226bc1b6e191a5
Command: cat /home/fuzz/fuzzing/jasper/ie.jpc/ie.jpc | zzuf -s387776 -r0.0157041:0.0254098 > /home/fuzz/fuzzing/jasper/ie.jpc/ie.jpc.387776
EIP=0xb7eb8d1b
seen at seed=388350 range=0.0157041:0.0254098 file=/home/fuzz/fuzzing/jasper/ie.jpc/ie.jpc.388350 file_md5=46f44bb26b528f5d58116ecf30b0afa6
Command: cat /home/fuzz/fuzzing/jasper/ie.jpc/ie.jpc | zzuf -s388350 -r0.0157041:0.0254098 > /home/fuzz/fuzzing/jasper/ie.jpc/ie.jpc.388350
EIP=0xb7eb8d1b
seen at seed=390115 range=0.0157041:0.0254098 file=/home/fuzz/fuzzing/jasper/ie.jpc/ie.jpc.390115 file_md5=dde9c046768480eedc6a57e4042058a3
Command: cat /home/fuzz/fuzzing/jasper/ie.jpc/ie.jpc | zzuf -s390115 -r0.0157041:0.0254098 > /home/fuzz/fuzzing/jasper/ie.jpc/ie.jpc.390115
EIP=0xb7eb8d1b
seen at seed=394524 range=0.0157041:0.0254098 file=/home/fuzz/fuzzing/jasper/ie.jpc/ie.jpc.394524 file_md5=3799af0b100ff21a0d3aa71ae86a9682
Command: cat /home/fuzz/fuzzing/jasper/ie.jpc/ie.jpc | zzuf -s394524 -r0.0157041:0.0254098 > /home/fuzz/fuzzing/jasper/ie.jpc/ie.jpc.394524
EIP=0xb7eb8d1b
seen at seed=395776 range=0.0157041:0.0254098 file=/home/fuzz/fuzzing/jasper/ie.jpc/ie.jpc.395776 file_md5=ead9db7b3476000baa56a8e6886175ab
Command: cat /home/fuzz/fuzzing/jasper/ie.jpc/ie.jpc | zzuf -s395776 -r0.0157041:0.0254098 > /home/fuzz/fuzzing/jasper/ie.jpc/ie.jpc.395776
EIP=0xb7eb8d1b
seen at seed=395951 range=0.00970567:0.0157041 file=/home/fuzz/fuzzing/jasper/ie.jpc/ie.jpc.395951 file_md5=bcb93e250164a0a0f5b4ded0590fc5bf
Command: cat /home/fuzz/fuzzing/jasper/ie.jpc/ie.jpc | zzuf -s395951 -r0.00970567:0.0157041 > /home/fuzz/fuzzing/jasper/ie.jpc/ie.jpc.395951
EIP=0xb7eb8d1b
seen at seed=401419 range=0.0157041:0.0254098 file=/home/fuzz/fuzzing/jasper/ie.jpc/ie.jpc.401419 file_md5=42ba12befb2fb5d4d64a11467c338c81
Command: cat /home/fuzz/fuzzing/jasper/ie.jpc/ie.jpc | zzuf -s401419 -r0.0157041:0.0254098 > /home/fuzz/fuzzing/jasper/ie.jpc/ie.jpc.401419
EIP=0xb7eb8d1b
seen at seed=410172 range=0.0157041:0.0254098 file=/home/fuzz/fuzzing/jasper/ie.jpc/ie.jpc.410172 file_md5=9b0f5cfe20efdd5f72c757297d51cd73
Command: cat /home/fuzz/fuzzing/jasper/ie.jpc/ie.jpc | zzuf -s410172 -r0.0157041:0.0254098 > /home/fuzz/fuzzing/jasper/ie.jpc/ie.jpc.410172
EIP=0xb7eb8d1b
seen at seed=411039 range=0.0157041:0.0254098 file=/home/fuzz/fuzzing/jasper/ie.jpc/ie.jpc.411039 file_md5=43495f03d4f1e5a2aa0c0a7f2c9ada25
Command: cat /home/fuzz/fuzzing/jasper/ie.jpc/ie.jpc | zzuf -s411039 -r0.0157041:0.0254098 > /home/fuzz/fuzzing/jasper/ie.jpc/ie.jpc.411039
EIP=0xb7eb8d1b
seen at seed=411616 range=0.0157041:0.0254098 file=/home/fuzz/fuzzing/jasper/ie.jpc/ie.jpc.411616 file_md5=016de9dace846f209fe7a9b1086a056e
Command: cat /home/fuzz/fuzzing/jasper/ie.jpc/ie.jpc | zzuf -s411616 -r0.0157041:0.0254098 > /home/fuzz/fuzzing/jasper/ie.jpc/ie.jpc.411616
EIP=0xb7eb8d1b
seen at seed=414396 range=0.0157041:0.0254098 file=/home/fuzz/fuzzing/jasper/ie.jpc/ie.jpc.414396 file_md5=9da5ff54cb8513fd3f789b6a8ff9f4b8
Command: cat /home/fuzz/fuzzing/jasper/ie.jpc/ie.jpc | zzuf -s414396 -r0.0157041:0.0254098 > /home/fuzz/fuzzing/jasper/ie.jpc/ie.jpc.414396
EIP=0xb7eb8d1b
seen at seed=417219 range=0.0157041:0.0254098 file=/home/fuzz/fuzzing/jasper/ie.jpc/ie.jpc.417219 file_md5=78f99c7d3b40d76205a19259b3a8f427
Command: cat /home/fuzz/fuzzing/jasper/ie.jpc/ie.jpc | zzuf -s417219 -r0.0157041:0.0254098 > /home/fuzz/fuzzing/jasper/ie.jpc/ie.jpc.417219
EIP=0xb7eb8d1b
seen at seed=419545 range=0.0157041:0.0254098 file=/home/fuzz/fuzzing/jasper/ie.jpc/ie.jpc.419545 file_md5=f34bbc4f9a3b00dea028c0331062112b
Command: cat /home/fuzz/fuzzing/jasper/ie.jpc/ie.jpc | zzuf -s419545 -r0.0157041:0.0254098 > /home/fuzz/fuzzing/jasper/ie.jpc/ie.jpc.419545
EIP=0xb7eb8d1b
seen at seed=419609 range=0.0157041:0.0254098 file=/home/fuzz/fuzzing/jasper/ie.jpc/ie.jpc.419609 file_md5=5cbca4756dd0e02be47f1501c3818f4e
Command: cat /home/fuzz/fuzzing/jasper/ie.jpc/ie.jpc | zzuf -s419609 -r0.0157041:0.0254098 > /home/fuzz/fuzzing/jasper/ie.jpc/ie.jpc.419609
EIP=0xb7eb8d1b
seen at seed=421681 range=0.0157041:0.0254098 file=/home/fuzz/fuzzing/jasper/ie.jpc/ie.jpc.421681 file_md5=949a66b0611dd0845493514262d7a625
Command: cat /home/fuzz/fuzzing/jasper/ie.jpc/ie.jpc | zzuf -s421681 -r0.0157041:0.0254098 > /home/fuzz/fuzzing/jasper/ie.jpc/ie.jpc.421681
EIP=0xb7eb8d1b
seen at seed=423620 range=0.0157041:0.0254098 file=/home/fuzz/fuzzing/jasper/ie.jpc/ie.jpc.423620 file_md5=ca15677c37691c293533ab9b41a6922c
Command: cat /home/fuzz/fuzzing/jasper/ie.jpc/ie.jpc | zzuf -s423620 -r0.0157041:0.0254098 > /home/fuzz/fuzzing/jasper/ie.jpc/ie.jpc.423620
EIP=0xb7eb8d1b
seen at seed=423969 range=0.0157041:0.0254098 file=/home/fuzz/fuzzing/jasper/ie.jpc/ie.jpc.423969 file_md5=1db9fe24942a5f56f69b2a0a18f0ba09
Command: cat /home/fuzz/fuzzing/jasper/ie.jpc/ie.jpc | zzuf -s423969 -r0.0157041:0.0254098 > /home/fuzz/fuzzing/jasper/ie.jpc/ie.jpc.423969
EIP=0xb7eb8d1b
seen at seed=429016 range=0.0157041:0.0254098 file=/home/fuzz/fuzzing/jasper/ie.jpc/ie.jpc.429016 file_md5=d84ffcfc76e2b9116ae18f12b10510c2
Command: cat /home/fuzz/fuzzing/jasper/ie.jpc/ie.jpc | zzuf -s429016 -r0.0157041:0.0254098 > /home/fuzz/fuzzing/jasper/ie.jpc/ie.jpc.429016
EIP=0xb7eb8d1b
seen at seed=429461 range=0.0157041:0.0254098 file=/home/fuzz/fuzzing/jasper/ie.jpc/ie.jpc.429461 file_md5=e1a6fc671c819f8125c2fff80eebb819
Command: cat /home/fuzz/fuzzing/jasper/ie.jpc/ie.jpc | zzuf -s429461 -r0.0157041:0.0254098 > /home/fuzz/fuzzing/jasper/ie.jpc/ie.jpc.429461
EIP=0xb7eb8d1b
seen at seed=429953 range=0.0157041:0.0254098 file=/home/fuzz/fuzzing/jasper/ie.jpc/ie.jpc.429953 file_md5=ca67f74c17f90f3ce817a6b4a4a15de8
Command: cat /home/fuzz/fuzzing/jasper/ie.jpc/ie.jpc | zzuf -s429953 -r0.0157041:0.0254098 > /home/fuzz/fuzzing/jasper/ie.jpc/ie.jpc.429953
EIP=0xb7eb8d1b
seen at seed=432869 range=0.0157041:0.0254098 file=/home/fuzz/fuzzing/jasper/ie.jpc/ie.jpc.432869 file_md5=3b5521324568a1018bb52d10dc32379c
Command: cat /home/fuzz/fuzzing/jasper/ie.jpc/ie.jpc | zzuf -s432869 -r0.0157041:0.0254098 > /home/fuzz/fuzzing/jasper/ie.jpc/ie.jpc.432869
EIP=0xb7eb8d1b
seen at seed=435872 range=0.0157041:0.0254098 file=/home/fuzz/fuzzing/jasper/ie.jpc/ie.jpc.435872 file_md5=f23cb29aa7b23e4313715574d28d3646
Command: cat /home/fuzz/fuzzing/jasper/ie.jpc/ie.jpc | zzuf -s435872 -r0.0157041:0.0254098 > /home/fuzz/fuzzing/jasper/ie.jpc/ie.jpc.435872
EIP=0xb7eb8d1b
seen at seed=438060 range=0.0157041:0.0254098 file=/home/fuzz/fuzzing/jasper/ie.jpc/ie.jpc.438060 file_md5=0685483e4768b3bb49b0b695ef99aa76
Command: cat /home/fuzz/fuzzing/jasper/ie.jpc/ie.jpc | zzuf -s438060 -r0.0157041:0.0254098 > /home/fuzz/fuzzing/jasper/ie.jpc/ie.jpc.438060
EIP=0xb7eb8d1b
seen at seed=442032 range=0.0157041:0.0254098 file=/home/fuzz/fuzzing/jasper/ie.jpc/ie.jpc.442032 file_md5=75611a5a59db8cc79d25d94cd2ee9097
Command: cat /home/fuzz/fuzzing/jasper/ie.jpc/ie.jpc | zzuf -s442032 -r0.0157041:0.0254098 > /home/fuzz/fuzzing/jasper/ie.jpc/ie.jpc.442032
EIP=0xb7eb8d1b
seen at seed=443289 range=0.00970567:0.0157041 file=/home/fuzz/fuzzing/jasper/ie.jpc/ie.jpc.443289 file_md5=a23be85fa314633bb5d3372b37b5f950
Command: cat /home/fuzz/fuzzing/jasper/ie.jpc/ie.jpc | zzuf -s443289 -r0.00970567:0.0157041 > /home/fuzz/fuzzing/jasper/ie.jpc/ie.jpc.443289
EIP=0xb7eb8d1b
seen at seed=446182 range=0.0157041:0.0254098 file=/home/fuzz/fuzzing/jasper/ie.jpc/ie.jpc.446182 file_md5=ea9e02dc3a1cb82b07dff12b998541eb
Command: cat /home/fuzz/fuzzing/jasper/ie.jpc/ie.jpc | zzuf -s446182 -r0.0157041:0.0254098 > /home/fuzz/fuzzing/jasper/ie.jpc/ie.jpc.446182
EIP=0xb7eb8d1b
seen at seed=446380 range=0.0157041:0.0254098 file=/home/fuzz/fuzzing/jasper/ie.jpc/ie.jpc.446380 file_md5=29151cf102814a2342c5e562737a3f2c
Command: cat /home/fuzz/fuzzing/jasper/ie.jpc/ie.jpc | zzuf -s446380 -r0.0157041:0.0254098 > /home/fuzz/fuzzing/jasper/ie.jpc/ie.jpc.446380
EIP=0xb7eb8d1b
seen at seed=447505 range=0.0157041:0.0254098 file=/home/fuzz/fuzzing/jasper/ie.jpc/ie.jpc.447505 file_md5=44a8abc7223b4d1ba68e1875760b81f3
Command: cat /home/fuzz/fuzzing/jasper/ie.jpc/ie.jpc | zzuf -s447505 -r0.0157041:0.0254098 > /home/fuzz/fuzzing/jasper/ie.jpc/ie.jpc.447505
EIP=0xb7eb8d1b
seen at seed=449789 range=0.0157041:0.0254098 file=/home/fuzz/fuzzing/jasper/ie.jpc/ie.jpc.449789 file_md5=b84c28561354f9d67afb45468be80726
Command: cat /home/fuzz/fuzzing/jasper/ie.jpc/ie.jpc | zzuf -s449789 -r0.0157041:0.0254098 > /home/fuzz/fuzzing/jasper/ie.jpc/ie.jpc.449789
EIP=0xb7eb8d1b
seen at seed=453008 range=0.0157041:0.0254098 file=/home/fuzz/fuzzing/jasper/ie.jpc/ie.jpc.453008 file_md5=2b8d14b574eda12cfac91f684d449e58
Command: cat /home/fuzz/fuzzing/jasper/ie.jpc/ie.jpc | zzuf -s453008 -r0.0157041:0.0254098 > /home/fuzz/fuzzing/jasper/ie.jpc/ie.jpc.453008
EIP=0xb7eb8d1b
seen at seed=453793 range=0.0157041:0.0254098 file=/home/fuzz/fuzzing/jasper/ie.jpc/ie.jpc.453793 file_md5=97e867bb2906dd60329d3b98595b7292
Command: cat /home/fuzz/fuzzing/jasper/ie.jpc/ie.jpc | zzuf -s453793 -r0.0157041:0.0254098 > /home/fuzz/fuzzing/jasper/ie.jpc/ie.jpc.453793
EIP=0xb7eb8d1b
seen at seed=453849 range=0.0157041:0.0254098 file=/home/fuzz/fuzzing/jasper/ie.jpc/ie.jpc.453849 file_md5=dc3d01edd97c8423976561c355264ef5
Command: cat /home/fuzz/fuzzing/jasper/ie.jpc/ie.jpc | zzuf -s453849 -r0.0157041:0.0254098 > /home/fuzz/fuzzing/jasper/ie.jpc/ie.jpc.453849
EIP=0xb7eb8d1b
seen at seed=454251 range=0.0157041:0.0254098 file=/home/fuzz/fuzzing/jasper/ie.jpc/ie.jpc.454251 file_md5=a07f3f108c3fc7c8518eb1c80953db04
Command: cat /home/fuzz/fuzzing/jasper/ie.jpc/ie.jpc | zzuf -s454251 -r0.0157041:0.0254098 > /home/fuzz/fuzzing/jasper/ie.jpc/ie.jpc.454251
EIP=0xb7eb8d1b
seen at seed=462319 range=0.0157041:0.0254098 file=/home/fuzz/fuzzing/jasper/ie.jpc/ie.jpc.462319 file_md5=42e7a8733bd1a4f54beca310ca8a9caf
Command: cat /home/fuzz/fuzzing/jasper/ie.jpc/ie.jpc | zzuf -s462319 -r0.0157041:0.0254098 > /home/fuzz/fuzzing/jasper/ie.jpc/ie.jpc.462319
EIP=0xb7eb8d1b
seen at seed=463516 range=0.0157041:0.0254098 file=/home/fuzz/fuzzing/jasper/ie.jpc/ie.jpc.463516 file_md5=cc9cc18139ceb8e3e0ee2d6ba87052f2
Command: cat /home/fuzz/fuzzing/jasper/ie.jpc/ie.jpc | zzuf -s463516 -r0.0157041:0.0254098 > /home/fuzz/fuzzing/jasper/ie.jpc/ie.jpc.463516
EIP=0xb7eb8d1b
seen at seed=466407 range=0.0157041:0.0254098 file=/home/fuzz/fuzzing/jasper/ie.jpc/ie.jpc.466407 file_md5=b65619d0a59c77ea92bf645b643f5eea
Command: cat /home/fuzz/fuzzing/jasper/ie.jpc/ie.jpc | zzuf -s466407 -r0.0157041:0.0254098 > /home/fuzz/fuzzing/jasper/ie.jpc/ie.jpc.466407
EIP=0xb7eb8d1b
seen at seed=468735 range=0.0157041:0.0254098 file=/home/fuzz/fuzzing/jasper/ie.jpc/ie.jpc.468735 file_md5=703ee9d586c8464a28c87f6c92bd3b50
Command: cat /home/fuzz/fuzzing/jasper/ie.jpc/ie.jpc | zzuf -s468735 -r0.0157041:0.0254098 > /home/fuzz/fuzzing/jasper/ie.jpc/ie.jpc.468735
EIP=0xb7eb8d1b
seen at seed=469192 range=0.0157041:0.0254098 file=/home/fuzz/fuzzing/jasper/ie.jpc/ie.jpc.469192 file_md5=cf231b73af9c1258141bf8e6d7dffe08
Command: cat /home/fuzz/fuzzing/jasper/ie.jpc/ie.jpc | zzuf -s469192 -r0.0157041:0.0254098 > /home/fuzz/fuzzing/jasper/ie.jpc/ie.jpc.469192
EIP=0xb7eb8d1b
seen at seed=473238 range=0.0157041:0.0254098 file=/home/fuzz/fuzzing/jasper/ie.jpc/ie.jpc.473238 file_md5=6349fe3965847ff7584ee93ed4e076b2
Command: cat /home/fuzz/fuzzing/jasper/ie.jpc/ie.jpc | zzuf -s473238 -r0.0157041:0.0254098 > /home/fuzz/fuzzing/jasper/ie.jpc/ie.jpc.473238
EIP=0xb7eb8d1b
seen at seed=473436 range=0.0157041:0.0254098 file=/home/fuzz/fuzzing/jasper/ie.jpc/ie.jpc.473436 file_md5=0262957ffc7e623e6c18f2cf4807038a
Command: cat /home/fuzz/fuzzing/jasper/ie.jpc/ie.jpc | zzuf -s473436 -r0.0157041:0.0254098 > /home/fuzz/fuzzing/jasper/ie.jpc/ie.jpc.473436
EIP=0xb7eb8d1b
seen at seed=474121 range=0.0157041:0.0254098 file=/home/fuzz/fuzzing/jasper/ie.jpc/ie.jpc.474121 file_md5=5c703048115bb75cbd0c4b138bff4c23
Command: cat /home/fuzz/fuzzing/jasper/ie.jpc/ie.jpc | zzuf -s474121 -r0.0157041:0.0254098 > /home/fuzz/fuzzing/jasper/ie.jpc/ie.jpc.474121
EIP=0xb7eb8d1b
seen at seed=484642 range=0.0157041:0.0254098 file=/home/fuzz/fuzzing/jasper/ie.jpc/ie.jpc.484642 file_md5=d74750839b920f12eb47b9de01231e75
Command: cat /home/fuzz/fuzzing/jasper/ie.jpc/ie.jpc | zzuf -s484642 -r0.0157041:0.0254098 > /home/fuzz/fuzzing/jasper/ie.jpc/ie.jpc.484642
EIP=0xb7eb8d1b
seen at seed=485294 range=0.0157041:0.0254098 file=/home/fuzz/fuzzing/jasper/ie.jpc/ie.jpc.485294 file_md5=7bd5f0d2662a6f5b73bfb84ba69740a3
Command: cat /home/fuzz/fuzzing/jasper/ie.jpc/ie.jpc | zzuf -s485294 -r0.0157041:0.0254098 > /home/fuzz/fuzzing/jasper/ie.jpc/ie.jpc.485294
EIP=0xb7eb8d1b
seen at seed=491188 range=0.0157041:0.0254098 file=/home/fuzz/fuzzing/jasper/ie.jpc/ie.jpc.491188 file_md5=0eaf53cf19f384144bcda648d00e429b
Command: cat /home/fuzz/fuzzing/jasper/ie.jpc/ie.jpc | zzuf -s491188 -r0.0157041:0.0254098 > /home/fuzz/fuzzing/jasper/ie.jpc/ie.jpc.491188
EIP=0xb7eb8d1b
seen at seed=492746 range=0.0157041:0.0254098 file=/home/fuzz/fuzzing/jasper/ie.jpc/ie.jpc.492746 file_md5=f4e6a8eec8035204112f7514779ece4d
Command: cat /home/fuzz/fuzzing/jasper/ie.jpc/ie.jpc | zzuf -s492746 -r0.0157041:0.0254098 > /home/fuzz/fuzzing/jasper/ie.jpc/ie.jpc.492746
EIP=0xb7eb8d1b
seen at seed=493927 range=0.0157041:0.0254098 file=/home/fuzz/fuzzing/jasper/ie.jpc/ie.jpc.493927 file_md5=da9201913ec8dd298989baf0330dbce5
Command: cat /home/fuzz/fuzzing/jasper/ie.jpc/ie.jpc | zzuf -s493927 -r0.0157041:0.0254098 > /home/fuzz/fuzzing/jasper/ie.jpc/ie.jpc.493927
EIP=0xb7eb8d1b
seen at seed=499371 range=0.0157041:0.0254098 file=/home/fuzz/fuzzing/jasper/ie.jpc/ie.jpc.499371 file_md5=c5630b0a5ea0a5d838c4ec704332111f
Command: cat /home/fuzz/fuzzing/jasper/ie.jpc/ie.jpc | zzuf -s499371 -r0.0157041:0.0254098 > /home/fuzz/fuzzing/jasper/ie.jpc/ie.jpc.499371
EIP=0xb7eb8d1b
seen at seed=501844 range=0.0157041:0.0254098 file=/home/fuzz/fuzzing/jasper/ie.jpc/ie.jpc.501844 file_md5=dcba792298cbf13f80f939a0623681b2
Command: cat /home/fuzz/fuzzing/jasper/ie.jpc/ie.jpc | zzuf -s501844 -r0.0157041:0.0254098 > /home/fuzz/fuzzing/jasper/ie.jpc/ie.jpc.501844
EIP=0xb7eb8d1b
seen at seed=504970 range=0.0157041:0.0254098 file=/home/fuzz/fuzzing/jasper/ie.jpc/ie.jpc.504970 file_md5=bf5ad96ffe2e327b75e2e591a90c38d8
Command: cat /home/fuzz/fuzzing/jasper/ie.jpc/ie.jpc | zzuf -s504970 -r0.0157041:0.0254098 > /home/fuzz/fuzzing/jasper/ie.jpc/ie.jpc.504970
EIP=0xb7eb8d1b
seen at seed=505395 range=0.0157041:0.0254098 file=/home/fuzz/fuzzing/jasper/ie.jpc/ie.jpc.505395 file_md5=3ac0097e21b327b016b7501f38e2e2f0
Command: cat /home/fuzz/fuzzing/jasper/ie.jpc/ie.jpc | zzuf -s505395 -r0.0157041:0.0254098 > /home/fuzz/fuzzing/jasper/ie.jpc/ie.jpc.505395
EIP=0xb7eb8d1b
seen at seed=507162 range=0.0157041:0.0254098 file=/home/fuzz/fuzzing/jasper/ie.jpc/ie.jpc.507162 file_md5=f6818a62952f114db6fb114f711feeca
Command: cat /home/fuzz/fuzzing/jasper/ie.jpc/ie.jpc | zzuf -s507162 -r0.0157041:0.0254098 > /home/fuzz/fuzzing/jasper/ie.jpc/ie.jpc.507162
EIP=0xb7eb8d1b
seen at seed=508127 range=0.0157041:0.0254098 file=/home/fuzz/fuzzing/jasper/ie.jpc/ie.jpc.508127 file_md5=3249ea86741e9b937b23236ac779c51c
Command: cat /home/fuzz/fuzzing/jasper/ie.jpc/ie.jpc | zzuf -s508127 -r0.0157041:0.0254098 > /home/fuzz/fuzzing/jasper/ie.jpc/ie.jpc.508127
EIP=0xb7eb8d1b
seen at seed=508298 range=0.0157041:0.0254098 file=/home/fuzz/fuzzing/jasper/ie.jpc/ie.jpc.508298 file_md5=0719da25ef1491ba9550a333686037df
Command: cat /home/fuzz/fuzzing/jasper/ie.jpc/ie.jpc | zzuf -s508298 -r0.0157041:0.0254098 > /home/fuzz/fuzzing/jasper/ie.jpc/ie.jpc.508298
EIP=0xb7eb8d1b
seen at seed=509180 range=0.0157041:0.0254098 file=/home/fuzz/fuzzing/jasper/ie.jpc/ie.jpc.509180 file_md5=0dae90399aadca7c27b33e6c46d5d3f1
Command: cat /home/fuzz/fuzzing/jasper/ie.jpc/ie.jpc | zzuf -s509180 -r0.0157041:0.0254098 > /home/fuzz/fuzzing/jasper/ie.jpc/ie.jpc.509180
EIP=0xb7eb8d1b
seen at seed=511438 range=0.0157041:0.0254098 file=/home/fuzz/fuzzing/jasper/ie.jpc/ie.jpc.511438 file_md5=629d19626e564ce615b52c9e493d3fae
Command: cat /home/fuzz/fuzzing/jasper/ie.jpc/ie.jpc | zzuf -s511438 -r0.0157041:0.0254098 > /home/fuzz/fuzzing/jasper/ie.jpc/ie.jpc.511438
EIP=0xb7eb8d1b
