Getting STDERR for cbd66f1caea2b7bf0e546451ef722d86
Valgrind for cbd66f1caea2b7bf0e546451ef722d86
Minimizing from /home/fuzz/fuzzing/jasper/ie.jpc/ie.jpc.30983
bitwise_hd=2
bytewise_hd=2
seen at seed=30983 range=0.0157041:0.0254098 file=/home/fuzz/fuzzing/jasper/ie.jpc/ie.jpc.30983 file_md5=37e55d3097c7601ce7f373e7d4355614
Command: cat /home/fuzz/fuzzing/jasper/ie.jpc/ie.jpc | zzuf -s30983 -r0.0157041:0.0254098 > /home/fuzz/fuzzing/jasper/ie.jpc/ie.jpc.30983
EIP=0xb7fe2424
seen at seed=48094 range=0.0157041:0.0254098 file=/home/fuzz/fuzzing/jasper/ie.jpc/ie.jpc.48094 file_md5=2730fec55c41682c3ce42a37879ae97d
Command: cat /home/fuzz/fuzzing/jasper/ie.jpc/ie.jpc | zzuf -s48094 -r0.0157041:0.0254098 > /home/fuzz/fuzzing/jasper/ie.jpc/ie.jpc.48094
EIP=0xb7fe2424
seen at seed=48367 range=0.0157041:0.0254098 file=/home/fuzz/fuzzing/jasper/ie.jpc/ie.jpc.48367 file_md5=6fc24b856a9cdb78450743a46dd8e578
Command: cat /home/fuzz/fuzzing/jasper/ie.jpc/ie.jpc | zzuf -s48367 -r0.0157041:0.0254098 > /home/fuzz/fuzzing/jasper/ie.jpc/ie.jpc.48367
EIP=0xb7fe2424
seen at seed=53012 range=0.00970567:0.0157041 file=/home/fuzz/fuzzing/jasper/ie.jpc/ie.jpc.53012 file_md5=bbdbb94b0f46ada011827b3209e6d282
Command: cat /home/fuzz/fuzzing/jasper/ie.jpc/ie.jpc | zzuf -s53012 -r0.00970567:0.0157041 > /home/fuzz/fuzzing/jasper/ie.jpc/ie.jpc.53012
EIP=0xb7fe2424
seen at seed=54916 range=0.00970567:0.0157041 file=/home/fuzz/fuzzing/jasper/ie.jpc/ie.jpc.54916 file_md5=95f7ed2d86aea9b28584b03c8996bc31
Command: cat /home/fuzz/fuzzing/jasper/ie.jpc/ie.jpc | zzuf -s54916 -r0.00970567:0.0157041 > /home/fuzz/fuzzing/jasper/ie.jpc/ie.jpc.54916
EIP=0xb7fe2424
seen at seed=55124 range=0.00970567:0.0157041 file=/home/fuzz/fuzzing/jasper/ie.jpc/ie.jpc.55124 file_md5=d100431ba0ca5d1b5aae786005e7ee2b
Command: cat /home/fuzz/fuzzing/jasper/ie.jpc/ie.jpc | zzuf -s55124 -r0.00970567:0.0157041 > /home/fuzz/fuzzing/jasper/ie.jpc/ie.jpc.55124
EIP=0xb7fe2424
seen at seed=55781 range=0.00970567:0.0157041 file=/home/fuzz/fuzzing/jasper/ie.jpc/ie.jpc.55781 file_md5=ffe056a07ed12cb32d5066867867a2f6
Command: cat /home/fuzz/fuzzing/jasper/ie.jpc/ie.jpc | zzuf -s55781 -r0.00970567:0.0157041 > /home/fuzz/fuzzing/jasper/ie.jpc/ie.jpc.55781
EIP=0xb7fe2424
seen at seed=93130 range=0.0157041:0.0254098 file=/home/fuzz/fuzzing/jasper/ie.jpc/ie.jpc.93130 file_md5=91aa798f1025d1d6621478cda0384fed
Command: cat /home/fuzz/fuzzing/jasper/ie.jpc/ie.jpc | zzuf -s93130 -r0.0157041:0.0254098 > /home/fuzz/fuzzing/jasper/ie.jpc/ie.jpc.93130
EIP=0xb7fe2424
seen at seed=100523 range=0.0157041:0.0254098 file=/home/fuzz/fuzzing/jasper/ie.jpc/ie.jpc.100523 file_md5=3e8886b362034eabe1216f0d623b913f
Command: cat /home/fuzz/fuzzing/jasper/ie.jpc/ie.jpc | zzuf -s100523 -r0.0157041:0.0254098 > /home/fuzz/fuzzing/jasper/ie.jpc/ie.jpc.100523
EIP=0xb7fe2424
seen at seed=105595 range=0.0157041:0.0254098 file=/home/fuzz/fuzzing/jasper/ie.jpc/ie.jpc.105595 file_md5=e6856b1b3b24c6fe4b96feb3689bf2af
Command: cat /home/fuzz/fuzzing/jasper/ie.jpc/ie.jpc | zzuf -s105595 -r0.0157041:0.0254098 > /home/fuzz/fuzzing/jasper/ie.jpc/ie.jpc.105595
EIP=0xb7fe2424
seen at seed=120905 range=0.0157041:0.0254098 file=/home/fuzz/fuzzing/jasper/ie.jpc/ie.jpc.120905 file_md5=e09108807522605893f521a5b2c609ae
Command: cat /home/fuzz/fuzzing/jasper/ie.jpc/ie.jpc | zzuf -s120905 -r0.0157041:0.0254098 > /home/fuzz/fuzzing/jasper/ie.jpc/ie.jpc.120905
EIP=0xb7fe2424
seen at seed=133031 range=0.00970567:0.0157041 file=/home/fuzz/fuzzing/jasper/ie.jpc/ie.jpc.133031 file_md5=3eebbeddf65fb9f212ef6771aaec43d8
Command: cat /home/fuzz/fuzzing/jasper/ie.jpc/ie.jpc | zzuf -s133031 -r0.00970567:0.0157041 > /home/fuzz/fuzzing/jasper/ie.jpc/ie.jpc.133031
EIP=0xb7fe2424
seen at seed=139770 range=0.00970567:0.0157041 file=/home/fuzz/fuzzing/jasper/ie.jpc/ie.jpc.139770 file_md5=61b01cd1745e7317acd9e50f7a343b48
Command: cat /home/fuzz/fuzzing/jasper/ie.jpc/ie.jpc | zzuf -s139770 -r0.00970567:0.0157041 > /home/fuzz/fuzzing/jasper/ie.jpc/ie.jpc.139770
EIP=0xb7fe2424
seen at seed=141813 range=0.0157041:0.0254098 file=/home/fuzz/fuzzing/jasper/ie.jpc/ie.jpc.141813 file_md5=8c6f71320ee9aa15394be82e503c04f4
Command: cat /home/fuzz/fuzzing/jasper/ie.jpc/ie.jpc | zzuf -s141813 -r0.0157041:0.0254098 > /home/fuzz/fuzzing/jasper/ie.jpc/ie.jpc.141813
EIP=0xb7fe2424
seen at seed=142316 range=0.0157041:0.0254098 file=/home/fuzz/fuzzing/jasper/ie.jpc/ie.jpc.142316 file_md5=fa6fd98d3b47f3cc41b7022d392743f8
Command: cat /home/fuzz/fuzzing/jasper/ie.jpc/ie.jpc | zzuf -s142316 -r0.0157041:0.0254098 > /home/fuzz/fuzzing/jasper/ie.jpc/ie.jpc.142316
EIP=0xb7fe2424
seen at seed=143421 range=0.0157041:0.0254098 file=/home/fuzz/fuzzing/jasper/ie.jpc/ie.jpc.143421 file_md5=cb716f3437c5bb3abf8fb640a49677b8
Command: cat /home/fuzz/fuzzing/jasper/ie.jpc/ie.jpc | zzuf -s143421 -r0.0157041:0.0254098 > /home/fuzz/fuzzing/jasper/ie.jpc/ie.jpc.143421
EIP=0xb7fe2424
seen at seed=145242 range=0.0157041:0.0254098 file=/home/fuzz/fuzzing/jasper/ie.jpc/ie.jpc.145242 file_md5=c31566c8a72c0ee2582ada114b80dc3e
Command: cat /home/fuzz/fuzzing/jasper/ie.jpc/ie.jpc | zzuf -s145242 -r0.0157041:0.0254098 > /home/fuzz/fuzzing/jasper/ie.jpc/ie.jpc.145242
EIP=0xb7fe2424
seen at seed=171005 range=0.0157041:0.0254098 file=/home/fuzz/fuzzing/jasper/ie.jpc/ie.jpc.171005 file_md5=d67df674b7aac4b6e0934c2577a055f0
Command: cat /home/fuzz/fuzzing/jasper/ie.jpc/ie.jpc | zzuf -s171005 -r0.0157041:0.0254098 > /home/fuzz/fuzzing/jasper/ie.jpc/ie.jpc.171005
EIP=0xb7fe2424
seen at seed=184837 range=0.0157041:0.0254098 file=/home/fuzz/fuzzing/jasper/ie.jpc/ie.jpc.184837 file_md5=0c41b7d62a4506b9e60bb37562a6c324
Command: cat /home/fuzz/fuzzing/jasper/ie.jpc/ie.jpc | zzuf -s184837 -r0.0157041:0.0254098 > /home/fuzz/fuzzing/jasper/ie.jpc/ie.jpc.184837
EIP=0xb7fe2424
seen at seed=196823 range=0.0157041:0.0254098 file=/home/fuzz/fuzzing/jasper/ie.jpc/ie.jpc.196823 file_md5=bd61f4c94c2e0aab877481e07b7f1c4a
Command: cat /home/fuzz/fuzzing/jasper/ie.jpc/ie.jpc | zzuf -s196823 -r0.0157041:0.0254098 > /home/fuzz/fuzzing/jasper/ie.jpc/ie.jpc.196823
EIP=0xb7fe2424
seen at seed=223767 range=0.0157041:0.0254098 file=/home/fuzz/fuzzing/jasper/ie.jpc/ie.jpc.223767 file_md5=f4e9c8eceb415742946c47977fb7d0f9
Command: cat /home/fuzz/fuzzing/jasper/ie.jpc/ie.jpc | zzuf -s223767 -r0.0157041:0.0254098 > /home/fuzz/fuzzing/jasper/ie.jpc/ie.jpc.223767
EIP=0xb7fe2424
seen at seed=229723 range=0.0157041:0.0254098 file=/home/fuzz/fuzzing/jasper/ie.jpc/ie.jpc.229723 file_md5=1d9981ca8f6d6dfbd77d96aa09fdfbbc
Command: cat /home/fuzz/fuzzing/jasper/ie.jpc/ie.jpc | zzuf -s229723 -r0.0157041:0.0254098 > /home/fuzz/fuzzing/jasper/ie.jpc/ie.jpc.229723
EIP=0xb7fe2424
seen at seed=230429 range=0.0157041:0.0254098 file=/home/fuzz/fuzzing/jasper/ie.jpc/ie.jpc.230429 file_md5=da2f431d448ada3f426643b68c362816
Command: cat /home/fuzz/fuzzing/jasper/ie.jpc/ie.jpc | zzuf -s230429 -r0.0157041:0.0254098 > /home/fuzz/fuzzing/jasper/ie.jpc/ie.jpc.230429
EIP=0xb7fe2424
seen at seed=244924 range=0.0157041:0.0254098 file=/home/fuzz/fuzzing/jasper/ie.jpc/ie.jpc.244924 file_md5=96a573dcced4362c4db302461a1be936
Command: cat /home/fuzz/fuzzing/jasper/ie.jpc/ie.jpc | zzuf -s244924 -r0.0157041:0.0254098 > /home/fuzz/fuzzing/jasper/ie.jpc/ie.jpc.244924
EIP=0xb7fe2424
seen at seed=248910 range=0.0157041:0.0254098 file=/home/fuzz/fuzzing/jasper/ie.jpc/ie.jpc.248910 file_md5=f0fa22fc8ef352b845e07fe52b4c1164
Command: cat /home/fuzz/fuzzing/jasper/ie.jpc/ie.jpc | zzuf -s248910 -r0.0157041:0.0254098 > /home/fuzz/fuzzing/jasper/ie.jpc/ie.jpc.248910
EIP=0xb7fe2424
seen at seed=253390 range=0.0157041:0.0254098 file=/home/fuzz/fuzzing/jasper/ie.jpc/ie.jpc.253390 file_md5=cbd755b4f2a8c938f25ec0c4b9e8923a
Command: cat /home/fuzz/fuzzing/jasper/ie.jpc/ie.jpc | zzuf -s253390 -r0.0157041:0.0254098 > /home/fuzz/fuzzing/jasper/ie.jpc/ie.jpc.253390
EIP=0xb7fe2424
seen at seed=259773 range=0.0157041:0.0254098 file=/home/fuzz/fuzzing/jasper/ie.jpc/ie.jpc.259773 file_md5=e50fbe29e32042bdafc933a312c0750a
Command: cat /home/fuzz/fuzzing/jasper/ie.jpc/ie.jpc | zzuf -s259773 -r0.0157041:0.0254098 > /home/fuzz/fuzzing/jasper/ie.jpc/ie.jpc.259773
EIP=0xb7fe2424
seen at seed=261614 range=0.0157041:0.0254098 file=/home/fuzz/fuzzing/jasper/ie.jpc/ie.jpc.261614 file_md5=5961e869c59bcf29f1b24e9e28133b01
Command: cat /home/fuzz/fuzzing/jasper/ie.jpc/ie.jpc | zzuf -s261614 -r0.0157041:0.0254098 > /home/fuzz/fuzzing/jasper/ie.jpc/ie.jpc.261614
EIP=0xb7fe2424
seen at seed=272875 range=0.0157041:0.0254098 file=/home/fuzz/fuzzing/jasper/ie.jpc/ie.jpc.272875 file_md5=4d1a3541bcc0477ba26bed66ea32a253
Command: cat /home/fuzz/fuzzing/jasper/ie.jpc/ie.jpc | zzuf -s272875 -r0.0157041:0.0254098 > /home/fuzz/fuzzing/jasper/ie.jpc/ie.jpc.272875
EIP=0xb7fe2424
seen at seed=279525 range=0.0157041:0.0254098 file=/home/fuzz/fuzzing/jasper/ie.jpc/ie.jpc.279525 file_md5=c39319536428f5ee4431aef4f882e577
Command: cat /home/fuzz/fuzzing/jasper/ie.jpc/ie.jpc | zzuf -s279525 -r0.0157041:0.0254098 > /home/fuzz/fuzzing/jasper/ie.jpc/ie.jpc.279525
EIP=0xb7fe2424
seen at seed=296909 range=0.0157041:0.0254098 file=/home/fuzz/fuzzing/jasper/ie.jpc/ie.jpc.296909 file_md5=160750a16d2846ce91f7ceef3bfdb459
Command: cat /home/fuzz/fuzzing/jasper/ie.jpc/ie.jpc | zzuf -s296909 -r0.0157041:0.0254098 > /home/fuzz/fuzzing/jasper/ie.jpc/ie.jpc.296909
EIP=0xb7fe2424
seen at seed=313169 range=0.0157041:0.0254098 file=/home/fuzz/fuzzing/jasper/ie.jpc/ie.jpc.313169 file_md5=3bb23906ac4da97edc673017e58b8008
Command: cat /home/fuzz/fuzzing/jasper/ie.jpc/ie.jpc | zzuf -s313169 -r0.0157041:0.0254098 > /home/fuzz/fuzzing/jasper/ie.jpc/ie.jpc.313169
EIP=0xb7fe2424
seen at seed=315046 range=0.0157041:0.0254098 file=/home/fuzz/fuzzing/jasper/ie.jpc/ie.jpc.315046 file_md5=0145638e003074f233a08ff9ea2aad49
Command: cat /home/fuzz/fuzzing/jasper/ie.jpc/ie.jpc | zzuf -s315046 -r0.0157041:0.0254098 > /home/fuzz/fuzzing/jasper/ie.jpc/ie.jpc.315046
EIP=0xb7fe2424
seen at seed=319979 range=0.0157041:0.0254098 file=/home/fuzz/fuzzing/jasper/ie.jpc/ie.jpc.319979 file_md5=70b9218ff55c4baa80127d83f524f861
Command: cat /home/fuzz/fuzzing/jasper/ie.jpc/ie.jpc | zzuf -s319979 -r0.0157041:0.0254098 > /home/fuzz/fuzzing/jasper/ie.jpc/ie.jpc.319979
EIP=0xb7fe2424
seen at seed=328640 range=0.0157041:0.0254098 file=/home/fuzz/fuzzing/jasper/ie.jpc/ie.jpc.328640 file_md5=3355715acf76ddb2aa41d4f235d28011
Command: cat /home/fuzz/fuzzing/jasper/ie.jpc/ie.jpc | zzuf -s328640 -r0.0157041:0.0254098 > /home/fuzz/fuzzing/jasper/ie.jpc/ie.jpc.328640
EIP=0xb7fe2424
seen at seed=330816 range=0.0157041:0.0254098 file=/home/fuzz/fuzzing/jasper/ie.jpc/ie.jpc.330816 file_md5=02bf52e2fae3487e0fc5900c3907d11d
Command: cat /home/fuzz/fuzzing/jasper/ie.jpc/ie.jpc | zzuf -s330816 -r0.0157041:0.0254098 > /home/fuzz/fuzzing/jasper/ie.jpc/ie.jpc.330816
EIP=0xb7fe2424
seen at seed=336160 range=0.0157041:0.0254098 file=/home/fuzz/fuzzing/jasper/ie.jpc/ie.jpc.336160 file_md5=8a084bc99645577a1881592ec996ddcb
Command: cat /home/fuzz/fuzzing/jasper/ie.jpc/ie.jpc | zzuf -s336160 -r0.0157041:0.0254098 > /home/fuzz/fuzzing/jasper/ie.jpc/ie.jpc.336160
EIP=0xb7fe2424
seen at seed=347305 range=0.00970567:0.0157041 file=/home/fuzz/fuzzing/jasper/ie.jpc/ie.jpc.347305 file_md5=92ac76ca730ce9b1210114c4c9df0f6e
Command: cat /home/fuzz/fuzzing/jasper/ie.jpc/ie.jpc | zzuf -s347305 -r0.00970567:0.0157041 > /home/fuzz/fuzzing/jasper/ie.jpc/ie.jpc.347305
EIP=0xb7fe2424
seen at seed=373312 range=0.0157041:0.0254098 file=/home/fuzz/fuzzing/jasper/ie.jpc/ie.jpc.373312 file_md5=66c181c002f65ea02f25abe9fd87dc9d
Command: cat /home/fuzz/fuzzing/jasper/ie.jpc/ie.jpc | zzuf -s373312 -r0.0157041:0.0254098 > /home/fuzz/fuzzing/jasper/ie.jpc/ie.jpc.373312
EIP=0xb7fe2424
seen at seed=373757 range=0.0157041:0.0254098 file=/home/fuzz/fuzzing/jasper/ie.jpc/ie.jpc.373757 file_md5=86b1e1968f3375f3b72459e1a5805fb4
Command: cat /home/fuzz/fuzzing/jasper/ie.jpc/ie.jpc | zzuf -s373757 -r0.0157041:0.0254098 > /home/fuzz/fuzzing/jasper/ie.jpc/ie.jpc.373757
EIP=0xb7fe2424
seen at seed=386555 range=0.0157041:0.0254098 file=/home/fuzz/fuzzing/jasper/ie.jpc/ie.jpc.386555 file_md5=4e25514e7c9b67cd88165339df529a22
Command: cat /home/fuzz/fuzzing/jasper/ie.jpc/ie.jpc | zzuf -s386555 -r0.0157041:0.0254098 > /home/fuzz/fuzzing/jasper/ie.jpc/ie.jpc.386555
EIP=0xb7fe2424
seen at seed=434994 range=0.0157041:0.0254098 file=/home/fuzz/fuzzing/jasper/ie.jpc/ie.jpc.434994 file_md5=dfe84dc91b12c6cd861d45d72aea4c0c
Command: cat /home/fuzz/fuzzing/jasper/ie.jpc/ie.jpc | zzuf -s434994 -r0.0157041:0.0254098 > /home/fuzz/fuzzing/jasper/ie.jpc/ie.jpc.434994
EIP=0xb7fe2424
seen at seed=436425 range=0.0157041:0.0254098 file=/home/fuzz/fuzzing/jasper/ie.jpc/ie.jpc.436425 file_md5=6d9c0be4afd792df362ac207c6cfb853
Command: cat /home/fuzz/fuzzing/jasper/ie.jpc/ie.jpc | zzuf -s436425 -r0.0157041:0.0254098 > /home/fuzz/fuzzing/jasper/ie.jpc/ie.jpc.436425
EIP=0xb7fe2424
seen at seed=438876 range=0.0157041:0.0254098 file=/home/fuzz/fuzzing/jasper/ie.jpc/ie.jpc.438876 file_md5=4a524658c62b89d7c18c99e8420b121a
Command: cat /home/fuzz/fuzzing/jasper/ie.jpc/ie.jpc | zzuf -s438876 -r0.0157041:0.0254098 > /home/fuzz/fuzzing/jasper/ie.jpc/ie.jpc.438876
EIP=0xb7fe2424
seen at seed=457937 range=0.0157041:0.0254098 file=/home/fuzz/fuzzing/jasper/ie.jpc/ie.jpc.457937 file_md5=49b9833c6eb8ce57702c5c35fb0edc93
Command: cat /home/fuzz/fuzzing/jasper/ie.jpc/ie.jpc | zzuf -s457937 -r0.0157041:0.0254098 > /home/fuzz/fuzzing/jasper/ie.jpc/ie.jpc.457937
EIP=0xb7fe2424
seen at seed=462413 range=0.0157041:0.0254098 file=/home/fuzz/fuzzing/jasper/ie.jpc/ie.jpc.462413 file_md5=04da883cedef64f26210090ab746f70e
Command: cat /home/fuzz/fuzzing/jasper/ie.jpc/ie.jpc | zzuf -s462413 -r0.0157041:0.0254098 > /home/fuzz/fuzzing/jasper/ie.jpc/ie.jpc.462413
EIP=0xb7fe2424
seen at seed=467077 range=0.0157041:0.0254098 file=/home/fuzz/fuzzing/jasper/ie.jpc/ie.jpc.467077 file_md5=40ae3fa4f7cb6869802bb5b3223e7db8
Command: cat /home/fuzz/fuzzing/jasper/ie.jpc/ie.jpc | zzuf -s467077 -r0.0157041:0.0254098 > /home/fuzz/fuzzing/jasper/ie.jpc/ie.jpc.467077
EIP=0xb7fe2424
seen at seed=471697 range=0.0157041:0.0254098 file=/home/fuzz/fuzzing/jasper/ie.jpc/ie.jpc.471697 file_md5=132466997206b52b68bf38d007b9b819
Command: cat /home/fuzz/fuzzing/jasper/ie.jpc/ie.jpc | zzuf -s471697 -r0.0157041:0.0254098 > /home/fuzz/fuzzing/jasper/ie.jpc/ie.jpc.471697
EIP=0xb7fe2424
seen at seed=496779 range=0.0157041:0.0254098 file=/home/fuzz/fuzzing/jasper/ie.jpc/ie.jpc.496779 file_md5=4582ed02f146fdd79029a81a47cb38d4
Command: cat /home/fuzz/fuzzing/jasper/ie.jpc/ie.jpc | zzuf -s496779 -r0.0157041:0.0254098 > /home/fuzz/fuzzing/jasper/ie.jpc/ie.jpc.496779
EIP=0xb7fe2424
seen at seed=498963 range=0.0157041:0.0254098 file=/home/fuzz/fuzzing/jasper/ie.jpc/ie.jpc.498963 file_md5=c313130951a57919b25f3e1969ece9c4
Command: cat /home/fuzz/fuzzing/jasper/ie.jpc/ie.jpc | zzuf -s498963 -r0.0157041:0.0254098 > /home/fuzz/fuzzing/jasper/ie.jpc/ie.jpc.498963
EIP=0xb7fe2424
seen at seed=508048 range=0.0157041:0.0254098 file=/home/fuzz/fuzzing/jasper/ie.jpc/ie.jpc.508048 file_md5=843a5bc92a951c6629ff3f77cc0b999d
Command: cat /home/fuzz/fuzzing/jasper/ie.jpc/ie.jpc | zzuf -s508048 -r0.0157041:0.0254098 > /home/fuzz/fuzzing/jasper/ie.jpc/ie.jpc.508048
EIP=0xb7fe2424
