Getting STDERR for 41cf109e356a8edfc62d19291dff6d54
Valgrind for 41cf109e356a8edfc62d19291dff6d54
Minimizing from /home/fuzz/fuzzing/jasper/ie.jpc/ie.jpc.1088
bitwise_hd=3
bytewise_hd=3
seen at seed=1088 range=0.0157041:0.0254098 file=/home/fuzz/fuzzing/jasper/ie.jpc/ie.jpc.1088 file_md5=e3b21d658e94ef9f76cdb905bf4909db
Command: cat /home/fuzz/fuzzing/jasper/ie.jpc/ie.jpc | zzuf -s1088 -r0.0157041:0.0254098 > /home/fuzz/fuzzing/jasper/ie.jpc/ie.jpc.1088
EIP=0xb7eb466a
seen at seed=20309 range=0.0157041:0.0254098 file=/home/fuzz/fuzzing/jasper/ie.jpc/ie.jpc.20309 file_md5=dbb41fe65bf8455659a74c275268e5e8
Command: cat /home/fuzz/fuzzing/jasper/ie.jpc/ie.jpc | zzuf -s20309 -r0.0157041:0.0254098 > /home/fuzz/fuzzing/jasper/ie.jpc/ie.jpc.20309
EIP=0xb7eb466a
seen at seed=33469 range=0.00970567:0.0157041 file=/home/fuzz/fuzzing/jasper/ie.jpc/ie.jpc.33469 file_md5=9dc925e0907b57b14bc5abca038a5e3c
Command: cat /home/fuzz/fuzzing/jasper/ie.jpc/ie.jpc | zzuf -s33469 -r0.00970567:0.0157041 > /home/fuzz/fuzzing/jasper/ie.jpc/ie.jpc.33469
EIP=0xb7eb466a
seen at seed=39728 range=0.0157041:0.0254098 file=/home/fuzz/fuzzing/jasper/ie.jpc/ie.jpc.39728 file_md5=262a8cb26ad9596a0a0164d5cf0b15af
Command: cat /home/fuzz/fuzzing/jasper/ie.jpc/ie.jpc | zzuf -s39728 -r0.0157041:0.0254098 > /home/fuzz/fuzzing/jasper/ie.jpc/ie.jpc.39728
EIP=0xb7eb466a
seen at seed=41509 range=0.00599843:0.00970567 file=/home/fuzz/fuzzing/jasper/ie.jpc/ie.jpc.41509 file_md5=8b0cc06474036c4199c91bdaccbc4973
Command: cat /home/fuzz/fuzzing/jasper/ie.jpc/ie.jpc | zzuf -s41509 -r0.00599843:0.00970567 > /home/fuzz/fuzzing/jasper/ie.jpc/ie.jpc.41509
EIP=0xb7eb466a
seen at seed=52679 range=0.00970567:0.0157041 file=/home/fuzz/fuzzing/jasper/ie.jpc/ie.jpc.52679 file_md5=893d0d31962a5ec4a62b40b90eaa6b58
Command: cat /home/fuzz/fuzzing/jasper/ie.jpc/ie.jpc | zzuf -s52679 -r0.00970567:0.0157041 > /home/fuzz/fuzzing/jasper/ie.jpc/ie.jpc.52679
EIP=0xb7eb466a
seen at seed=59273 range=0.00970567:0.0157041 file=/home/fuzz/fuzzing/jasper/ie.jpc/ie.jpc.59273 file_md5=4ca6fa669a389546f3f5ff6cf72c8c10
Command: cat /home/fuzz/fuzzing/jasper/ie.jpc/ie.jpc | zzuf -s59273 -r0.00970567:0.0157041 > /home/fuzz/fuzzing/jasper/ie.jpc/ie.jpc.59273
EIP=0xb7eb466a
seen at seed=81958 range=0.0157041:0.0254098 file=/home/fuzz/fuzzing/jasper/ie.jpc/ie.jpc.81958 file_md5=422b06f35a23fc40345ac1079cea1c35
Command: cat /home/fuzz/fuzzing/jasper/ie.jpc/ie.jpc | zzuf -s81958 -r0.0157041:0.0254098 > /home/fuzz/fuzzing/jasper/ie.jpc/ie.jpc.81958
EIP=0xb7eb466a
seen at seed=84110 range=0.0157041:0.0254098 file=/home/fuzz/fuzzing/jasper/ie.jpc/ie.jpc.84110 file_md5=594690493899a6fa98a09ec4c1a39a4b
Command: cat /home/fuzz/fuzzing/jasper/ie.jpc/ie.jpc | zzuf -s84110 -r0.0157041:0.0254098 > /home/fuzz/fuzzing/jasper/ie.jpc/ie.jpc.84110
EIP=0xb7eb466a
seen at seed=88426 range=0.0157041:0.0254098 file=/home/fuzz/fuzzing/jasper/ie.jpc/ie.jpc.88426 file_md5=0449225f49710e9a14da8cc8a1fdddb0
Command: cat /home/fuzz/fuzzing/jasper/ie.jpc/ie.jpc | zzuf -s88426 -r0.0157041:0.0254098 > /home/fuzz/fuzzing/jasper/ie.jpc/ie.jpc.88426
EIP=0xb7eb466a
seen at seed=93968 range=0.0157041:0.0254098 file=/home/fuzz/fuzzing/jasper/ie.jpc/ie.jpc.93968 file_md5=98a4892521c9301b44a9cfef56334e11
Command: cat /home/fuzz/fuzzing/jasper/ie.jpc/ie.jpc | zzuf -s93968 -r0.0157041:0.0254098 > /home/fuzz/fuzzing/jasper/ie.jpc/ie.jpc.93968
EIP=0xb7eb466a
seen at seed=100011 range=0.0157041:0.0254098 file=/home/fuzz/fuzzing/jasper/ie.jpc/ie.jpc.100011 file_md5=902ab9a3a20a80e77ec54c49066b1b09
Command: cat /home/fuzz/fuzzing/jasper/ie.jpc/ie.jpc | zzuf -s100011 -r0.0157041:0.0254098 > /home/fuzz/fuzzing/jasper/ie.jpc/ie.jpc.100011
EIP=0xb7eb466a
seen at seed=114527 range=0.00970567:0.0157041 file=/home/fuzz/fuzzing/jasper/ie.jpc/ie.jpc.114527 file_md5=c594b275f8452e56bd85252712fb9f01
Command: cat /home/fuzz/fuzzing/jasper/ie.jpc/ie.jpc | zzuf -s114527 -r0.00970567:0.0157041 > /home/fuzz/fuzzing/jasper/ie.jpc/ie.jpc.114527
EIP=0xb7eb466a
seen at seed=120753 range=0.0157041:0.0254098 file=/home/fuzz/fuzzing/jasper/ie.jpc/ie.jpc.120753 file_md5=d29252471a2f827c528f3c7455a9cb5e
Command: cat /home/fuzz/fuzzing/jasper/ie.jpc/ie.jpc | zzuf -s120753 -r0.0157041:0.0254098 > /home/fuzz/fuzzing/jasper/ie.jpc/ie.jpc.120753
EIP=0xb7eb466a
seen at seed=121452 range=0.00970567:0.0157041 file=/home/fuzz/fuzzing/jasper/ie.jpc/ie.jpc.121452 file_md5=d326653869ea5613fc1813dc9d647fc6
Command: cat /home/fuzz/fuzzing/jasper/ie.jpc/ie.jpc | zzuf -s121452 -r0.00970567:0.0157041 > /home/fuzz/fuzzing/jasper/ie.jpc/ie.jpc.121452
EIP=0xb7eb466a
seen at seed=121952 range=0.0157041:0.0254098 file=/home/fuzz/fuzzing/jasper/ie.jpc/ie.jpc.121952 file_md5=fffe260e7ed896696f39b2f0d2267c01
Command: cat /home/fuzz/fuzzing/jasper/ie.jpc/ie.jpc | zzuf -s121952 -r0.0157041:0.0254098 > /home/fuzz/fuzzing/jasper/ie.jpc/ie.jpc.121952
EIP=0xb7eb466a
seen at seed=121957 range=0.0157041:0.0254098 file=/home/fuzz/fuzzing/jasper/ie.jpc/ie.jpc.121957 file_md5=512a4022127d7ac3a3f97b8aaf93679d
Command: cat /home/fuzz/fuzzing/jasper/ie.jpc/ie.jpc | zzuf -s121957 -r0.0157041:0.0254098 > /home/fuzz/fuzzing/jasper/ie.jpc/ie.jpc.121957
EIP=0xb7eb466a
seen at seed=126978 range=0.0157041:0.0254098 file=/home/fuzz/fuzzing/jasper/ie.jpc/ie.jpc.126978 file_md5=495c59d5fe232809066fdae56f362b9f
Command: cat /home/fuzz/fuzzing/jasper/ie.jpc/ie.jpc | zzuf -s126978 -r0.0157041:0.0254098 > /home/fuzz/fuzzing/jasper/ie.jpc/ie.jpc.126978
EIP=0xb7eb466a
seen at seed=135747 range=0.0157041:0.0254098 file=/home/fuzz/fuzzing/jasper/ie.jpc/ie.jpc.135747 file_md5=9dff88a7ef7734451ebf8e3a9915390f
Command: cat /home/fuzz/fuzzing/jasper/ie.jpc/ie.jpc | zzuf -s135747 -r0.0157041:0.0254098 > /home/fuzz/fuzzing/jasper/ie.jpc/ie.jpc.135747
EIP=0xb7eb466a
seen at seed=137152 range=0.0157041:0.0254098 file=/home/fuzz/fuzzing/jasper/ie.jpc/ie.jpc.137152 file_md5=714037e060e75aea156baa7f6a122da7
Command: cat /home/fuzz/fuzzing/jasper/ie.jpc/ie.jpc | zzuf -s137152 -r0.0157041:0.0254098 > /home/fuzz/fuzzing/jasper/ie.jpc/ie.jpc.137152
EIP=0xb7eb466a
seen at seed=138486 range=0.0157041:0.0254098 file=/home/fuzz/fuzzing/jasper/ie.jpc/ie.jpc.138486 file_md5=a9a3f60360dfefab5ba1e595c28daf6a
Command: cat /home/fuzz/fuzzing/jasper/ie.jpc/ie.jpc | zzuf -s138486 -r0.0157041:0.0254098 > /home/fuzz/fuzzing/jasper/ie.jpc/ie.jpc.138486
EIP=0xb7eb466a
seen at seed=148267 range=0.0157041:0.0254098 file=/home/fuzz/fuzzing/jasper/ie.jpc/ie.jpc.148267 file_md5=cc39fed13f3824c7bddd7e728d1fb978
Command: cat /home/fuzz/fuzzing/jasper/ie.jpc/ie.jpc | zzuf -s148267 -r0.0157041:0.0254098 > /home/fuzz/fuzzing/jasper/ie.jpc/ie.jpc.148267
EIP=0xb7eb466a
seen at seed=160878 range=0.0157041:0.0254098 file=/home/fuzz/fuzzing/jasper/ie.jpc/ie.jpc.160878 file_md5=e3f50f3b719df786b4e1324b8e3cd630
Command: cat /home/fuzz/fuzzing/jasper/ie.jpc/ie.jpc | zzuf -s160878 -r0.0157041:0.0254098 > /home/fuzz/fuzzing/jasper/ie.jpc/ie.jpc.160878
EIP=0xb7eb466a
seen at seed=179886 range=0.0157041:0.0254098 file=/home/fuzz/fuzzing/jasper/ie.jpc/ie.jpc.179886 file_md5=b3975a3820c79221b4ee9c4e83e999f1
Command: cat /home/fuzz/fuzzing/jasper/ie.jpc/ie.jpc | zzuf -s179886 -r0.0157041:0.0254098 > /home/fuzz/fuzzing/jasper/ie.jpc/ie.jpc.179886
EIP=0xb7eb466a
seen at seed=181419 range=0.0157041:0.0254098 file=/home/fuzz/fuzzing/jasper/ie.jpc/ie.jpc.181419 file_md5=8d5965bac3c9990cf8032aec0eb54eb4
Command: cat /home/fuzz/fuzzing/jasper/ie.jpc/ie.jpc | zzuf -s181419 -r0.0157041:0.0254098 > /home/fuzz/fuzzing/jasper/ie.jpc/ie.jpc.181419
EIP=0xb7eb466a
seen at seed=183734 range=0.0157041:0.0254098 file=/home/fuzz/fuzzing/jasper/ie.jpc/ie.jpc.183734 file_md5=6e2f45ab2c9979bdf7fc566372f9a9c9
Command: cat /home/fuzz/fuzzing/jasper/ie.jpc/ie.jpc | zzuf -s183734 -r0.0157041:0.0254098 > /home/fuzz/fuzzing/jasper/ie.jpc/ie.jpc.183734
EIP=0xb7eb466a
seen at seed=186764 range=0.0157041:0.0254098 file=/home/fuzz/fuzzing/jasper/ie.jpc/ie.jpc.186764 file_md5=a4767ecee1d6aaefc14d926ff51ab2fa
Command: cat /home/fuzz/fuzzing/jasper/ie.jpc/ie.jpc | zzuf -s186764 -r0.0157041:0.0254098 > /home/fuzz/fuzzing/jasper/ie.jpc/ie.jpc.186764
EIP=0xb7eb466a
seen at seed=194413 range=0.0157041:0.0254098 file=/home/fuzz/fuzzing/jasper/ie.jpc/ie.jpc.194413 file_md5=c53083714381ee2b82667d882404ab35
Command: cat /home/fuzz/fuzzing/jasper/ie.jpc/ie.jpc | zzuf -s194413 -r0.0157041:0.0254098 > /home/fuzz/fuzzing/jasper/ie.jpc/ie.jpc.194413
EIP=0xb7eb466a
seen at seed=210285 range=0.0157041:0.0254098 file=/home/fuzz/fuzzing/jasper/ie.jpc/ie.jpc.210285 file_md5=193f49d7a77ff96b061c35017b601b92
Command: cat /home/fuzz/fuzzing/jasper/ie.jpc/ie.jpc | zzuf -s210285 -r0.0157041:0.0254098 > /home/fuzz/fuzzing/jasper/ie.jpc/ie.jpc.210285
EIP=0xb7eb466a
seen at seed=226136 range=0.0157041:0.0254098 file=/home/fuzz/fuzzing/jasper/ie.jpc/ie.jpc.226136 file_md5=dece39a2c6026815c7f9890013fc0609
Command: cat /home/fuzz/fuzzing/jasper/ie.jpc/ie.jpc | zzuf -s226136 -r0.0157041:0.0254098 > /home/fuzz/fuzzing/jasper/ie.jpc/ie.jpc.226136
EIP=0xb7eb466a
seen at seed=241717 range=0.0157041:0.0254098 file=/home/fuzz/fuzzing/jasper/ie.jpc/ie.jpc.241717 file_md5=ea65f4903e87227380b209f570e6b31d
Command: cat /home/fuzz/fuzzing/jasper/ie.jpc/ie.jpc | zzuf -s241717 -r0.0157041:0.0254098 > /home/fuzz/fuzzing/jasper/ie.jpc/ie.jpc.241717
EIP=0xb7eb466a
seen at seed=243379 range=0.0157041:0.0254098 file=/home/fuzz/fuzzing/jasper/ie.jpc/ie.jpc.243379 file_md5=2bbc4f185c132a450ad18b0bd8e6b749
Command: cat /home/fuzz/fuzzing/jasper/ie.jpc/ie.jpc | zzuf -s243379 -r0.0157041:0.0254098 > /home/fuzz/fuzzing/jasper/ie.jpc/ie.jpc.243379
EIP=0xb7eb466a
seen at seed=247726 range=0.0157041:0.0254098 file=/home/fuzz/fuzzing/jasper/ie.jpc/ie.jpc.247726 file_md5=4baf8a98cc4eccfcb4399890a856f9bf
Command: cat /home/fuzz/fuzzing/jasper/ie.jpc/ie.jpc | zzuf -s247726 -r0.0157041:0.0254098 > /home/fuzz/fuzzing/jasper/ie.jpc/ie.jpc.247726
EIP=0xb7eb466a
seen at seed=252982 range=0.0157041:0.0254098 file=/home/fuzz/fuzzing/jasper/ie.jpc/ie.jpc.252982 file_md5=820481960f2dd99b6883bdd39e90b7ea
Command: cat /home/fuzz/fuzzing/jasper/ie.jpc/ie.jpc | zzuf -s252982 -r0.0157041:0.0254098 > /home/fuzz/fuzzing/jasper/ie.jpc/ie.jpc.252982
EIP=0xb7eb466a
seen at seed=263309 range=0.0157041:0.0254098 file=/home/fuzz/fuzzing/jasper/ie.jpc/ie.jpc.263309 file_md5=95066696c1728e936dfecbabdfe9c4e2
Command: cat /home/fuzz/fuzzing/jasper/ie.jpc/ie.jpc | zzuf -s263309 -r0.0157041:0.0254098 > /home/fuzz/fuzzing/jasper/ie.jpc/ie.jpc.263309
EIP=0xb7eb466a
seen at seed=277912 range=0.0157041:0.0254098 file=/home/fuzz/fuzzing/jasper/ie.jpc/ie.jpc.277912 file_md5=3ea9bcb3283bea21d053afc3a48c7a73
Command: cat /home/fuzz/fuzzing/jasper/ie.jpc/ie.jpc | zzuf -s277912 -r0.0157041:0.0254098 > /home/fuzz/fuzzing/jasper/ie.jpc/ie.jpc.277912
EIP=0xb7eb466a
seen at seed=294306 range=0.0157041:0.0254098 file=/home/fuzz/fuzzing/jasper/ie.jpc/ie.jpc.294306 file_md5=806e9d954d9feadb05fbbee48b5171a0
Command: cat /home/fuzz/fuzzing/jasper/ie.jpc/ie.jpc | zzuf -s294306 -r0.0157041:0.0254098 > /home/fuzz/fuzzing/jasper/ie.jpc/ie.jpc.294306
EIP=0xb7eb466a
seen at seed=304967 range=0.0157041:0.0254098 file=/home/fuzz/fuzzing/jasper/ie.jpc/ie.jpc.304967 file_md5=3a741b80d9652864118a61f7b2c7af41
Command: cat /home/fuzz/fuzzing/jasper/ie.jpc/ie.jpc | zzuf -s304967 -r0.0157041:0.0254098 > /home/fuzz/fuzzing/jasper/ie.jpc/ie.jpc.304967
EIP=0xb7eb466a
seen at seed=319542 range=0.0157041:0.0254098 file=/home/fuzz/fuzzing/jasper/ie.jpc/ie.jpc.319542 file_md5=5ca0058deedfec9de0ed9952d3606d72
Command: cat /home/fuzz/fuzzing/jasper/ie.jpc/ie.jpc | zzuf -s319542 -r0.0157041:0.0254098 > /home/fuzz/fuzzing/jasper/ie.jpc/ie.jpc.319542
EIP=0xb7eb466a
seen at seed=321168 range=0.0157041:0.0254098 file=/home/fuzz/fuzzing/jasper/ie.jpc/ie.jpc.321168 file_md5=daa711b96a7247b321de0b485ac91eca
Command: cat /home/fuzz/fuzzing/jasper/ie.jpc/ie.jpc | zzuf -s321168 -r0.0157041:0.0254098 > /home/fuzz/fuzzing/jasper/ie.jpc/ie.jpc.321168
EIP=0xb7eb466a
seen at seed=323719 range=0.0157041:0.0254098 file=/home/fuzz/fuzzing/jasper/ie.jpc/ie.jpc.323719 file_md5=d2c0116598153e43bd20d9de570b539b
Command: cat /home/fuzz/fuzzing/jasper/ie.jpc/ie.jpc | zzuf -s323719 -r0.0157041:0.0254098 > /home/fuzz/fuzzing/jasper/ie.jpc/ie.jpc.323719
EIP=0xb7eb466a
seen at seed=323939 range=0.0157041:0.0254098 file=/home/fuzz/fuzzing/jasper/ie.jpc/ie.jpc.323939 file_md5=61a1995fd47fb0faae65d91faefdef28
Command: cat /home/fuzz/fuzzing/jasper/ie.jpc/ie.jpc | zzuf -s323939 -r0.0157041:0.0254098 > /home/fuzz/fuzzing/jasper/ie.jpc/ie.jpc.323939
EIP=0xb7eb466a
seen at seed=325613 range=0.0157041:0.0254098 file=/home/fuzz/fuzzing/jasper/ie.jpc/ie.jpc.325613 file_md5=1a8f52e3ec8cbe871e2ac25b9e575804
Command: cat /home/fuzz/fuzzing/jasper/ie.jpc/ie.jpc | zzuf -s325613 -r0.0157041:0.0254098 > /home/fuzz/fuzzing/jasper/ie.jpc/ie.jpc.325613
EIP=0xb7eb466a
seen at seed=327383 range=0.0157041:0.0254098 file=/home/fuzz/fuzzing/jasper/ie.jpc/ie.jpc.327383 file_md5=2389247bf93116b3a8a06727dc4617f0
Command: cat /home/fuzz/fuzzing/jasper/ie.jpc/ie.jpc | zzuf -s327383 -r0.0157041:0.0254098 > /home/fuzz/fuzzing/jasper/ie.jpc/ie.jpc.327383
EIP=0xb7eb466a
seen at seed=327512 range=0.0157041:0.0254098 file=/home/fuzz/fuzzing/jasper/ie.jpc/ie.jpc.327512 file_md5=e7896412290c194129b69d1c41aeb931
Command: cat /home/fuzz/fuzzing/jasper/ie.jpc/ie.jpc | zzuf -s327512 -r0.0157041:0.0254098 > /home/fuzz/fuzzing/jasper/ie.jpc/ie.jpc.327512
EIP=0xb7eb466a
seen at seed=329250 range=0.0157041:0.0254098 file=/home/fuzz/fuzzing/jasper/ie.jpc/ie.jpc.329250 file_md5=451a41987649ddcbd65dc09ee37096cc
Command: cat /home/fuzz/fuzzing/jasper/ie.jpc/ie.jpc | zzuf -s329250 -r0.0157041:0.0254098 > /home/fuzz/fuzzing/jasper/ie.jpc/ie.jpc.329250
EIP=0xb7eb466a
seen at seed=333673 range=0.0157041:0.0254098 file=/home/fuzz/fuzzing/jasper/ie.jpc/ie.jpc.333673 file_md5=b0ccf17c67c2be4fe1fbab2ce10e6819
Command: cat /home/fuzz/fuzzing/jasper/ie.jpc/ie.jpc | zzuf -s333673 -r0.0157041:0.0254098 > /home/fuzz/fuzzing/jasper/ie.jpc/ie.jpc.333673
EIP=0xb7eb466a
seen at seed=334590 range=0.0157041:0.0254098 file=/home/fuzz/fuzzing/jasper/ie.jpc/ie.jpc.334590 file_md5=9bea7250e6368dc43886fd14a5350270
Command: cat /home/fuzz/fuzzing/jasper/ie.jpc/ie.jpc | zzuf -s334590 -r0.0157041:0.0254098 > /home/fuzz/fuzzing/jasper/ie.jpc/ie.jpc.334590
EIP=0xb7eb466a
seen at seed=342837 range=0.0157041:0.0254098 file=/home/fuzz/fuzzing/jasper/ie.jpc/ie.jpc.342837 file_md5=6b02486015e829fa4af1fb83964f4566
Command: cat /home/fuzz/fuzzing/jasper/ie.jpc/ie.jpc | zzuf -s342837 -r0.0157041:0.0254098 > /home/fuzz/fuzzing/jasper/ie.jpc/ie.jpc.342837
EIP=0xb7eb466a
seen at seed=344266 range=0.0157041:0.0254098 file=/home/fuzz/fuzzing/jasper/ie.jpc/ie.jpc.344266 file_md5=464df5ca54c5dc2fb775cc739ce4f922
Command: cat /home/fuzz/fuzzing/jasper/ie.jpc/ie.jpc | zzuf -s344266 -r0.0157041:0.0254098 > /home/fuzz/fuzzing/jasper/ie.jpc/ie.jpc.344266
EIP=0xb7eb466a
seen at seed=345200 range=0.0157041:0.0254098 file=/home/fuzz/fuzzing/jasper/ie.jpc/ie.jpc.345200 file_md5=3f90c9e1cc09d28e76207a2a5dc02a90
Command: cat /home/fuzz/fuzzing/jasper/ie.jpc/ie.jpc | zzuf -s345200 -r0.0157041:0.0254098 > /home/fuzz/fuzzing/jasper/ie.jpc/ie.jpc.345200
EIP=0xb7eb466a
seen at seed=349919 range=0.0157041:0.0254098 file=/home/fuzz/fuzzing/jasper/ie.jpc/ie.jpc.349919 file_md5=8c9ecef69a963c22f2d3fd3710a0af7c
Command: cat /home/fuzz/fuzzing/jasper/ie.jpc/ie.jpc | zzuf -s349919 -r0.0157041:0.0254098 > /home/fuzz/fuzzing/jasper/ie.jpc/ie.jpc.349919
EIP=0xb7eb466a
seen at seed=360642 range=0.0157041:0.0254098 file=/home/fuzz/fuzzing/jasper/ie.jpc/ie.jpc.360642 file_md5=024734c02a8c914aff4dee410fc1774c
Command: cat /home/fuzz/fuzzing/jasper/ie.jpc/ie.jpc | zzuf -s360642 -r0.0157041:0.0254098 > /home/fuzz/fuzzing/jasper/ie.jpc/ie.jpc.360642
EIP=0xb7eb466a
seen at seed=370856 range=0.0157041:0.0254098 file=/home/fuzz/fuzzing/jasper/ie.jpc/ie.jpc.370856 file_md5=e4cc43b123afbb8d61fc01138db30465
Command: cat /home/fuzz/fuzzing/jasper/ie.jpc/ie.jpc | zzuf -s370856 -r0.0157041:0.0254098 > /home/fuzz/fuzzing/jasper/ie.jpc/ie.jpc.370856
EIP=0xb7eb466a
seen at seed=371714 range=0.0157041:0.0254098 file=/home/fuzz/fuzzing/jasper/ie.jpc/ie.jpc.371714 file_md5=6c4d1ac4f94d6a7135a2931cad0514e6
Command: cat /home/fuzz/fuzzing/jasper/ie.jpc/ie.jpc | zzuf -s371714 -r0.0157041:0.0254098 > /home/fuzz/fuzzing/jasper/ie.jpc/ie.jpc.371714
EIP=0xb7eb466a
seen at seed=373986 range=0.0157041:0.0254098 file=/home/fuzz/fuzzing/jasper/ie.jpc/ie.jpc.373986 file_md5=367c3086165e6fd54791b4371bd43235
Command: cat /home/fuzz/fuzzing/jasper/ie.jpc/ie.jpc | zzuf -s373986 -r0.0157041:0.0254098 > /home/fuzz/fuzzing/jasper/ie.jpc/ie.jpc.373986
EIP=0xb7eb466a
seen at seed=380046 range=0.0157041:0.0254098 file=/home/fuzz/fuzzing/jasper/ie.jpc/ie.jpc.380046 file_md5=831783b9ebbb5136b117de3551705317
Command: cat /home/fuzz/fuzzing/jasper/ie.jpc/ie.jpc | zzuf -s380046 -r0.0157041:0.0254098 > /home/fuzz/fuzzing/jasper/ie.jpc/ie.jpc.380046
EIP=0xb7eb466a
seen at seed=394241 range=0.0157041:0.0254098 file=/home/fuzz/fuzzing/jasper/ie.jpc/ie.jpc.394241 file_md5=425913dd0a428bdde6d80a293290fd97
Command: cat /home/fuzz/fuzzing/jasper/ie.jpc/ie.jpc | zzuf -s394241 -r0.0157041:0.0254098 > /home/fuzz/fuzzing/jasper/ie.jpc/ie.jpc.394241
EIP=0xb7eb466a
seen at seed=398547 range=0.0157041:0.0254098 file=/home/fuzz/fuzzing/jasper/ie.jpc/ie.jpc.398547 file_md5=f6d5dc48aa836e2bc704baec1ee558aa
Command: cat /home/fuzz/fuzzing/jasper/ie.jpc/ie.jpc | zzuf -s398547 -r0.0157041:0.0254098 > /home/fuzz/fuzzing/jasper/ie.jpc/ie.jpc.398547
EIP=0xb7eb466a
seen at seed=400928 range=0.0157041:0.0254098 file=/home/fuzz/fuzzing/jasper/ie.jpc/ie.jpc.400928 file_md5=b74b9c98ae73ce9c44a014065b9209e7
Command: cat /home/fuzz/fuzzing/jasper/ie.jpc/ie.jpc | zzuf -s400928 -r0.0157041:0.0254098 > /home/fuzz/fuzzing/jasper/ie.jpc/ie.jpc.400928
EIP=0xb7eb466a
seen at seed=401818 range=0.0157041:0.0254098 file=/home/fuzz/fuzzing/jasper/ie.jpc/ie.jpc.401818 file_md5=11a930013dfaec311d3da67ad9b78c40
Command: cat /home/fuzz/fuzzing/jasper/ie.jpc/ie.jpc | zzuf -s401818 -r0.0157041:0.0254098 > /home/fuzz/fuzzing/jasper/ie.jpc/ie.jpc.401818
EIP=0xb7eb466a
seen at seed=402127 range=0.0157041:0.0254098 file=/home/fuzz/fuzzing/jasper/ie.jpc/ie.jpc.402127 file_md5=418ece5b55a5ab28b33da5ea51d2d4a1
Command: cat /home/fuzz/fuzzing/jasper/ie.jpc/ie.jpc | zzuf -s402127 -r0.0157041:0.0254098 > /home/fuzz/fuzzing/jasper/ie.jpc/ie.jpc.402127
EIP=0xb7eb466a
seen at seed=410764 range=0.0157041:0.0254098 file=/home/fuzz/fuzzing/jasper/ie.jpc/ie.jpc.410764 file_md5=9f09ee3c144dd06bf0369327b1f6de01
Command: cat /home/fuzz/fuzzing/jasper/ie.jpc/ie.jpc | zzuf -s410764 -r0.0157041:0.0254098 > /home/fuzz/fuzzing/jasper/ie.jpc/ie.jpc.410764
EIP=0xb7eb466a
seen at seed=411677 range=0.0157041:0.0254098 file=/home/fuzz/fuzzing/jasper/ie.jpc/ie.jpc.411677 file_md5=d84010553a36faac4d2c120033f3a7ca
Command: cat /home/fuzz/fuzzing/jasper/ie.jpc/ie.jpc | zzuf -s411677 -r0.0157041:0.0254098 > /home/fuzz/fuzzing/jasper/ie.jpc/ie.jpc.411677
EIP=0xb7eb466a
seen at seed=414910 range=0.0157041:0.0254098 file=/home/fuzz/fuzzing/jasper/ie.jpc/ie.jpc.414910 file_md5=adc4c9a914c99a258717290d0014dd6e
Command: cat /home/fuzz/fuzzing/jasper/ie.jpc/ie.jpc | zzuf -s414910 -r0.0157041:0.0254098 > /home/fuzz/fuzzing/jasper/ie.jpc/ie.jpc.414910
EIP=0xb7eb466a
seen at seed=417514 range=0.0157041:0.0254098 file=/home/fuzz/fuzzing/jasper/ie.jpc/ie.jpc.417514 file_md5=2d88c352ceb95cdb0cfa1db7a2753adb
Command: cat /home/fuzz/fuzzing/jasper/ie.jpc/ie.jpc | zzuf -s417514 -r0.0157041:0.0254098 > /home/fuzz/fuzzing/jasper/ie.jpc/ie.jpc.417514
EIP=0xb7eb466a
seen at seed=427410 range=0.0157041:0.0254098 file=/home/fuzz/fuzzing/jasper/ie.jpc/ie.jpc.427410 file_md5=51f31c09f23e26cba200a72d614efefe
Command: cat /home/fuzz/fuzzing/jasper/ie.jpc/ie.jpc | zzuf -s427410 -r0.0157041:0.0254098 > /home/fuzz/fuzzing/jasper/ie.jpc/ie.jpc.427410
EIP=0xb7eb466a
seen at seed=443261 range=0.00970567:0.0157041 file=/home/fuzz/fuzzing/jasper/ie.jpc/ie.jpc.443261 file_md5=3938d54e5c806be8d4ddf0ae02105f7a
Command: cat /home/fuzz/fuzzing/jasper/ie.jpc/ie.jpc | zzuf -s443261 -r0.00970567:0.0157041 > /home/fuzz/fuzzing/jasper/ie.jpc/ie.jpc.443261
EIP=0xb7eb466a
seen at seed=444842 range=0.0157041:0.0254098 file=/home/fuzz/fuzzing/jasper/ie.jpc/ie.jpc.444842 file_md5=5a0fd03128fb9c044ac88004b79e5060
Command: cat /home/fuzz/fuzzing/jasper/ie.jpc/ie.jpc | zzuf -s444842 -r0.0157041:0.0254098 > /home/fuzz/fuzzing/jasper/ie.jpc/ie.jpc.444842
EIP=0xb7eb466a
seen at seed=447936 range=0.0157041:0.0254098 file=/home/fuzz/fuzzing/jasper/ie.jpc/ie.jpc.447936 file_md5=61dbc67b8079c633115e8fb7dee53e97
Command: cat /home/fuzz/fuzzing/jasper/ie.jpc/ie.jpc | zzuf -s447936 -r0.0157041:0.0254098 > /home/fuzz/fuzzing/jasper/ie.jpc/ie.jpc.447936
EIP=0xb7eb466a
seen at seed=464845 range=0.0157041:0.0254098 file=/home/fuzz/fuzzing/jasper/ie.jpc/ie.jpc.464845 file_md5=0d37c3f7c8f51792ff628bc97c6850fe
Command: cat /home/fuzz/fuzzing/jasper/ie.jpc/ie.jpc | zzuf -s464845 -r0.0157041:0.0254098 > /home/fuzz/fuzzing/jasper/ie.jpc/ie.jpc.464845
EIP=0xb7eb466a
seen at seed=479050 range=0.0157041:0.0254098 file=/home/fuzz/fuzzing/jasper/ie.jpc/ie.jpc.479050 file_md5=b29b956712cdd91d989bd501b3c66852
Command: cat /home/fuzz/fuzzing/jasper/ie.jpc/ie.jpc | zzuf -s479050 -r0.0157041:0.0254098 > /home/fuzz/fuzzing/jasper/ie.jpc/ie.jpc.479050
EIP=0xb7eb466a
seen at seed=482467 range=0.0157041:0.0254098 file=/home/fuzz/fuzzing/jasper/ie.jpc/ie.jpc.482467 file_md5=cd8ab760847c78f9ff7a5903dcb04941
Command: cat /home/fuzz/fuzzing/jasper/ie.jpc/ie.jpc | zzuf -s482467 -r0.0157041:0.0254098 > /home/fuzz/fuzzing/jasper/ie.jpc/ie.jpc.482467
EIP=0xb7eb466a
seen at seed=484042 range=0.0157041:0.0254098 file=/home/fuzz/fuzzing/jasper/ie.jpc/ie.jpc.484042 file_md5=b4b0284099fb8398663e36353960f8e2
Command: cat /home/fuzz/fuzzing/jasper/ie.jpc/ie.jpc | zzuf -s484042 -r0.0157041:0.0254098 > /home/fuzz/fuzzing/jasper/ie.jpc/ie.jpc.484042
EIP=0xb7eb466a
seen at seed=485583 range=0.0157041:0.0254098 file=/home/fuzz/fuzzing/jasper/ie.jpc/ie.jpc.485583 file_md5=78e75f419993da5fd4a18d3017aaf07d
Command: cat /home/fuzz/fuzzing/jasper/ie.jpc/ie.jpc | zzuf -s485583 -r0.0157041:0.0254098 > /home/fuzz/fuzzing/jasper/ie.jpc/ie.jpc.485583
EIP=0xb7eb466a
seen at seed=488881 range=0.0157041:0.0254098 file=/home/fuzz/fuzzing/jasper/ie.jpc/ie.jpc.488881 file_md5=00e7085556b4ba8731235d510c15fc51
Command: cat /home/fuzz/fuzzing/jasper/ie.jpc/ie.jpc | zzuf -s488881 -r0.0157041:0.0254098 > /home/fuzz/fuzzing/jasper/ie.jpc/ie.jpc.488881
EIP=0xb7eb466a
